{"date":"Tue Nov 29 2022 16:57:03 GMT+0530 (India Standard Time)","error":{"diagnosticCodes":[2554]},"exception":true,"level":"error","message":"uncaughtException: ⨯ Unable to compile TypeScript:\n\u001b[96msrc/services/external/paystack.ts\u001b[0m:\u001b[93m56\u001b[0m:\u001b[93m5\u001b[0m - \u001b[91merror\u001b[0m\u001b[90m TS2554: \u001b[0mExpected 1-2 arguments, but got 3.\r\n\r\n\u001b[7m56\u001b[0m     {\r\n\u001b[7m  \u001b[0m \u001b[91m    ~\u001b[0m\r\n\u001b[7m57\u001b[0m       headers: headers,\r\n\u001b[7m  \u001b[0m \u001b[91m~~~~~~~~~~~~~~~~~~~~~~~\u001b[0m\r\n\u001b[7m58\u001b[0m     }\r\n\u001b[7m  \u001b[0m \u001b[91m~~~~~\u001b[0m\r\n\nTSError: ⨯ Unable to compile TypeScript:\n\u001b[96msrc/services/external/paystack.ts\u001b[0m:\u001b[93m56\u001b[0m:\u001b[93m5\u001b[0m - \u001b[91merror\u001b[0m\u001b[90m TS2554: \u001b[0mExpected 1-2 arguments, but got 3.\r\n\r\n\u001b[7m56\u001b[0m     {\r\n\u001b[7m  \u001b[0m \u001b[91m    ~\u001b[0m\r\n\u001b[7m57\u001b[0m       headers: headers,\r\n\u001b[7m  \u001b[0m \u001b[91m~~~~~~~~~~~~~~~~~~~~~~~\u001b[0m\r\n\u001b[7m58\u001b[0m     }\r\n\u001b[7m  \u001b[0m \u001b[91m~~~~~\u001b[0m\r\n\n    at createTSError (C:\\Users\\USER\\Desktop\\lendqrapi\\node_modules\\ts-node\\src\\index.ts:859:12)\n    at reportTSError (C:\\Users\\USER\\Desktop\\lendqrapi\\node_modules\\ts-node\\src\\index.ts:863:19)\n    at getOutput (C:\\Users\\USER\\Desktop\\lendqrapi\\node_modules\\ts-node\\src\\index.ts:1077:36)\n    at Object.compile (C:\\Users\\USER\\Desktop\\lendqrapi\\node_modules\\ts-node\\src\\index.ts:1433:41)\n    at Module.m._compile (C:\\Users\\USER\\Desktop\\lendqrapi\\node_modules\\ts-node\\src\\index.ts:1617:30)\n    at Module._extensions..js (node:internal/modules/cjs/loader:1174:10)\n    at Object.require.extensions.<computed> [as .ts] (C:\\Users\\USER\\Desktop\\lendqrapi\\node_modules\\ts-node\\src\\index.ts:1621:12)\n    at Module.load (node:internal/modules/cjs/loader:998:32)\n    at Function.Module._load (node:internal/modules/cjs/loader:839:12)\n    at Module.require (node:internal/modules/cjs/loader:1022:19)","os":{"loadavg":[0,0,0],"uptime":1455224},"process":{"argv":["C:\\Users\\USER\\Desktop\\lendqrapi\\node_modules\\ts-node\\dist\\bin.js","C:\\Users\\USER\\Desktop\\lendqrapi\\src\\server.ts"],"cwd":"C:\\Users\\USER\\Desktop\\lendqrapi","execPath":"C:\\Program Files\\nodejs\\node.exe","gid":null,"memoryUsage":{"arrayBuffers":3852171,"external":5353533,"heapTotal":203055104,"heapUsed":182559528,"rss":239771648},"pid":16748,"uid":null,"version":"v18.7.0"},"stack":"TSError: ⨯ Unable to compile TypeScript:\n\u001b[96msrc/services/external/paystack.ts\u001b[0m:\u001b[93m56\u001b[0m:\u001b[93m5\u001b[0m - \u001b[91merror\u001b[0m\u001b[90m TS2554: \u001b[0mExpected 1-2 arguments, but got 3.\r\n\r\n\u001b[7m56\u001b[0m     {\r\n\u001b[7m  \u001b[0m \u001b[91m    ~\u001b[0m\r\n\u001b[7m57\u001b[0m       headers: headers,\r\n\u001b[7m  \u001b[0m \u001b[91m~~~~~~~~~~~~~~~~~~~~~~~\u001b[0m\r\n\u001b[7m58\u001b[0m     }\r\n\u001b[7m  \u001b[0m \u001b[91m~~~~~\u001b[0m\r\n\n    at createTSError (C:\\Users\\USER\\Desktop\\lendqrapi\\node_modules\\ts-node\\src\\index.ts:859:12)\n    at reportTSError (C:\\Users\\USER\\Desktop\\lendqrapi\\node_modules\\ts-node\\src\\index.ts:863:19)\n    at getOutput (C:\\Users\\USER\\Desktop\\lendqrapi\\node_modules\\ts-node\\src\\index.ts:1077:36)\n    at Object.compile (C:\\Users\\USER\\Desktop\\lendqrapi\\node_modules\\ts-node\\src\\index.ts:1433:41)\n    at Module.m._compile (C:\\Users\\USER\\Desktop\\lendqrapi\\node_modules\\ts-node\\src\\index.ts:1617:30)\n    at Module._extensions..js (node:internal/modules/cjs/loader:1174:10)\n    at Object.require.extensions.<computed> [as .ts] (C:\\Users\\USER\\Desktop\\lendqrapi\\node_modules\\ts-node\\src\\index.ts:1621:12)\n    at Module.load (node:internal/modules/cjs/loader:998:32)\n    at Function.Module._load (node:internal/modules/cjs/loader:839:12)\n    at Module.require (node:internal/modules/cjs/loader:1022:19)","trace":[{"column":12,"file":"C:\\Users\\USER\\Desktop\\lendqrapi\\node_modules\\ts-node\\src\\index.ts","function":"createTSError","line":859,"method":null,"native":false},{"column":19,"file":"C:\\Users\\USER\\Desktop\\lendqrapi\\node_modules\\ts-node\\src\\index.ts","function":"reportTSError","line":863,"method":null,"native":false},{"column":36,"file":"C:\\Users\\USER\\Desktop\\lendqrapi\\node_modules\\ts-node\\src\\index.ts","function":"getOutput","line":1077,"method":null,"native":false},{"column":41,"file":"C:\\Users\\USER\\Desktop\\lendqrapi\\node_modules\\ts-node\\src\\index.ts","function":"Object.compile","line":1433,"method":"compile","native":false},{"column":30,"file":"C:\\Users\\USER\\Desktop\\lendqrapi\\node_modules\\ts-node\\src\\index.ts","function":"Module.m._compile","line":1617,"method":"_compile","native":false},{"column":10,"file":"node:internal/modules/cjs/loader","function":"Module._extensions..js","line":1174,"method":".js","native":false},{"column":12,"file":"C:\\Users\\USER\\Desktop\\lendqrapi\\node_modules\\ts-node\\src\\index.ts","function":"Object.require.extensions.<computed> [as .ts]","line":1621,"method":"ts]","native":false},{"column":32,"file":"node:internal/modules/cjs/loader","function":"Module.load","line":998,"method":"load","native":false},{"column":12,"file":"node:internal/modules/cjs/loader","function":"Module._load","line":839,"method":"_load","native":false},{"column":19,"file":"node:internal/modules/cjs/loader","function":"Module.require","line":1022,"method":"require","native":false}]}
{"date":"Tue Nov 29 2022 16:57:04 GMT+0530 (India Standard Time)","error":{"diagnosticCodes":[2554]},"exception":true,"level":"error","message":"uncaughtException: ⨯ Unable to compile TypeScript:\n\u001b[96msrc/services/external/paystack.ts\u001b[0m:\u001b[93m56\u001b[0m:\u001b[93m5\u001b[0m - \u001b[91merror\u001b[0m\u001b[90m TS2554: \u001b[0mExpected 1-2 arguments, but got 3.\r\n\r\n\u001b[7m56\u001b[0m     {\r\n\u001b[7m  \u001b[0m \u001b[91m    ~\u001b[0m\r\n\u001b[7m57\u001b[0m       headers: headers,\r\n\u001b[7m  \u001b[0m \u001b[91m~~~~~~~~~~~~~~~~~~~~~~~\u001b[0m\r\n\u001b[7m58\u001b[0m     }\r\n\u001b[7m  \u001b[0m \u001b[91m~~~~~\u001b[0m\r\n\nTSError: ⨯ Unable to compile TypeScript:\n\u001b[96msrc/services/external/paystack.ts\u001b[0m:\u001b[93m56\u001b[0m:\u001b[93m5\u001b[0m - \u001b[91merror\u001b[0m\u001b[90m TS2554: \u001b[0mExpected 1-2 arguments, but got 3.\r\n\r\n\u001b[7m56\u001b[0m     {\r\n\u001b[7m  \u001b[0m \u001b[91m    ~\u001b[0m\r\n\u001b[7m57\u001b[0m       headers: headers,\r\n\u001b[7m  \u001b[0m \u001b[91m~~~~~~~~~~~~~~~~~~~~~~~\u001b[0m\r\n\u001b[7m58\u001b[0m     }\r\n\u001b[7m  \u001b[0m \u001b[91m~~~~~\u001b[0m\r\n\n    at createTSError (C:\\Users\\USER\\Desktop\\lendqrapi\\node_modules\\ts-node\\src\\index.ts:859:12)\n    at reportTSError (C:\\Users\\USER\\Desktop\\lendqrapi\\node_modules\\ts-node\\src\\index.ts:863:19)\n    at getOutput (C:\\Users\\USER\\Desktop\\lendqrapi\\node_modules\\ts-node\\src\\index.ts:1077:36)\n    at Object.compile (C:\\Users\\USER\\Desktop\\lendqrapi\\node_modules\\ts-node\\src\\index.ts:1433:41)\n    at Module.m._compile (C:\\Users\\USER\\Desktop\\lendqrapi\\node_modules\\ts-node\\src\\index.ts:1617:30)\n    at Module._extensions..js (node:internal/modules/cjs/loader:1174:10)\n    at Object.require.extensions.<computed> [as .ts] (C:\\Users\\USER\\Desktop\\lendqrapi\\node_modules\\ts-node\\src\\index.ts:1621:12)\n    at Module.load (node:internal/modules/cjs/loader:998:32)\n    at Function.Module._load (node:internal/modules/cjs/loader:839:12)\n    at Module.require (node:internal/modules/cjs/loader:1022:19)","os":{"loadavg":[0,0,0],"uptime":1455224},"process":{"argv":["C:\\Users\\USER\\Desktop\\lendqrapi\\node_modules\\ts-node\\dist\\bin.js","C:\\Users\\USER\\Desktop\\lendqrapi\\src\\server.ts"],"cwd":"C:\\Users\\USER\\Desktop\\lendqrapi","execPath":"C:\\Program Files\\nodejs\\node.exe","gid":null,"memoryUsage":{"arrayBuffers":3635078,"external":5136480,"heapTotal":206725120,"heapUsed":172279416,"rss":243769344},"pid":16748,"uid":null,"version":"v18.7.0"},"stack":"TSError: ⨯ Unable to compile TypeScript:\n\u001b[96msrc/services/external/paystack.ts\u001b[0m:\u001b[93m56\u001b[0m:\u001b[93m5\u001b[0m - \u001b[91merror\u001b[0m\u001b[90m TS2554: \u001b[0mExpected 1-2 arguments, but got 3.\r\n\r\n\u001b[7m56\u001b[0m     {\r\n\u001b[7m  \u001b[0m \u001b[91m    ~\u001b[0m\r\n\u001b[7m57\u001b[0m       headers: headers,\r\n\u001b[7m  \u001b[0m \u001b[91m~~~~~~~~~~~~~~~~~~~~~~~\u001b[0m\r\n\u001b[7m58\u001b[0m     }\r\n\u001b[7m  \u001b[0m \u001b[91m~~~~~\u001b[0m\r\n\n    at createTSError (C:\\Users\\USER\\Desktop\\lendqrapi\\node_modules\\ts-node\\src\\index.ts:859:12)\n    at reportTSError (C:\\Users\\USER\\Desktop\\lendqrapi\\node_modules\\ts-node\\src\\index.ts:863:19)\n    at getOutput (C:\\Users\\USER\\Desktop\\lendqrapi\\node_modules\\ts-node\\src\\index.ts:1077:36)\n    at Object.compile (C:\\Users\\USER\\Desktop\\lendqrapi\\node_modules\\ts-node\\src\\index.ts:1433:41)\n    at Module.m._compile (C:\\Users\\USER\\Desktop\\lendqrapi\\node_modules\\ts-node\\src\\index.ts:1617:30)\n    at Module._extensions..js (node:internal/modules/cjs/loader:1174:10)\n    at Object.require.extensions.<computed> [as .ts] (C:\\Users\\USER\\Desktop\\lendqrapi\\node_modules\\ts-node\\src\\index.ts:1621:12)\n    at Module.load (node:internal/modules/cjs/loader:998:32)\n    at Function.Module._load (node:internal/modules/cjs/loader:839:12)\n    at Module.require (node:internal/modules/cjs/loader:1022:19)","trace":[{"column":12,"file":"C:\\Users\\USER\\Desktop\\lendqrapi\\node_modules\\ts-node\\src\\index.ts","function":"createTSError","line":859,"method":null,"native":false},{"column":19,"file":"C:\\Users\\USER\\Desktop\\lendqrapi\\node_modules\\ts-node\\src\\index.ts","function":"reportTSError","line":863,"method":null,"native":false},{"column":36,"file":"C:\\Users\\USER\\Desktop\\lendqrapi\\node_modules\\ts-node\\src\\index.ts","function":"getOutput","line":1077,"method":null,"native":false},{"column":41,"file":"C:\\Users\\USER\\Desktop\\lendqrapi\\node_modules\\ts-node\\src\\index.ts","function":"Object.compile","line":1433,"method":"compile","native":false},{"column":30,"file":"C:\\Users\\USER\\Desktop\\lendqrapi\\node_modules\\ts-node\\src\\index.ts","function":"Module.m._compile","line":1617,"method":"_compile","native":false},{"column":10,"file":"node:internal/modules/cjs/loader","function":"Module._extensions..js","line":1174,"method":".js","native":false},{"column":12,"file":"C:\\Users\\USER\\Desktop\\lendqrapi\\node_modules\\ts-node\\src\\index.ts","function":"Object.require.extensions.<computed> [as .ts]","line":1621,"method":"ts]","native":false},{"column":32,"file":"node:internal/modules/cjs/loader","function":"Module.load","line":998,"method":"load","native":false},{"column":12,"file":"node:internal/modules/cjs/loader","function":"Module._load","line":839,"method":"_load","native":false},{"column":19,"file":"node:internal/modules/cjs/loader","function":"Module.require","line":1022,"method":"require","native":false}]}
{"date":"Tue Nov 29 2022 20:41:19 GMT+0530 (India Standard Time)","error":{"diagnosticCodes":[2554]},"exception":true,"level":"error","message":"uncaughtException: ⨯ Unable to compile TypeScript:\n\u001b[96msrc/controllers/TransactionController.ts\u001b[0m:\u001b[93m48\u001b[0m:\u001b[93m51\u001b[0m - \u001b[91merror\u001b[0m\u001b[90m TS2554: \u001b[0mExpected 5 arguments, but got 2.\r\n\r\n\u001b[7m48\u001b[0m       const withdrawal = await TransactionService.withdrawWalletBalance(\r\n\u001b[7m  \u001b[0m \u001b[91m                                                  ~~~~~~~~~~~~~~~~~~~~~~\u001b[0m\r\n\u001b[7m49\u001b[0m         userId,\r\n\u001b[7m  \u001b[0m \u001b[91m~~~~~~~~~~~~~~~\u001b[0m\r\n\u001b[7m50\u001b[0m         amount\r\n\u001b[7m  \u001b[0m \u001b[91m~~~~~~~~~~~~~~\u001b[0m\r\n\u001b[7m51\u001b[0m       );\r\n\u001b[7m  \u001b[0m \u001b[91m~~~~~~~\u001b[0m\r\n\r\n  \u001b[96msrc/services/TransactionServices.ts\u001b[0m:\u001b[93m59\u001b[0m:\u001b[93m71\u001b[0m\r\n    \u001b[7m59\u001b[0m      static async withdrawWalletBalance(userId:string, amount:number, reason:string, bankName:string, accountNumber:string) {\r\n    \u001b[7m  \u001b[0m \u001b[96m                                                                      ~~~~~~~~~~~~~\u001b[0m\r\n    An argument for 'reason' was not provided.\r\n\nTSError: ⨯ Unable to compile TypeScript:\n\u001b[96msrc/controllers/TransactionController.ts\u001b[0m:\u001b[93m48\u001b[0m:\u001b[93m51\u001b[0m - \u001b[91merror\u001b[0m\u001b[90m TS2554: \u001b[0mExpected 5 arguments, but got 2.\r\n\r\n\u001b[7m48\u001b[0m       const withdrawal = await TransactionService.withdrawWalletBalance(\r\n\u001b[7m  \u001b[0m \u001b[91m                                                  ~~~~~~~~~~~~~~~~~~~~~~\u001b[0m\r\n\u001b[7m49\u001b[0m         userId,\r\n\u001b[7m  \u001b[0m \u001b[91m~~~~~~~~~~~~~~~\u001b[0m\r\n\u001b[7m50\u001b[0m         amount\r\n\u001b[7m  \u001b[0m \u001b[91m~~~~~~~~~~~~~~\u001b[0m\r\n\u001b[7m51\u001b[0m       );\r\n\u001b[7m  \u001b[0m \u001b[91m~~~~~~~\u001b[0m\r\n\r\n  \u001b[96msrc/services/TransactionServices.ts\u001b[0m:\u001b[93m59\u001b[0m:\u001b[93m71\u001b[0m\r\n    \u001b[7m59\u001b[0m      static async withdrawWalletBalance(userId:string, amount:number, reason:string, bankName:string, accountNumber:string) {\r\n    \u001b[7m  \u001b[0m \u001b[96m                                                                      ~~~~~~~~~~~~~\u001b[0m\r\n    An argument for 'reason' was not provided.\r\n\n    at createTSError (C:\\Users\\USER\\Desktop\\lendqrapi\\node_modules\\ts-node\\src\\index.ts:859:12)\n    at reportTSError (C:\\Users\\USER\\Desktop\\lendqrapi\\node_modules\\ts-node\\src\\index.ts:863:19)\n    at getOutput (C:\\Users\\USER\\Desktop\\lendqrapi\\node_modules\\ts-node\\src\\index.ts:1077:36)\n    at Object.compile (C:\\Users\\USER\\Desktop\\lendqrapi\\node_modules\\ts-node\\src\\index.ts:1433:41)\n    at Module.m._compile (C:\\Users\\USER\\Desktop\\lendqrapi\\node_modules\\ts-node\\src\\index.ts:1617:30)\n    at Module._extensions..js (node:internal/modules/cjs/loader:1174:10)\n    at Object.require.extensions.<computed> [as .ts] (C:\\Users\\USER\\Desktop\\lendqrapi\\node_modules\\ts-node\\src\\index.ts:1621:12)\n    at Module.load (node:internal/modules/cjs/loader:998:32)\n    at Function.Module._load (node:internal/modules/cjs/loader:839:12)\n    at Module.require (node:internal/modules/cjs/loader:1022:19)","os":{"loadavg":[0,0,0],"uptime":1468680},"process":{"argv":["C:\\Users\\USER\\Desktop\\lendqrapi\\node_modules\\ts-node\\dist\\bin.js","C:\\Users\\USER\\Desktop\\lendqrapi\\src\\server.ts"],"cwd":"C:\\Users\\USER\\Desktop\\lendqrapi","execPath":"C:\\Program Files\\nodejs\\node.exe","gid":null,"memoryUsage":{"arrayBuffers":3777311,"external":5278673,"heapTotal":213303296,"heapUsed":185190248,"rss":253841408},"pid":9880,"uid":null,"version":"v18.7.0"},"stack":"TSError: ⨯ Unable to compile TypeScript:\n\u001b[96msrc/controllers/TransactionController.ts\u001b[0m:\u001b[93m48\u001b[0m:\u001b[93m51\u001b[0m - \u001b[91merror\u001b[0m\u001b[90m TS2554: \u001b[0mExpected 5 arguments, but got 2.\r\n\r\n\u001b[7m48\u001b[0m       const withdrawal = await TransactionService.withdrawWalletBalance(\r\n\u001b[7m  \u001b[0m \u001b[91m                                                  ~~~~~~~~~~~~~~~~~~~~~~\u001b[0m\r\n\u001b[7m49\u001b[0m         userId,\r\n\u001b[7m  \u001b[0m \u001b[91m~~~~~~~~~~~~~~~\u001b[0m\r\n\u001b[7m50\u001b[0m         amount\r\n\u001b[7m  \u001b[0m \u001b[91m~~~~~~~~~~~~~~\u001b[0m\r\n\u001b[7m51\u001b[0m       );\r\n\u001b[7m  \u001b[0m \u001b[91m~~~~~~~\u001b[0m\r\n\r\n  \u001b[96msrc/services/TransactionServices.ts\u001b[0m:\u001b[93m59\u001b[0m:\u001b[93m71\u001b[0m\r\n    \u001b[7m59\u001b[0m      static async withdrawWalletBalance(userId:string, amount:number, reason:string, bankName:string, accountNumber:string) {\r\n    \u001b[7m  \u001b[0m \u001b[96m                                                                      ~~~~~~~~~~~~~\u001b[0m\r\n    An argument for 'reason' was not provided.\r\n\n    at createTSError (C:\\Users\\USER\\Desktop\\lendqrapi\\node_modules\\ts-node\\src\\index.ts:859:12)\n    at reportTSError (C:\\Users\\USER\\Desktop\\lendqrapi\\node_modules\\ts-node\\src\\index.ts:863:19)\n    at getOutput (C:\\Users\\USER\\Desktop\\lendqrapi\\node_modules\\ts-node\\src\\index.ts:1077:36)\n    at Object.compile (C:\\Users\\USER\\Desktop\\lendqrapi\\node_modules\\ts-node\\src\\index.ts:1433:41)\n    at Module.m._compile (C:\\Users\\USER\\Desktop\\lendqrapi\\node_modules\\ts-node\\src\\index.ts:1617:30)\n    at Module._extensions..js (node:internal/modules/cjs/loader:1174:10)\n    at Object.require.extensions.<computed> [as .ts] (C:\\Users\\USER\\Desktop\\lendqrapi\\node_modules\\ts-node\\src\\index.ts:1621:12)\n    at Module.load (node:internal/modules/cjs/loader:998:32)\n    at Function.Module._load (node:internal/modules/cjs/loader:839:12)\n    at Module.require (node:internal/modules/cjs/loader:1022:19)","trace":[{"column":12,"file":"C:\\Users\\USER\\Desktop\\lendqrapi\\node_modules\\ts-node\\src\\index.ts","function":"createTSError","line":859,"method":null,"native":false},{"column":19,"file":"C:\\Users\\USER\\Desktop\\lendqrapi\\node_modules\\ts-node\\src\\index.ts","function":"reportTSError","line":863,"method":null,"native":false},{"column":36,"file":"C:\\Users\\USER\\Desktop\\lendqrapi\\node_modules\\ts-node\\src\\index.ts","function":"getOutput","line":1077,"method":null,"native":false},{"column":41,"file":"C:\\Users\\USER\\Desktop\\lendqrapi\\node_modules\\ts-node\\src\\index.ts","function":"Object.compile","line":1433,"method":"compile","native":false},{"column":30,"file":"C:\\Users\\USER\\Desktop\\lendqrapi\\node_modules\\ts-node\\src\\index.ts","function":"Module.m._compile","line":1617,"method":"_compile","native":false},{"column":10,"file":"node:internal/modules/cjs/loader","function":"Module._extensions..js","line":1174,"method":".js","native":false},{"column":12,"file":"C:\\Users\\USER\\Desktop\\lendqrapi\\node_modules\\ts-node\\src\\index.ts","function":"Object.require.extensions.<computed> [as .ts]","line":1621,"method":"ts]","native":false},{"column":32,"file":"node:internal/modules/cjs/loader","function":"Module.load","line":998,"method":"load","native":false},{"column":12,"file":"node:internal/modules/cjs/loader","function":"Module._load","line":839,"method":"_load","native":false},{"column":19,"file":"node:internal/modules/cjs/loader","function":"Module.require","line":1022,"method":"require","native":false}]}
{"date":"Tue Nov 29 2022 20:41:20 GMT+0530 (India Standard Time)","error":{"diagnosticCodes":[2554]},"exception":true,"level":"error","message":"uncaughtException: ⨯ Unable to compile TypeScript:\n\u001b[96msrc/controllers/TransactionController.ts\u001b[0m:\u001b[93m48\u001b[0m:\u001b[93m51\u001b[0m - \u001b[91merror\u001b[0m\u001b[90m TS2554: \u001b[0mExpected 5 arguments, but got 2.\r\n\r\n\u001b[7m48\u001b[0m       const withdrawal = await TransactionService.withdrawWalletBalance(\r\n\u001b[7m  \u001b[0m \u001b[91m                                                  ~~~~~~~~~~~~~~~~~~~~~~\u001b[0m\r\n\u001b[7m49\u001b[0m         userId,\r\n\u001b[7m  \u001b[0m \u001b[91m~~~~~~~~~~~~~~~\u001b[0m\r\n\u001b[7m50\u001b[0m         amount\r\n\u001b[7m  \u001b[0m \u001b[91m~~~~~~~~~~~~~~\u001b[0m\r\n\u001b[7m51\u001b[0m       );\r\n\u001b[7m  \u001b[0m \u001b[91m~~~~~~~\u001b[0m\r\n\r\n  \u001b[96msrc/services/TransactionServices.ts\u001b[0m:\u001b[93m59\u001b[0m:\u001b[93m71\u001b[0m\r\n    \u001b[7m59\u001b[0m      static async withdrawWalletBalance(userId:string, amount:number, reason:string, bankName:string, accountNumber:string) {\r\n    \u001b[7m  \u001b[0m \u001b[96m                                                                      ~~~~~~~~~~~~~\u001b[0m\r\n    An argument for 'reason' was not provided.\r\n\nTSError: ⨯ Unable to compile TypeScript:\n\u001b[96msrc/controllers/TransactionController.ts\u001b[0m:\u001b[93m48\u001b[0m:\u001b[93m51\u001b[0m - \u001b[91merror\u001b[0m\u001b[90m TS2554: \u001b[0mExpected 5 arguments, but got 2.\r\n\r\n\u001b[7m48\u001b[0m       const withdrawal = await TransactionService.withdrawWalletBalance(\r\n\u001b[7m  \u001b[0m \u001b[91m                                                  ~~~~~~~~~~~~~~~~~~~~~~\u001b[0m\r\n\u001b[7m49\u001b[0m         userId,\r\n\u001b[7m  \u001b[0m \u001b[91m~~~~~~~~~~~~~~~\u001b[0m\r\n\u001b[7m50\u001b[0m         amount\r\n\u001b[7m  \u001b[0m \u001b[91m~~~~~~~~~~~~~~\u001b[0m\r\n\u001b[7m51\u001b[0m       );\r\n\u001b[7m  \u001b[0m \u001b[91m~~~~~~~\u001b[0m\r\n\r\n  \u001b[96msrc/services/TransactionServices.ts\u001b[0m:\u001b[93m59\u001b[0m:\u001b[93m71\u001b[0m\r\n    \u001b[7m59\u001b[0m      static async withdrawWalletBalance(userId:string, amount:number, reason:string, bankName:string, accountNumber:string) {\r\n    \u001b[7m  \u001b[0m \u001b[96m                                                                      ~~~~~~~~~~~~~\u001b[0m\r\n    An argument for 'reason' was not provided.\r\n\n    at createTSError (C:\\Users\\USER\\Desktop\\lendqrapi\\node_modules\\ts-node\\src\\index.ts:859:12)\n    at reportTSError (C:\\Users\\USER\\Desktop\\lendqrapi\\node_modules\\ts-node\\src\\index.ts:863:19)\n    at getOutput (C:\\Users\\USER\\Desktop\\lendqrapi\\node_modules\\ts-node\\src\\index.ts:1077:36)\n    at Object.compile (C:\\Users\\USER\\Desktop\\lendqrapi\\node_modules\\ts-node\\src\\index.ts:1433:41)\n    at Module.m._compile (C:\\Users\\USER\\Desktop\\lendqrapi\\node_modules\\ts-node\\src\\index.ts:1617:30)\n    at Module._extensions..js (node:internal/modules/cjs/loader:1174:10)\n    at Object.require.extensions.<computed> [as .ts] (C:\\Users\\USER\\Desktop\\lendqrapi\\node_modules\\ts-node\\src\\index.ts:1621:12)\n    at Module.load (node:internal/modules/cjs/loader:998:32)\n    at Function.Module._load (node:internal/modules/cjs/loader:839:12)\n    at Module.require (node:internal/modules/cjs/loader:1022:19)","os":{"loadavg":[0,0,0],"uptime":1468680},"process":{"argv":["C:\\Users\\USER\\Desktop\\lendqrapi\\node_modules\\ts-node\\dist\\bin.js","C:\\Users\\USER\\Desktop\\lendqrapi\\src\\server.ts"],"cwd":"C:\\Users\\USER\\Desktop\\lendqrapi","execPath":"C:\\Program Files\\nodejs\\node.exe","gid":null,"memoryUsage":{"arrayBuffers":3784933,"external":5286335,"heapTotal":213303296,"heapUsed":185300160,"rss":254070784},"pid":9880,"uid":null,"version":"v18.7.0"},"stack":"TSError: ⨯ Unable to compile TypeScript:\n\u001b[96msrc/controllers/TransactionController.ts\u001b[0m:\u001b[93m48\u001b[0m:\u001b[93m51\u001b[0m - \u001b[91merror\u001b[0m\u001b[90m TS2554: \u001b[0mExpected 5 arguments, but got 2.\r\n\r\n\u001b[7m48\u001b[0m       const withdrawal = await TransactionService.withdrawWalletBalance(\r\n\u001b[7m  \u001b[0m \u001b[91m                                                  ~~~~~~~~~~~~~~~~~~~~~~\u001b[0m\r\n\u001b[7m49\u001b[0m         userId,\r\n\u001b[7m  \u001b[0m \u001b[91m~~~~~~~~~~~~~~~\u001b[0m\r\n\u001b[7m50\u001b[0m         amount\r\n\u001b[7m  \u001b[0m \u001b[91m~~~~~~~~~~~~~~\u001b[0m\r\n\u001b[7m51\u001b[0m       );\r\n\u001b[7m  \u001b[0m \u001b[91m~~~~~~~\u001b[0m\r\n\r\n  \u001b[96msrc/services/TransactionServices.ts\u001b[0m:\u001b[93m59\u001b[0m:\u001b[93m71\u001b[0m\r\n    \u001b[7m59\u001b[0m      static async withdrawWalletBalance(userId:string, amount:number, reason:string, bankName:string, accountNumber:string) {\r\n    \u001b[7m  \u001b[0m \u001b[96m                                                                      ~~~~~~~~~~~~~\u001b[0m\r\n    An argument for 'reason' was not provided.\r\n\n    at createTSError (C:\\Users\\USER\\Desktop\\lendqrapi\\node_modules\\ts-node\\src\\index.ts:859:12)\n    at reportTSError (C:\\Users\\USER\\Desktop\\lendqrapi\\node_modules\\ts-node\\src\\index.ts:863:19)\n    at getOutput (C:\\Users\\USER\\Desktop\\lendqrapi\\node_modules\\ts-node\\src\\index.ts:1077:36)\n    at Object.compile (C:\\Users\\USER\\Desktop\\lendqrapi\\node_modules\\ts-node\\src\\index.ts:1433:41)\n    at Module.m._compile (C:\\Users\\USER\\Desktop\\lendqrapi\\node_modules\\ts-node\\src\\index.ts:1617:30)\n    at Module._extensions..js (node:internal/modules/cjs/loader:1174:10)\n    at Object.require.extensions.<computed> [as .ts] (C:\\Users\\USER\\Desktop\\lendqrapi\\node_modules\\ts-node\\src\\index.ts:1621:12)\n    at Module.load (node:internal/modules/cjs/loader:998:32)\n    at Function.Module._load (node:internal/modules/cjs/loader:839:12)\n    at Module.require (node:internal/modules/cjs/loader:1022:19)","trace":[{"column":12,"file":"C:\\Users\\USER\\Desktop\\lendqrapi\\node_modules\\ts-node\\src\\index.ts","function":"createTSError","line":859,"method":null,"native":false},{"column":19,"file":"C:\\Users\\USER\\Desktop\\lendqrapi\\node_modules\\ts-node\\src\\index.ts","function":"reportTSError","line":863,"method":null,"native":false},{"column":36,"file":"C:\\Users\\USER\\Desktop\\lendqrapi\\node_modules\\ts-node\\src\\index.ts","function":"getOutput","line":1077,"method":null,"native":false},{"column":41,"file":"C:\\Users\\USER\\Desktop\\lendqrapi\\node_modules\\ts-node\\src\\index.ts","function":"Object.compile","line":1433,"method":"compile","native":false},{"column":30,"file":"C:\\Users\\USER\\Desktop\\lendqrapi\\node_modules\\ts-node\\src\\index.ts","function":"Module.m._compile","line":1617,"method":"_compile","native":false},{"column":10,"file":"node:internal/modules/cjs/loader","function":"Module._extensions..js","line":1174,"method":".js","native":false},{"column":12,"file":"C:\\Users\\USER\\Desktop\\lendqrapi\\node_modules\\ts-node\\src\\index.ts","function":"Object.require.extensions.<computed> [as .ts]","line":1621,"method":"ts]","native":false},{"column":32,"file":"node:internal/modules/cjs/loader","function":"Module.load","line":998,"method":"load","native":false},{"column":12,"file":"node:internal/modules/cjs/loader","function":"Module._load","line":839,"method":"_load","native":false},{"column":19,"file":"node:internal/modules/cjs/loader","function":"Module.require","line":1022,"method":"require","native":false}]}
{"date":"Tue Nov 29 2022 20:46:56 GMT+0530 (India Standard Time)","error":{"diagnosticCodes":[2554]},"exception":true,"level":"error","message":"uncaughtException: ⨯ Unable to compile TypeScript:\n\u001b[96msrc/controllers/TransactionController.ts\u001b[0m:\u001b[93m76\u001b[0m:\u001b[93m52\u001b[0m - \u001b[91merror\u001b[0m\u001b[90m TS2554: \u001b[0mExpected 5 arguments, but got 4.\r\n\r\n\u001b[7m76\u001b[0m         const sendMoney = await TransactionService.sendMoneyToBank(userId, reason, bankName, accountNumber)\r\n\u001b[7m  \u001b[0m \u001b[91m                                                   ~~~~~~~~~~~~~~~~~~~~~~~~~~~~~~~~~~~~~~~~~~~~~~~~~~~~~~~~\u001b[0m\r\n\r\n  \u001b[96msrc/services/TransactionServices.ts\u001b[0m:\u001b[93m90\u001b[0m:\u001b[93m99\u001b[0m\r\n    \u001b[7m90\u001b[0m       static async sendMoneyToBank(userId: string, amount:number, reason:string, bankName:string, accountNumber:string) {\r\n    \u001b[7m  \u001b[0m \u001b[96m                                                                                                  ~~~~~~~~~~~~~~~~~~~~\u001b[0m\r\n    An argument for 'accountNumber' was not provided.\r\n\nTSError: ⨯ Unable to compile TypeScript:\n\u001b[96msrc/controllers/TransactionController.ts\u001b[0m:\u001b[93m76\u001b[0m:\u001b[93m52\u001b[0m - \u001b[91merror\u001b[0m\u001b[90m TS2554: \u001b[0mExpected 5 arguments, but got 4.\r\n\r\n\u001b[7m76\u001b[0m         const sendMoney = await TransactionService.sendMoneyToBank(userId, reason, bankName, accountNumber)\r\n\u001b[7m  \u001b[0m \u001b[91m                                                   ~~~~~~~~~~~~~~~~~~~~~~~~~~~~~~~~~~~~~~~~~~~~~~~~~~~~~~~~\u001b[0m\r\n\r\n  \u001b[96msrc/services/TransactionServices.ts\u001b[0m:\u001b[93m90\u001b[0m:\u001b[93m99\u001b[0m\r\n    \u001b[7m90\u001b[0m       static async sendMoneyToBank(userId: string, amount:number, reason:string, bankName:string, accountNumber:string) {\r\n    \u001b[7m  \u001b[0m \u001b[96m                                                                                                  ~~~~~~~~~~~~~~~~~~~~\u001b[0m\r\n    An argument for 'accountNumber' was not provided.\r\n\n    at createTSError (C:\\Users\\USER\\Desktop\\lendqrapi\\node_modules\\ts-node\\src\\index.ts:859:12)\n    at reportTSError (C:\\Users\\USER\\Desktop\\lendqrapi\\node_modules\\ts-node\\src\\index.ts:863:19)\n    at getOutput (C:\\Users\\USER\\Desktop\\lendqrapi\\node_modules\\ts-node\\src\\index.ts:1077:36)\n    at Object.compile (C:\\Users\\USER\\Desktop\\lendqrapi\\node_modules\\ts-node\\src\\index.ts:1433:41)\n    at Module.m._compile (C:\\Users\\USER\\Desktop\\lendqrapi\\node_modules\\ts-node\\src\\index.ts:1617:30)\n    at Module._extensions..js (node:internal/modules/cjs/loader:1174:10)\n    at Object.require.extensions.<computed> [as .ts] (C:\\Users\\USER\\Desktop\\lendqrapi\\node_modules\\ts-node\\src\\index.ts:1621:12)\n    at Module.load (node:internal/modules/cjs/loader:998:32)\n    at Function.Module._load (node:internal/modules/cjs/loader:839:12)\n    at Module.require (node:internal/modules/cjs/loader:1022:19)","os":{"loadavg":[0,0,0],"uptime":1469017},"process":{"argv":["C:\\Users\\USER\\Desktop\\lendqrapi\\node_modules\\ts-node\\dist\\bin.js","C:\\Users\\USER\\Desktop\\lendqrapi\\src\\server.ts"],"cwd":"C:\\Users\\USER\\Desktop\\lendqrapi","execPath":"C:\\Program Files\\nodejs\\node.exe","gid":null,"memoryUsage":{"arrayBuffers":3754803,"external":5256165,"heapTotal":212516864,"heapUsed":178347416,"rss":254001152},"pid":17676,"uid":null,"version":"v18.7.0"},"stack":"TSError: ⨯ Unable to compile TypeScript:\n\u001b[96msrc/controllers/TransactionController.ts\u001b[0m:\u001b[93m76\u001b[0m:\u001b[93m52\u001b[0m - \u001b[91merror\u001b[0m\u001b[90m TS2554: \u001b[0mExpected 5 arguments, but got 4.\r\n\r\n\u001b[7m76\u001b[0m         const sendMoney = await TransactionService.sendMoneyToBank(userId, reason, bankName, accountNumber)\r\n\u001b[7m  \u001b[0m \u001b[91m                                                   ~~~~~~~~~~~~~~~~~~~~~~~~~~~~~~~~~~~~~~~~~~~~~~~~~~~~~~~~\u001b[0m\r\n\r\n  \u001b[96msrc/services/TransactionServices.ts\u001b[0m:\u001b[93m90\u001b[0m:\u001b[93m99\u001b[0m\r\n    \u001b[7m90\u001b[0m       static async sendMoneyToBank(userId: string, amount:number, reason:string, bankName:string, accountNumber:string) {\r\n    \u001b[7m  \u001b[0m \u001b[96m                                                                                                  ~~~~~~~~~~~~~~~~~~~~\u001b[0m\r\n    An argument for 'accountNumber' was not provided.\r\n\n    at createTSError (C:\\Users\\USER\\Desktop\\lendqrapi\\node_modules\\ts-node\\src\\index.ts:859:12)\n    at reportTSError (C:\\Users\\USER\\Desktop\\lendqrapi\\node_modules\\ts-node\\src\\index.ts:863:19)\n    at getOutput (C:\\Users\\USER\\Desktop\\lendqrapi\\node_modules\\ts-node\\src\\index.ts:1077:36)\n    at Object.compile (C:\\Users\\USER\\Desktop\\lendqrapi\\node_modules\\ts-node\\src\\index.ts:1433:41)\n    at Module.m._compile (C:\\Users\\USER\\Desktop\\lendqrapi\\node_modules\\ts-node\\src\\index.ts:1617:30)\n    at Module._extensions..js (node:internal/modules/cjs/loader:1174:10)\n    at Object.require.extensions.<computed> [as .ts] (C:\\Users\\USER\\Desktop\\lendqrapi\\node_modules\\ts-node\\src\\index.ts:1621:12)\n    at Module.load (node:internal/modules/cjs/loader:998:32)\n    at Function.Module._load (node:internal/modules/cjs/loader:839:12)\n    at Module.require (node:internal/modules/cjs/loader:1022:19)","trace":[{"column":12,"file":"C:\\Users\\USER\\Desktop\\lendqrapi\\node_modules\\ts-node\\src\\index.ts","function":"createTSError","line":859,"method":null,"native":false},{"column":19,"file":"C:\\Users\\USER\\Desktop\\lendqrapi\\node_modules\\ts-node\\src\\index.ts","function":"reportTSError","line":863,"method":null,"native":false},{"column":36,"file":"C:\\Users\\USER\\Desktop\\lendqrapi\\node_modules\\ts-node\\src\\index.ts","function":"getOutput","line":1077,"method":null,"native":false},{"column":41,"file":"C:\\Users\\USER\\Desktop\\lendqrapi\\node_modules\\ts-node\\src\\index.ts","function":"Object.compile","line":1433,"method":"compile","native":false},{"column":30,"file":"C:\\Users\\USER\\Desktop\\lendqrapi\\node_modules\\ts-node\\src\\index.ts","function":"Module.m._compile","line":1617,"method":"_compile","native":false},{"column":10,"file":"node:internal/modules/cjs/loader","function":"Module._extensions..js","line":1174,"method":".js","native":false},{"column":12,"file":"C:\\Users\\USER\\Desktop\\lendqrapi\\node_modules\\ts-node\\src\\index.ts","function":"Object.require.extensions.<computed> [as .ts]","line":1621,"method":"ts]","native":false},{"column":32,"file":"node:internal/modules/cjs/loader","function":"Module.load","line":998,"method":"load","native":false},{"column":12,"file":"node:internal/modules/cjs/loader","function":"Module._load","line":839,"method":"_load","native":false},{"column":19,"file":"node:internal/modules/cjs/loader","function":"Module.require","line":1022,"method":"require","native":false}]}
{"date":"Tue Nov 29 2022 20:46:56 GMT+0530 (India Standard Time)","error":{"diagnosticCodes":[2554]},"exception":true,"level":"error","message":"uncaughtException: ⨯ Unable to compile TypeScript:\n\u001b[96msrc/controllers/TransactionController.ts\u001b[0m:\u001b[93m76\u001b[0m:\u001b[93m52\u001b[0m - \u001b[91merror\u001b[0m\u001b[90m TS2554: \u001b[0mExpected 5 arguments, but got 4.\r\n\r\n\u001b[7m76\u001b[0m         const sendMoney = await TransactionService.sendMoneyToBank(userId, reason, bankName, accountNumber)\r\n\u001b[7m  \u001b[0m \u001b[91m                                                   ~~~~~~~~~~~~~~~~~~~~~~~~~~~~~~~~~~~~~~~~~~~~~~~~~~~~~~~~\u001b[0m\r\n\r\n  \u001b[96msrc/services/TransactionServices.ts\u001b[0m:\u001b[93m90\u001b[0m:\u001b[93m99\u001b[0m\r\n    \u001b[7m90\u001b[0m       static async sendMoneyToBank(userId: string, amount:number, reason:string, bankName:string, accountNumber:string) {\r\n    \u001b[7m  \u001b[0m \u001b[96m                                                                                                  ~~~~~~~~~~~~~~~~~~~~\u001b[0m\r\n    An argument for 'accountNumber' was not provided.\r\n\nTSError: ⨯ Unable to compile TypeScript:\n\u001b[96msrc/controllers/TransactionController.ts\u001b[0m:\u001b[93m76\u001b[0m:\u001b[93m52\u001b[0m - \u001b[91merror\u001b[0m\u001b[90m TS2554: \u001b[0mExpected 5 arguments, but got 4.\r\n\r\n\u001b[7m76\u001b[0m         const sendMoney = await TransactionService.sendMoneyToBank(userId, reason, bankName, accountNumber)\r\n\u001b[7m  \u001b[0m \u001b[91m                                                   ~~~~~~~~~~~~~~~~~~~~~~~~~~~~~~~~~~~~~~~~~~~~~~~~~~~~~~~~\u001b[0m\r\n\r\n  \u001b[96msrc/services/TransactionServices.ts\u001b[0m:\u001b[93m90\u001b[0m:\u001b[93m99\u001b[0m\r\n    \u001b[7m90\u001b[0m       static async sendMoneyToBank(userId: string, amount:number, reason:string, bankName:string, accountNumber:string) {\r\n    \u001b[7m  \u001b[0m \u001b[96m                                                                                                  ~~~~~~~~~~~~~~~~~~~~\u001b[0m\r\n    An argument for 'accountNumber' was not provided.\r\n\n    at createTSError (C:\\Users\\USER\\Desktop\\lendqrapi\\node_modules\\ts-node\\src\\index.ts:859:12)\n    at reportTSError (C:\\Users\\USER\\Desktop\\lendqrapi\\node_modules\\ts-node\\src\\index.ts:863:19)\n    at getOutput (C:\\Users\\USER\\Desktop\\lendqrapi\\node_modules\\ts-node\\src\\index.ts:1077:36)\n    at Object.compile (C:\\Users\\USER\\Desktop\\lendqrapi\\node_modules\\ts-node\\src\\index.ts:1433:41)\n    at Module.m._compile (C:\\Users\\USER\\Desktop\\lendqrapi\\node_modules\\ts-node\\src\\index.ts:1617:30)\n    at Module._extensions..js (node:internal/modules/cjs/loader:1174:10)\n    at Object.require.extensions.<computed> [as .ts] (C:\\Users\\USER\\Desktop\\lendqrapi\\node_modules\\ts-node\\src\\index.ts:1621:12)\n    at Module.load (node:internal/modules/cjs/loader:998:32)\n    at Function.Module._load (node:internal/modules/cjs/loader:839:12)\n    at Module.require (node:internal/modules/cjs/loader:1022:19)","os":{"loadavg":[0,0,0],"uptime":1469017},"process":{"argv":["C:\\Users\\USER\\Desktop\\lendqrapi\\node_modules\\ts-node\\dist\\bin.js","C:\\Users\\USER\\Desktop\\lendqrapi\\src\\server.ts"],"cwd":"C:\\Users\\USER\\Desktop\\lendqrapi","execPath":"C:\\Program Files\\nodejs\\node.exe","gid":null,"memoryUsage":{"arrayBuffers":3761910,"external":5263312,"heapTotal":212516864,"heapUsed":178460368,"rss":254222336},"pid":17676,"uid":null,"version":"v18.7.0"},"stack":"TSError: ⨯ Unable to compile TypeScript:\n\u001b[96msrc/controllers/TransactionController.ts\u001b[0m:\u001b[93m76\u001b[0m:\u001b[93m52\u001b[0m - \u001b[91merror\u001b[0m\u001b[90m TS2554: \u001b[0mExpected 5 arguments, but got 4.\r\n\r\n\u001b[7m76\u001b[0m         const sendMoney = await TransactionService.sendMoneyToBank(userId, reason, bankName, accountNumber)\r\n\u001b[7m  \u001b[0m \u001b[91m                                                   ~~~~~~~~~~~~~~~~~~~~~~~~~~~~~~~~~~~~~~~~~~~~~~~~~~~~~~~~\u001b[0m\r\n\r\n  \u001b[96msrc/services/TransactionServices.ts\u001b[0m:\u001b[93m90\u001b[0m:\u001b[93m99\u001b[0m\r\n    \u001b[7m90\u001b[0m       static async sendMoneyToBank(userId: string, amount:number, reason:string, bankName:string, accountNumber:string) {\r\n    \u001b[7m  \u001b[0m \u001b[96m                                                                                                  ~~~~~~~~~~~~~~~~~~~~\u001b[0m\r\n    An argument for 'accountNumber' was not provided.\r\n\n    at createTSError (C:\\Users\\USER\\Desktop\\lendqrapi\\node_modules\\ts-node\\src\\index.ts:859:12)\n    at reportTSError (C:\\Users\\USER\\Desktop\\lendqrapi\\node_modules\\ts-node\\src\\index.ts:863:19)\n    at getOutput (C:\\Users\\USER\\Desktop\\lendqrapi\\node_modules\\ts-node\\src\\index.ts:1077:36)\n    at Object.compile (C:\\Users\\USER\\Desktop\\lendqrapi\\node_modules\\ts-node\\src\\index.ts:1433:41)\n    at Module.m._compile (C:\\Users\\USER\\Desktop\\lendqrapi\\node_modules\\ts-node\\src\\index.ts:1617:30)\n    at Module._extensions..js (node:internal/modules/cjs/loader:1174:10)\n    at Object.require.extensions.<computed> [as .ts] (C:\\Users\\USER\\Desktop\\lendqrapi\\node_modules\\ts-node\\src\\index.ts:1621:12)\n    at Module.load (node:internal/modules/cjs/loader:998:32)\n    at Function.Module._load (node:internal/modules/cjs/loader:839:12)\n    at Module.require (node:internal/modules/cjs/loader:1022:19)","trace":[{"column":12,"file":"C:\\Users\\USER\\Desktop\\lendqrapi\\node_modules\\ts-node\\src\\index.ts","function":"createTSError","line":859,"method":null,"native":false},{"column":19,"file":"C:\\Users\\USER\\Desktop\\lendqrapi\\node_modules\\ts-node\\src\\index.ts","function":"reportTSError","line":863,"method":null,"native":false},{"column":36,"file":"C:\\Users\\USER\\Desktop\\lendqrapi\\node_modules\\ts-node\\src\\index.ts","function":"getOutput","line":1077,"method":null,"native":false},{"column":41,"file":"C:\\Users\\USER\\Desktop\\lendqrapi\\node_modules\\ts-node\\src\\index.ts","function":"Object.compile","line":1433,"method":"compile","native":false},{"column":30,"file":"C:\\Users\\USER\\Desktop\\lendqrapi\\node_modules\\ts-node\\src\\index.ts","function":"Module.m._compile","line":1617,"method":"_compile","native":false},{"column":10,"file":"node:internal/modules/cjs/loader","function":"Module._extensions..js","line":1174,"method":".js","native":false},{"column":12,"file":"C:\\Users\\USER\\Desktop\\lendqrapi\\node_modules\\ts-node\\src\\index.ts","function":"Object.require.extensions.<computed> [as .ts]","line":1621,"method":"ts]","native":false},{"column":32,"file":"node:internal/modules/cjs/loader","function":"Module.load","line":998,"method":"load","native":false},{"column":12,"file":"node:internal/modules/cjs/loader","function":"Module._load","line":839,"method":"_load","native":false},{"column":19,"file":"node:internal/modules/cjs/loader","function":"Module.require","line":1022,"method":"require","native":false}]}
{"date":"Tue Nov 29 2022 20:49:21 GMT+0530 (India Standard Time)","error":{"diagnosticCodes":[2554]},"exception":true,"level":"error","message":"uncaughtException: ⨯ Unable to compile TypeScript:\n\u001b[96msrc/services/TransactionServices.ts\u001b[0m:\u001b[93m112\u001b[0m:\u001b[93m22\u001b[0m - \u001b[91merror\u001b[0m\u001b[90m TS2554: \u001b[0mExpected 2 arguments, but got 1.\r\n\r\n\u001b[7m112\u001b[0m           await this.createTransaction(transactionData)\r\n\u001b[7m   \u001b[0m \u001b[91m                     ~~~~~~~~~~~~~~~~~~~~~~~~~~~~~~~~~~\u001b[0m\r\n\r\n  \u001b[96msrc/services/TransactionServices.ts\u001b[0m:\u001b[93m18\u001b[0m:\u001b[93m50\u001b[0m\r\n    \u001b[7m18\u001b[0m   static async createTransaction(userId: string, data: any) {\r\n    \u001b[7m  \u001b[0m \u001b[96m                                                 ~~~~~~~~~\u001b[0m\r\n    An argument for 'data' was not provided.\r\n\nTSError: ⨯ Unable to compile TypeScript:\n\u001b[96msrc/services/TransactionServices.ts\u001b[0m:\u001b[93m112\u001b[0m:\u001b[93m22\u001b[0m - \u001b[91merror\u001b[0m\u001b[90m TS2554: \u001b[0mExpected 2 arguments, but got 1.\r\n\r\n\u001b[7m112\u001b[0m           await this.createTransaction(transactionData)\r\n\u001b[7m   \u001b[0m \u001b[91m                     ~~~~~~~~~~~~~~~~~~~~~~~~~~~~~~~~~~\u001b[0m\r\n\r\n  \u001b[96msrc/services/TransactionServices.ts\u001b[0m:\u001b[93m18\u001b[0m:\u001b[93m50\u001b[0m\r\n    \u001b[7m18\u001b[0m   static async createTransaction(userId: string, data: any) {\r\n    \u001b[7m  \u001b[0m \u001b[96m                                                 ~~~~~~~~~\u001b[0m\r\n    An argument for 'data' was not provided.\r\n\n    at createTSError (C:\\Users\\USER\\Desktop\\lendqrapi\\node_modules\\ts-node\\src\\index.ts:859:12)\n    at reportTSError (C:\\Users\\USER\\Desktop\\lendqrapi\\node_modules\\ts-node\\src\\index.ts:863:19)\n    at getOutput (C:\\Users\\USER\\Desktop\\lendqrapi\\node_modules\\ts-node\\src\\index.ts:1077:36)\n    at Object.compile (C:\\Users\\USER\\Desktop\\lendqrapi\\node_modules\\ts-node\\src\\index.ts:1433:41)\n    at Module.m._compile (C:\\Users\\USER\\Desktop\\lendqrapi\\node_modules\\ts-node\\src\\index.ts:1617:30)\n    at Module._extensions..js (node:internal/modules/cjs/loader:1174:10)\n    at Object.require.extensions.<computed> [as .ts] (C:\\Users\\USER\\Desktop\\lendqrapi\\node_modules\\ts-node\\src\\index.ts:1621:12)\n    at Module.load (node:internal/modules/cjs/loader:998:32)\n    at Function.Module._load (node:internal/modules/cjs/loader:839:12)\n    at Module.require (node:internal/modules/cjs/loader:1022:19)","os":{"loadavg":[0,0,0],"uptime":1469161},"process":{"argv":["C:\\Users\\USER\\Desktop\\lendqrapi\\node_modules\\ts-node\\dist\\bin.js","C:\\Users\\USER\\Desktop\\lendqrapi\\src\\server.ts"],"cwd":"C:\\Users\\USER\\Desktop\\lendqrapi","execPath":"C:\\Program Files\\nodejs\\node.exe","gid":null,"memoryUsage":{"arrayBuffers":3890779,"external":5392056,"heapTotal":199122944,"heapUsed":171937864,"rss":236666880},"pid":16368,"uid":null,"version":"v18.7.0"},"stack":"TSError: ⨯ Unable to compile TypeScript:\n\u001b[96msrc/services/TransactionServices.ts\u001b[0m:\u001b[93m112\u001b[0m:\u001b[93m22\u001b[0m - \u001b[91merror\u001b[0m\u001b[90m TS2554: \u001b[0mExpected 2 arguments, but got 1.\r\n\r\n\u001b[7m112\u001b[0m           await this.createTransaction(transactionData)\r\n\u001b[7m   \u001b[0m \u001b[91m                     ~~~~~~~~~~~~~~~~~~~~~~~~~~~~~~~~~~\u001b[0m\r\n\r\n  \u001b[96msrc/services/TransactionServices.ts\u001b[0m:\u001b[93m18\u001b[0m:\u001b[93m50\u001b[0m\r\n    \u001b[7m18\u001b[0m   static async createTransaction(userId: string, data: any) {\r\n    \u001b[7m  \u001b[0m \u001b[96m                                                 ~~~~~~~~~\u001b[0m\r\n    An argument for 'data' was not provided.\r\n\n    at createTSError (C:\\Users\\USER\\Desktop\\lendqrapi\\node_modules\\ts-node\\src\\index.ts:859:12)\n    at reportTSError (C:\\Users\\USER\\Desktop\\lendqrapi\\node_modules\\ts-node\\src\\index.ts:863:19)\n    at getOutput (C:\\Users\\USER\\Desktop\\lendqrapi\\node_modules\\ts-node\\src\\index.ts:1077:36)\n    at Object.compile (C:\\Users\\USER\\Desktop\\lendqrapi\\node_modules\\ts-node\\src\\index.ts:1433:41)\n    at Module.m._compile (C:\\Users\\USER\\Desktop\\lendqrapi\\node_modules\\ts-node\\src\\index.ts:1617:30)\n    at Module._extensions..js (node:internal/modules/cjs/loader:1174:10)\n    at Object.require.extensions.<computed> [as .ts] (C:\\Users\\USER\\Desktop\\lendqrapi\\node_modules\\ts-node\\src\\index.ts:1621:12)\n    at Module.load (node:internal/modules/cjs/loader:998:32)\n    at Function.Module._load (node:internal/modules/cjs/loader:839:12)\n    at Module.require (node:internal/modules/cjs/loader:1022:19)","trace":[{"column":12,"file":"C:\\Users\\USER\\Desktop\\lendqrapi\\node_modules\\ts-node\\src\\index.ts","function":"createTSError","line":859,"method":null,"native":false},{"column":19,"file":"C:\\Users\\USER\\Desktop\\lendqrapi\\node_modules\\ts-node\\src\\index.ts","function":"reportTSError","line":863,"method":null,"native":false},{"column":36,"file":"C:\\Users\\USER\\Desktop\\lendqrapi\\node_modules\\ts-node\\src\\index.ts","function":"getOutput","line":1077,"method":null,"native":false},{"column":41,"file":"C:\\Users\\USER\\Desktop\\lendqrapi\\node_modules\\ts-node\\src\\index.ts","function":"Object.compile","line":1433,"method":"compile","native":false},{"column":30,"file":"C:\\Users\\USER\\Desktop\\lendqrapi\\node_modules\\ts-node\\src\\index.ts","function":"Module.m._compile","line":1617,"method":"_compile","native":false},{"column":10,"file":"node:internal/modules/cjs/loader","function":"Module._extensions..js","line":1174,"method":".js","native":false},{"column":12,"file":"C:\\Users\\USER\\Desktop\\lendqrapi\\node_modules\\ts-node\\src\\index.ts","function":"Object.require.extensions.<computed> [as .ts]","line":1621,"method":"ts]","native":false},{"column":32,"file":"node:internal/modules/cjs/loader","function":"Module.load","line":998,"method":"load","native":false},{"column":12,"file":"node:internal/modules/cjs/loader","function":"Module._load","line":839,"method":"_load","native":false},{"column":19,"file":"node:internal/modules/cjs/loader","function":"Module.require","line":1022,"method":"require","native":false}]}
{"date":"Tue Nov 29 2022 20:49:21 GMT+0530 (India Standard Time)","error":{"diagnosticCodes":[2554]},"exception":true,"level":"error","message":"uncaughtException: ⨯ Unable to compile TypeScript:\n\u001b[96msrc/services/TransactionServices.ts\u001b[0m:\u001b[93m112\u001b[0m:\u001b[93m22\u001b[0m - \u001b[91merror\u001b[0m\u001b[90m TS2554: \u001b[0mExpected 2 arguments, but got 1.\r\n\r\n\u001b[7m112\u001b[0m           await this.createTransaction(transactionData)\r\n\u001b[7m   \u001b[0m \u001b[91m                     ~~~~~~~~~~~~~~~~~~~~~~~~~~~~~~~~~~\u001b[0m\r\n\r\n  \u001b[96msrc/services/TransactionServices.ts\u001b[0m:\u001b[93m18\u001b[0m:\u001b[93m50\u001b[0m\r\n    \u001b[7m18\u001b[0m   static async createTransaction(userId: string, data: any) {\r\n    \u001b[7m  \u001b[0m \u001b[96m                                                 ~~~~~~~~~\u001b[0m\r\n    An argument for 'data' was not provided.\r\n\nTSError: ⨯ Unable to compile TypeScript:\n\u001b[96msrc/services/TransactionServices.ts\u001b[0m:\u001b[93m112\u001b[0m:\u001b[93m22\u001b[0m - \u001b[91merror\u001b[0m\u001b[90m TS2554: \u001b[0mExpected 2 arguments, but got 1.\r\n\r\n\u001b[7m112\u001b[0m           await this.createTransaction(transactionData)\r\n\u001b[7m   \u001b[0m \u001b[91m                     ~~~~~~~~~~~~~~~~~~~~~~~~~~~~~~~~~~\u001b[0m\r\n\r\n  \u001b[96msrc/services/TransactionServices.ts\u001b[0m:\u001b[93m18\u001b[0m:\u001b[93m50\u001b[0m\r\n    \u001b[7m18\u001b[0m   static async createTransaction(userId: string, data: any) {\r\n    \u001b[7m  \u001b[0m \u001b[96m                                                 ~~~~~~~~~\u001b[0m\r\n    An argument for 'data' was not provided.\r\n\n    at createTSError (C:\\Users\\USER\\Desktop\\lendqrapi\\node_modules\\ts-node\\src\\index.ts:859:12)\n    at reportTSError (C:\\Users\\USER\\Desktop\\lendqrapi\\node_modules\\ts-node\\src\\index.ts:863:19)\n    at getOutput (C:\\Users\\USER\\Desktop\\lendqrapi\\node_modules\\ts-node\\src\\index.ts:1077:36)\n    at Object.compile (C:\\Users\\USER\\Desktop\\lendqrapi\\node_modules\\ts-node\\src\\index.ts:1433:41)\n    at Module.m._compile (C:\\Users\\USER\\Desktop\\lendqrapi\\node_modules\\ts-node\\src\\index.ts:1617:30)\n    at Module._extensions..js (node:internal/modules/cjs/loader:1174:10)\n    at Object.require.extensions.<computed> [as .ts] (C:\\Users\\USER\\Desktop\\lendqrapi\\node_modules\\ts-node\\src\\index.ts:1621:12)\n    at Module.load (node:internal/modules/cjs/loader:998:32)\n    at Function.Module._load (node:internal/modules/cjs/loader:839:12)\n    at Module.require (node:internal/modules/cjs/loader:1022:19)","os":{"loadavg":[0,0,0],"uptime":1469161},"process":{"argv":["C:\\Users\\USER\\Desktop\\lendqrapi\\node_modules\\ts-node\\dist\\bin.js","C:\\Users\\USER\\Desktop\\lendqrapi\\src\\server.ts"],"cwd":"C:\\Users\\USER\\Desktop\\lendqrapi","execPath":"C:\\Program Files\\nodejs\\node.exe","gid":null,"memoryUsage":{"arrayBuffers":3897181,"external":5398498,"heapTotal":199122944,"heapUsed":172137808,"rss":236924928},"pid":16368,"uid":null,"version":"v18.7.0"},"stack":"TSError: ⨯ Unable to compile TypeScript:\n\u001b[96msrc/services/TransactionServices.ts\u001b[0m:\u001b[93m112\u001b[0m:\u001b[93m22\u001b[0m - \u001b[91merror\u001b[0m\u001b[90m TS2554: \u001b[0mExpected 2 arguments, but got 1.\r\n\r\n\u001b[7m112\u001b[0m           await this.createTransaction(transactionData)\r\n\u001b[7m   \u001b[0m \u001b[91m                     ~~~~~~~~~~~~~~~~~~~~~~~~~~~~~~~~~~\u001b[0m\r\n\r\n  \u001b[96msrc/services/TransactionServices.ts\u001b[0m:\u001b[93m18\u001b[0m:\u001b[93m50\u001b[0m\r\n    \u001b[7m18\u001b[0m   static async createTransaction(userId: string, data: any) {\r\n    \u001b[7m  \u001b[0m \u001b[96m                                                 ~~~~~~~~~\u001b[0m\r\n    An argument for 'data' was not provided.\r\n\n    at createTSError (C:\\Users\\USER\\Desktop\\lendqrapi\\node_modules\\ts-node\\src\\index.ts:859:12)\n    at reportTSError (C:\\Users\\USER\\Desktop\\lendqrapi\\node_modules\\ts-node\\src\\index.ts:863:19)\n    at getOutput (C:\\Users\\USER\\Desktop\\lendqrapi\\node_modules\\ts-node\\src\\index.ts:1077:36)\n    at Object.compile (C:\\Users\\USER\\Desktop\\lendqrapi\\node_modules\\ts-node\\src\\index.ts:1433:41)\n    at Module.m._compile (C:\\Users\\USER\\Desktop\\lendqrapi\\node_modules\\ts-node\\src\\index.ts:1617:30)\n    at Module._extensions..js (node:internal/modules/cjs/loader:1174:10)\n    at Object.require.extensions.<computed> [as .ts] (C:\\Users\\USER\\Desktop\\lendqrapi\\node_modules\\ts-node\\src\\index.ts:1621:12)\n    at Module.load (node:internal/modules/cjs/loader:998:32)\n    at Function.Module._load (node:internal/modules/cjs/loader:839:12)\n    at Module.require (node:internal/modules/cjs/loader:1022:19)","trace":[{"column":12,"file":"C:\\Users\\USER\\Desktop\\lendqrapi\\node_modules\\ts-node\\src\\index.ts","function":"createTSError","line":859,"method":null,"native":false},{"column":19,"file":"C:\\Users\\USER\\Desktop\\lendqrapi\\node_modules\\ts-node\\src\\index.ts","function":"reportTSError","line":863,"method":null,"native":false},{"column":36,"file":"C:\\Users\\USER\\Desktop\\lendqrapi\\node_modules\\ts-node\\src\\index.ts","function":"getOutput","line":1077,"method":null,"native":false},{"column":41,"file":"C:\\Users\\USER\\Desktop\\lendqrapi\\node_modules\\ts-node\\src\\index.ts","function":"Object.compile","line":1433,"method":"compile","native":false},{"column":30,"file":"C:\\Users\\USER\\Desktop\\lendqrapi\\node_modules\\ts-node\\src\\index.ts","function":"Module.m._compile","line":1617,"method":"_compile","native":false},{"column":10,"file":"node:internal/modules/cjs/loader","function":"Module._extensions..js","line":1174,"method":".js","native":false},{"column":12,"file":"C:\\Users\\USER\\Desktop\\lendqrapi\\node_modules\\ts-node\\src\\index.ts","function":"Object.require.extensions.<computed> [as .ts]","line":1621,"method":"ts]","native":false},{"column":32,"file":"node:internal/modules/cjs/loader","function":"Module.load","line":998,"method":"load","native":false},{"column":12,"file":"node:internal/modules/cjs/loader","function":"Module._load","line":839,"method":"_load","native":false},{"column":19,"file":"node:internal/modules/cjs/loader","function":"Module.require","line":1022,"method":"require","native":false}]}
{"date":"Tue Nov 29 2022 20:50:00 GMT+0530 (India Standard Time)","error":{"diagnosticCodes":[2554]},"exception":true,"level":"error","message":"uncaughtException: ⨯ Unable to compile TypeScript:\n\u001b[96msrc/controllers/TransactionController.ts\u001b[0m:\u001b[93m76\u001b[0m:\u001b[93m52\u001b[0m - \u001b[91merror\u001b[0m\u001b[90m TS2554: \u001b[0mExpected 5 arguments, but got 4.\r\n\r\n\u001b[7m76\u001b[0m         const sendMoney = await TransactionService.sendMoneyToBank(userId, reason, bankName, accountNumber)\r\n\u001b[7m  \u001b[0m \u001b[91m                                                   ~~~~~~~~~~~~~~~~~~~~~~~~~~~~~~~~~~~~~~~~~~~~~~~~~~~~~~~~\u001b[0m\r\n\r\n  \u001b[96msrc/services/TransactionServices.ts\u001b[0m:\u001b[93m90\u001b[0m:\u001b[93m99\u001b[0m\r\n    \u001b[7m90\u001b[0m       static async sendMoneyToBank(userId: string, amount:number, reason:string, bankName:string, accountNumber:string) {\r\n    \u001b[7m  \u001b[0m \u001b[96m                                                                                                  ~~~~~~~~~~~~~~~~~~~~\u001b[0m\r\n    An argument for 'accountNumber' was not provided.\r\n\nTSError: ⨯ Unable to compile TypeScript:\n\u001b[96msrc/controllers/TransactionController.ts\u001b[0m:\u001b[93m76\u001b[0m:\u001b[93m52\u001b[0m - \u001b[91merror\u001b[0m\u001b[90m TS2554: \u001b[0mExpected 5 arguments, but got 4.\r\n\r\n\u001b[7m76\u001b[0m         const sendMoney = await TransactionService.sendMoneyToBank(userId, reason, bankName, accountNumber)\r\n\u001b[7m  \u001b[0m \u001b[91m                                                   ~~~~~~~~~~~~~~~~~~~~~~~~~~~~~~~~~~~~~~~~~~~~~~~~~~~~~~~~\u001b[0m\r\n\r\n  \u001b[96msrc/services/TransactionServices.ts\u001b[0m:\u001b[93m90\u001b[0m:\u001b[93m99\u001b[0m\r\n    \u001b[7m90\u001b[0m       static async sendMoneyToBank(userId: string, amount:number, reason:string, bankName:string, accountNumber:string) {\r\n    \u001b[7m  \u001b[0m \u001b[96m                                                                                                  ~~~~~~~~~~~~~~~~~~~~\u001b[0m\r\n    An argument for 'accountNumber' was not provided.\r\n\n    at createTSError (C:\\Users\\USER\\Desktop\\lendqrapi\\node_modules\\ts-node\\src\\index.ts:859:12)\n    at reportTSError (C:\\Users\\USER\\Desktop\\lendqrapi\\node_modules\\ts-node\\src\\index.ts:863:19)\n    at getOutput (C:\\Users\\USER\\Desktop\\lendqrapi\\node_modules\\ts-node\\src\\index.ts:1077:36)\n    at Object.compile (C:\\Users\\USER\\Desktop\\lendqrapi\\node_modules\\ts-node\\src\\index.ts:1433:41)\n    at Module.m._compile (C:\\Users\\USER\\Desktop\\lendqrapi\\node_modules\\ts-node\\src\\index.ts:1617:30)\n    at Module._extensions..js (node:internal/modules/cjs/loader:1174:10)\n    at Object.require.extensions.<computed> [as .ts] (C:\\Users\\USER\\Desktop\\lendqrapi\\node_modules\\ts-node\\src\\index.ts:1621:12)\n    at Module.load (node:internal/modules/cjs/loader:998:32)\n    at Function.Module._load (node:internal/modules/cjs/loader:839:12)\n    at Module.require (node:internal/modules/cjs/loader:1022:19)","os":{"loadavg":[0,0,0],"uptime":1469200},"process":{"argv":["C:\\Users\\USER\\Desktop\\lendqrapi\\node_modules\\ts-node\\dist\\bin.js","C:\\Users\\USER\\Desktop\\lendqrapi\\src\\server.ts"],"cwd":"C:\\Users\\USER\\Desktop\\lendqrapi","execPath":"C:\\Program Files\\nodejs\\node.exe","gid":null,"memoryUsage":{"arrayBuffers":3757708,"external":5258985,"heapTotal":209633280,"heapUsed":162356504,"rss":251379712},"pid":12436,"uid":null,"version":"v18.7.0"},"stack":"TSError: ⨯ Unable to compile TypeScript:\n\u001b[96msrc/controllers/TransactionController.ts\u001b[0m:\u001b[93m76\u001b[0m:\u001b[93m52\u001b[0m - \u001b[91merror\u001b[0m\u001b[90m TS2554: \u001b[0mExpected 5 arguments, but got 4.\r\n\r\n\u001b[7m76\u001b[0m         const sendMoney = await TransactionService.sendMoneyToBank(userId, reason, bankName, accountNumber)\r\n\u001b[7m  \u001b[0m \u001b[91m                                                   ~~~~~~~~~~~~~~~~~~~~~~~~~~~~~~~~~~~~~~~~~~~~~~~~~~~~~~~~\u001b[0m\r\n\r\n  \u001b[96msrc/services/TransactionServices.ts\u001b[0m:\u001b[93m90\u001b[0m:\u001b[93m99\u001b[0m\r\n    \u001b[7m90\u001b[0m       static async sendMoneyToBank(userId: string, amount:number, reason:string, bankName:string, accountNumber:string) {\r\n    \u001b[7m  \u001b[0m \u001b[96m                                                                                                  ~~~~~~~~~~~~~~~~~~~~\u001b[0m\r\n    An argument for 'accountNumber' was not provided.\r\n\n    at createTSError (C:\\Users\\USER\\Desktop\\lendqrapi\\node_modules\\ts-node\\src\\index.ts:859:12)\n    at reportTSError (C:\\Users\\USER\\Desktop\\lendqrapi\\node_modules\\ts-node\\src\\index.ts:863:19)\n    at getOutput (C:\\Users\\USER\\Desktop\\lendqrapi\\node_modules\\ts-node\\src\\index.ts:1077:36)\n    at Object.compile (C:\\Users\\USER\\Desktop\\lendqrapi\\node_modules\\ts-node\\src\\index.ts:1433:41)\n    at Module.m._compile (C:\\Users\\USER\\Desktop\\lendqrapi\\node_modules\\ts-node\\src\\index.ts:1617:30)\n    at Module._extensions..js (node:internal/modules/cjs/loader:1174:10)\n    at Object.require.extensions.<computed> [as .ts] (C:\\Users\\USER\\Desktop\\lendqrapi\\node_modules\\ts-node\\src\\index.ts:1621:12)\n    at Module.load (node:internal/modules/cjs/loader:998:32)\n    at Function.Module._load (node:internal/modules/cjs/loader:839:12)\n    at Module.require (node:internal/modules/cjs/loader:1022:19)","trace":[{"column":12,"file":"C:\\Users\\USER\\Desktop\\lendqrapi\\node_modules\\ts-node\\src\\index.ts","function":"createTSError","line":859,"method":null,"native":false},{"column":19,"file":"C:\\Users\\USER\\Desktop\\lendqrapi\\node_modules\\ts-node\\src\\index.ts","function":"reportTSError","line":863,"method":null,"native":false},{"column":36,"file":"C:\\Users\\USER\\Desktop\\lendqrapi\\node_modules\\ts-node\\src\\index.ts","function":"getOutput","line":1077,"method":null,"native":false},{"column":41,"file":"C:\\Users\\USER\\Desktop\\lendqrapi\\node_modules\\ts-node\\src\\index.ts","function":"Object.compile","line":1433,"method":"compile","native":false},{"column":30,"file":"C:\\Users\\USER\\Desktop\\lendqrapi\\node_modules\\ts-node\\src\\index.ts","function":"Module.m._compile","line":1617,"method":"_compile","native":false},{"column":10,"file":"node:internal/modules/cjs/loader","function":"Module._extensions..js","line":1174,"method":".js","native":false},{"column":12,"file":"C:\\Users\\USER\\Desktop\\lendqrapi\\node_modules\\ts-node\\src\\index.ts","function":"Object.require.extensions.<computed> [as .ts]","line":1621,"method":"ts]","native":false},{"column":32,"file":"node:internal/modules/cjs/loader","function":"Module.load","line":998,"method":"load","native":false},{"column":12,"file":"node:internal/modules/cjs/loader","function":"Module._load","line":839,"method":"_load","native":false},{"column":19,"file":"node:internal/modules/cjs/loader","function":"Module.require","line":1022,"method":"require","native":false}]}
{"date":"Tue Nov 29 2022 20:50:00 GMT+0530 (India Standard Time)","error":{"diagnosticCodes":[2554]},"exception":true,"level":"error","message":"uncaughtException: ⨯ Unable to compile TypeScript:\n\u001b[96msrc/controllers/TransactionController.ts\u001b[0m:\u001b[93m76\u001b[0m:\u001b[93m52\u001b[0m - \u001b[91merror\u001b[0m\u001b[90m TS2554: \u001b[0mExpected 5 arguments, but got 4.\r\n\r\n\u001b[7m76\u001b[0m         const sendMoney = await TransactionService.sendMoneyToBank(userId, reason, bankName, accountNumber)\r\n\u001b[7m  \u001b[0m \u001b[91m                                                   ~~~~~~~~~~~~~~~~~~~~~~~~~~~~~~~~~~~~~~~~~~~~~~~~~~~~~~~~\u001b[0m\r\n\r\n  \u001b[96msrc/services/TransactionServices.ts\u001b[0m:\u001b[93m90\u001b[0m:\u001b[93m99\u001b[0m\r\n    \u001b[7m90\u001b[0m       static async sendMoneyToBank(userId: string, amount:number, reason:string, bankName:string, accountNumber:string) {\r\n    \u001b[7m  \u001b[0m \u001b[96m                                                                                                  ~~~~~~~~~~~~~~~~~~~~\u001b[0m\r\n    An argument for 'accountNumber' was not provided.\r\n\nTSError: ⨯ Unable to compile TypeScript:\n\u001b[96msrc/controllers/TransactionController.ts\u001b[0m:\u001b[93m76\u001b[0m:\u001b[93m52\u001b[0m - \u001b[91merror\u001b[0m\u001b[90m TS2554: \u001b[0mExpected 5 arguments, but got 4.\r\n\r\n\u001b[7m76\u001b[0m         const sendMoney = await TransactionService.sendMoneyToBank(userId, reason, bankName, accountNumber)\r\n\u001b[7m  \u001b[0m \u001b[91m                                                   ~~~~~~~~~~~~~~~~~~~~~~~~~~~~~~~~~~~~~~~~~~~~~~~~~~~~~~~~\u001b[0m\r\n\r\n  \u001b[96msrc/services/TransactionServices.ts\u001b[0m:\u001b[93m90\u001b[0m:\u001b[93m99\u001b[0m\r\n    \u001b[7m90\u001b[0m       static async sendMoneyToBank(userId: string, amount:number, reason:string, bankName:string, accountNumber:string) {\r\n    \u001b[7m  \u001b[0m \u001b[96m                                                                                                  ~~~~~~~~~~~~~~~~~~~~\u001b[0m\r\n    An argument for 'accountNumber' was not provided.\r\n\n    at createTSError (C:\\Users\\USER\\Desktop\\lendqrapi\\node_modules\\ts-node\\src\\index.ts:859:12)\n    at reportTSError (C:\\Users\\USER\\Desktop\\lendqrapi\\node_modules\\ts-node\\src\\index.ts:863:19)\n    at getOutput (C:\\Users\\USER\\Desktop\\lendqrapi\\node_modules\\ts-node\\src\\index.ts:1077:36)\n    at Object.compile (C:\\Users\\USER\\Desktop\\lendqrapi\\node_modules\\ts-node\\src\\index.ts:1433:41)\n    at Module.m._compile (C:\\Users\\USER\\Desktop\\lendqrapi\\node_modules\\ts-node\\src\\index.ts:1617:30)\n    at Module._extensions..js (node:internal/modules/cjs/loader:1174:10)\n    at Object.require.extensions.<computed> [as .ts] (C:\\Users\\USER\\Desktop\\lendqrapi\\node_modules\\ts-node\\src\\index.ts:1621:12)\n    at Module.load (node:internal/modules/cjs/loader:998:32)\n    at Function.Module._load (node:internal/modules/cjs/loader:839:12)\n    at Module.require (node:internal/modules/cjs/loader:1022:19)","os":{"loadavg":[0,0,0],"uptime":1469200},"process":{"argv":["C:\\Users\\USER\\Desktop\\lendqrapi\\node_modules\\ts-node\\dist\\bin.js","C:\\Users\\USER\\Desktop\\lendqrapi\\src\\server.ts"],"cwd":"C:\\Users\\USER\\Desktop\\lendqrapi","execPath":"C:\\Program Files\\nodejs\\node.exe","gid":null,"memoryUsage":{"arrayBuffers":3764815,"external":5266132,"heapTotal":209633280,"heapUsed":162525064,"rss":251568128},"pid":12436,"uid":null,"version":"v18.7.0"},"stack":"TSError: ⨯ Unable to compile TypeScript:\n\u001b[96msrc/controllers/TransactionController.ts\u001b[0m:\u001b[93m76\u001b[0m:\u001b[93m52\u001b[0m - \u001b[91merror\u001b[0m\u001b[90m TS2554: \u001b[0mExpected 5 arguments, but got 4.\r\n\r\n\u001b[7m76\u001b[0m         const sendMoney = await TransactionService.sendMoneyToBank(userId, reason, bankName, accountNumber)\r\n\u001b[7m  \u001b[0m \u001b[91m                                                   ~~~~~~~~~~~~~~~~~~~~~~~~~~~~~~~~~~~~~~~~~~~~~~~~~~~~~~~~\u001b[0m\r\n\r\n  \u001b[96msrc/services/TransactionServices.ts\u001b[0m:\u001b[93m90\u001b[0m:\u001b[93m99\u001b[0m\r\n    \u001b[7m90\u001b[0m       static async sendMoneyToBank(userId: string, amount:number, reason:string, bankName:string, accountNumber:string) {\r\n    \u001b[7m  \u001b[0m \u001b[96m                                                                                                  ~~~~~~~~~~~~~~~~~~~~\u001b[0m\r\n    An argument for 'accountNumber' was not provided.\r\n\n    at createTSError (C:\\Users\\USER\\Desktop\\lendqrapi\\node_modules\\ts-node\\src\\index.ts:859:12)\n    at reportTSError (C:\\Users\\USER\\Desktop\\lendqrapi\\node_modules\\ts-node\\src\\index.ts:863:19)\n    at getOutput (C:\\Users\\USER\\Desktop\\lendqrapi\\node_modules\\ts-node\\src\\index.ts:1077:36)\n    at Object.compile (C:\\Users\\USER\\Desktop\\lendqrapi\\node_modules\\ts-node\\src\\index.ts:1433:41)\n    at Module.m._compile (C:\\Users\\USER\\Desktop\\lendqrapi\\node_modules\\ts-node\\src\\index.ts:1617:30)\n    at Module._extensions..js (node:internal/modules/cjs/loader:1174:10)\n    at Object.require.extensions.<computed> [as .ts] (C:\\Users\\USER\\Desktop\\lendqrapi\\node_modules\\ts-node\\src\\index.ts:1621:12)\n    at Module.load (node:internal/modules/cjs/loader:998:32)\n    at Function.Module._load (node:internal/modules/cjs/loader:839:12)\n    at Module.require (node:internal/modules/cjs/loader:1022:19)","trace":[{"column":12,"file":"C:\\Users\\USER\\Desktop\\lendqrapi\\node_modules\\ts-node\\src\\index.ts","function":"createTSError","line":859,"method":null,"native":false},{"column":19,"file":"C:\\Users\\USER\\Desktop\\lendqrapi\\node_modules\\ts-node\\src\\index.ts","function":"reportTSError","line":863,"method":null,"native":false},{"column":36,"file":"C:\\Users\\USER\\Desktop\\lendqrapi\\node_modules\\ts-node\\src\\index.ts","function":"getOutput","line":1077,"method":null,"native":false},{"column":41,"file":"C:\\Users\\USER\\Desktop\\lendqrapi\\node_modules\\ts-node\\src\\index.ts","function":"Object.compile","line":1433,"method":"compile","native":false},{"column":30,"file":"C:\\Users\\USER\\Desktop\\lendqrapi\\node_modules\\ts-node\\src\\index.ts","function":"Module.m._compile","line":1617,"method":"_compile","native":false},{"column":10,"file":"node:internal/modules/cjs/loader","function":"Module._extensions..js","line":1174,"method":".js","native":false},{"column":12,"file":"C:\\Users\\USER\\Desktop\\lendqrapi\\node_modules\\ts-node\\src\\index.ts","function":"Object.require.extensions.<computed> [as .ts]","line":1621,"method":"ts]","native":false},{"column":32,"file":"node:internal/modules/cjs/loader","function":"Module.load","line":998,"method":"load","native":false},{"column":12,"file":"node:internal/modules/cjs/loader","function":"Module._load","line":839,"method":"_load","native":false},{"column":19,"file":"node:internal/modules/cjs/loader","function":"Module.require","line":1022,"method":"require","native":false}]}
