{"level":"info","message":"App now running on port 3001"}
{"level":"info","message":"::1 - - [20/Nov/2022:23:10:59 +0000] \"POST /users HTTP/1.1\" 201 34 \"-\" \"PostmanRuntime/7.29.0\"\n"}
{"level":"info","message":"App now running on port 3001"}
{"level":"info","message":"::1 - - [20/Nov/2022:23:13:11 +0000] \"POST /users HTTP/1.1\" 201 180 \"-\" \"PostmanRuntime/7.29.0\"\n"}
{"level":"info","message":"App now running on port 3001"}
{"level":"info","message":"App now running on port 3001"}
{"level":"info","message":"App now running on port 3001"}
{"level":"info","message":"App now running on port 3001"}
{"level":"info","message":"App now running on port 3001"}
{"level":"info","message":"App now running on port 3001"}
{"level":"info","message":"App now running on port 3001"}
{"level":"info","message":"::1 - - [21/Nov/2022:09:15:17 +0000] \"POST /users HTTP/1.1\" 500 77 \"-\" \"PostmanRuntime/7.29.0\"\n"}
{"level":"info","message":"App now running on port 3001"}
{"level":"info","message":"::1 - - [21/Nov/2022:09:16:33 +0000] \"POST /users HTTP/1.1\" 500 77 \"-\" \"PostmanRuntime/7.29.0\"\n"}
{"level":"info","message":"App now running on port 3001"}
{"level":"info","message":"App now running on port 3001"}
{"date":"Mon Nov 21 2022 10:28:34 GMT+0100 (West Africa Standard Time)","error":{},"exception":true,"level":"error","message":"uncaughtException: Cannot read properties of undefined (reading 'client')\nTypeError: Cannot read properties of undefined (reading 'client')\n    at resolveConfig (C:\\Users\\USER\\Desktop\\lendQrApi\\node_modules\\knex\\lib\\knex-builder\\internal\\config-resolver.js:20:20)\n    at knex (C:\\Users\\USER\\Desktop\\lendQrApi\\node_modules\\knex\\lib\\knex-builder\\Knex.js:14:39)\n    at Object.<anonymous> (C:\\Users\\USER\\Desktop\\lendQrApi\\src\\database\\config\\index.ts:3:27)\n    at Module._compile (node:internal/modules/cjs/loader:1120:14)\n    at Module.m._compile (C:\\Users\\USER\\Desktop\\lendQrApi\\node_modules\\ts-node\\src\\index.ts:1618:23)\n    at Module._extensions..js (node:internal/modules/cjs/loader:1174:10)\n    at Object.require.extensions.<computed> [as .ts] (C:\\Users\\USER\\Desktop\\lendQrApi\\node_modules\\ts-node\\src\\index.ts:1621:12)\n    at Module.load (node:internal/modules/cjs/loader:998:32)\n    at Function.Module._load (node:internal/modules/cjs/loader:839:12)\n    at Module.require (node:internal/modules/cjs/loader:1022:19)","os":{"loadavg":[0,0,0],"uptime":756915},"process":{"argv":["C:\\Users\\USER\\Desktop\\lendQrApi\\node_modules\\ts-node\\dist\\bin.js","C:\\Users\\USER\\Desktop\\lendQrApi\\src\\index.ts"],"cwd":"C:\\Users\\USER\\Desktop\\lendQrApi","execPath":"C:\\Program Files\\nodejs\\node.exe","gid":null,"memoryUsage":{"arrayBuffers":1819018,"external":4041904,"heapTotal":186277888,"heapUsed":153970848,"rss":223133696},"pid":13768,"uid":null,"version":"v18.7.0"},"stack":"TypeError: Cannot read properties of undefined (reading 'client')\n    at resolveConfig (C:\\Users\\USER\\Desktop\\lendQrApi\\node_modules\\knex\\lib\\knex-builder\\internal\\config-resolver.js:20:20)\n    at knex (C:\\Users\\USER\\Desktop\\lendQrApi\\node_modules\\knex\\lib\\knex-builder\\Knex.js:14:39)\n    at Object.<anonymous> (C:\\Users\\USER\\Desktop\\lendQrApi\\src\\database\\config\\index.ts:3:27)\n    at Module._compile (node:internal/modules/cjs/loader:1120:14)\n    at Module.m._compile (C:\\Users\\USER\\Desktop\\lendQrApi\\node_modules\\ts-node\\src\\index.ts:1618:23)\n    at Module._extensions..js (node:internal/modules/cjs/loader:1174:10)\n    at Object.require.extensions.<computed> [as .ts] (C:\\Users\\USER\\Desktop\\lendQrApi\\node_modules\\ts-node\\src\\index.ts:1621:12)\n    at Module.load (node:internal/modules/cjs/loader:998:32)\n    at Function.Module._load (node:internal/modules/cjs/loader:839:12)\n    at Module.require (node:internal/modules/cjs/loader:1022:19)","trace":[{"column":20,"file":"C:\\Users\\USER\\Desktop\\lendQrApi\\node_modules\\knex\\lib\\knex-builder\\internal\\config-resolver.js","function":"resolveConfig","line":20,"method":null,"native":false},{"column":39,"file":"C:\\Users\\USER\\Desktop\\lendQrApi\\node_modules\\knex\\lib\\knex-builder\\Knex.js","function":"knex","line":14,"method":null,"native":false},{"column":27,"file":"C:\\Users\\USER\\Desktop\\lendQrApi\\src\\database\\config\\index.ts","function":null,"line":3,"method":null,"native":false},{"column":14,"file":"node:internal/modules/cjs/loader","function":"Module._compile","line":1120,"method":"_compile","native":false},{"column":23,"file":"C:\\Users\\USER\\Desktop\\lendQrApi\\node_modules\\ts-node\\src\\index.ts","function":"Module.m._compile","line":1618,"method":"_compile","native":false},{"column":10,"file":"node:internal/modules/cjs/loader","function":"Module._extensions..js","line":1174,"method":".js","native":false},{"column":12,"file":"C:\\Users\\USER\\Desktop\\lendQrApi\\node_modules\\ts-node\\src\\index.ts","function":"Object.require.extensions.<computed> [as .ts]","line":1621,"method":"ts]","native":false},{"column":32,"file":"node:internal/modules/cjs/loader","function":"Module.load","line":998,"method":"load","native":false},{"column":12,"file":"node:internal/modules/cjs/loader","function":"Module._load","line":839,"method":"_load","native":false},{"column":19,"file":"node:internal/modules/cjs/loader","function":"Module.require","line":1022,"method":"require","native":false}]}
{"date":"Mon Nov 21 2022 10:28:35 GMT+0100 (West Africa Standard Time)","error":{},"exception":true,"level":"error","message":"uncaughtException: Cannot read properties of undefined (reading 'client')\nTypeError: Cannot read properties of undefined (reading 'client')\n    at resolveConfig (C:\\Users\\USER\\Desktop\\lendQrApi\\node_modules\\knex\\lib\\knex-builder\\internal\\config-resolver.js:20:20)\n    at knex (C:\\Users\\USER\\Desktop\\lendQrApi\\node_modules\\knex\\lib\\knex-builder\\Knex.js:14:39)\n    at Object.<anonymous> (C:\\Users\\USER\\Desktop\\lendQrApi\\src\\database\\config\\index.ts:3:27)\n    at Module._compile (node:internal/modules/cjs/loader:1120:14)\n    at Module.m._compile (C:\\Users\\USER\\Desktop\\lendQrApi\\node_modules\\ts-node\\src\\index.ts:1618:23)\n    at Module._extensions..js (node:internal/modules/cjs/loader:1174:10)\n    at Object.require.extensions.<computed> [as .ts] (C:\\Users\\USER\\Desktop\\lendQrApi\\node_modules\\ts-node\\src\\index.ts:1621:12)\n    at Module.load (node:internal/modules/cjs/loader:998:32)\n    at Function.Module._load (node:internal/modules/cjs/loader:839:12)\n    at Module.require (node:internal/modules/cjs/loader:1022:19)","os":{"loadavg":[0,0,0],"uptime":756915},"process":{"argv":["C:\\Users\\USER\\Desktop\\lendQrApi\\node_modules\\ts-node\\dist\\bin.js","C:\\Users\\USER\\Desktop\\lendQrApi\\src\\index.ts"],"cwd":"C:\\Users\\USER\\Desktop\\lendQrApi","execPath":"C:\\Program Files\\nodejs\\node.exe","gid":null,"memoryUsage":{"arrayBuffers":1823238,"external":3324555,"heapTotal":186277888,"heapUsed":154050000,"rss":223338496},"pid":13768,"uid":null,"version":"v18.7.0"},"stack":"TypeError: Cannot read properties of undefined (reading 'client')\n    at resolveConfig (C:\\Users\\USER\\Desktop\\lendQrApi\\node_modules\\knex\\lib\\knex-builder\\internal\\config-resolver.js:20:20)\n    at knex (C:\\Users\\USER\\Desktop\\lendQrApi\\node_modules\\knex\\lib\\knex-builder\\Knex.js:14:39)\n    at Object.<anonymous> (C:\\Users\\USER\\Desktop\\lendQrApi\\src\\database\\config\\index.ts:3:27)\n    at Module._compile (node:internal/modules/cjs/loader:1120:14)\n    at Module.m._compile (C:\\Users\\USER\\Desktop\\lendQrApi\\node_modules\\ts-node\\src\\index.ts:1618:23)\n    at Module._extensions..js (node:internal/modules/cjs/loader:1174:10)\n    at Object.require.extensions.<computed> [as .ts] (C:\\Users\\USER\\Desktop\\lendQrApi\\node_modules\\ts-node\\src\\index.ts:1621:12)\n    at Module.load (node:internal/modules/cjs/loader:998:32)\n    at Function.Module._load (node:internal/modules/cjs/loader:839:12)\n    at Module.require (node:internal/modules/cjs/loader:1022:19)","trace":[{"column":20,"file":"C:\\Users\\USER\\Desktop\\lendQrApi\\node_modules\\knex\\lib\\knex-builder\\internal\\config-resolver.js","function":"resolveConfig","line":20,"method":null,"native":false},{"column":39,"file":"C:\\Users\\USER\\Desktop\\lendQrApi\\node_modules\\knex\\lib\\knex-builder\\Knex.js","function":"knex","line":14,"method":null,"native":false},{"column":27,"file":"C:\\Users\\USER\\Desktop\\lendQrApi\\src\\database\\config\\index.ts","function":null,"line":3,"method":null,"native":false},{"column":14,"file":"node:internal/modules/cjs/loader","function":"Module._compile","line":1120,"method":"_compile","native":false},{"column":23,"file":"C:\\Users\\USER\\Desktop\\lendQrApi\\node_modules\\ts-node\\src\\index.ts","function":"Module.m._compile","line":1618,"method":"_compile","native":false},{"column":10,"file":"node:internal/modules/cjs/loader","function":"Module._extensions..js","line":1174,"method":".js","native":false},{"column":12,"file":"C:\\Users\\USER\\Desktop\\lendQrApi\\node_modules\\ts-node\\src\\index.ts","function":"Object.require.extensions.<computed> [as .ts]","line":1621,"method":"ts]","native":false},{"column":32,"file":"node:internal/modules/cjs/loader","function":"Module.load","line":998,"method":"load","native":false},{"column":12,"file":"node:internal/modules/cjs/loader","function":"Module._load","line":839,"method":"_load","native":false},{"column":19,"file":"node:internal/modules/cjs/loader","function":"Module.require","line":1022,"method":"require","native":false}]}
{"level":"info","message":"App now running on port 3001"}
{"level":"info","message":"App now running on port 3001"}
{"level":"info","message":"App now running on port 3001"}
{"level":"info","message":"::1 - - [21/Nov/2022:10:20:47 +0000] \"POST /users HTTP/1.1\" 500 169 \"-\" \"PostmanRuntime/7.29.0\"\n"}
{"level":"info","message":"App now running on port 3001"}
{"level":"info","message":"::1 - - [21/Nov/2022:10:22:19 +0000] \"POST /users HTTP/1.1\" 201 154 \"-\" \"PostmanRuntime/7.29.0\"\n"}
{"level":"info","message":"App now running on port 3001"}
{"date":"Mon Nov 21 2022 11:40:20 GMT+0100 (West Africa Standard Time)","error":{"code":"ENOENT","errno":-4058,"path":"C:\\Users\\USER\\Desktop\\lendQrApi\\migrations","syscall":"scandir"},"exception":true,"level":"error","message":"uncaughtException: ENOENT: no such file or directory, scandir 'C:\\Users\\USER\\Desktop\\lendQrApi\\migrations'\nError: ENOENT: no such file or directory, scandir 'C:\\Users\\USER\\Desktop\\lendQrApi\\migrations'","os":{"loadavg":[0,0,0],"uptime":761221},"process":{"argv":["C:\\Users\\USER\\Desktop\\lendQrApi\\node_modules\\ts-node\\dist\\bin.js","C:\\Users\\USER\\Desktop\\lendQrApi\\src\\index.ts"],"cwd":"C:\\Users\\USER\\Desktop\\lendQrApi","execPath":"C:\\Program Files\\nodejs\\node.exe","gid":null,"memoryUsage":{"arrayBuffers":2007205,"external":3528078,"heapTotal":192409600,"heapUsed":156142424,"rss":227278848},"pid":16124,"uid":null,"version":"v18.7.0"},"stack":"Error: ENOENT: no such file or directory, scandir 'C:\\Users\\USER\\Desktop\\lendQrApi\\migrations'","trace":[]}
{"date":"Mon Nov 21 2022 11:40:20 GMT+0100 (West Africa Standard Time)","error":{"code":"ENOENT","errno":-4058,"path":"C:\\Users\\USER\\Desktop\\lendQrApi\\migrations","syscall":"scandir"},"exception":true,"level":"error","message":"uncaughtException: ENOENT: no such file or directory, scandir 'C:\\Users\\USER\\Desktop\\lendQrApi\\migrations'\nError: ENOENT: no such file or directory, scandir 'C:\\Users\\USER\\Desktop\\lendQrApi\\migrations'","os":{"loadavg":[0,0,0],"uptime":761221},"process":{"argv":["C:\\Users\\USER\\Desktop\\lendQrApi\\node_modules\\ts-node\\dist\\bin.js","C:\\Users\\USER\\Desktop\\lendQrApi\\src\\index.ts"],"cwd":"C:\\Users\\USER\\Desktop\\lendQrApi","execPath":"C:\\Program Files\\nodejs\\node.exe","gid":null,"memoryUsage":{"arrayBuffers":2007229,"external":3528142,"heapTotal":192409600,"heapUsed":156180144,"rss":227786752},"pid":16124,"uid":null,"version":"v18.7.0"},"stack":"Error: ENOENT: no such file or directory, scandir 'C:\\Users\\USER\\Desktop\\lendQrApi\\migrations'","trace":[]}
{"level":"info","message":"App now running on port 3001"}
{"level":"info","message":"App now running on port 3001"}
{"level":"info","message":"App now running on port 3001"}
{"level":"info","message":"::1 - - [21/Nov/2022:11:54:48 +0000] \"POST /users HTTP/1.1\" 500 119 \"-\" \"PostmanRuntime/7.29.0\"\n"}
{"level":"info","message":"::1 - - [21/Nov/2022:12:06:43 +0000] \"POST /users HTTP/1.1\" 500 119 \"-\" \"PostmanRuntime/7.29.0\"\n"}
{"level":"info","message":"App now running on port 3001"}
{"level":"info","message":"::1 - - [21/Nov/2022:12:16:13 +0000] \"POST /users HTTP/1.1\" 500 220 \"-\" \"PostmanRuntime/7.29.0\"\n"}
{"level":"info","message":"App now running on port 3001"}
{"level":"info","message":"::1 - - [21/Nov/2022:12:19:52 +0000] \"POST /users HTTP/1.1\" 500 278 \"-\" \"PostmanRuntime/7.29.0\"\n"}
{"level":"info","message":"App now running on port 3001"}
{"level":"info","message":"::1 - - [21/Nov/2022:12:23:26 +0000] \"POST /users HTTP/1.1\" 500 274 \"-\" \"PostmanRuntime/7.29.0\"\n"}
{"level":"info","message":"App now running on port 3001"}
{"level":"info","message":"::1 - - [21/Nov/2022:12:24:23 +0000] \"POST /users HTTP/1.1\" 500 274 \"-\" \"PostmanRuntime/7.29.0\"\n"}
{"level":"info","message":"App now running on port 3001"}
{"level":"info","message":"::1 - - [21/Nov/2022:12:25:31 +0000] \"POST /users HTTP/1.1\" 500 263 \"-\" \"PostmanRuntime/7.29.0\"\n"}
{"level":"info","message":"App now running on port 3001"}
{"level":"info","message":"::1 - - [21/Nov/2022:12:26:56 +0000] \"POST /users HTTP/1.1\" 500 205 \"-\" \"PostmanRuntime/7.29.0\"\n"}
{"level":"info","message":"App now running on port 3001"}
{"level":"info","message":"App now running on port 3001"}
{"level":"info","message":"::1 - - [21/Nov/2022:12:28:28 +0000] \"POST /users HTTP/1.1\" 404 54 \"-\" \"PostmanRuntime/7.29.0\"\n"}
{"level":"info","message":"App now running on port 3001"}
{"level":"info","message":"::1 - - [21/Nov/2022:13:10:05 +0000] \"POST /users HTTP/1.1\" 500 206 \"-\" \"PostmanRuntime/7.29.0\"\n"}
{"level":"info","message":"App now running on port 3001"}
{"level":"info","message":"App now running on port 3001"}
{"level":"info","message":"::1 - - [21/Nov/2022:13:14:16 +0000] \"POST /users HTTP/1.1\" 500 206 \"-\" \"PostmanRuntime/7.29.0\"\n"}
{"level":"info","message":"App now running on port 3001"}
{"level":"info","message":"::1 - - [21/Nov/2022:13:18:45 +0000] \"POST /users HTTP/1.1\" 500 53 \"-\" \"PostmanRuntime/7.29.0\"\n"}
{"level":"info","message":"App now running on port 3001"}
{"level":"info","message":"App now running on port 3001"}
{"level":"info","message":"::1 - - [21/Nov/2022:13:27:05 +0000] \"POST /users HTTP/1.1\" 500 113 \"-\" \"PostmanRuntime/7.29.0\"\n"}
{"level":"info","message":"App now running on port 3001"}
{"level":"info","message":"::1 - - [21/Nov/2022:13:29:50 +0000] \"POST /users HTTP/1.1\" 500 113 \"-\" \"PostmanRuntime/7.29.0\"\n"}
{"level":"info","message":"App now running on port 3001"}
{"level":"info","message":"::1 - - [21/Nov/2022:13:36:52 +0000] \"POST /users HTTP/1.1\" 201 169 \"-\" \"PostmanRuntime/7.29.0\"\n"}
{"date":"Mon Nov 21 2022 14:54:24 GMT+0100 (West Africa Standard Time)","error":{"diagnosticCodes":[2339]},"exception":true,"level":"error","message":"uncaughtException: ⨯ Unable to compile TypeScript:\n\u001b[96msrc/routes/User.ts\u001b[0m:\u001b[93m16\u001b[0m:\u001b[93m20\u001b[0m - \u001b[91merror\u001b[0m\u001b[90m TS2339: \u001b[0mProperty 'getUser' does not exist on type 'typeof UserController'.\r\n\r\n\u001b[7m16\u001b[0m     UserController.getUser\r\n\u001b[7m  \u001b[0m \u001b[91m                   ~~~~~~~\u001b[0m\r\n\nTSError: ⨯ Unable to compile TypeScript:\n\u001b[96msrc/routes/User.ts\u001b[0m:\u001b[93m16\u001b[0m:\u001b[93m20\u001b[0m - \u001b[91merror\u001b[0m\u001b[90m TS2339: \u001b[0mProperty 'getUser' does not exist on type 'typeof UserController'.\r\n\r\n\u001b[7m16\u001b[0m     UserController.getUser\r\n\u001b[7m  \u001b[0m \u001b[91m                   ~~~~~~~\u001b[0m\r\n\n    at createTSError (C:\\Users\\USER\\Desktop\\lendQrApi\\node_modules\\ts-node\\src\\index.ts:859:12)\n    at reportTSError (C:\\Users\\USER\\Desktop\\lendQrApi\\node_modules\\ts-node\\src\\index.ts:863:19)\n    at getOutput (C:\\Users\\USER\\Desktop\\lendQrApi\\node_modules\\ts-node\\src\\index.ts:1077:36)\n    at Object.compile (C:\\Users\\USER\\Desktop\\lendQrApi\\node_modules\\ts-node\\src\\index.ts:1433:41)\n    at Module.m._compile (C:\\Users\\USER\\Desktop\\lendQrApi\\node_modules\\ts-node\\src\\index.ts:1617:30)\n    at Module._extensions..js (node:internal/modules/cjs/loader:1174:10)\n    at Object.require.extensions.<computed> [as .ts] (C:\\Users\\USER\\Desktop\\lendQrApi\\node_modules\\ts-node\\src\\index.ts:1621:12)\n    at Module.load (node:internal/modules/cjs/loader:998:32)\n    at Function.Module._load (node:internal/modules/cjs/loader:839:12)\n    at Module.require (node:internal/modules/cjs/loader:1022:19)","os":{"loadavg":[0,0,0],"uptime":772865},"process":{"argv":["C:\\Users\\USER\\Desktop\\lendQrApi\\node_modules\\ts-node\\dist\\bin.js","C:\\Users\\USER\\Desktop\\lendQrApi\\src\\index.ts"],"cwd":"C:\\Users\\USER\\Desktop\\lendQrApi","execPath":"C:\\Program Files\\nodejs\\node.exe","gid":null,"memoryUsage":{"arrayBuffers":2161082,"external":3662359,"heapTotal":179986432,"heapUsed":144379112,"rss":211435520},"pid":5684,"uid":null,"version":"v18.7.0"},"stack":"TSError: ⨯ Unable to compile TypeScript:\n\u001b[96msrc/routes/User.ts\u001b[0m:\u001b[93m16\u001b[0m:\u001b[93m20\u001b[0m - \u001b[91merror\u001b[0m\u001b[90m TS2339: \u001b[0mProperty 'getUser' does not exist on type 'typeof UserController'.\r\n\r\n\u001b[7m16\u001b[0m     UserController.getUser\r\n\u001b[7m  \u001b[0m \u001b[91m                   ~~~~~~~\u001b[0m\r\n\n    at createTSError (C:\\Users\\USER\\Desktop\\lendQrApi\\node_modules\\ts-node\\src\\index.ts:859:12)\n    at reportTSError (C:\\Users\\USER\\Desktop\\lendQrApi\\node_modules\\ts-node\\src\\index.ts:863:19)\n    at getOutput (C:\\Users\\USER\\Desktop\\lendQrApi\\node_modules\\ts-node\\src\\index.ts:1077:36)\n    at Object.compile (C:\\Users\\USER\\Desktop\\lendQrApi\\node_modules\\ts-node\\src\\index.ts:1433:41)\n    at Module.m._compile (C:\\Users\\USER\\Desktop\\lendQrApi\\node_modules\\ts-node\\src\\index.ts:1617:30)\n    at Module._extensions..js (node:internal/modules/cjs/loader:1174:10)\n    at Object.require.extensions.<computed> [as .ts] (C:\\Users\\USER\\Desktop\\lendQrApi\\node_modules\\ts-node\\src\\index.ts:1621:12)\n    at Module.load (node:internal/modules/cjs/loader:998:32)\n    at Function.Module._load (node:internal/modules/cjs/loader:839:12)\n    at Module.require (node:internal/modules/cjs/loader:1022:19)","trace":[{"column":12,"file":"C:\\Users\\USER\\Desktop\\lendQrApi\\node_modules\\ts-node\\src\\index.ts","function":"createTSError","line":859,"method":null,"native":false},{"column":19,"file":"C:\\Users\\USER\\Desktop\\lendQrApi\\node_modules\\ts-node\\src\\index.ts","function":"reportTSError","line":863,"method":null,"native":false},{"column":36,"file":"C:\\Users\\USER\\Desktop\\lendQrApi\\node_modules\\ts-node\\src\\index.ts","function":"getOutput","line":1077,"method":null,"native":false},{"column":41,"file":"C:\\Users\\USER\\Desktop\\lendQrApi\\node_modules\\ts-node\\src\\index.ts","function":"Object.compile","line":1433,"method":"compile","native":false},{"column":30,"file":"C:\\Users\\USER\\Desktop\\lendQrApi\\node_modules\\ts-node\\src\\index.ts","function":"Module.m._compile","line":1617,"method":"_compile","native":false},{"column":10,"file":"node:internal/modules/cjs/loader","function":"Module._extensions..js","line":1174,"method":".js","native":false},{"column":12,"file":"C:\\Users\\USER\\Desktop\\lendQrApi\\node_modules\\ts-node\\src\\index.ts","function":"Object.require.extensions.<computed> [as .ts]","line":1621,"method":"ts]","native":false},{"column":32,"file":"node:internal/modules/cjs/loader","function":"Module.load","line":998,"method":"load","native":false},{"column":12,"file":"node:internal/modules/cjs/loader","function":"Module._load","line":839,"method":"_load","native":false},{"column":19,"file":"node:internal/modules/cjs/loader","function":"Module.require","line":1022,"method":"require","native":false}]}
{"date":"Mon Nov 21 2022 14:54:24 GMT+0100 (West Africa Standard Time)","error":{"diagnosticCodes":[2339]},"exception":true,"level":"error","message":"uncaughtException: ⨯ Unable to compile TypeScript:\n\u001b[96msrc/routes/User.ts\u001b[0m:\u001b[93m16\u001b[0m:\u001b[93m20\u001b[0m - \u001b[91merror\u001b[0m\u001b[90m TS2339: \u001b[0mProperty 'getUser' does not exist on type 'typeof UserController'.\r\n\r\n\u001b[7m16\u001b[0m     UserController.getUser\r\n\u001b[7m  \u001b[0m \u001b[91m                   ~~~~~~~\u001b[0m\r\n\nTSError: ⨯ Unable to compile TypeScript:\n\u001b[96msrc/routes/User.ts\u001b[0m:\u001b[93m16\u001b[0m:\u001b[93m20\u001b[0m - \u001b[91merror\u001b[0m\u001b[90m TS2339: \u001b[0mProperty 'getUser' does not exist on type 'typeof UserController'.\r\n\r\n\u001b[7m16\u001b[0m     UserController.getUser\r\n\u001b[7m  \u001b[0m \u001b[91m                   ~~~~~~~\u001b[0m\r\n\n    at createTSError (C:\\Users\\USER\\Desktop\\lendQrApi\\node_modules\\ts-node\\src\\index.ts:859:12)\n    at reportTSError (C:\\Users\\USER\\Desktop\\lendQrApi\\node_modules\\ts-node\\src\\index.ts:863:19)\n    at getOutput (C:\\Users\\USER\\Desktop\\lendQrApi\\node_modules\\ts-node\\src\\index.ts:1077:36)\n    at Object.compile (C:\\Users\\USER\\Desktop\\lendQrApi\\node_modules\\ts-node\\src\\index.ts:1433:41)\n    at Module.m._compile (C:\\Users\\USER\\Desktop\\lendQrApi\\node_modules\\ts-node\\src\\index.ts:1617:30)\n    at Module._extensions..js (node:internal/modules/cjs/loader:1174:10)\n    at Object.require.extensions.<computed> [as .ts] (C:\\Users\\USER\\Desktop\\lendQrApi\\node_modules\\ts-node\\src\\index.ts:1621:12)\n    at Module.load (node:internal/modules/cjs/loader:998:32)\n    at Function.Module._load (node:internal/modules/cjs/loader:839:12)\n    at Module.require (node:internal/modules/cjs/loader:1022:19)","os":{"loadavg":[0,0,0],"uptime":772865},"process":{"argv":["C:\\Users\\USER\\Desktop\\lendQrApi\\node_modules\\ts-node\\dist\\bin.js","C:\\Users\\USER\\Desktop\\lendQrApi\\src\\index.ts"],"cwd":"C:\\Users\\USER\\Desktop\\lendQrApi","execPath":"C:\\Program Files\\nodejs\\node.exe","gid":null,"memoryUsage":{"arrayBuffers":2166299,"external":3667616,"heapTotal":179986432,"heapUsed":144564696,"rss":211910656},"pid":5684,"uid":null,"version":"v18.7.0"},"stack":"TSError: ⨯ Unable to compile TypeScript:\n\u001b[96msrc/routes/User.ts\u001b[0m:\u001b[93m16\u001b[0m:\u001b[93m20\u001b[0m - \u001b[91merror\u001b[0m\u001b[90m TS2339: \u001b[0mProperty 'getUser' does not exist on type 'typeof UserController'.\r\n\r\n\u001b[7m16\u001b[0m     UserController.getUser\r\n\u001b[7m  \u001b[0m \u001b[91m                   ~~~~~~~\u001b[0m\r\n\n    at createTSError (C:\\Users\\USER\\Desktop\\lendQrApi\\node_modules\\ts-node\\src\\index.ts:859:12)\n    at reportTSError (C:\\Users\\USER\\Desktop\\lendQrApi\\node_modules\\ts-node\\src\\index.ts:863:19)\n    at getOutput (C:\\Users\\USER\\Desktop\\lendQrApi\\node_modules\\ts-node\\src\\index.ts:1077:36)\n    at Object.compile (C:\\Users\\USER\\Desktop\\lendQrApi\\node_modules\\ts-node\\src\\index.ts:1433:41)\n    at Module.m._compile (C:\\Users\\USER\\Desktop\\lendQrApi\\node_modules\\ts-node\\src\\index.ts:1617:30)\n    at Module._extensions..js (node:internal/modules/cjs/loader:1174:10)\n    at Object.require.extensions.<computed> [as .ts] (C:\\Users\\USER\\Desktop\\lendQrApi\\node_modules\\ts-node\\src\\index.ts:1621:12)\n    at Module.load (node:internal/modules/cjs/loader:998:32)\n    at Function.Module._load (node:internal/modules/cjs/loader:839:12)\n    at Module.require (node:internal/modules/cjs/loader:1022:19)","trace":[{"column":12,"file":"C:\\Users\\USER\\Desktop\\lendQrApi\\node_modules\\ts-node\\src\\index.ts","function":"createTSError","line":859,"method":null,"native":false},{"column":19,"file":"C:\\Users\\USER\\Desktop\\lendQrApi\\node_modules\\ts-node\\src\\index.ts","function":"reportTSError","line":863,"method":null,"native":false},{"column":36,"file":"C:\\Users\\USER\\Desktop\\lendQrApi\\node_modules\\ts-node\\src\\index.ts","function":"getOutput","line":1077,"method":null,"native":false},{"column":41,"file":"C:\\Users\\USER\\Desktop\\lendQrApi\\node_modules\\ts-node\\src\\index.ts","function":"Object.compile","line":1433,"method":"compile","native":false},{"column":30,"file":"C:\\Users\\USER\\Desktop\\lendQrApi\\node_modules\\ts-node\\src\\index.ts","function":"Module.m._compile","line":1617,"method":"_compile","native":false},{"column":10,"file":"node:internal/modules/cjs/loader","function":"Module._extensions..js","line":1174,"method":".js","native":false},{"column":12,"file":"C:\\Users\\USER\\Desktop\\lendQrApi\\node_modules\\ts-node\\src\\index.ts","function":"Object.require.extensions.<computed> [as .ts]","line":1621,"method":"ts]","native":false},{"column":32,"file":"node:internal/modules/cjs/loader","function":"Module.load","line":998,"method":"load","native":false},{"column":12,"file":"node:internal/modules/cjs/loader","function":"Module._load","line":839,"method":"_load","native":false},{"column":19,"file":"node:internal/modules/cjs/loader","function":"Module.require","line":1022,"method":"require","native":false}]}
{"date":"Mon Nov 21 2022 14:56:35 GMT+0100 (West Africa Standard Time)","error":{"diagnosticCodes":[2339]},"exception":true,"level":"error","message":"uncaughtException: ⨯ Unable to compile TypeScript:\n\u001b[96msrc/routes/User.ts\u001b[0m:\u001b[93m16\u001b[0m:\u001b[93m20\u001b[0m - \u001b[91merror\u001b[0m\u001b[90m TS2339: \u001b[0mProperty 'getUser' does not exist on type 'typeof UserController'.\r\n\r\n\u001b[7m16\u001b[0m     UserController.getUser\r\n\u001b[7m  \u001b[0m \u001b[91m                   ~~~~~~~\u001b[0m\r\n\nTSError: ⨯ Unable to compile TypeScript:\n\u001b[96msrc/routes/User.ts\u001b[0m:\u001b[93m16\u001b[0m:\u001b[93m20\u001b[0m - \u001b[91merror\u001b[0m\u001b[90m TS2339: \u001b[0mProperty 'getUser' does not exist on type 'typeof UserController'.\r\n\r\n\u001b[7m16\u001b[0m     UserController.getUser\r\n\u001b[7m  \u001b[0m \u001b[91m                   ~~~~~~~\u001b[0m\r\n\n    at createTSError (C:\\Users\\USER\\Desktop\\lendQrApi\\node_modules\\ts-node\\src\\index.ts:859:12)\n    at reportTSError (C:\\Users\\USER\\Desktop\\lendQrApi\\node_modules\\ts-node\\src\\index.ts:863:19)\n    at getOutput (C:\\Users\\USER\\Desktop\\lendQrApi\\node_modules\\ts-node\\src\\index.ts:1077:36)\n    at Object.compile (C:\\Users\\USER\\Desktop\\lendQrApi\\node_modules\\ts-node\\src\\index.ts:1433:41)\n    at Module.m._compile (C:\\Users\\USER\\Desktop\\lendQrApi\\node_modules\\ts-node\\src\\index.ts:1617:30)\n    at Module._extensions..js (node:internal/modules/cjs/loader:1174:10)\n    at Object.require.extensions.<computed> [as .ts] (C:\\Users\\USER\\Desktop\\lendQrApi\\node_modules\\ts-node\\src\\index.ts:1621:12)\n    at Module.load (node:internal/modules/cjs/loader:998:32)\n    at Function.Module._load (node:internal/modules/cjs/loader:839:12)\n    at Module.require (node:internal/modules/cjs/loader:1022:19)","os":{"loadavg":[0,0,0],"uptime":772996},"process":{"argv":["C:\\Users\\USER\\Desktop\\lendQrApi\\node_modules\\ts-node\\dist\\bin.js","C:\\Users\\USER\\Desktop\\lendQrApi\\src\\index.ts"],"cwd":"C:\\Users\\USER\\Desktop\\lendQrApi","execPath":"C:\\Program Files\\nodejs\\node.exe","gid":null,"memoryUsage":{"arrayBuffers":1954800,"external":3456077,"heapTotal":176840704,"heapUsed":147565736,"rss":210116608},"pid":15528,"uid":null,"version":"v18.7.0"},"stack":"TSError: ⨯ Unable to compile TypeScript:\n\u001b[96msrc/routes/User.ts\u001b[0m:\u001b[93m16\u001b[0m:\u001b[93m20\u001b[0m - \u001b[91merror\u001b[0m\u001b[90m TS2339: \u001b[0mProperty 'getUser' does not exist on type 'typeof UserController'.\r\n\r\n\u001b[7m16\u001b[0m     UserController.getUser\r\n\u001b[7m  \u001b[0m \u001b[91m                   ~~~~~~~\u001b[0m\r\n\n    at createTSError (C:\\Users\\USER\\Desktop\\lendQrApi\\node_modules\\ts-node\\src\\index.ts:859:12)\n    at reportTSError (C:\\Users\\USER\\Desktop\\lendQrApi\\node_modules\\ts-node\\src\\index.ts:863:19)\n    at getOutput (C:\\Users\\USER\\Desktop\\lendQrApi\\node_modules\\ts-node\\src\\index.ts:1077:36)\n    at Object.compile (C:\\Users\\USER\\Desktop\\lendQrApi\\node_modules\\ts-node\\src\\index.ts:1433:41)\n    at Module.m._compile (C:\\Users\\USER\\Desktop\\lendQrApi\\node_modules\\ts-node\\src\\index.ts:1617:30)\n    at Module._extensions..js (node:internal/modules/cjs/loader:1174:10)\n    at Object.require.extensions.<computed> [as .ts] (C:\\Users\\USER\\Desktop\\lendQrApi\\node_modules\\ts-node\\src\\index.ts:1621:12)\n    at Module.load (node:internal/modules/cjs/loader:998:32)\n    at Function.Module._load (node:internal/modules/cjs/loader:839:12)\n    at Module.require (node:internal/modules/cjs/loader:1022:19)","trace":[{"column":12,"file":"C:\\Users\\USER\\Desktop\\lendQrApi\\node_modules\\ts-node\\src\\index.ts","function":"createTSError","line":859,"method":null,"native":false},{"column":19,"file":"C:\\Users\\USER\\Desktop\\lendQrApi\\node_modules\\ts-node\\src\\index.ts","function":"reportTSError","line":863,"method":null,"native":false},{"column":36,"file":"C:\\Users\\USER\\Desktop\\lendQrApi\\node_modules\\ts-node\\src\\index.ts","function":"getOutput","line":1077,"method":null,"native":false},{"column":41,"file":"C:\\Users\\USER\\Desktop\\lendQrApi\\node_modules\\ts-node\\src\\index.ts","function":"Object.compile","line":1433,"method":"compile","native":false},{"column":30,"file":"C:\\Users\\USER\\Desktop\\lendQrApi\\node_modules\\ts-node\\src\\index.ts","function":"Module.m._compile","line":1617,"method":"_compile","native":false},{"column":10,"file":"node:internal/modules/cjs/loader","function":"Module._extensions..js","line":1174,"method":".js","native":false},{"column":12,"file":"C:\\Users\\USER\\Desktop\\lendQrApi\\node_modules\\ts-node\\src\\index.ts","function":"Object.require.extensions.<computed> [as .ts]","line":1621,"method":"ts]","native":false},{"column":32,"file":"node:internal/modules/cjs/loader","function":"Module.load","line":998,"method":"load","native":false},{"column":12,"file":"node:internal/modules/cjs/loader","function":"Module._load","line":839,"method":"_load","native":false},{"column":19,"file":"node:internal/modules/cjs/loader","function":"Module.require","line":1022,"method":"require","native":false}]}
{"date":"Mon Nov 21 2022 14:56:36 GMT+0100 (West Africa Standard Time)","error":{"diagnosticCodes":[2339]},"exception":true,"level":"error","message":"uncaughtException: ⨯ Unable to compile TypeScript:\n\u001b[96msrc/routes/User.ts\u001b[0m:\u001b[93m16\u001b[0m:\u001b[93m20\u001b[0m - \u001b[91merror\u001b[0m\u001b[90m TS2339: \u001b[0mProperty 'getUser' does not exist on type 'typeof UserController'.\r\n\r\n\u001b[7m16\u001b[0m     UserController.getUser\r\n\u001b[7m  \u001b[0m \u001b[91m                   ~~~~~~~\u001b[0m\r\n\nTSError: ⨯ Unable to compile TypeScript:\n\u001b[96msrc/routes/User.ts\u001b[0m:\u001b[93m16\u001b[0m:\u001b[93m20\u001b[0m - \u001b[91merror\u001b[0m\u001b[90m TS2339: \u001b[0mProperty 'getUser' does not exist on type 'typeof UserController'.\r\n\r\n\u001b[7m16\u001b[0m     UserController.getUser\r\n\u001b[7m  \u001b[0m \u001b[91m                   ~~~~~~~\u001b[0m\r\n\n    at createTSError (C:\\Users\\USER\\Desktop\\lendQrApi\\node_modules\\ts-node\\src\\index.ts:859:12)\n    at reportTSError (C:\\Users\\USER\\Desktop\\lendQrApi\\node_modules\\ts-node\\src\\index.ts:863:19)\n    at getOutput (C:\\Users\\USER\\Desktop\\lendQrApi\\node_modules\\ts-node\\src\\index.ts:1077:36)\n    at Object.compile (C:\\Users\\USER\\Desktop\\lendQrApi\\node_modules\\ts-node\\src\\index.ts:1433:41)\n    at Module.m._compile (C:\\Users\\USER\\Desktop\\lendQrApi\\node_modules\\ts-node\\src\\index.ts:1617:30)\n    at Module._extensions..js (node:internal/modules/cjs/loader:1174:10)\n    at Object.require.extensions.<computed> [as .ts] (C:\\Users\\USER\\Desktop\\lendQrApi\\node_modules\\ts-node\\src\\index.ts:1621:12)\n    at Module.load (node:internal/modules/cjs/loader:998:32)\n    at Function.Module._load (node:internal/modules/cjs/loader:839:12)\n    at Module.require (node:internal/modules/cjs/loader:1022:19)","os":{"loadavg":[0,0,0],"uptime":772996},"process":{"argv":["C:\\Users\\USER\\Desktop\\lendQrApi\\node_modules\\ts-node\\dist\\bin.js","C:\\Users\\USER\\Desktop\\lendQrApi\\src\\index.ts"],"cwd":"C:\\Users\\USER\\Desktop\\lendQrApi","execPath":"C:\\Program Files\\nodejs\\node.exe","gid":null,"memoryUsage":{"arrayBuffers":1960018,"external":3461335,"heapTotal":176840704,"heapUsed":147868840,"rss":210337792},"pid":15528,"uid":null,"version":"v18.7.0"},"stack":"TSError: ⨯ Unable to compile TypeScript:\n\u001b[96msrc/routes/User.ts\u001b[0m:\u001b[93m16\u001b[0m:\u001b[93m20\u001b[0m - \u001b[91merror\u001b[0m\u001b[90m TS2339: \u001b[0mProperty 'getUser' does not exist on type 'typeof UserController'.\r\n\r\n\u001b[7m16\u001b[0m     UserController.getUser\r\n\u001b[7m  \u001b[0m \u001b[91m                   ~~~~~~~\u001b[0m\r\n\n    at createTSError (C:\\Users\\USER\\Desktop\\lendQrApi\\node_modules\\ts-node\\src\\index.ts:859:12)\n    at reportTSError (C:\\Users\\USER\\Desktop\\lendQrApi\\node_modules\\ts-node\\src\\index.ts:863:19)\n    at getOutput (C:\\Users\\USER\\Desktop\\lendQrApi\\node_modules\\ts-node\\src\\index.ts:1077:36)\n    at Object.compile (C:\\Users\\USER\\Desktop\\lendQrApi\\node_modules\\ts-node\\src\\index.ts:1433:41)\n    at Module.m._compile (C:\\Users\\USER\\Desktop\\lendQrApi\\node_modules\\ts-node\\src\\index.ts:1617:30)\n    at Module._extensions..js (node:internal/modules/cjs/loader:1174:10)\n    at Object.require.extensions.<computed> [as .ts] (C:\\Users\\USER\\Desktop\\lendQrApi\\node_modules\\ts-node\\src\\index.ts:1621:12)\n    at Module.load (node:internal/modules/cjs/loader:998:32)\n    at Function.Module._load (node:internal/modules/cjs/loader:839:12)\n    at Module.require (node:internal/modules/cjs/loader:1022:19)","trace":[{"column":12,"file":"C:\\Users\\USER\\Desktop\\lendQrApi\\node_modules\\ts-node\\src\\index.ts","function":"createTSError","line":859,"method":null,"native":false},{"column":19,"file":"C:\\Users\\USER\\Desktop\\lendQrApi\\node_modules\\ts-node\\src\\index.ts","function":"reportTSError","line":863,"method":null,"native":false},{"column":36,"file":"C:\\Users\\USER\\Desktop\\lendQrApi\\node_modules\\ts-node\\src\\index.ts","function":"getOutput","line":1077,"method":null,"native":false},{"column":41,"file":"C:\\Users\\USER\\Desktop\\lendQrApi\\node_modules\\ts-node\\src\\index.ts","function":"Object.compile","line":1433,"method":"compile","native":false},{"column":30,"file":"C:\\Users\\USER\\Desktop\\lendQrApi\\node_modules\\ts-node\\src\\index.ts","function":"Module.m._compile","line":1617,"method":"_compile","native":false},{"column":10,"file":"node:internal/modules/cjs/loader","function":"Module._extensions..js","line":1174,"method":".js","native":false},{"column":12,"file":"C:\\Users\\USER\\Desktop\\lendQrApi\\node_modules\\ts-node\\src\\index.ts","function":"Object.require.extensions.<computed> [as .ts]","line":1621,"method":"ts]","native":false},{"column":32,"file":"node:internal/modules/cjs/loader","function":"Module.load","line":998,"method":"load","native":false},{"column":12,"file":"node:internal/modules/cjs/loader","function":"Module._load","line":839,"method":"_load","native":false},{"column":19,"file":"node:internal/modules/cjs/loader","function":"Module.require","line":1022,"method":"require","native":false}]}
{"date":"Mon Nov 21 2022 14:57:06 GMT+0100 (West Africa Standard Time)","error":{"diagnosticCodes":[2339]},"exception":true,"level":"error","message":"uncaughtException: ⨯ Unable to compile TypeScript:\n\u001b[96msrc/routes/User.ts\u001b[0m:\u001b[93m16\u001b[0m:\u001b[93m20\u001b[0m - \u001b[91merror\u001b[0m\u001b[90m TS2339: \u001b[0mProperty 'getUser' does not exist on type 'typeof UserController'.\r\n\r\n\u001b[7m16\u001b[0m     UserController.getUser\r\n\u001b[7m  \u001b[0m \u001b[91m                   ~~~~~~~\u001b[0m\r\n\nTSError: ⨯ Unable to compile TypeScript:\n\u001b[96msrc/routes/User.ts\u001b[0m:\u001b[93m16\u001b[0m:\u001b[93m20\u001b[0m - \u001b[91merror\u001b[0m\u001b[90m TS2339: \u001b[0mProperty 'getUser' does not exist on type 'typeof UserController'.\r\n\r\n\u001b[7m16\u001b[0m     UserController.getUser\r\n\u001b[7m  \u001b[0m \u001b[91m                   ~~~~~~~\u001b[0m\r\n\n    at createTSError (C:\\Users\\USER\\Desktop\\lendQrApi\\node_modules\\ts-node\\src\\index.ts:859:12)\n    at reportTSError (C:\\Users\\USER\\Desktop\\lendQrApi\\node_modules\\ts-node\\src\\index.ts:863:19)\n    at getOutput (C:\\Users\\USER\\Desktop\\lendQrApi\\node_modules\\ts-node\\src\\index.ts:1077:36)\n    at Object.compile (C:\\Users\\USER\\Desktop\\lendQrApi\\node_modules\\ts-node\\src\\index.ts:1433:41)\n    at Module.m._compile (C:\\Users\\USER\\Desktop\\lendQrApi\\node_modules\\ts-node\\src\\index.ts:1617:30)\n    at Module._extensions..js (node:internal/modules/cjs/loader:1174:10)\n    at Object.require.extensions.<computed> [as .ts] (C:\\Users\\USER\\Desktop\\lendQrApi\\node_modules\\ts-node\\src\\index.ts:1621:12)\n    at Module.load (node:internal/modules/cjs/loader:998:32)\n    at Function.Module._load (node:internal/modules/cjs/loader:839:12)\n    at Module.require (node:internal/modules/cjs/loader:1022:19)","os":{"loadavg":[0,0,0],"uptime":773027},"process":{"argv":["C:\\Users\\USER\\Desktop\\lendQrApi\\node_modules\\ts-node\\dist\\bin.js","C:\\Users\\USER\\Desktop\\lendQrApi\\src\\index.ts"],"cwd":"C:\\Users\\USER\\Desktop\\lendQrApi","execPath":"C:\\Program Files\\nodejs\\node.exe","gid":null,"memoryUsage":{"arrayBuffers":1954800,"external":3456077,"heapTotal":177627136,"heapUsed":146796264,"rss":211677184},"pid":15756,"uid":null,"version":"v18.7.0"},"stack":"TSError: ⨯ Unable to compile TypeScript:\n\u001b[96msrc/routes/User.ts\u001b[0m:\u001b[93m16\u001b[0m:\u001b[93m20\u001b[0m - \u001b[91merror\u001b[0m\u001b[90m TS2339: \u001b[0mProperty 'getUser' does not exist on type 'typeof UserController'.\r\n\r\n\u001b[7m16\u001b[0m     UserController.getUser\r\n\u001b[7m  \u001b[0m \u001b[91m                   ~~~~~~~\u001b[0m\r\n\n    at createTSError (C:\\Users\\USER\\Desktop\\lendQrApi\\node_modules\\ts-node\\src\\index.ts:859:12)\n    at reportTSError (C:\\Users\\USER\\Desktop\\lendQrApi\\node_modules\\ts-node\\src\\index.ts:863:19)\n    at getOutput (C:\\Users\\USER\\Desktop\\lendQrApi\\node_modules\\ts-node\\src\\index.ts:1077:36)\n    at Object.compile (C:\\Users\\USER\\Desktop\\lendQrApi\\node_modules\\ts-node\\src\\index.ts:1433:41)\n    at Module.m._compile (C:\\Users\\USER\\Desktop\\lendQrApi\\node_modules\\ts-node\\src\\index.ts:1617:30)\n    at Module._extensions..js (node:internal/modules/cjs/loader:1174:10)\n    at Object.require.extensions.<computed> [as .ts] (C:\\Users\\USER\\Desktop\\lendQrApi\\node_modules\\ts-node\\src\\index.ts:1621:12)\n    at Module.load (node:internal/modules/cjs/loader:998:32)\n    at Function.Module._load (node:internal/modules/cjs/loader:839:12)\n    at Module.require (node:internal/modules/cjs/loader:1022:19)","trace":[{"column":12,"file":"C:\\Users\\USER\\Desktop\\lendQrApi\\node_modules\\ts-node\\src\\index.ts","function":"createTSError","line":859,"method":null,"native":false},{"column":19,"file":"C:\\Users\\USER\\Desktop\\lendQrApi\\node_modules\\ts-node\\src\\index.ts","function":"reportTSError","line":863,"method":null,"native":false},{"column":36,"file":"C:\\Users\\USER\\Desktop\\lendQrApi\\node_modules\\ts-node\\src\\index.ts","function":"getOutput","line":1077,"method":null,"native":false},{"column":41,"file":"C:\\Users\\USER\\Desktop\\lendQrApi\\node_modules\\ts-node\\src\\index.ts","function":"Object.compile","line":1433,"method":"compile","native":false},{"column":30,"file":"C:\\Users\\USER\\Desktop\\lendQrApi\\node_modules\\ts-node\\src\\index.ts","function":"Module.m._compile","line":1617,"method":"_compile","native":false},{"column":10,"file":"node:internal/modules/cjs/loader","function":"Module._extensions..js","line":1174,"method":".js","native":false},{"column":12,"file":"C:\\Users\\USER\\Desktop\\lendQrApi\\node_modules\\ts-node\\src\\index.ts","function":"Object.require.extensions.<computed> [as .ts]","line":1621,"method":"ts]","native":false},{"column":32,"file":"node:internal/modules/cjs/loader","function":"Module.load","line":998,"method":"load","native":false},{"column":12,"file":"node:internal/modules/cjs/loader","function":"Module._load","line":839,"method":"_load","native":false},{"column":19,"file":"node:internal/modules/cjs/loader","function":"Module.require","line":1022,"method":"require","native":false}]}
{"date":"Mon Nov 21 2022 14:57:06 GMT+0100 (West Africa Standard Time)","error":{"diagnosticCodes":[2339]},"exception":true,"level":"error","message":"uncaughtException: ⨯ Unable to compile TypeScript:\n\u001b[96msrc/routes/User.ts\u001b[0m:\u001b[93m16\u001b[0m:\u001b[93m20\u001b[0m - \u001b[91merror\u001b[0m\u001b[90m TS2339: \u001b[0mProperty 'getUser' does not exist on type 'typeof UserController'.\r\n\r\n\u001b[7m16\u001b[0m     UserController.getUser\r\n\u001b[7m  \u001b[0m \u001b[91m                   ~~~~~~~\u001b[0m\r\n\nTSError: ⨯ Unable to compile TypeScript:\n\u001b[96msrc/routes/User.ts\u001b[0m:\u001b[93m16\u001b[0m:\u001b[93m20\u001b[0m - \u001b[91merror\u001b[0m\u001b[90m TS2339: \u001b[0mProperty 'getUser' does not exist on type 'typeof UserController'.\r\n\r\n\u001b[7m16\u001b[0m     UserController.getUser\r\n\u001b[7m  \u001b[0m \u001b[91m                   ~~~~~~~\u001b[0m\r\n\n    at createTSError (C:\\Users\\USER\\Desktop\\lendQrApi\\node_modules\\ts-node\\src\\index.ts:859:12)\n    at reportTSError (C:\\Users\\USER\\Desktop\\lendQrApi\\node_modules\\ts-node\\src\\index.ts:863:19)\n    at getOutput (C:\\Users\\USER\\Desktop\\lendQrApi\\node_modules\\ts-node\\src\\index.ts:1077:36)\n    at Object.compile (C:\\Users\\USER\\Desktop\\lendQrApi\\node_modules\\ts-node\\src\\index.ts:1433:41)\n    at Module.m._compile (C:\\Users\\USER\\Desktop\\lendQrApi\\node_modules\\ts-node\\src\\index.ts:1617:30)\n    at Module._extensions..js (node:internal/modules/cjs/loader:1174:10)\n    at Object.require.extensions.<computed> [as .ts] (C:\\Users\\USER\\Desktop\\lendQrApi\\node_modules\\ts-node\\src\\index.ts:1621:12)\n    at Module.load (node:internal/modules/cjs/loader:998:32)\n    at Function.Module._load (node:internal/modules/cjs/loader:839:12)\n    at Module.require (node:internal/modules/cjs/loader:1022:19)","os":{"loadavg":[0,0,0],"uptime":773027},"process":{"argv":["C:\\Users\\USER\\Desktop\\lendQrApi\\node_modules\\ts-node\\dist\\bin.js","C:\\Users\\USER\\Desktop\\lendQrApi\\src\\index.ts"],"cwd":"C:\\Users\\USER\\Desktop\\lendQrApi","execPath":"C:\\Program Files\\nodejs\\node.exe","gid":null,"memoryUsage":{"arrayBuffers":1960018,"external":3461335,"heapTotal":177627136,"heapUsed":146879864,"rss":212066304},"pid":15756,"uid":null,"version":"v18.7.0"},"stack":"TSError: ⨯ Unable to compile TypeScript:\n\u001b[96msrc/routes/User.ts\u001b[0m:\u001b[93m16\u001b[0m:\u001b[93m20\u001b[0m - \u001b[91merror\u001b[0m\u001b[90m TS2339: \u001b[0mProperty 'getUser' does not exist on type 'typeof UserController'.\r\n\r\n\u001b[7m16\u001b[0m     UserController.getUser\r\n\u001b[7m  \u001b[0m \u001b[91m                   ~~~~~~~\u001b[0m\r\n\n    at createTSError (C:\\Users\\USER\\Desktop\\lendQrApi\\node_modules\\ts-node\\src\\index.ts:859:12)\n    at reportTSError (C:\\Users\\USER\\Desktop\\lendQrApi\\node_modules\\ts-node\\src\\index.ts:863:19)\n    at getOutput (C:\\Users\\USER\\Desktop\\lendQrApi\\node_modules\\ts-node\\src\\index.ts:1077:36)\n    at Object.compile (C:\\Users\\USER\\Desktop\\lendQrApi\\node_modules\\ts-node\\src\\index.ts:1433:41)\n    at Module.m._compile (C:\\Users\\USER\\Desktop\\lendQrApi\\node_modules\\ts-node\\src\\index.ts:1617:30)\n    at Module._extensions..js (node:internal/modules/cjs/loader:1174:10)\n    at Object.require.extensions.<computed> [as .ts] (C:\\Users\\USER\\Desktop\\lendQrApi\\node_modules\\ts-node\\src\\index.ts:1621:12)\n    at Module.load (node:internal/modules/cjs/loader:998:32)\n    at Function.Module._load (node:internal/modules/cjs/loader:839:12)\n    at Module.require (node:internal/modules/cjs/loader:1022:19)","trace":[{"column":12,"file":"C:\\Users\\USER\\Desktop\\lendQrApi\\node_modules\\ts-node\\src\\index.ts","function":"createTSError","line":859,"method":null,"native":false},{"column":19,"file":"C:\\Users\\USER\\Desktop\\lendQrApi\\node_modules\\ts-node\\src\\index.ts","function":"reportTSError","line":863,"method":null,"native":false},{"column":36,"file":"C:\\Users\\USER\\Desktop\\lendQrApi\\node_modules\\ts-node\\src\\index.ts","function":"getOutput","line":1077,"method":null,"native":false},{"column":41,"file":"C:\\Users\\USER\\Desktop\\lendQrApi\\node_modules\\ts-node\\src\\index.ts","function":"Object.compile","line":1433,"method":"compile","native":false},{"column":30,"file":"C:\\Users\\USER\\Desktop\\lendQrApi\\node_modules\\ts-node\\src\\index.ts","function":"Module.m._compile","line":1617,"method":"_compile","native":false},{"column":10,"file":"node:internal/modules/cjs/loader","function":"Module._extensions..js","line":1174,"method":".js","native":false},{"column":12,"file":"C:\\Users\\USER\\Desktop\\lendQrApi\\node_modules\\ts-node\\src\\index.ts","function":"Object.require.extensions.<computed> [as .ts]","line":1621,"method":"ts]","native":false},{"column":32,"file":"node:internal/modules/cjs/loader","function":"Module.load","line":998,"method":"load","native":false},{"column":12,"file":"node:internal/modules/cjs/loader","function":"Module._load","line":839,"method":"_load","native":false},{"column":19,"file":"node:internal/modules/cjs/loader","function":"Module.require","line":1022,"method":"require","native":false}]}
{"level":"info","message":"App now running on port 3001"}
{"level":"info","message":"::1 - - [21/Nov/2022:14:00:51 +0000] \"POST /users HTTP/1.1\" 201 168 \"-\" \"PostmanRuntime/7.29.0\"\n"}
{"level":"info","message":"App now running on port 3001"}
{"date":"Mon Nov 21 2022 15:05:26 GMT+0100 (West Africa Standard Time)","error":{"diagnosticCodes":[2554]},"exception":true,"level":"error","message":"uncaughtException: ⨯ Unable to compile TypeScript:\n\u001b[96msrc/services/UserService.ts\u001b[0m:\u001b[93m38\u001b[0m:\u001b[93m68\u001b[0m - \u001b[91merror\u001b[0m\u001b[90m TS2554: \u001b[0mExpected 1 arguments, but got 0.\r\n\r\n\u001b[7m38\u001b[0m             const generatedToken = await AccountVerifyTokenService.getVerificationCode();\r\n\u001b[7m  \u001b[0m \u001b[91m                                                                   ~~~~~~~~~~~~~~~~~~~~~\u001b[0m\r\n\r\n  \u001b[96msrc/services/AccountVerifyTokenService.ts\u001b[0m:\u001b[93m17\u001b[0m:\u001b[93m38\u001b[0m\r\n    \u001b[7m17\u001b[0m     static async getVerificationCode(email:string): Promise<number> {\r\n    \u001b[7m  \u001b[0m \u001b[96m                                     ~~~~~~~~~~~~\u001b[0m\r\n    An argument for 'email' was not provided.\r\n\nTSError: ⨯ Unable to compile TypeScript:\n\u001b[96msrc/services/UserService.ts\u001b[0m:\u001b[93m38\u001b[0m:\u001b[93m68\u001b[0m - \u001b[91merror\u001b[0m\u001b[90m TS2554: \u001b[0mExpected 1 arguments, but got 0.\r\n\r\n\u001b[7m38\u001b[0m             const generatedToken = await AccountVerifyTokenService.getVerificationCode();\r\n\u001b[7m  \u001b[0m \u001b[91m                                                                   ~~~~~~~~~~~~~~~~~~~~~\u001b[0m\r\n\r\n  \u001b[96msrc/services/AccountVerifyTokenService.ts\u001b[0m:\u001b[93m17\u001b[0m:\u001b[93m38\u001b[0m\r\n    \u001b[7m17\u001b[0m     static async getVerificationCode(email:string): Promise<number> {\r\n    \u001b[7m  \u001b[0m \u001b[96m                                     ~~~~~~~~~~~~\u001b[0m\r\n    An argument for 'email' was not provided.\r\n\n    at createTSError (C:\\Users\\USER\\Desktop\\lendQrApi\\node_modules\\ts-node\\src\\index.ts:859:12)\n    at reportTSError (C:\\Users\\USER\\Desktop\\lendQrApi\\node_modules\\ts-node\\src\\index.ts:863:19)\n    at getOutput (C:\\Users\\USER\\Desktop\\lendQrApi\\node_modules\\ts-node\\src\\index.ts:1077:36)\n    at Object.compile (C:\\Users\\USER\\Desktop\\lendQrApi\\node_modules\\ts-node\\src\\index.ts:1433:41)\n    at Module.m._compile (C:\\Users\\USER\\Desktop\\lendQrApi\\node_modules\\ts-node\\src\\index.ts:1617:30)\n    at Module._extensions..js (node:internal/modules/cjs/loader:1174:10)\n    at Object.require.extensions.<computed> [as .ts] (C:\\Users\\USER\\Desktop\\lendQrApi\\node_modules\\ts-node\\src\\index.ts:1621:12)\n    at Module.load (node:internal/modules/cjs/loader:998:32)\n    at Function.Module._load (node:internal/modules/cjs/loader:839:12)\n    at Module.require (node:internal/modules/cjs/loader:1022:19)","os":{"loadavg":[0,0,0],"uptime":773527},"process":{"argv":["C:\\Users\\USER\\Desktop\\lendQrApi\\node_modules\\ts-node\\dist\\bin.js","C:\\Users\\USER\\Desktop\\lendQrApi\\src\\index.ts"],"cwd":"C:\\Users\\USER\\Desktop\\lendQrApi","execPath":"C:\\Program Files\\nodejs\\node.exe","gid":null,"memoryUsage":{"arrayBuffers":2188373,"external":3689650,"heapTotal":175005696,"heapUsed":146112360,"rss":206024704},"pid":4944,"uid":null,"version":"v18.7.0"},"stack":"TSError: ⨯ Unable to compile TypeScript:\n\u001b[96msrc/services/UserService.ts\u001b[0m:\u001b[93m38\u001b[0m:\u001b[93m68\u001b[0m - \u001b[91merror\u001b[0m\u001b[90m TS2554: \u001b[0mExpected 1 arguments, but got 0.\r\n\r\n\u001b[7m38\u001b[0m             const generatedToken = await AccountVerifyTokenService.getVerificationCode();\r\n\u001b[7m  \u001b[0m \u001b[91m                                                                   ~~~~~~~~~~~~~~~~~~~~~\u001b[0m\r\n\r\n  \u001b[96msrc/services/AccountVerifyTokenService.ts\u001b[0m:\u001b[93m17\u001b[0m:\u001b[93m38\u001b[0m\r\n    \u001b[7m17\u001b[0m     static async getVerificationCode(email:string): Promise<number> {\r\n    \u001b[7m  \u001b[0m \u001b[96m                                     ~~~~~~~~~~~~\u001b[0m\r\n    An argument for 'email' was not provided.\r\n\n    at createTSError (C:\\Users\\USER\\Desktop\\lendQrApi\\node_modules\\ts-node\\src\\index.ts:859:12)\n    at reportTSError (C:\\Users\\USER\\Desktop\\lendQrApi\\node_modules\\ts-node\\src\\index.ts:863:19)\n    at getOutput (C:\\Users\\USER\\Desktop\\lendQrApi\\node_modules\\ts-node\\src\\index.ts:1077:36)\n    at Object.compile (C:\\Users\\USER\\Desktop\\lendQrApi\\node_modules\\ts-node\\src\\index.ts:1433:41)\n    at Module.m._compile (C:\\Users\\USER\\Desktop\\lendQrApi\\node_modules\\ts-node\\src\\index.ts:1617:30)\n    at Module._extensions..js (node:internal/modules/cjs/loader:1174:10)\n    at Object.require.extensions.<computed> [as .ts] (C:\\Users\\USER\\Desktop\\lendQrApi\\node_modules\\ts-node\\src\\index.ts:1621:12)\n    at Module.load (node:internal/modules/cjs/loader:998:32)\n    at Function.Module._load (node:internal/modules/cjs/loader:839:12)\n    at Module.require (node:internal/modules/cjs/loader:1022:19)","trace":[{"column":12,"file":"C:\\Users\\USER\\Desktop\\lendQrApi\\node_modules\\ts-node\\src\\index.ts","function":"createTSError","line":859,"method":null,"native":false},{"column":19,"file":"C:\\Users\\USER\\Desktop\\lendQrApi\\node_modules\\ts-node\\src\\index.ts","function":"reportTSError","line":863,"method":null,"native":false},{"column":36,"file":"C:\\Users\\USER\\Desktop\\lendQrApi\\node_modules\\ts-node\\src\\index.ts","function":"getOutput","line":1077,"method":null,"native":false},{"column":41,"file":"C:\\Users\\USER\\Desktop\\lendQrApi\\node_modules\\ts-node\\src\\index.ts","function":"Object.compile","line":1433,"method":"compile","native":false},{"column":30,"file":"C:\\Users\\USER\\Desktop\\lendQrApi\\node_modules\\ts-node\\src\\index.ts","function":"Module.m._compile","line":1617,"method":"_compile","native":false},{"column":10,"file":"node:internal/modules/cjs/loader","function":"Module._extensions..js","line":1174,"method":".js","native":false},{"column":12,"file":"C:\\Users\\USER\\Desktop\\lendQrApi\\node_modules\\ts-node\\src\\index.ts","function":"Object.require.extensions.<computed> [as .ts]","line":1621,"method":"ts]","native":false},{"column":32,"file":"node:internal/modules/cjs/loader","function":"Module.load","line":998,"method":"load","native":false},{"column":12,"file":"node:internal/modules/cjs/loader","function":"Module._load","line":839,"method":"_load","native":false},{"column":19,"file":"node:internal/modules/cjs/loader","function":"Module.require","line":1022,"method":"require","native":false}]}
{"date":"Mon Nov 21 2022 15:05:26 GMT+0100 (West Africa Standard Time)","error":{"diagnosticCodes":[2554]},"exception":true,"level":"error","message":"uncaughtException: ⨯ Unable to compile TypeScript:\n\u001b[96msrc/services/UserService.ts\u001b[0m:\u001b[93m38\u001b[0m:\u001b[93m68\u001b[0m - \u001b[91merror\u001b[0m\u001b[90m TS2554: \u001b[0mExpected 1 arguments, but got 0.\r\n\r\n\u001b[7m38\u001b[0m             const generatedToken = await AccountVerifyTokenService.getVerificationCode();\r\n\u001b[7m  \u001b[0m \u001b[91m                                                                   ~~~~~~~~~~~~~~~~~~~~~\u001b[0m\r\n\r\n  \u001b[96msrc/services/AccountVerifyTokenService.ts\u001b[0m:\u001b[93m17\u001b[0m:\u001b[93m38\u001b[0m\r\n    \u001b[7m17\u001b[0m     static async getVerificationCode(email:string): Promise<number> {\r\n    \u001b[7m  \u001b[0m \u001b[96m                                     ~~~~~~~~~~~~\u001b[0m\r\n    An argument for 'email' was not provided.\r\n\nTSError: ⨯ Unable to compile TypeScript:\n\u001b[96msrc/services/UserService.ts\u001b[0m:\u001b[93m38\u001b[0m:\u001b[93m68\u001b[0m - \u001b[91merror\u001b[0m\u001b[90m TS2554: \u001b[0mExpected 1 arguments, but got 0.\r\n\r\n\u001b[7m38\u001b[0m             const generatedToken = await AccountVerifyTokenService.getVerificationCode();\r\n\u001b[7m  \u001b[0m \u001b[91m                                                                   ~~~~~~~~~~~~~~~~~~~~~\u001b[0m\r\n\r\n  \u001b[96msrc/services/AccountVerifyTokenService.ts\u001b[0m:\u001b[93m17\u001b[0m:\u001b[93m38\u001b[0m\r\n    \u001b[7m17\u001b[0m     static async getVerificationCode(email:string): Promise<number> {\r\n    \u001b[7m  \u001b[0m \u001b[96m                                     ~~~~~~~~~~~~\u001b[0m\r\n    An argument for 'email' was not provided.\r\n\n    at createTSError (C:\\Users\\USER\\Desktop\\lendQrApi\\node_modules\\ts-node\\src\\index.ts:859:12)\n    at reportTSError (C:\\Users\\USER\\Desktop\\lendQrApi\\node_modules\\ts-node\\src\\index.ts:863:19)\n    at getOutput (C:\\Users\\USER\\Desktop\\lendQrApi\\node_modules\\ts-node\\src\\index.ts:1077:36)\n    at Object.compile (C:\\Users\\USER\\Desktop\\lendQrApi\\node_modules\\ts-node\\src\\index.ts:1433:41)\n    at Module.m._compile (C:\\Users\\USER\\Desktop\\lendQrApi\\node_modules\\ts-node\\src\\index.ts:1617:30)\n    at Module._extensions..js (node:internal/modules/cjs/loader:1174:10)\n    at Object.require.extensions.<computed> [as .ts] (C:\\Users\\USER\\Desktop\\lendQrApi\\node_modules\\ts-node\\src\\index.ts:1621:12)\n    at Module.load (node:internal/modules/cjs/loader:998:32)\n    at Function.Module._load (node:internal/modules/cjs/loader:839:12)\n    at Module.require (node:internal/modules/cjs/loader:1022:19)","os":{"loadavg":[0,0,0],"uptime":773527},"process":{"argv":["C:\\Users\\USER\\Desktop\\lendQrApi\\node_modules\\ts-node\\dist\\bin.js","C:\\Users\\USER\\Desktop\\lendQrApi\\src\\index.ts"],"cwd":"C:\\Users\\USER\\Desktop\\lendQrApi","execPath":"C:\\Program Files\\nodejs\\node.exe","gid":null,"memoryUsage":{"arrayBuffers":2194964,"external":3696281,"heapTotal":175005696,"heapUsed":146285248,"rss":206180352},"pid":4944,"uid":null,"version":"v18.7.0"},"stack":"TSError: ⨯ Unable to compile TypeScript:\n\u001b[96msrc/services/UserService.ts\u001b[0m:\u001b[93m38\u001b[0m:\u001b[93m68\u001b[0m - \u001b[91merror\u001b[0m\u001b[90m TS2554: \u001b[0mExpected 1 arguments, but got 0.\r\n\r\n\u001b[7m38\u001b[0m             const generatedToken = await AccountVerifyTokenService.getVerificationCode();\r\n\u001b[7m  \u001b[0m \u001b[91m                                                                   ~~~~~~~~~~~~~~~~~~~~~\u001b[0m\r\n\r\n  \u001b[96msrc/services/AccountVerifyTokenService.ts\u001b[0m:\u001b[93m17\u001b[0m:\u001b[93m38\u001b[0m\r\n    \u001b[7m17\u001b[0m     static async getVerificationCode(email:string): Promise<number> {\r\n    \u001b[7m  \u001b[0m \u001b[96m                                     ~~~~~~~~~~~~\u001b[0m\r\n    An argument for 'email' was not provided.\r\n\n    at createTSError (C:\\Users\\USER\\Desktop\\lendQrApi\\node_modules\\ts-node\\src\\index.ts:859:12)\n    at reportTSError (C:\\Users\\USER\\Desktop\\lendQrApi\\node_modules\\ts-node\\src\\index.ts:863:19)\n    at getOutput (C:\\Users\\USER\\Desktop\\lendQrApi\\node_modules\\ts-node\\src\\index.ts:1077:36)\n    at Object.compile (C:\\Users\\USER\\Desktop\\lendQrApi\\node_modules\\ts-node\\src\\index.ts:1433:41)\n    at Module.m._compile (C:\\Users\\USER\\Desktop\\lendQrApi\\node_modules\\ts-node\\src\\index.ts:1617:30)\n    at Module._extensions..js (node:internal/modules/cjs/loader:1174:10)\n    at Object.require.extensions.<computed> [as .ts] (C:\\Users\\USER\\Desktop\\lendQrApi\\node_modules\\ts-node\\src\\index.ts:1621:12)\n    at Module.load (node:internal/modules/cjs/loader:998:32)\n    at Function.Module._load (node:internal/modules/cjs/loader:839:12)\n    at Module.require (node:internal/modules/cjs/loader:1022:19)","trace":[{"column":12,"file":"C:\\Users\\USER\\Desktop\\lendQrApi\\node_modules\\ts-node\\src\\index.ts","function":"createTSError","line":859,"method":null,"native":false},{"column":19,"file":"C:\\Users\\USER\\Desktop\\lendQrApi\\node_modules\\ts-node\\src\\index.ts","function":"reportTSError","line":863,"method":null,"native":false},{"column":36,"file":"C:\\Users\\USER\\Desktop\\lendQrApi\\node_modules\\ts-node\\src\\index.ts","function":"getOutput","line":1077,"method":null,"native":false},{"column":41,"file":"C:\\Users\\USER\\Desktop\\lendQrApi\\node_modules\\ts-node\\src\\index.ts","function":"Object.compile","line":1433,"method":"compile","native":false},{"column":30,"file":"C:\\Users\\USER\\Desktop\\lendQrApi\\node_modules\\ts-node\\src\\index.ts","function":"Module.m._compile","line":1617,"method":"_compile","native":false},{"column":10,"file":"node:internal/modules/cjs/loader","function":"Module._extensions..js","line":1174,"method":".js","native":false},{"column":12,"file":"C:\\Users\\USER\\Desktop\\lendQrApi\\node_modules\\ts-node\\src\\index.ts","function":"Object.require.extensions.<computed> [as .ts]","line":1621,"method":"ts]","native":false},{"column":32,"file":"node:internal/modules/cjs/loader","function":"Module.load","line":998,"method":"load","native":false},{"column":12,"file":"node:internal/modules/cjs/loader","function":"Module._load","line":839,"method":"_load","native":false},{"column":19,"file":"node:internal/modules/cjs/loader","function":"Module.require","line":1022,"method":"require","native":false}]}
{"level":"info","message":"App now running on port 3001"}
{"level":"info","message":"::1 - - [21/Nov/2022:14:07:11 +0000] \"POST /users HTTP/1.1\" 500 26 \"-\" \"PostmanRuntime/7.29.0\"\n"}
{"level":"info","message":"::1 - - [21/Nov/2022:14:07:23 +0000] \"POST /users HTTP/1.1\" 404 54 \"-\" \"PostmanRuntime/7.29.0\"\n"}
{"level":"info","message":"::1 - - [21/Nov/2022:14:07:34 +0000] \"POST /users HTTP/1.1\" 404 61 \"-\" \"PostmanRuntime/7.29.0\"\n"}
{"level":"info","message":"::1 - - [21/Nov/2022:14:07:47 +0000] \"POST /users HTTP/1.1\" 500 26 \"-\" \"PostmanRuntime/7.29.0\"\n"}
{"level":"info","message":"App now running on port 3001"}
{"level":"info","message":"::1 - - [21/Nov/2022:14:08:57 +0000] \"POST /users HTTP/1.1\" 404 54 \"-\" \"PostmanRuntime/7.29.0\"\n"}
{"level":"info","message":"::1 - - [21/Nov/2022:14:09:07 +0000] \"POST /users HTTP/1.1\" 500 26 \"-\" \"PostmanRuntime/7.29.0\"\n"}
{"level":"info","message":"App now running on port 3001"}
{"level":"info","message":"App now running on port 3001"}
{"level":"info","message":"::1 - - [21/Nov/2022:14:10:56 +0000] \"POST /users HTTP/1.1\" 500 26 \"-\" \"PostmanRuntime/7.29.0\"\n"}
{"date":"Mon Nov 21 2022 15:12:26 GMT+0100 (West Africa Standard Time)","error":{"diagnosticCodes":[2554]},"exception":true,"level":"error","message":"uncaughtException: ⨯ Unable to compile TypeScript:\n\u001b[96msrc/services/UserService.ts\u001b[0m:\u001b[93m30\u001b[0m:\u001b[93m88\u001b[0m - \u001b[91merror\u001b[0m\u001b[90m TS2554: \u001b[0mExpected 0 arguments, but got 1.\r\n\r\n\u001b[7m30\u001b[0m             const generatedToken = await AccountVerifyTokenService.getVerificationCode(email);\r\n\u001b[7m  \u001b[0m \u001b[91m                                                                                       ~~~~~\u001b[0m\r\n\nTSError: ⨯ Unable to compile TypeScript:\n\u001b[96msrc/services/UserService.ts\u001b[0m:\u001b[93m30\u001b[0m:\u001b[93m88\u001b[0m - \u001b[91merror\u001b[0m\u001b[90m TS2554: \u001b[0mExpected 0 arguments, but got 1.\r\n\r\n\u001b[7m30\u001b[0m             const generatedToken = await AccountVerifyTokenService.getVerificationCode(email);\r\n\u001b[7m  \u001b[0m \u001b[91m                                                                                       ~~~~~\u001b[0m\r\n\n    at createTSError (C:\\Users\\USER\\Desktop\\lendQrApi\\node_modules\\ts-node\\src\\index.ts:859:12)\n    at reportTSError (C:\\Users\\USER\\Desktop\\lendQrApi\\node_modules\\ts-node\\src\\index.ts:863:19)\n    at getOutput (C:\\Users\\USER\\Desktop\\lendQrApi\\node_modules\\ts-node\\src\\index.ts:1077:36)\n    at Object.compile (C:\\Users\\USER\\Desktop\\lendQrApi\\node_modules\\ts-node\\src\\index.ts:1433:41)\n    at Module.m._compile (C:\\Users\\USER\\Desktop\\lendQrApi\\node_modules\\ts-node\\src\\index.ts:1617:30)\n    at Module._extensions..js (node:internal/modules/cjs/loader:1174:10)\n    at Object.require.extensions.<computed> [as .ts] (C:\\Users\\USER\\Desktop\\lendQrApi\\node_modules\\ts-node\\src\\index.ts:1621:12)\n    at Module.load (node:internal/modules/cjs/loader:998:32)\n    at Function.Module._load (node:internal/modules/cjs/loader:839:12)\n    at Module.require (node:internal/modules/cjs/loader:1022:19)","os":{"loadavg":[0,0,0],"uptime":773947},"process":{"argv":["C:\\Users\\USER\\Desktop\\lendQrApi\\node_modules\\ts-node\\dist\\bin.js","C:\\Users\\USER\\Desktop\\lendQrApi\\src\\index.ts"],"cwd":"C:\\Users\\USER\\Desktop\\lendQrApi","execPath":"C:\\Program Files\\nodejs\\node.exe","gid":null,"memoryUsage":{"arrayBuffers":2263174,"external":3764451,"heapTotal":176578560,"heapUsed":149580752,"rss":211062784},"pid":10624,"uid":null,"version":"v18.7.0"},"stack":"TSError: ⨯ Unable to compile TypeScript:\n\u001b[96msrc/services/UserService.ts\u001b[0m:\u001b[93m30\u001b[0m:\u001b[93m88\u001b[0m - \u001b[91merror\u001b[0m\u001b[90m TS2554: \u001b[0mExpected 0 arguments, but got 1.\r\n\r\n\u001b[7m30\u001b[0m             const generatedToken = await AccountVerifyTokenService.getVerificationCode(email);\r\n\u001b[7m  \u001b[0m \u001b[91m                                                                                       ~~~~~\u001b[0m\r\n\n    at createTSError (C:\\Users\\USER\\Desktop\\lendQrApi\\node_modules\\ts-node\\src\\index.ts:859:12)\n    at reportTSError (C:\\Users\\USER\\Desktop\\lendQrApi\\node_modules\\ts-node\\src\\index.ts:863:19)\n    at getOutput (C:\\Users\\USER\\Desktop\\lendQrApi\\node_modules\\ts-node\\src\\index.ts:1077:36)\n    at Object.compile (C:\\Users\\USER\\Desktop\\lendQrApi\\node_modules\\ts-node\\src\\index.ts:1433:41)\n    at Module.m._compile (C:\\Users\\USER\\Desktop\\lendQrApi\\node_modules\\ts-node\\src\\index.ts:1617:30)\n    at Module._extensions..js (node:internal/modules/cjs/loader:1174:10)\n    at Object.require.extensions.<computed> [as .ts] (C:\\Users\\USER\\Desktop\\lendQrApi\\node_modules\\ts-node\\src\\index.ts:1621:12)\n    at Module.load (node:internal/modules/cjs/loader:998:32)\n    at Function.Module._load (node:internal/modules/cjs/loader:839:12)\n    at Module.require (node:internal/modules/cjs/loader:1022:19)","trace":[{"column":12,"file":"C:\\Users\\USER\\Desktop\\lendQrApi\\node_modules\\ts-node\\src\\index.ts","function":"createTSError","line":859,"method":null,"native":false},{"column":19,"file":"C:\\Users\\USER\\Desktop\\lendQrApi\\node_modules\\ts-node\\src\\index.ts","function":"reportTSError","line":863,"method":null,"native":false},{"column":36,"file":"C:\\Users\\USER\\Desktop\\lendQrApi\\node_modules\\ts-node\\src\\index.ts","function":"getOutput","line":1077,"method":null,"native":false},{"column":41,"file":"C:\\Users\\USER\\Desktop\\lendQrApi\\node_modules\\ts-node\\src\\index.ts","function":"Object.compile","line":1433,"method":"compile","native":false},{"column":30,"file":"C:\\Users\\USER\\Desktop\\lendQrApi\\node_modules\\ts-node\\src\\index.ts","function":"Module.m._compile","line":1617,"method":"_compile","native":false},{"column":10,"file":"node:internal/modules/cjs/loader","function":"Module._extensions..js","line":1174,"method":".js","native":false},{"column":12,"file":"C:\\Users\\USER\\Desktop\\lendQrApi\\node_modules\\ts-node\\src\\index.ts","function":"Object.require.extensions.<computed> [as .ts]","line":1621,"method":"ts]","native":false},{"column":32,"file":"node:internal/modules/cjs/loader","function":"Module.load","line":998,"method":"load","native":false},{"column":12,"file":"node:internal/modules/cjs/loader","function":"Module._load","line":839,"method":"_load","native":false},{"column":19,"file":"node:internal/modules/cjs/loader","function":"Module.require","line":1022,"method":"require","native":false}]}
{"date":"Mon Nov 21 2022 15:12:26 GMT+0100 (West Africa Standard Time)","error":{"diagnosticCodes":[2554]},"exception":true,"level":"error","message":"uncaughtException: ⨯ Unable to compile TypeScript:\n\u001b[96msrc/services/UserService.ts\u001b[0m:\u001b[93m30\u001b[0m:\u001b[93m88\u001b[0m - \u001b[91merror\u001b[0m\u001b[90m TS2554: \u001b[0mExpected 0 arguments, but got 1.\r\n\r\n\u001b[7m30\u001b[0m             const generatedToken = await AccountVerifyTokenService.getVerificationCode(email);\r\n\u001b[7m  \u001b[0m \u001b[91m                                                                                       ~~~~~\u001b[0m\r\n\nTSError: ⨯ Unable to compile TypeScript:\n\u001b[96msrc/services/UserService.ts\u001b[0m:\u001b[93m30\u001b[0m:\u001b[93m88\u001b[0m - \u001b[91merror\u001b[0m\u001b[90m TS2554: \u001b[0mExpected 0 arguments, but got 1.\r\n\r\n\u001b[7m30\u001b[0m             const generatedToken = await AccountVerifyTokenService.getVerificationCode(email);\r\n\u001b[7m  \u001b[0m \u001b[91m                                                                                       ~~~~~\u001b[0m\r\n\n    at createTSError (C:\\Users\\USER\\Desktop\\lendQrApi\\node_modules\\ts-node\\src\\index.ts:859:12)\n    at reportTSError (C:\\Users\\USER\\Desktop\\lendQrApi\\node_modules\\ts-node\\src\\index.ts:863:19)\n    at getOutput (C:\\Users\\USER\\Desktop\\lendQrApi\\node_modules\\ts-node\\src\\index.ts:1077:36)\n    at Object.compile (C:\\Users\\USER\\Desktop\\lendQrApi\\node_modules\\ts-node\\src\\index.ts:1433:41)\n    at Module.m._compile (C:\\Users\\USER\\Desktop\\lendQrApi\\node_modules\\ts-node\\src\\index.ts:1617:30)\n    at Module._extensions..js (node:internal/modules/cjs/loader:1174:10)\n    at Object.require.extensions.<computed> [as .ts] (C:\\Users\\USER\\Desktop\\lendQrApi\\node_modules\\ts-node\\src\\index.ts:1621:12)\n    at Module.load (node:internal/modules/cjs/loader:998:32)\n    at Function.Module._load (node:internal/modules/cjs/loader:839:12)\n    at Module.require (node:internal/modules/cjs/loader:1022:19)","os":{"loadavg":[0,0,0],"uptime":773947},"process":{"argv":["C:\\Users\\USER\\Desktop\\lendQrApi\\node_modules\\ts-node\\dist\\bin.js","C:\\Users\\USER\\Desktop\\lendQrApi\\src\\index.ts"],"cwd":"C:\\Users\\USER\\Desktop\\lendQrApi","execPath":"C:\\Program Files\\nodejs\\node.exe","gid":null,"memoryUsage":{"arrayBuffers":2268719,"external":3770036,"heapTotal":176578560,"heapUsed":149666312,"rss":211357696},"pid":10624,"uid":null,"version":"v18.7.0"},"stack":"TSError: ⨯ Unable to compile TypeScript:\n\u001b[96msrc/services/UserService.ts\u001b[0m:\u001b[93m30\u001b[0m:\u001b[93m88\u001b[0m - \u001b[91merror\u001b[0m\u001b[90m TS2554: \u001b[0mExpected 0 arguments, but got 1.\r\n\r\n\u001b[7m30\u001b[0m             const generatedToken = await AccountVerifyTokenService.getVerificationCode(email);\r\n\u001b[7m  \u001b[0m \u001b[91m                                                                                       ~~~~~\u001b[0m\r\n\n    at createTSError (C:\\Users\\USER\\Desktop\\lendQrApi\\node_modules\\ts-node\\src\\index.ts:859:12)\n    at reportTSError (C:\\Users\\USER\\Desktop\\lendQrApi\\node_modules\\ts-node\\src\\index.ts:863:19)\n    at getOutput (C:\\Users\\USER\\Desktop\\lendQrApi\\node_modules\\ts-node\\src\\index.ts:1077:36)\n    at Object.compile (C:\\Users\\USER\\Desktop\\lendQrApi\\node_modules\\ts-node\\src\\index.ts:1433:41)\n    at Module.m._compile (C:\\Users\\USER\\Desktop\\lendQrApi\\node_modules\\ts-node\\src\\index.ts:1617:30)\n    at Module._extensions..js (node:internal/modules/cjs/loader:1174:10)\n    at Object.require.extensions.<computed> [as .ts] (C:\\Users\\USER\\Desktop\\lendQrApi\\node_modules\\ts-node\\src\\index.ts:1621:12)\n    at Module.load (node:internal/modules/cjs/loader:998:32)\n    at Function.Module._load (node:internal/modules/cjs/loader:839:12)\n    at Module.require (node:internal/modules/cjs/loader:1022:19)","trace":[{"column":12,"file":"C:\\Users\\USER\\Desktop\\lendQrApi\\node_modules\\ts-node\\src\\index.ts","function":"createTSError","line":859,"method":null,"native":false},{"column":19,"file":"C:\\Users\\USER\\Desktop\\lendQrApi\\node_modules\\ts-node\\src\\index.ts","function":"reportTSError","line":863,"method":null,"native":false},{"column":36,"file":"C:\\Users\\USER\\Desktop\\lendQrApi\\node_modules\\ts-node\\src\\index.ts","function":"getOutput","line":1077,"method":null,"native":false},{"column":41,"file":"C:\\Users\\USER\\Desktop\\lendQrApi\\node_modules\\ts-node\\src\\index.ts","function":"Object.compile","line":1433,"method":"compile","native":false},{"column":30,"file":"C:\\Users\\USER\\Desktop\\lendQrApi\\node_modules\\ts-node\\src\\index.ts","function":"Module.m._compile","line":1617,"method":"_compile","native":false},{"column":10,"file":"node:internal/modules/cjs/loader","function":"Module._extensions..js","line":1174,"method":".js","native":false},{"column":12,"file":"C:\\Users\\USER\\Desktop\\lendQrApi\\node_modules\\ts-node\\src\\index.ts","function":"Object.require.extensions.<computed> [as .ts]","line":1621,"method":"ts]","native":false},{"column":32,"file":"node:internal/modules/cjs/loader","function":"Module.load","line":998,"method":"load","native":false},{"column":12,"file":"node:internal/modules/cjs/loader","function":"Module._load","line":839,"method":"_load","native":false},{"column":19,"file":"node:internal/modules/cjs/loader","function":"Module.require","line":1022,"method":"require","native":false}]}
{"level":"info","message":"App now running on port 3001"}
{"level":"info","message":"::1 - - [21/Nov/2022:14:13:27 +0000] \"POST /users HTTP/1.1\" 404 54 \"-\" \"PostmanRuntime/7.29.0\"\n"}
{"level":"info","message":"::1 - - [21/Nov/2022:14:13:40 +0000] \"POST /users HTTP/1.1\" 500 26 \"-\" \"PostmanRuntime/7.29.0\"\n"}
{"level":"info","message":"App now running on port 3001"}
{"level":"info","message":"App now running on port 3001"}
{"level":"info","message":"::1 - - [21/Nov/2022:14:18:47 +0000] \"POST /users HTTP/1.1\" 409 54 \"-\" \"PostmanRuntime/7.29.0\"\n"}
{"level":"info","message":"::1 - - [21/Nov/2022:14:19:01 +0000] \"POST /users HTTP/1.1\" 500 26 \"-\" \"PostmanRuntime/7.29.0\"\n"}
{"level":"info","message":"App now running on port 3001"}
{"level":"info","message":"App now running on port 3001"}
{"level":"info","message":"::1 - - [21/Nov/2022:14:22:48 +0000] \"POST /users HTTP/1.1\" 201 30 \"-\" \"PostmanRuntime/7.29.0\"\n"}
{"level":"info","message":"::1 - - [21/Nov/2022:14:23:42 +0000] \"POST /users HTTP/1.1\" 201 30 \"-\" \"PostmanRuntime/7.29.0\"\n"}
{"level":"info","message":"App now running on port 3001"}
{"level":"info","message":"::1 - - [21/Nov/2022:14:29:56 +0000] \"POST /users HTTP/1.1\" 201 30 \"-\" \"PostmanRuntime/7.29.0\"\n"}
{"level":"info","message":"App now running on port 3001"}
{"level":"info","message":"::1 - - [21/Nov/2022:14:31:46 +0000] \"POST /users HTTP/1.1\" 201 30 \"-\" \"PostmanRuntime/7.29.0\"\n"}
{"level":"info","message":"::1 - - [21/Nov/2022:14:32:06 +0000] \"POST /users HTTP/1.1\" 201 30 \"-\" \"PostmanRuntime/7.29.0\"\n"}
{"level":"info","message":"App now running on port 3001"}
{"level":"info","message":"::1 - - [21/Nov/2022:14:34:55 +0000] \"POST /users HTTP/1.1\" 500 26 \"-\" \"PostmanRuntime/7.29.0\"\n"}
{"level":"info","message":"App now running on port 3001"}
{"level":"info","message":"::1 - - [21/Nov/2022:14:35:59 +0000] \"POST /users HTTP/1.1\" 201 181 \"-\" \"PostmanRuntime/7.29.0\"\n"}
{"level":"info","message":"App now running on port 3001"}
{"level":"info","message":"::1 - - [21/Nov/2022:14:38:03 +0000] \"POST /users HTTP/1.1\" 201 175 \"-\" \"PostmanRuntime/7.29.0\"\n"}
{"date":"Mon Nov 21 2022 15:38:05 GMT+0100 (West Africa Standard Time)","error":{"code":"ERR_UNHANDLED_REJECTION"},"exception":true,"level":"error","message":"uncaughtException: This error originated either by throwing inside of an async function without a catch block, or by rejecting a promise which was not handled with .catch(). The promise rejected with the reason \"Request failed with status code 503\".\nUnhandledPromiseRejection: This error originated either by throwing inside of an async function without a catch block, or by rejecting a promise which was not handled with .catch(). The promise rejected with the reason \"Request failed with status code 503\".","os":{"loadavg":[0,0,0],"uptime":775486},"process":{"argv":["C:\\Users\\USER\\Desktop\\lendQrApi\\node_modules\\ts-node\\dist\\bin.js","C:\\Users\\USER\\Desktop\\lendQrApi\\src\\index.ts"],"cwd":"C:\\Users\\USER\\Desktop\\lendQrApi","execPath":"C:\\Program Files\\nodejs\\node.exe","gid":null,"memoryUsage":{"arrayBuffers":2088559,"external":4485678,"heapTotal":200798208,"heapUsed":155570048,"rss":238362624},"pid":5628,"uid":null,"version":"v18.7.0"},"stack":"UnhandledPromiseRejection: This error originated either by throwing inside of an async function without a catch block, or by rejecting a promise which was not handled with .catch(). The promise rejected with the reason \"Request failed with status code 503\".","trace":[]}
{"date":"Mon Nov 21 2022 15:38:05 GMT+0100 (West Africa Standard Time)","error":{"code":"ERR_UNHANDLED_REJECTION"},"exception":true,"level":"error","message":"uncaughtException: This error originated either by throwing inside of an async function without a catch block, or by rejecting a promise which was not handled with .catch(). The promise rejected with the reason \"Request failed with status code 503\".\nUnhandledPromiseRejection: This error originated either by throwing inside of an async function without a catch block, or by rejecting a promise which was not handled with .catch(). The promise rejected with the reason \"Request failed with status code 503\".","os":{"loadavg":[0,0,0],"uptime":775486},"process":{"argv":["C:\\Users\\USER\\Desktop\\lendQrApi\\node_modules\\ts-node\\dist\\bin.js","C:\\Users\\USER\\Desktop\\lendQrApi\\src\\index.ts"],"cwd":"C:\\Users\\USER\\Desktop\\lendQrApi","execPath":"C:\\Program Files\\nodejs\\node.exe","gid":null,"memoryUsage":{"arrayBuffers":2088583,"external":4485742,"heapTotal":200798208,"heapUsed":155625384,"rss":238850048},"pid":5628,"uid":null,"version":"v18.7.0"},"stack":"UnhandledPromiseRejection: This error originated either by throwing inside of an async function without a catch block, or by rejecting a promise which was not handled with .catch(). The promise rejected with the reason \"Request failed with status code 503\".","trace":[]}
{"level":"info","message":"App now running on port 3001"}
{"level":"info","message":"::1 - - [21/Nov/2022:14:39:19 +0000] \"POST /users HTTP/1.1\" 500 26 \"-\" \"PostmanRuntime/7.29.0\"\n"}
{"level":"info","message":"App now running on port 3001"}
{"level":"info","message":"::1 - - [21/Nov/2022:14:41:37 +0000] \"POST /users HTTP/1.1\" 409 54 \"-\" \"PostmanRuntime/7.29.0\"\n"}
{"level":"info","message":"::1 - - [21/Nov/2022:14:41:46 +0000] \"POST /users HTTP/1.1\" 500 26 \"-\" \"PostmanRuntime/7.29.0\"\n"}
{"level":"info","message":"App now running on port 3001"}
{"level":"info","message":"::1 - - [21/Nov/2022:14:46:29 +0000] \"POST /users HTTP/1.1\" 500 26 \"-\" \"PostmanRuntime/7.29.0\"\n"}
{"level":"info","message":"App now running on port 3001"}
{"level":"info","message":"App now running on port 3001"}
{"level":"info","message":"::1 - - [21/Nov/2022:14:53:00 +0000] \"POST /users HTTP/1.1\" 201 170 \"-\" \"PostmanRuntime/7.29.0\"\n"}
{"level":"info","message":"App now running on port 3001"}
{"level":"info","message":"App now running on port 3001"}
{"level":"info","message":"App now running on port 3001"}
{"level":"info","message":"::1 - - [21/Nov/2022:16:28:30 +0000] \"POST /user/verify HTTP/1.1\" 409 54 \"-\" \"PostmanRuntime/7.29.0\"\n"}
{"level":"info","message":"::1 - - [21/Nov/2022:16:28:47 +0000] \"POST /user/verify HTTP/1.1\" 500 154 \"-\" \"PostmanRuntime/7.29.0\"\n"}
{"date":"Mon Nov 21 2022 17:30:58 GMT+0100 (West Africa Standard Time)","error":{"diagnosticCodes":[2322]},"exception":true,"level":"error","message":"uncaughtException: ⨯ Unable to compile TypeScript:\n\u001b[96msrc/controllers/VerificationController.ts\u001b[0m:\u001b[93m27\u001b[0m:\u001b[93m9\u001b[0m - \u001b[91merror\u001b[0m\u001b[90m TS2322: \u001b[0mType '{ email: any; phoneNumber: any; }' is not assignable to type 'ICreateVerificationData'.\r\n  Object literal may only specify known properties, and 'phoneNumber' does not exist in type 'ICreateVerificationData'.\r\n\r\n\u001b[7m27\u001b[0m         phoneNumber\r\n\u001b[7m  \u001b[0m \u001b[91m        ~~~~~~~~~~~\u001b[0m\r\n\nTSError: ⨯ Unable to compile TypeScript:\n\u001b[96msrc/controllers/VerificationController.ts\u001b[0m:\u001b[93m27\u001b[0m:\u001b[93m9\u001b[0m - \u001b[91merror\u001b[0m\u001b[90m TS2322: \u001b[0mType '{ email: any; phoneNumber: any; }' is not assignable to type 'ICreateVerificationData'.\r\n  Object literal may only specify known properties, and 'phoneNumber' does not exist in type 'ICreateVerificationData'.\r\n\r\n\u001b[7m27\u001b[0m         phoneNumber\r\n\u001b[7m  \u001b[0m \u001b[91m        ~~~~~~~~~~~\u001b[0m\r\n\n    at createTSError (C:\\Users\\USER\\Desktop\\lendQrApi\\node_modules\\ts-node\\src\\index.ts:859:12)\n    at reportTSError (C:\\Users\\USER\\Desktop\\lendQrApi\\node_modules\\ts-node\\src\\index.ts:863:19)\n    at getOutput (C:\\Users\\USER\\Desktop\\lendQrApi\\node_modules\\ts-node\\src\\index.ts:1077:36)\n    at Object.compile (C:\\Users\\USER\\Desktop\\lendQrApi\\node_modules\\ts-node\\src\\index.ts:1433:41)\n    at Module.m._compile (C:\\Users\\USER\\Desktop\\lendQrApi\\node_modules\\ts-node\\src\\index.ts:1617:30)\n    at Module._extensions..js (node:internal/modules/cjs/loader:1174:10)\n    at Object.require.extensions.<computed> [as .ts] (C:\\Users\\USER\\Desktop\\lendQrApi\\node_modules\\ts-node\\src\\index.ts:1621:12)\n    at Module.load (node:internal/modules/cjs/loader:998:32)\n    at Function.Module._load (node:internal/modules/cjs/loader:839:12)\n    at Module.require (node:internal/modules/cjs/loader:1022:19)","os":{"loadavg":[0,0,0],"uptime":782259},"process":{"argv":["C:\\Users\\USER\\Desktop\\lendQrApi\\node_modules\\ts-node\\dist\\bin.js","C:\\Users\\USER\\Desktop\\lendQrApi\\src\\index.ts"],"cwd":"C:\\Users\\USER\\Desktop\\lendQrApi","execPath":"C:\\Program Files\\nodejs\\node.exe","gid":null,"memoryUsage":{"arrayBuffers":1962996,"external":3464358,"heapTotal":193880064,"heapUsed":164954936,"rss":230760448},"pid":11540,"uid":null,"version":"v18.7.0"},"stack":"TSError: ⨯ Unable to compile TypeScript:\n\u001b[96msrc/controllers/VerificationController.ts\u001b[0m:\u001b[93m27\u001b[0m:\u001b[93m9\u001b[0m - \u001b[91merror\u001b[0m\u001b[90m TS2322: \u001b[0mType '{ email: any; phoneNumber: any; }' is not assignable to type 'ICreateVerificationData'.\r\n  Object literal may only specify known properties, and 'phoneNumber' does not exist in type 'ICreateVerificationData'.\r\n\r\n\u001b[7m27\u001b[0m         phoneNumber\r\n\u001b[7m  \u001b[0m \u001b[91m        ~~~~~~~~~~~\u001b[0m\r\n\n    at createTSError (C:\\Users\\USER\\Desktop\\lendQrApi\\node_modules\\ts-node\\src\\index.ts:859:12)\n    at reportTSError (C:\\Users\\USER\\Desktop\\lendQrApi\\node_modules\\ts-node\\src\\index.ts:863:19)\n    at getOutput (C:\\Users\\USER\\Desktop\\lendQrApi\\node_modules\\ts-node\\src\\index.ts:1077:36)\n    at Object.compile (C:\\Users\\USER\\Desktop\\lendQrApi\\node_modules\\ts-node\\src\\index.ts:1433:41)\n    at Module.m._compile (C:\\Users\\USER\\Desktop\\lendQrApi\\node_modules\\ts-node\\src\\index.ts:1617:30)\n    at Module._extensions..js (node:internal/modules/cjs/loader:1174:10)\n    at Object.require.extensions.<computed> [as .ts] (C:\\Users\\USER\\Desktop\\lendQrApi\\node_modules\\ts-node\\src\\index.ts:1621:12)\n    at Module.load (node:internal/modules/cjs/loader:998:32)\n    at Function.Module._load (node:internal/modules/cjs/loader:839:12)\n    at Module.require (node:internal/modules/cjs/loader:1022:19)","trace":[{"column":12,"file":"C:\\Users\\USER\\Desktop\\lendQrApi\\node_modules\\ts-node\\src\\index.ts","function":"createTSError","line":859,"method":null,"native":false},{"column":19,"file":"C:\\Users\\USER\\Desktop\\lendQrApi\\node_modules\\ts-node\\src\\index.ts","function":"reportTSError","line":863,"method":null,"native":false},{"column":36,"file":"C:\\Users\\USER\\Desktop\\lendQrApi\\node_modules\\ts-node\\src\\index.ts","function":"getOutput","line":1077,"method":null,"native":false},{"column":41,"file":"C:\\Users\\USER\\Desktop\\lendQrApi\\node_modules\\ts-node\\src\\index.ts","function":"Object.compile","line":1433,"method":"compile","native":false},{"column":30,"file":"C:\\Users\\USER\\Desktop\\lendQrApi\\node_modules\\ts-node\\src\\index.ts","function":"Module.m._compile","line":1617,"method":"_compile","native":false},{"column":10,"file":"node:internal/modules/cjs/loader","function":"Module._extensions..js","line":1174,"method":".js","native":false},{"column":12,"file":"C:\\Users\\USER\\Desktop\\lendQrApi\\node_modules\\ts-node\\src\\index.ts","function":"Object.require.extensions.<computed> [as .ts]","line":1621,"method":"ts]","native":false},{"column":32,"file":"node:internal/modules/cjs/loader","function":"Module.load","line":998,"method":"load","native":false},{"column":12,"file":"node:internal/modules/cjs/loader","function":"Module._load","line":839,"method":"_load","native":false},{"column":19,"file":"node:internal/modules/cjs/loader","function":"Module.require","line":1022,"method":"require","native":false}]}
{"date":"Mon Nov 21 2022 17:30:59 GMT+0100 (West Africa Standard Time)","error":{"diagnosticCodes":[2322]},"exception":true,"level":"error","message":"uncaughtException: ⨯ Unable to compile TypeScript:\n\u001b[96msrc/controllers/VerificationController.ts\u001b[0m:\u001b[93m27\u001b[0m:\u001b[93m9\u001b[0m - \u001b[91merror\u001b[0m\u001b[90m TS2322: \u001b[0mType '{ email: any; phoneNumber: any; }' is not assignable to type 'ICreateVerificationData'.\r\n  Object literal may only specify known properties, and 'phoneNumber' does not exist in type 'ICreateVerificationData'.\r\n\r\n\u001b[7m27\u001b[0m         phoneNumber\r\n\u001b[7m  \u001b[0m \u001b[91m        ~~~~~~~~~~~\u001b[0m\r\n\nTSError: ⨯ Unable to compile TypeScript:\n\u001b[96msrc/controllers/VerificationController.ts\u001b[0m:\u001b[93m27\u001b[0m:\u001b[93m9\u001b[0m - \u001b[91merror\u001b[0m\u001b[90m TS2322: \u001b[0mType '{ email: any; phoneNumber: any; }' is not assignable to type 'ICreateVerificationData'.\r\n  Object literal may only specify known properties, and 'phoneNumber' does not exist in type 'ICreateVerificationData'.\r\n\r\n\u001b[7m27\u001b[0m         phoneNumber\r\n\u001b[7m  \u001b[0m \u001b[91m        ~~~~~~~~~~~\u001b[0m\r\n\n    at createTSError (C:\\Users\\USER\\Desktop\\lendQrApi\\node_modules\\ts-node\\src\\index.ts:859:12)\n    at reportTSError (C:\\Users\\USER\\Desktop\\lendQrApi\\node_modules\\ts-node\\src\\index.ts:863:19)\n    at getOutput (C:\\Users\\USER\\Desktop\\lendQrApi\\node_modules\\ts-node\\src\\index.ts:1077:36)\n    at Object.compile (C:\\Users\\USER\\Desktop\\lendQrApi\\node_modules\\ts-node\\src\\index.ts:1433:41)\n    at Module.m._compile (C:\\Users\\USER\\Desktop\\lendQrApi\\node_modules\\ts-node\\src\\index.ts:1617:30)\n    at Module._extensions..js (node:internal/modules/cjs/loader:1174:10)\n    at Object.require.extensions.<computed> [as .ts] (C:\\Users\\USER\\Desktop\\lendQrApi\\node_modules\\ts-node\\src\\index.ts:1621:12)\n    at Module.load (node:internal/modules/cjs/loader:998:32)\n    at Function.Module._load (node:internal/modules/cjs/loader:839:12)\n    at Module.require (node:internal/modules/cjs/loader:1022:19)","os":{"loadavg":[0,0,0],"uptime":782259},"process":{"argv":["C:\\Users\\USER\\Desktop\\lendQrApi\\node_modules\\ts-node\\dist\\bin.js","C:\\Users\\USER\\Desktop\\lendQrApi\\src\\index.ts"],"cwd":"C:\\Users\\USER\\Desktop\\lendQrApi","execPath":"C:\\Program Files\\nodejs\\node.exe","gid":null,"memoryUsage":{"arrayBuffers":1968688,"external":3470090,"heapTotal":193880064,"heapUsed":165267968,"rss":230973440},"pid":11540,"uid":null,"version":"v18.7.0"},"stack":"TSError: ⨯ Unable to compile TypeScript:\n\u001b[96msrc/controllers/VerificationController.ts\u001b[0m:\u001b[93m27\u001b[0m:\u001b[93m9\u001b[0m - \u001b[91merror\u001b[0m\u001b[90m TS2322: \u001b[0mType '{ email: any; phoneNumber: any; }' is not assignable to type 'ICreateVerificationData'.\r\n  Object literal may only specify known properties, and 'phoneNumber' does not exist in type 'ICreateVerificationData'.\r\n\r\n\u001b[7m27\u001b[0m         phoneNumber\r\n\u001b[7m  \u001b[0m \u001b[91m        ~~~~~~~~~~~\u001b[0m\r\n\n    at createTSError (C:\\Users\\USER\\Desktop\\lendQrApi\\node_modules\\ts-node\\src\\index.ts:859:12)\n    at reportTSError (C:\\Users\\USER\\Desktop\\lendQrApi\\node_modules\\ts-node\\src\\index.ts:863:19)\n    at getOutput (C:\\Users\\USER\\Desktop\\lendQrApi\\node_modules\\ts-node\\src\\index.ts:1077:36)\n    at Object.compile (C:\\Users\\USER\\Desktop\\lendQrApi\\node_modules\\ts-node\\src\\index.ts:1433:41)\n    at Module.m._compile (C:\\Users\\USER\\Desktop\\lendQrApi\\node_modules\\ts-node\\src\\index.ts:1617:30)\n    at Module._extensions..js (node:internal/modules/cjs/loader:1174:10)\n    at Object.require.extensions.<computed> [as .ts] (C:\\Users\\USER\\Desktop\\lendQrApi\\node_modules\\ts-node\\src\\index.ts:1621:12)\n    at Module.load (node:internal/modules/cjs/loader:998:32)\n    at Function.Module._load (node:internal/modules/cjs/loader:839:12)\n    at Module.require (node:internal/modules/cjs/loader:1022:19)","trace":[{"column":12,"file":"C:\\Users\\USER\\Desktop\\lendQrApi\\node_modules\\ts-node\\src\\index.ts","function":"createTSError","line":859,"method":null,"native":false},{"column":19,"file":"C:\\Users\\USER\\Desktop\\lendQrApi\\node_modules\\ts-node\\src\\index.ts","function":"reportTSError","line":863,"method":null,"native":false},{"column":36,"file":"C:\\Users\\USER\\Desktop\\lendQrApi\\node_modules\\ts-node\\src\\index.ts","function":"getOutput","line":1077,"method":null,"native":false},{"column":41,"file":"C:\\Users\\USER\\Desktop\\lendQrApi\\node_modules\\ts-node\\src\\index.ts","function":"Object.compile","line":1433,"method":"compile","native":false},{"column":30,"file":"C:\\Users\\USER\\Desktop\\lendQrApi\\node_modules\\ts-node\\src\\index.ts","function":"Module.m._compile","line":1617,"method":"_compile","native":false},{"column":10,"file":"node:internal/modules/cjs/loader","function":"Module._extensions..js","line":1174,"method":".js","native":false},{"column":12,"file":"C:\\Users\\USER\\Desktop\\lendQrApi\\node_modules\\ts-node\\src\\index.ts","function":"Object.require.extensions.<computed> [as .ts]","line":1621,"method":"ts]","native":false},{"column":32,"file":"node:internal/modules/cjs/loader","function":"Module.load","line":998,"method":"load","native":false},{"column":12,"file":"node:internal/modules/cjs/loader","function":"Module._load","line":839,"method":"_load","native":false},{"column":19,"file":"node:internal/modules/cjs/loader","function":"Module.require","line":1022,"method":"require","native":false}]}
{"level":"info","message":"App now running on port 3001"}
{"level":"info","message":"::1 - - [21/Nov/2022:16:32:05 +0000] \"POST /user/verify HTTP/1.1\" 500 101 \"-\" \"PostmanRuntime/7.29.0\"\n"}
{"level":"info","message":"App now running on port 3001"}
{"level":"info","message":"::1 - - [21/Nov/2022:16:35:22 +0000] \"POST /user/verify HTTP/1.1\" 500 101 \"-\" \"PostmanRuntime/7.29.0\"\n"}
{"level":"info","message":"App now running on port 3001"}
{"level":"info","message":"::1 - - [21/Nov/2022:16:38:22 +0000] \"POST /user/verify HTTP/1.1\" 201 69 \"-\" \"PostmanRuntime/7.29.0\"\n"}
{"date":"Mon Nov 21 2022 18:08:06 GMT+0100 (West Africa Standard Time)","error":{"diagnosticCodes":[2554,2339,1345,18004]},"exception":true,"level":"error","message":"uncaughtException: ⨯ Unable to compile TypeScript:\n\u001b[96msrc/services/UserService.ts\u001b[0m:\u001b[93m24\u001b[0m:\u001b[93m79\u001b[0m - \u001b[91merror\u001b[0m\u001b[90m TS2554: \u001b[0mExpected 1 arguments, but got 2.\r\n\r\n\u001b[7m24\u001b[0m         const verifyEmail = await VerificationService.verifyEmail(data.email, data.OTP)\r\n\u001b[7m  \u001b[0m \u001b[91m                                                                              ~~~~~~~~\u001b[0m\r\n\u001b[96msrc/services/UserService.ts\u001b[0m:\u001b[93m24\u001b[0m:\u001b[93m84\u001b[0m - \u001b[91merror\u001b[0m\u001b[90m TS2339: \u001b[0mProperty 'OTP' does not exist on type 'ICreateUser'.\r\n\r\n\u001b[7m24\u001b[0m         const verifyEmail = await VerificationService.verifyEmail(data.email, data.OTP)\r\n\u001b[7m  \u001b[0m \u001b[91m                                                                                   ~~~\u001b[0m\r\n\u001b[96msrc/services/UserService.ts\u001b[0m:\u001b[93m25\u001b[0m:\u001b[93m12\u001b[0m - \u001b[91merror\u001b[0m\u001b[90m TS1345: \u001b[0mAn expression of type 'void' cannot be tested for truthiness.\r\n\r\n\u001b[7m25\u001b[0m         if(verifyEmail){\r\n\u001b[7m  \u001b[0m \u001b[91m           ~~~~~~~~~~~\u001b[0m\r\n\u001b[96msrc/services/UserService.ts\u001b[0m:\u001b[93m27\u001b[0m:\u001b[93m17\u001b[0m - \u001b[91merror\u001b[0m\u001b[90m TS18004: \u001b[0mNo value exists in scope for the shorthand property 'email'. Either declare one or provide an initializer.\r\n\r\n\u001b[7m27\u001b[0m                 email\r\n\u001b[7m  \u001b[0m \u001b[91m                ~~~~~\u001b[0m\r\n\nTSError: ⨯ Unable to compile TypeScript:\n\u001b[96msrc/services/UserService.ts\u001b[0m:\u001b[93m24\u001b[0m:\u001b[93m79\u001b[0m - \u001b[91merror\u001b[0m\u001b[90m TS2554: \u001b[0mExpected 1 arguments, but got 2.\r\n\r\n\u001b[7m24\u001b[0m         const verifyEmail = await VerificationService.verifyEmail(data.email, data.OTP)\r\n\u001b[7m  \u001b[0m \u001b[91m                                                                              ~~~~~~~~\u001b[0m\r\n\u001b[96msrc/services/UserService.ts\u001b[0m:\u001b[93m24\u001b[0m:\u001b[93m84\u001b[0m - \u001b[91merror\u001b[0m\u001b[90m TS2339: \u001b[0mProperty 'OTP' does not exist on type 'ICreateUser'.\r\n\r\n\u001b[7m24\u001b[0m         const verifyEmail = await VerificationService.verifyEmail(data.email, data.OTP)\r\n\u001b[7m  \u001b[0m \u001b[91m                                                                                   ~~~\u001b[0m\r\n\u001b[96msrc/services/UserService.ts\u001b[0m:\u001b[93m25\u001b[0m:\u001b[93m12\u001b[0m - \u001b[91merror\u001b[0m\u001b[90m TS1345: \u001b[0mAn expression of type 'void' cannot be tested for truthiness.\r\n\r\n\u001b[7m25\u001b[0m         if(verifyEmail){\r\n\u001b[7m  \u001b[0m \u001b[91m           ~~~~~~~~~~~\u001b[0m\r\n\u001b[96msrc/services/UserService.ts\u001b[0m:\u001b[93m27\u001b[0m:\u001b[93m17\u001b[0m - \u001b[91merror\u001b[0m\u001b[90m TS18004: \u001b[0mNo value exists in scope for the shorthand property 'email'. Either declare one or provide an initializer.\r\n\r\n\u001b[7m27\u001b[0m                 email\r\n\u001b[7m  \u001b[0m \u001b[91m                ~~~~~\u001b[0m\r\n\n    at createTSError (C:\\Users\\USER\\Desktop\\lendQrApi\\node_modules\\ts-node\\src\\index.ts:859:12)\n    at reportTSError (C:\\Users\\USER\\Desktop\\lendQrApi\\node_modules\\ts-node\\src\\index.ts:863:19)\n    at getOutput (C:\\Users\\USER\\Desktop\\lendQrApi\\node_modules\\ts-node\\src\\index.ts:1077:36)\n    at Object.compile (C:\\Users\\USER\\Desktop\\lendQrApi\\node_modules\\ts-node\\src\\index.ts:1433:41)\n    at Module.m._compile (C:\\Users\\USER\\Desktop\\lendQrApi\\node_modules\\ts-node\\src\\index.ts:1617:30)\n    at Module._extensions..js (node:internal/modules/cjs/loader:1174:10)\n    at Object.require.extensions.<computed> [as .ts] (C:\\Users\\USER\\Desktop\\lendQrApi\\node_modules\\ts-node\\src\\index.ts:1621:12)\n    at Module.load (node:internal/modules/cjs/loader:998:32)\n    at Function.Module._load (node:internal/modules/cjs/loader:839:12)\n    at Module.require (node:internal/modules/cjs/loader:1022:19)","os":{"loadavg":[0,0,0],"uptime":784487},"process":{"argv":["C:\\Users\\USER\\Desktop\\lendQrApi\\node_modules\\ts-node\\dist\\bin.js","C:\\Users\\USER\\Desktop\\lendQrApi\\src\\index.ts"],"cwd":"C:\\Users\\USER\\Desktop\\lendQrApi","execPath":"C:\\Program Files\\nodejs\\node.exe","gid":null,"memoryUsage":{"arrayBuffers":1979376,"external":3480653,"heapTotal":177102848,"heapUsed":149500328,"rss":210866176},"pid":4636,"uid":null,"version":"v18.7.0"},"stack":"TSError: ⨯ Unable to compile TypeScript:\n\u001b[96msrc/services/UserService.ts\u001b[0m:\u001b[93m24\u001b[0m:\u001b[93m79\u001b[0m - \u001b[91merror\u001b[0m\u001b[90m TS2554: \u001b[0mExpected 1 arguments, but got 2.\r\n\r\n\u001b[7m24\u001b[0m         const verifyEmail = await VerificationService.verifyEmail(data.email, data.OTP)\r\n\u001b[7m  \u001b[0m \u001b[91m                                                                              ~~~~~~~~\u001b[0m\r\n\u001b[96msrc/services/UserService.ts\u001b[0m:\u001b[93m24\u001b[0m:\u001b[93m84\u001b[0m - \u001b[91merror\u001b[0m\u001b[90m TS2339: \u001b[0mProperty 'OTP' does not exist on type 'ICreateUser'.\r\n\r\n\u001b[7m24\u001b[0m         const verifyEmail = await VerificationService.verifyEmail(data.email, data.OTP)\r\n\u001b[7m  \u001b[0m \u001b[91m                                                                                   ~~~\u001b[0m\r\n\u001b[96msrc/services/UserService.ts\u001b[0m:\u001b[93m25\u001b[0m:\u001b[93m12\u001b[0m - \u001b[91merror\u001b[0m\u001b[90m TS1345: \u001b[0mAn expression of type 'void' cannot be tested for truthiness.\r\n\r\n\u001b[7m25\u001b[0m         if(verifyEmail){\r\n\u001b[7m  \u001b[0m \u001b[91m           ~~~~~~~~~~~\u001b[0m\r\n\u001b[96msrc/services/UserService.ts\u001b[0m:\u001b[93m27\u001b[0m:\u001b[93m17\u001b[0m - \u001b[91merror\u001b[0m\u001b[90m TS18004: \u001b[0mNo value exists in scope for the shorthand property 'email'. Either declare one or provide an initializer.\r\n\r\n\u001b[7m27\u001b[0m                 email\r\n\u001b[7m  \u001b[0m \u001b[91m                ~~~~~\u001b[0m\r\n\n    at createTSError (C:\\Users\\USER\\Desktop\\lendQrApi\\node_modules\\ts-node\\src\\index.ts:859:12)\n    at reportTSError (C:\\Users\\USER\\Desktop\\lendQrApi\\node_modules\\ts-node\\src\\index.ts:863:19)\n    at getOutput (C:\\Users\\USER\\Desktop\\lendQrApi\\node_modules\\ts-node\\src\\index.ts:1077:36)\n    at Object.compile (C:\\Users\\USER\\Desktop\\lendQrApi\\node_modules\\ts-node\\src\\index.ts:1433:41)\n    at Module.m._compile (C:\\Users\\USER\\Desktop\\lendQrApi\\node_modules\\ts-node\\src\\index.ts:1617:30)\n    at Module._extensions..js (node:internal/modules/cjs/loader:1174:10)\n    at Object.require.extensions.<computed> [as .ts] (C:\\Users\\USER\\Desktop\\lendQrApi\\node_modules\\ts-node\\src\\index.ts:1621:12)\n    at Module.load (node:internal/modules/cjs/loader:998:32)\n    at Function.Module._load (node:internal/modules/cjs/loader:839:12)\n    at Module.require (node:internal/modules/cjs/loader:1022:19)","trace":[{"column":12,"file":"C:\\Users\\USER\\Desktop\\lendQrApi\\node_modules\\ts-node\\src\\index.ts","function":"createTSError","line":859,"method":null,"native":false},{"column":19,"file":"C:\\Users\\USER\\Desktop\\lendQrApi\\node_modules\\ts-node\\src\\index.ts","function":"reportTSError","line":863,"method":null,"native":false},{"column":36,"file":"C:\\Users\\USER\\Desktop\\lendQrApi\\node_modules\\ts-node\\src\\index.ts","function":"getOutput","line":1077,"method":null,"native":false},{"column":41,"file":"C:\\Users\\USER\\Desktop\\lendQrApi\\node_modules\\ts-node\\src\\index.ts","function":"Object.compile","line":1433,"method":"compile","native":false},{"column":30,"file":"C:\\Users\\USER\\Desktop\\lendQrApi\\node_modules\\ts-node\\src\\index.ts","function":"Module.m._compile","line":1617,"method":"_compile","native":false},{"column":10,"file":"node:internal/modules/cjs/loader","function":"Module._extensions..js","line":1174,"method":".js","native":false},{"column":12,"file":"C:\\Users\\USER\\Desktop\\lendQrApi\\node_modules\\ts-node\\src\\index.ts","function":"Object.require.extensions.<computed> [as .ts]","line":1621,"method":"ts]","native":false},{"column":32,"file":"node:internal/modules/cjs/loader","function":"Module.load","line":998,"method":"load","native":false},{"column":12,"file":"node:internal/modules/cjs/loader","function":"Module._load","line":839,"method":"_load","native":false},{"column":19,"file":"node:internal/modules/cjs/loader","function":"Module.require","line":1022,"method":"require","native":false}]}
{"date":"Mon Nov 21 2022 18:08:06 GMT+0100 (West Africa Standard Time)","error":{"diagnosticCodes":[2554,2339,1345,18004]},"exception":true,"level":"error","message":"uncaughtException: ⨯ Unable to compile TypeScript:\n\u001b[96msrc/services/UserService.ts\u001b[0m:\u001b[93m24\u001b[0m:\u001b[93m79\u001b[0m - \u001b[91merror\u001b[0m\u001b[90m TS2554: \u001b[0mExpected 1 arguments, but got 2.\r\n\r\n\u001b[7m24\u001b[0m         const verifyEmail = await VerificationService.verifyEmail(data.email, data.OTP)\r\n\u001b[7m  \u001b[0m \u001b[91m                                                                              ~~~~~~~~\u001b[0m\r\n\u001b[96msrc/services/UserService.ts\u001b[0m:\u001b[93m24\u001b[0m:\u001b[93m84\u001b[0m - \u001b[91merror\u001b[0m\u001b[90m TS2339: \u001b[0mProperty 'OTP' does not exist on type 'ICreateUser'.\r\n\r\n\u001b[7m24\u001b[0m         const verifyEmail = await VerificationService.verifyEmail(data.email, data.OTP)\r\n\u001b[7m  \u001b[0m \u001b[91m                                                                                   ~~~\u001b[0m\r\n\u001b[96msrc/services/UserService.ts\u001b[0m:\u001b[93m25\u001b[0m:\u001b[93m12\u001b[0m - \u001b[91merror\u001b[0m\u001b[90m TS1345: \u001b[0mAn expression of type 'void' cannot be tested for truthiness.\r\n\r\n\u001b[7m25\u001b[0m         if(verifyEmail){\r\n\u001b[7m  \u001b[0m \u001b[91m           ~~~~~~~~~~~\u001b[0m\r\n\u001b[96msrc/services/UserService.ts\u001b[0m:\u001b[93m27\u001b[0m:\u001b[93m17\u001b[0m - \u001b[91merror\u001b[0m\u001b[90m TS18004: \u001b[0mNo value exists in scope for the shorthand property 'email'. Either declare one or provide an initializer.\r\n\r\n\u001b[7m27\u001b[0m                 email\r\n\u001b[7m  \u001b[0m \u001b[91m                ~~~~~\u001b[0m\r\n\nTSError: ⨯ Unable to compile TypeScript:\n\u001b[96msrc/services/UserService.ts\u001b[0m:\u001b[93m24\u001b[0m:\u001b[93m79\u001b[0m - \u001b[91merror\u001b[0m\u001b[90m TS2554: \u001b[0mExpected 1 arguments, but got 2.\r\n\r\n\u001b[7m24\u001b[0m         const verifyEmail = await VerificationService.verifyEmail(data.email, data.OTP)\r\n\u001b[7m  \u001b[0m \u001b[91m                                                                              ~~~~~~~~\u001b[0m\r\n\u001b[96msrc/services/UserService.ts\u001b[0m:\u001b[93m24\u001b[0m:\u001b[93m84\u001b[0m - \u001b[91merror\u001b[0m\u001b[90m TS2339: \u001b[0mProperty 'OTP' does not exist on type 'ICreateUser'.\r\n\r\n\u001b[7m24\u001b[0m         const verifyEmail = await VerificationService.verifyEmail(data.email, data.OTP)\r\n\u001b[7m  \u001b[0m \u001b[91m                                                                                   ~~~\u001b[0m\r\n\u001b[96msrc/services/UserService.ts\u001b[0m:\u001b[93m25\u001b[0m:\u001b[93m12\u001b[0m - \u001b[91merror\u001b[0m\u001b[90m TS1345: \u001b[0mAn expression of type 'void' cannot be tested for truthiness.\r\n\r\n\u001b[7m25\u001b[0m         if(verifyEmail){\r\n\u001b[7m  \u001b[0m \u001b[91m           ~~~~~~~~~~~\u001b[0m\r\n\u001b[96msrc/services/UserService.ts\u001b[0m:\u001b[93m27\u001b[0m:\u001b[93m17\u001b[0m - \u001b[91merror\u001b[0m\u001b[90m TS18004: \u001b[0mNo value exists in scope for the shorthand property 'email'. Either declare one or provide an initializer.\r\n\r\n\u001b[7m27\u001b[0m                 email\r\n\u001b[7m  \u001b[0m \u001b[91m                ~~~~~\u001b[0m\r\n\n    at createTSError (C:\\Users\\USER\\Desktop\\lendQrApi\\node_modules\\ts-node\\src\\index.ts:859:12)\n    at reportTSError (C:\\Users\\USER\\Desktop\\lendQrApi\\node_modules\\ts-node\\src\\index.ts:863:19)\n    at getOutput (C:\\Users\\USER\\Desktop\\lendQrApi\\node_modules\\ts-node\\src\\index.ts:1077:36)\n    at Object.compile (C:\\Users\\USER\\Desktop\\lendQrApi\\node_modules\\ts-node\\src\\index.ts:1433:41)\n    at Module.m._compile (C:\\Users\\USER\\Desktop\\lendQrApi\\node_modules\\ts-node\\src\\index.ts:1617:30)\n    at Module._extensions..js (node:internal/modules/cjs/loader:1174:10)\n    at Object.require.extensions.<computed> [as .ts] (C:\\Users\\USER\\Desktop\\lendQrApi\\node_modules\\ts-node\\src\\index.ts:1621:12)\n    at Module.load (node:internal/modules/cjs/loader:998:32)\n    at Function.Module._load (node:internal/modules/cjs/loader:839:12)\n    at Module.require (node:internal/modules/cjs/loader:1022:19)","os":{"loadavg":[0,0,0],"uptime":784487},"process":{"argv":["C:\\Users\\USER\\Desktop\\lendQrApi\\node_modules\\ts-node\\dist\\bin.js","C:\\Users\\USER\\Desktop\\lendQrApi\\src\\index.ts"],"cwd":"C:\\Users\\USER\\Desktop\\lendQrApi","execPath":"C:\\Program Files\\nodejs\\node.exe","gid":null,"memoryUsage":{"arrayBuffers":1988338,"external":3489655,"heapTotal":177364992,"heapUsed":149872712,"rss":211107840},"pid":4636,"uid":null,"version":"v18.7.0"},"stack":"TSError: ⨯ Unable to compile TypeScript:\n\u001b[96msrc/services/UserService.ts\u001b[0m:\u001b[93m24\u001b[0m:\u001b[93m79\u001b[0m - \u001b[91merror\u001b[0m\u001b[90m TS2554: \u001b[0mExpected 1 arguments, but got 2.\r\n\r\n\u001b[7m24\u001b[0m         const verifyEmail = await VerificationService.verifyEmail(data.email, data.OTP)\r\n\u001b[7m  \u001b[0m \u001b[91m                                                                              ~~~~~~~~\u001b[0m\r\n\u001b[96msrc/services/UserService.ts\u001b[0m:\u001b[93m24\u001b[0m:\u001b[93m84\u001b[0m - \u001b[91merror\u001b[0m\u001b[90m TS2339: \u001b[0mProperty 'OTP' does not exist on type 'ICreateUser'.\r\n\r\n\u001b[7m24\u001b[0m         const verifyEmail = await VerificationService.verifyEmail(data.email, data.OTP)\r\n\u001b[7m  \u001b[0m \u001b[91m                                                                                   ~~~\u001b[0m\r\n\u001b[96msrc/services/UserService.ts\u001b[0m:\u001b[93m25\u001b[0m:\u001b[93m12\u001b[0m - \u001b[91merror\u001b[0m\u001b[90m TS1345: \u001b[0mAn expression of type 'void' cannot be tested for truthiness.\r\n\r\n\u001b[7m25\u001b[0m         if(verifyEmail){\r\n\u001b[7m  \u001b[0m \u001b[91m           ~~~~~~~~~~~\u001b[0m\r\n\u001b[96msrc/services/UserService.ts\u001b[0m:\u001b[93m27\u001b[0m:\u001b[93m17\u001b[0m - \u001b[91merror\u001b[0m\u001b[90m TS18004: \u001b[0mNo value exists in scope for the shorthand property 'email'. Either declare one or provide an initializer.\r\n\r\n\u001b[7m27\u001b[0m                 email\r\n\u001b[7m  \u001b[0m \u001b[91m                ~~~~~\u001b[0m\r\n\n    at createTSError (C:\\Users\\USER\\Desktop\\lendQrApi\\node_modules\\ts-node\\src\\index.ts:859:12)\n    at reportTSError (C:\\Users\\USER\\Desktop\\lendQrApi\\node_modules\\ts-node\\src\\index.ts:863:19)\n    at getOutput (C:\\Users\\USER\\Desktop\\lendQrApi\\node_modules\\ts-node\\src\\index.ts:1077:36)\n    at Object.compile (C:\\Users\\USER\\Desktop\\lendQrApi\\node_modules\\ts-node\\src\\index.ts:1433:41)\n    at Module.m._compile (C:\\Users\\USER\\Desktop\\lendQrApi\\node_modules\\ts-node\\src\\index.ts:1617:30)\n    at Module._extensions..js (node:internal/modules/cjs/loader:1174:10)\n    at Object.require.extensions.<computed> [as .ts] (C:\\Users\\USER\\Desktop\\lendQrApi\\node_modules\\ts-node\\src\\index.ts:1621:12)\n    at Module.load (node:internal/modules/cjs/loader:998:32)\n    at Function.Module._load (node:internal/modules/cjs/loader:839:12)\n    at Module.require (node:internal/modules/cjs/loader:1022:19)","trace":[{"column":12,"file":"C:\\Users\\USER\\Desktop\\lendQrApi\\node_modules\\ts-node\\src\\index.ts","function":"createTSError","line":859,"method":null,"native":false},{"column":19,"file":"C:\\Users\\USER\\Desktop\\lendQrApi\\node_modules\\ts-node\\src\\index.ts","function":"reportTSError","line":863,"method":null,"native":false},{"column":36,"file":"C:\\Users\\USER\\Desktop\\lendQrApi\\node_modules\\ts-node\\src\\index.ts","function":"getOutput","line":1077,"method":null,"native":false},{"column":41,"file":"C:\\Users\\USER\\Desktop\\lendQrApi\\node_modules\\ts-node\\src\\index.ts","function":"Object.compile","line":1433,"method":"compile","native":false},{"column":30,"file":"C:\\Users\\USER\\Desktop\\lendQrApi\\node_modules\\ts-node\\src\\index.ts","function":"Module.m._compile","line":1617,"method":"_compile","native":false},{"column":10,"file":"node:internal/modules/cjs/loader","function":"Module._extensions..js","line":1174,"method":".js","native":false},{"column":12,"file":"C:\\Users\\USER\\Desktop\\lendQrApi\\node_modules\\ts-node\\src\\index.ts","function":"Object.require.extensions.<computed> [as .ts]","line":1621,"method":"ts]","native":false},{"column":32,"file":"node:internal/modules/cjs/loader","function":"Module.load","line":998,"method":"load","native":false},{"column":12,"file":"node:internal/modules/cjs/loader","function":"Module._load","line":839,"method":"_load","native":false},{"column":19,"file":"node:internal/modules/cjs/loader","function":"Module.require","line":1022,"method":"require","native":false}]}
{"level":"info","message":"App now running on port 3001"}
{"level":"info","message":"::1 - - [21/Nov/2022:19:43:17 +0000] \"POST /user/verify HTTP/1.1\" 500 140 \"-\" \"PostmanRuntime/7.29.0\"\n"}
{"level":"info","message":"App now running on port 3001"}
{"level":"info","message":"::1 - - [21/Nov/2022:20:28:55 +0000] \"POST /user/verify HTTP/1.1\" 201 82 \"-\" \"PostmanRuntime/7.29.0\"\n"}
{"level":"info","message":"::1 - - [21/Nov/2022:20:31:22 +0000] \"POST /users HTTP/1.1\" 500 177 \"-\" \"PostmanRuntime/7.29.0\"\n"}
{"level":"info","message":"App now running on port 3001"}
{"level":"info","message":"::1 - - [21/Nov/2022:20:33:36 +0000] \"POST /users HTTP/1.1\" 409 25 \"-\" \"PostmanRuntime/7.29.0\"\n"}
{"level":"info","message":"App now running on port 3001"}
{"level":"info","message":"::1 - - [21/Nov/2022:20:34:54 +0000] \"POST /users HTTP/1.1\" 409 25 \"-\" \"PostmanRuntime/7.29.0\"\n"}
{"level":"info","message":"::1 - - [21/Nov/2022:20:36:11 +0000] \"POST /users HTTP/1.1\" 500 177 \"-\" \"PostmanRuntime/7.29.0\"\n"}
{"level":"info","message":"App now running on port 3001"}
{"level":"info","message":"::1 - - [21/Nov/2022:20:38:09 +0000] \"POST /users HTTP/1.1\" 500 177 \"-\" \"PostmanRuntime/7.29.0\"\n"}
{"level":"info","message":"App now running on port 3001"}
{"level":"info","message":"::1 - - [21/Nov/2022:20:39:02 +0000] \"POST /users HTTP/1.1\" 500 164 \"-\" \"PostmanRuntime/7.29.0\"\n"}
{"level":"info","message":"App now running on port 3001"}
{"level":"info","message":"::1 - - [21/Nov/2022:20:39:57 +0000] \"POST /users HTTP/1.1\" 500 195 \"-\" \"PostmanRuntime/7.29.0\"\n"}
{"level":"info","message":"App now running on port 3001"}
{"level":"info","message":"::1 - - [21/Nov/2022:20:42:05 +0000] \"POST /users HTTP/1.1\" 409 54 \"-\" \"PostmanRuntime/7.29.0\"\n"}
{"level":"info","message":"::1 - - [21/Nov/2022:20:42:44 +0000] \"POST /user/verify HTTP/1.1\" 201 83 \"-\" \"PostmanRuntime/7.29.0\"\n"}
{"level":"info","message":"::1 - - [21/Nov/2022:20:43:13 +0000] \"POST /users HTTP/1.1\" 409 61 \"-\" \"PostmanRuntime/7.29.0\"\n"}
{"level":"info","message":"::1 - - [21/Nov/2022:20:43:23 +0000] \"POST /users HTTP/1.1\" 500 192 \"-\" \"PostmanRuntime/7.29.0\"\n"}
{"level":"info","message":"App now running on port 3001"}
{"level":"info","message":"App now running on port 3001"}
{"level":"info","message":"App now running on port 3001"}
{"level":"info","message":"App now running on port 3001"}
{"level":"info","message":"App now running on port 3001"}
{"level":"info","message":"App now running on port 3001"}
{"level":"info","message":"App now running on port 3001"}
{"level":"info","message":"::1 - - [21/Nov/2022:21:06:13 +0000] \"POST /user/verify HTTP/1.1\" 201 88 \"-\" \"PostmanRuntime/7.29.0\"\n"}
{"level":"info","message":"App now running on port 3001"}
{"level":"info","message":"::1 - - [21/Nov/2022:21:08:15 +0000] \"POST /users HTTP/1.1\" 409 61 \"-\" \"PostmanRuntime/7.29.0\"\n"}
{"level":"info","message":"::1 - - [21/Nov/2022:21:08:31 +0000] \"POST /users HTTP/1.1\" 500 191 \"-\" \"PostmanRuntime/7.29.0\"\n"}
