{"level":"info","message":"App now running on port 3001"}
{"level":"info","message":"App now running on port 3001"}
{"level":"info","message":"App now running on port 3001"}
{"level":"info","message":"App now running on port 3001"}
{"level":"info","message":"App now running on port 3001"}
{"level":"info","message":"App now running on port 3001"}
{"level":"info","message":"App now running on port 3001"}
{"level":"info","message":"App now running on port 3001"}
{"level":"info","message":"App now running on port 3001"}
{"level":"info","message":"App now running on port 3001"}
{"level":"info","message":"App now running on port 3001"}
{"level":"info","message":"App now running on port 3001"}
{"level":"info","message":"App now running on port 3001"}
{"level":"info","message":"App now running on port 3001"}
{"level":"info","message":"App now running on port 3001"}
{"level":"info","message":"App now running on port 3001"}
{"level":"info","message":"App now running on port 3001"}
{"level":"info","message":"::1 - - [22/Nov/2022:08:56:07 +0000] \"POST /user/verify HTTP/1.1\" 201 88 \"-\" \"PostmanRuntime/7.29.0\"\n"}
{"level":"info","message":"::1 - - [22/Nov/2022:08:56:36 +0000] \"POST /user/verify HTTP/1.1\" 201 88 \"-\" \"PostmanRuntime/7.29.0\"\n"}
{"level":"info","message":"::1 - - [22/Nov/2022:08:57:03 +0000] \"POST /users HTTP/1.1\" 500 90 \"-\" \"PostmanRuntime/7.29.0\"\n"}
{"level":"info","message":"App now running on port 3001"}
{"level":"info","message":"::1 - - [22/Nov/2022:08:58:11 +0000] \"POST /users HTTP/1.1\" 409 54 \"-\" \"PostmanRuntime/7.29.0\"\n"}
{"level":"info","message":"::1 - - [22/Nov/2022:08:58:34 +0000] \"POST /user/verify HTTP/1.1\" 201 86 \"-\" \"PostmanRuntime/7.29.0\"\n"}
{"level":"info","message":"::1 - - [22/Nov/2022:08:58:56 +0000] \"POST /users HTTP/1.1\" 409 61 \"-\" \"PostmanRuntime/7.29.0\"\n"}
{"level":"info","message":"::1 - - [22/Nov/2022:08:59:06 +0000] \"POST /users HTTP/1.1\" 201 183 \"-\" \"PostmanRuntime/7.29.0\"\n"}
{"level":"info","message":"::1 - - [22/Nov/2022:09:00:09 +0000] \"POST /user/verify HTTP/1.1\" 201 82 \"-\" \"PostmanRuntime/7.29.0\"\n"}
{"level":"info","message":"App now running on port 3001"}
{"level":"info","message":"::1 - - [22/Nov/2022:09:02:33 +0000] \"POST /users HTTP/1.1\" 201 177 \"-\" \"PostmanRuntime/7.29.0\"\n"}
{"level":"info","message":"App now running on port 3001"}
{"level":"info","message":"App now running on port 3001"}
{"level":"info","message":"App now running on port 3001"}
{"level":"info","message":"::1 - - [22/Nov/2022:09:12:57 +0000] \"POST /user/verify HTTP/1.1\" 201 80 \"-\" \"PostmanRuntime/7.29.0\"\n"}
{"level":"info","message":"::1 - - [22/Nov/2022:09:13:24 +0000] \"POST /users HTTP/1.1\" 201 173 \"-\" \"PostmanRuntime/7.29.0\"\n"}
{"level":"info","message":"App now running on port 3001"}
{"level":"info","message":"::1 - - [22/Nov/2022:09:16:20 +0000] \"POST /user/verify HTTP/1.1\" 201 82 \"-\" \"PostmanRuntime/7.29.0\"\n"}
{"level":"info","message":"::1 - - [22/Nov/2022:09:16:56 +0000] \"POST /users HTTP/1.1\" 201 177 \"-\" \"PostmanRuntime/7.29.0\"\n"}
{"level":"info","message":"App now running on port 3001"}
{"level":"info","message":"App now running on port 3001"}
{"level":"info","message":"App now running on port 3001"}
{"level":"info","message":"App now running on port 3001"}
{"level":"info","message":"App now running on port 3001"}
{"level":"info","message":"App now running on port 3001"}
{"level":"info","message":"::1 - - [22/Nov/2022:09:33:59 +0000] \"POST /users HTTP/1.1\" 400 197 \"-\" \"PostmanRuntime/7.29.0\"\n"}
{"level":"info","message":"::1 - - [22/Nov/2022:09:34:21 +0000] \"POST /users HTTP/1.1\" 400 269 \"-\" \"PostmanRuntime/7.29.0\"\n"}
{"level":"info","message":"App now running on port 3001"}
{"level":"info","message":"App now running on port 3001"}
{"level":"info","message":"App now running on port 3001"}
{"level":"info","message":"App now running on port 3001"}
{"level":"info","message":"App now running on port 3001"}
{"date":"Tue Nov 22 2022 10:48:03 GMT+0100 (West Africa Standard Time)","error":{"diagnosticCodes":[2339]},"exception":true,"level":"error","message":"uncaughtException: ⨯ Unable to compile TypeScript:\n\u001b[96msrc/routes/Verification.ts\u001b[0m:\u001b[93m10\u001b[0m:\u001b[93m32\u001b[0m - \u001b[91merror\u001b[0m\u001b[90m TS2339: \u001b[0mProperty 'checkEmail' does not exist on type 'typeof VerificationController'.\r\n\r\n\u001b[7m10\u001b[0m     \"\", VerificationController.checkEmail(),\r\n\u001b[7m  \u001b[0m \u001b[91m                               ~~~~~~~~~~\u001b[0m\r\n\nTSError: ⨯ Unable to compile TypeScript:\n\u001b[96msrc/routes/Verification.ts\u001b[0m:\u001b[93m10\u001b[0m:\u001b[93m32\u001b[0m - \u001b[91merror\u001b[0m\u001b[90m TS2339: \u001b[0mProperty 'checkEmail' does not exist on type 'typeof VerificationController'.\r\n\r\n\u001b[7m10\u001b[0m     \"\", VerificationController.checkEmail(),\r\n\u001b[7m  \u001b[0m \u001b[91m                               ~~~~~~~~~~\u001b[0m\r\n\n    at createTSError (C:\\Users\\USER\\Desktop\\lendQrApi\\node_modules\\ts-node\\src\\index.ts:859:12)\n    at reportTSError (C:\\Users\\USER\\Desktop\\lendQrApi\\node_modules\\ts-node\\src\\index.ts:863:19)\n    at getOutput (C:\\Users\\USER\\Desktop\\lendQrApi\\node_modules\\ts-node\\src\\index.ts:1077:36)\n    at Object.compile (C:\\Users\\USER\\Desktop\\lendQrApi\\node_modules\\ts-node\\src\\index.ts:1433:41)\n    at Module.m._compile (C:\\Users\\USER\\Desktop\\lendQrApi\\node_modules\\ts-node\\src\\index.ts:1617:30)\n    at Module._extensions..js (node:internal/modules/cjs/loader:1174:10)\n    at Object.require.extensions.<computed> [as .ts] (C:\\Users\\USER\\Desktop\\lendQrApi\\node_modules\\ts-node\\src\\index.ts:1621:12)\n    at Module.load (node:internal/modules/cjs/loader:998:32)\n    at Function.Module._load (node:internal/modules/cjs/loader:839:12)\n    at Module.require (node:internal/modules/cjs/loader:1022:19)","os":{"loadavg":[0,0,0],"uptime":844484},"process":{"argv":["C:\\Users\\USER\\Desktop\\lendQrApi\\node_modules\\ts-node\\dist\\bin.js","C:\\Users\\USER\\Desktop\\lendQrApi\\src\\index.ts"],"cwd":"C:\\Users\\USER\\Desktop\\lendQrApi","execPath":"C:\\Program Files\\nodejs\\node.exe","gid":null,"memoryUsage":{"arrayBuffers":1971188,"external":3472465,"heapTotal":196788224,"heapUsed":163596256,"rss":232996864},"pid":14980,"uid":null,"version":"v18.7.0"},"stack":"TSError: ⨯ Unable to compile TypeScript:\n\u001b[96msrc/routes/Verification.ts\u001b[0m:\u001b[93m10\u001b[0m:\u001b[93m32\u001b[0m - \u001b[91merror\u001b[0m\u001b[90m TS2339: \u001b[0mProperty 'checkEmail' does not exist on type 'typeof VerificationController'.\r\n\r\n\u001b[7m10\u001b[0m     \"\", VerificationController.checkEmail(),\r\n\u001b[7m  \u001b[0m \u001b[91m                               ~~~~~~~~~~\u001b[0m\r\n\n    at createTSError (C:\\Users\\USER\\Desktop\\lendQrApi\\node_modules\\ts-node\\src\\index.ts:859:12)\n    at reportTSError (C:\\Users\\USER\\Desktop\\lendQrApi\\node_modules\\ts-node\\src\\index.ts:863:19)\n    at getOutput (C:\\Users\\USER\\Desktop\\lendQrApi\\node_modules\\ts-node\\src\\index.ts:1077:36)\n    at Object.compile (C:\\Users\\USER\\Desktop\\lendQrApi\\node_modules\\ts-node\\src\\index.ts:1433:41)\n    at Module.m._compile (C:\\Users\\USER\\Desktop\\lendQrApi\\node_modules\\ts-node\\src\\index.ts:1617:30)\n    at Module._extensions..js (node:internal/modules/cjs/loader:1174:10)\n    at Object.require.extensions.<computed> [as .ts] (C:\\Users\\USER\\Desktop\\lendQrApi\\node_modules\\ts-node\\src\\index.ts:1621:12)\n    at Module.load (node:internal/modules/cjs/loader:998:32)\n    at Function.Module._load (node:internal/modules/cjs/loader:839:12)\n    at Module.require (node:internal/modules/cjs/loader:1022:19)","trace":[{"column":12,"file":"C:\\Users\\USER\\Desktop\\lendQrApi\\node_modules\\ts-node\\src\\index.ts","function":"createTSError","line":859,"method":null,"native":false},{"column":19,"file":"C:\\Users\\USER\\Desktop\\lendQrApi\\node_modules\\ts-node\\src\\index.ts","function":"reportTSError","line":863,"method":null,"native":false},{"column":36,"file":"C:\\Users\\USER\\Desktop\\lendQrApi\\node_modules\\ts-node\\src\\index.ts","function":"getOutput","line":1077,"method":null,"native":false},{"column":41,"file":"C:\\Users\\USER\\Desktop\\lendQrApi\\node_modules\\ts-node\\src\\index.ts","function":"Object.compile","line":1433,"method":"compile","native":false},{"column":30,"file":"C:\\Users\\USER\\Desktop\\lendQrApi\\node_modules\\ts-node\\src\\index.ts","function":"Module.m._compile","line":1617,"method":"_compile","native":false},{"column":10,"file":"node:internal/modules/cjs/loader","function":"Module._extensions..js","line":1174,"method":".js","native":false},{"column":12,"file":"C:\\Users\\USER\\Desktop\\lendQrApi\\node_modules\\ts-node\\src\\index.ts","function":"Object.require.extensions.<computed> [as .ts]","line":1621,"method":"ts]","native":false},{"column":32,"file":"node:internal/modules/cjs/loader","function":"Module.load","line":998,"method":"load","native":false},{"column":12,"file":"node:internal/modules/cjs/loader","function":"Module._load","line":839,"method":"_load","native":false},{"column":19,"file":"node:internal/modules/cjs/loader","function":"Module.require","line":1022,"method":"require","native":false}]}
{"date":"Tue Nov 22 2022 10:48:03 GMT+0100 (West Africa Standard Time)","error":{"diagnosticCodes":[2339]},"exception":true,"level":"error","message":"uncaughtException: ⨯ Unable to compile TypeScript:\n\u001b[96msrc/routes/Verification.ts\u001b[0m:\u001b[93m10\u001b[0m:\u001b[93m32\u001b[0m - \u001b[91merror\u001b[0m\u001b[90m TS2339: \u001b[0mProperty 'checkEmail' does not exist on type 'typeof VerificationController'.\r\n\r\n\u001b[7m10\u001b[0m     \"\", VerificationController.checkEmail(),\r\n\u001b[7m  \u001b[0m \u001b[91m                               ~~~~~~~~~~\u001b[0m\r\n\nTSError: ⨯ Unable to compile TypeScript:\n\u001b[96msrc/routes/Verification.ts\u001b[0m:\u001b[93m10\u001b[0m:\u001b[93m32\u001b[0m - \u001b[91merror\u001b[0m\u001b[90m TS2339: \u001b[0mProperty 'checkEmail' does not exist on type 'typeof VerificationController'.\r\n\r\n\u001b[7m10\u001b[0m     \"\", VerificationController.checkEmail(),\r\n\u001b[7m  \u001b[0m \u001b[91m                               ~~~~~~~~~~\u001b[0m\r\n\n    at createTSError (C:\\Users\\USER\\Desktop\\lendQrApi\\node_modules\\ts-node\\src\\index.ts:859:12)\n    at reportTSError (C:\\Users\\USER\\Desktop\\lendQrApi\\node_modules\\ts-node\\src\\index.ts:863:19)\n    at getOutput (C:\\Users\\USER\\Desktop\\lendQrApi\\node_modules\\ts-node\\src\\index.ts:1077:36)\n    at Object.compile (C:\\Users\\USER\\Desktop\\lendQrApi\\node_modules\\ts-node\\src\\index.ts:1433:41)\n    at Module.m._compile (C:\\Users\\USER\\Desktop\\lendQrApi\\node_modules\\ts-node\\src\\index.ts:1617:30)\n    at Module._extensions..js (node:internal/modules/cjs/loader:1174:10)\n    at Object.require.extensions.<computed> [as .ts] (C:\\Users\\USER\\Desktop\\lendQrApi\\node_modules\\ts-node\\src\\index.ts:1621:12)\n    at Module.load (node:internal/modules/cjs/loader:998:32)\n    at Function.Module._load (node:internal/modules/cjs/loader:839:12)\n    at Module.require (node:internal/modules/cjs/loader:1022:19)","os":{"loadavg":[0,0,0],"uptime":844484},"process":{"argv":["C:\\Users\\USER\\Desktop\\lendQrApi\\node_modules\\ts-node\\dist\\bin.js","C:\\Users\\USER\\Desktop\\lendQrApi\\src\\index.ts"],"cwd":"C:\\Users\\USER\\Desktop\\lendQrApi","execPath":"C:\\Program Files\\nodejs\\node.exe","gid":null,"memoryUsage":{"arrayBuffers":1976568,"external":3477885,"heapTotal":196788224,"heapUsed":163727856,"rss":233205760},"pid":14980,"uid":null,"version":"v18.7.0"},"stack":"TSError: ⨯ Unable to compile TypeScript:\n\u001b[96msrc/routes/Verification.ts\u001b[0m:\u001b[93m10\u001b[0m:\u001b[93m32\u001b[0m - \u001b[91merror\u001b[0m\u001b[90m TS2339: \u001b[0mProperty 'checkEmail' does not exist on type 'typeof VerificationController'.\r\n\r\n\u001b[7m10\u001b[0m     \"\", VerificationController.checkEmail(),\r\n\u001b[7m  \u001b[0m \u001b[91m                               ~~~~~~~~~~\u001b[0m\r\n\n    at createTSError (C:\\Users\\USER\\Desktop\\lendQrApi\\node_modules\\ts-node\\src\\index.ts:859:12)\n    at reportTSError (C:\\Users\\USER\\Desktop\\lendQrApi\\node_modules\\ts-node\\src\\index.ts:863:19)\n    at getOutput (C:\\Users\\USER\\Desktop\\lendQrApi\\node_modules\\ts-node\\src\\index.ts:1077:36)\n    at Object.compile (C:\\Users\\USER\\Desktop\\lendQrApi\\node_modules\\ts-node\\src\\index.ts:1433:41)\n    at Module.m._compile (C:\\Users\\USER\\Desktop\\lendQrApi\\node_modules\\ts-node\\src\\index.ts:1617:30)\n    at Module._extensions..js (node:internal/modules/cjs/loader:1174:10)\n    at Object.require.extensions.<computed> [as .ts] (C:\\Users\\USER\\Desktop\\lendQrApi\\node_modules\\ts-node\\src\\index.ts:1621:12)\n    at Module.load (node:internal/modules/cjs/loader:998:32)\n    at Function.Module._load (node:internal/modules/cjs/loader:839:12)\n    at Module.require (node:internal/modules/cjs/loader:1022:19)","trace":[{"column":12,"file":"C:\\Users\\USER\\Desktop\\lendQrApi\\node_modules\\ts-node\\src\\index.ts","function":"createTSError","line":859,"method":null,"native":false},{"column":19,"file":"C:\\Users\\USER\\Desktop\\lendQrApi\\node_modules\\ts-node\\src\\index.ts","function":"reportTSError","line":863,"method":null,"native":false},{"column":36,"file":"C:\\Users\\USER\\Desktop\\lendQrApi\\node_modules\\ts-node\\src\\index.ts","function":"getOutput","line":1077,"method":null,"native":false},{"column":41,"file":"C:\\Users\\USER\\Desktop\\lendQrApi\\node_modules\\ts-node\\src\\index.ts","function":"Object.compile","line":1433,"method":"compile","native":false},{"column":30,"file":"C:\\Users\\USER\\Desktop\\lendQrApi\\node_modules\\ts-node\\src\\index.ts","function":"Module.m._compile","line":1617,"method":"_compile","native":false},{"column":10,"file":"node:internal/modules/cjs/loader","function":"Module._extensions..js","line":1174,"method":".js","native":false},{"column":12,"file":"C:\\Users\\USER\\Desktop\\lendQrApi\\node_modules\\ts-node\\src\\index.ts","function":"Object.require.extensions.<computed> [as .ts]","line":1621,"method":"ts]","native":false},{"column":32,"file":"node:internal/modules/cjs/loader","function":"Module.load","line":998,"method":"load","native":false},{"column":12,"file":"node:internal/modules/cjs/loader","function":"Module._load","line":839,"method":"_load","native":false},{"column":19,"file":"node:internal/modules/cjs/loader","function":"Module.require","line":1022,"method":"require","native":false}]}
{"date":"Tue Nov 22 2022 10:49:31 GMT+0100 (West Africa Standard Time)","error":{"diagnosticCodes":[2339]},"exception":true,"level":"error","message":"uncaughtException: ⨯ Unable to compile TypeScript:\n\u001b[96msrc/routes/Verification.ts\u001b[0m:\u001b[93m10\u001b[0m:\u001b[93m32\u001b[0m - \u001b[91merror\u001b[0m\u001b[90m TS2339: \u001b[0mProperty 'checkEmail' does not exist on type 'typeof VerificationController'.\r\n\r\n\u001b[7m10\u001b[0m     \"\", VerificationController.checkEmail(),\r\n\u001b[7m  \u001b[0m \u001b[91m                               ~~~~~~~~~~\u001b[0m\r\n\nTSError: ⨯ Unable to compile TypeScript:\n\u001b[96msrc/routes/Verification.ts\u001b[0m:\u001b[93m10\u001b[0m:\u001b[93m32\u001b[0m - \u001b[91merror\u001b[0m\u001b[90m TS2339: \u001b[0mProperty 'checkEmail' does not exist on type 'typeof VerificationController'.\r\n\r\n\u001b[7m10\u001b[0m     \"\", VerificationController.checkEmail(),\r\n\u001b[7m  \u001b[0m \u001b[91m                               ~~~~~~~~~~\u001b[0m\r\n\n    at createTSError (C:\\Users\\USER\\Desktop\\lendQrApi\\node_modules\\ts-node\\src\\index.ts:859:12)\n    at reportTSError (C:\\Users\\USER\\Desktop\\lendQrApi\\node_modules\\ts-node\\src\\index.ts:863:19)\n    at getOutput (C:\\Users\\USER\\Desktop\\lendQrApi\\node_modules\\ts-node\\src\\index.ts:1077:36)\n    at Object.compile (C:\\Users\\USER\\Desktop\\lendQrApi\\node_modules\\ts-node\\src\\index.ts:1433:41)\n    at Module.m._compile (C:\\Users\\USER\\Desktop\\lendQrApi\\node_modules\\ts-node\\src\\index.ts:1617:30)\n    at Module._extensions..js (node:internal/modules/cjs/loader:1174:10)\n    at Object.require.extensions.<computed> [as .ts] (C:\\Users\\USER\\Desktop\\lendQrApi\\node_modules\\ts-node\\src\\index.ts:1621:12)\n    at Module.load (node:internal/modules/cjs/loader:998:32)\n    at Function.Module._load (node:internal/modules/cjs/loader:839:12)\n    at Module.require (node:internal/modules/cjs/loader:1022:19)","os":{"loadavg":[0,0,0],"uptime":844571},"process":{"argv":["C:\\Users\\USER\\Desktop\\lendQrApi\\node_modules\\ts-node\\dist\\bin.js","C:\\Users\\USER\\Desktop\\lendQrApi\\src\\index.ts"],"cwd":"C:\\Users\\USER\\Desktop\\lendQrApi","execPath":"C:\\Program Files\\nodejs\\node.exe","gid":null,"memoryUsage":{"arrayBuffers":1827214,"external":3464273,"heapTotal":196263936,"heapUsed":157068744,"rss":236097536},"pid":2740,"uid":null,"version":"v18.7.0"},"stack":"TSError: ⨯ Unable to compile TypeScript:\n\u001b[96msrc/routes/Verification.ts\u001b[0m:\u001b[93m10\u001b[0m:\u001b[93m32\u001b[0m - \u001b[91merror\u001b[0m\u001b[90m TS2339: \u001b[0mProperty 'checkEmail' does not exist on type 'typeof VerificationController'.\r\n\r\n\u001b[7m10\u001b[0m     \"\", VerificationController.checkEmail(),\r\n\u001b[7m  \u001b[0m \u001b[91m                               ~~~~~~~~~~\u001b[0m\r\n\n    at createTSError (C:\\Users\\USER\\Desktop\\lendQrApi\\node_modules\\ts-node\\src\\index.ts:859:12)\n    at reportTSError (C:\\Users\\USER\\Desktop\\lendQrApi\\node_modules\\ts-node\\src\\index.ts:863:19)\n    at getOutput (C:\\Users\\USER\\Desktop\\lendQrApi\\node_modules\\ts-node\\src\\index.ts:1077:36)\n    at Object.compile (C:\\Users\\USER\\Desktop\\lendQrApi\\node_modules\\ts-node\\src\\index.ts:1433:41)\n    at Module.m._compile (C:\\Users\\USER\\Desktop\\lendQrApi\\node_modules\\ts-node\\src\\index.ts:1617:30)\n    at Module._extensions..js (node:internal/modules/cjs/loader:1174:10)\n    at Object.require.extensions.<computed> [as .ts] (C:\\Users\\USER\\Desktop\\lendQrApi\\node_modules\\ts-node\\src\\index.ts:1621:12)\n    at Module.load (node:internal/modules/cjs/loader:998:32)\n    at Function.Module._load (node:internal/modules/cjs/loader:839:12)\n    at Module.require (node:internal/modules/cjs/loader:1022:19)","trace":[{"column":12,"file":"C:\\Users\\USER\\Desktop\\lendQrApi\\node_modules\\ts-node\\src\\index.ts","function":"createTSError","line":859,"method":null,"native":false},{"column":19,"file":"C:\\Users\\USER\\Desktop\\lendQrApi\\node_modules\\ts-node\\src\\index.ts","function":"reportTSError","line":863,"method":null,"native":false},{"column":36,"file":"C:\\Users\\USER\\Desktop\\lendQrApi\\node_modules\\ts-node\\src\\index.ts","function":"getOutput","line":1077,"method":null,"native":false},{"column":41,"file":"C:\\Users\\USER\\Desktop\\lendQrApi\\node_modules\\ts-node\\src\\index.ts","function":"Object.compile","line":1433,"method":"compile","native":false},{"column":30,"file":"C:\\Users\\USER\\Desktop\\lendQrApi\\node_modules\\ts-node\\src\\index.ts","function":"Module.m._compile","line":1617,"method":"_compile","native":false},{"column":10,"file":"node:internal/modules/cjs/loader","function":"Module._extensions..js","line":1174,"method":".js","native":false},{"column":12,"file":"C:\\Users\\USER\\Desktop\\lendQrApi\\node_modules\\ts-node\\src\\index.ts","function":"Object.require.extensions.<computed> [as .ts]","line":1621,"method":"ts]","native":false},{"column":32,"file":"node:internal/modules/cjs/loader","function":"Module.load","line":998,"method":"load","native":false},{"column":12,"file":"node:internal/modules/cjs/loader","function":"Module._load","line":839,"method":"_load","native":false},{"column":19,"file":"node:internal/modules/cjs/loader","function":"Module.require","line":1022,"method":"require","native":false}]}
{"date":"Tue Nov 22 2022 10:49:31 GMT+0100 (West Africa Standard Time)","error":{"diagnosticCodes":[2339]},"exception":true,"level":"error","message":"uncaughtException: ⨯ Unable to compile TypeScript:\n\u001b[96msrc/routes/Verification.ts\u001b[0m:\u001b[93m10\u001b[0m:\u001b[93m32\u001b[0m - \u001b[91merror\u001b[0m\u001b[90m TS2339: \u001b[0mProperty 'checkEmail' does not exist on type 'typeof VerificationController'.\r\n\r\n\u001b[7m10\u001b[0m     \"\", VerificationController.checkEmail(),\r\n\u001b[7m  \u001b[0m \u001b[91m                               ~~~~~~~~~~\u001b[0m\r\n\nTSError: ⨯ Unable to compile TypeScript:\n\u001b[96msrc/routes/Verification.ts\u001b[0m:\u001b[93m10\u001b[0m:\u001b[93m32\u001b[0m - \u001b[91merror\u001b[0m\u001b[90m TS2339: \u001b[0mProperty 'checkEmail' does not exist on type 'typeof VerificationController'.\r\n\r\n\u001b[7m10\u001b[0m     \"\", VerificationController.checkEmail(),\r\n\u001b[7m  \u001b[0m \u001b[91m                               ~~~~~~~~~~\u001b[0m\r\n\n    at createTSError (C:\\Users\\USER\\Desktop\\lendQrApi\\node_modules\\ts-node\\src\\index.ts:859:12)\n    at reportTSError (C:\\Users\\USER\\Desktop\\lendQrApi\\node_modules\\ts-node\\src\\index.ts:863:19)\n    at getOutput (C:\\Users\\USER\\Desktop\\lendQrApi\\node_modules\\ts-node\\src\\index.ts:1077:36)\n    at Object.compile (C:\\Users\\USER\\Desktop\\lendQrApi\\node_modules\\ts-node\\src\\index.ts:1433:41)\n    at Module.m._compile (C:\\Users\\USER\\Desktop\\lendQrApi\\node_modules\\ts-node\\src\\index.ts:1617:30)\n    at Module._extensions..js (node:internal/modules/cjs/loader:1174:10)\n    at Object.require.extensions.<computed> [as .ts] (C:\\Users\\USER\\Desktop\\lendQrApi\\node_modules\\ts-node\\src\\index.ts:1621:12)\n    at Module.load (node:internal/modules/cjs/loader:998:32)\n    at Function.Module._load (node:internal/modules/cjs/loader:839:12)\n    at Module.require (node:internal/modules/cjs/loader:1022:19)","os":{"loadavg":[0,0,0],"uptime":844571},"process":{"argv":["C:\\Users\\USER\\Desktop\\lendQrApi\\node_modules\\ts-node\\dist\\bin.js","C:\\Users\\USER\\Desktop\\lendQrApi\\src\\index.ts"],"cwd":"C:\\Users\\USER\\Desktop\\lendQrApi","execPath":"C:\\Program Files\\nodejs\\node.exe","gid":null,"memoryUsage":{"arrayBuffers":1832593,"external":3333910,"heapTotal":196263936,"heapUsed":157209928,"rss":236003328},"pid":2740,"uid":null,"version":"v18.7.0"},"stack":"TSError: ⨯ Unable to compile TypeScript:\n\u001b[96msrc/routes/Verification.ts\u001b[0m:\u001b[93m10\u001b[0m:\u001b[93m32\u001b[0m - \u001b[91merror\u001b[0m\u001b[90m TS2339: \u001b[0mProperty 'checkEmail' does not exist on type 'typeof VerificationController'.\r\n\r\n\u001b[7m10\u001b[0m     \"\", VerificationController.checkEmail(),\r\n\u001b[7m  \u001b[0m \u001b[91m                               ~~~~~~~~~~\u001b[0m\r\n\n    at createTSError (C:\\Users\\USER\\Desktop\\lendQrApi\\node_modules\\ts-node\\src\\index.ts:859:12)\n    at reportTSError (C:\\Users\\USER\\Desktop\\lendQrApi\\node_modules\\ts-node\\src\\index.ts:863:19)\n    at getOutput (C:\\Users\\USER\\Desktop\\lendQrApi\\node_modules\\ts-node\\src\\index.ts:1077:36)\n    at Object.compile (C:\\Users\\USER\\Desktop\\lendQrApi\\node_modules\\ts-node\\src\\index.ts:1433:41)\n    at Module.m._compile (C:\\Users\\USER\\Desktop\\lendQrApi\\node_modules\\ts-node\\src\\index.ts:1617:30)\n    at Module._extensions..js (node:internal/modules/cjs/loader:1174:10)\n    at Object.require.extensions.<computed> [as .ts] (C:\\Users\\USER\\Desktop\\lendQrApi\\node_modules\\ts-node\\src\\index.ts:1621:12)\n    at Module.load (node:internal/modules/cjs/loader:998:32)\n    at Function.Module._load (node:internal/modules/cjs/loader:839:12)\n    at Module.require (node:internal/modules/cjs/loader:1022:19)","trace":[{"column":12,"file":"C:\\Users\\USER\\Desktop\\lendQrApi\\node_modules\\ts-node\\src\\index.ts","function":"createTSError","line":859,"method":null,"native":false},{"column":19,"file":"C:\\Users\\USER\\Desktop\\lendQrApi\\node_modules\\ts-node\\src\\index.ts","function":"reportTSError","line":863,"method":null,"native":false},{"column":36,"file":"C:\\Users\\USER\\Desktop\\lendQrApi\\node_modules\\ts-node\\src\\index.ts","function":"getOutput","line":1077,"method":null,"native":false},{"column":41,"file":"C:\\Users\\USER\\Desktop\\lendQrApi\\node_modules\\ts-node\\src\\index.ts","function":"Object.compile","line":1433,"method":"compile","native":false},{"column":30,"file":"C:\\Users\\USER\\Desktop\\lendQrApi\\node_modules\\ts-node\\src\\index.ts","function":"Module.m._compile","line":1617,"method":"_compile","native":false},{"column":10,"file":"node:internal/modules/cjs/loader","function":"Module._extensions..js","line":1174,"method":".js","native":false},{"column":12,"file":"C:\\Users\\USER\\Desktop\\lendQrApi\\node_modules\\ts-node\\src\\index.ts","function":"Object.require.extensions.<computed> [as .ts]","line":1621,"method":"ts]","native":false},{"column":32,"file":"node:internal/modules/cjs/loader","function":"Module.load","line":998,"method":"load","native":false},{"column":12,"file":"node:internal/modules/cjs/loader","function":"Module._load","line":839,"method":"_load","native":false},{"column":19,"file":"node:internal/modules/cjs/loader","function":"Module.require","line":1022,"method":"require","native":false}]}
{"level":"info","message":"App now running on port 3001"}
{"level":"info","message":"::1 - - [22/Nov/2022:09:50:52 +0000] \"POST /user/verify HTTP/1.1\" 201 82 \"-\" \"PostmanRuntime/7.29.0\"\n"}
{"level":"info","message":"::1 - - [22/Nov/2022:09:51:08 +0000] \"POST /user/verify HTTP/1.1\" 500 142 \"-\" \"PostmanRuntime/7.29.0\"\n"}
{"level":"info","message":"App now running on port 3001"}
{"level":"info","message":"::1 - - [22/Nov/2022:09:57:21 +0000] \"POST /user/verify HTTP/1.1\" 500 70 \"-\" \"PostmanRuntime/7.29.0\"\n"}
{"level":"info","message":"::1 - - [22/Nov/2022:09:57:33 +0000] \"POST /user/verify HTTP/1.1\" 422 35 \"-\" \"PostmanRuntime/7.29.0\"\n"}
{"level":"info","message":"::1 - - [22/Nov/2022:09:57:51 +0000] \"POST /user/verify HTTP/1.1\" 422 35 \"-\" \"PostmanRuntime/7.29.0\"\n"}
{"level":"info","message":"::1 - - [22/Nov/2022:09:58:05 +0000] \"POST /user/verify HTTP/1.1\" 422 35 \"-\" \"PostmanRuntime/7.29.0\"\n"}
{"level":"info","message":"App now running on port 3001"}
{"level":"info","message":"::1 - - [22/Nov/2022:09:58:48 +0000] \"POST /user/verify HTTP/1.1\" 422 35 \"-\" \"PostmanRuntime/7.29.0\"\n"}
{"level":"info","message":"App now running on port 3001"}
{"level":"info","message":"::1 - - [22/Nov/2022:10:00:44 +0000] \"POST /user/verify HTTP/1.1\" 422 35 \"-\" \"PostmanRuntime/7.29.0\"\n"}
{"level":"info","message":"::1 - - [22/Nov/2022:10:01:05 +0000] \"POST /user/verify HTTP/1.1\" 409 54 \"-\" \"PostmanRuntime/7.29.0\"\n"}
{"level":"info","message":"App now running on port 3001"}
{"level":"info","message":"App now running on port 3001"}
{"level":"info","message":"App now running on port 3001"}
{"level":"info","message":"App now running on port 3001"}
{"level":"info","message":"App now running on port 3001"}
{"level":"info","message":"App now running on port 3001"}
{"level":"info","message":"App now running on port 3001"}
{"level":"info","message":"App now running on port 3001"}
{"level":"info","message":"App now running on port 3001"}
{"level":"info","message":"App now running on port 3001"}
{"level":"info","message":"App now running on port 3001"}
{"level":"info","message":"App now running on port 3001"}
{"level":"info","message":"App now running on port 3001"}
{"level":"info","message":"App now running on port 3001"}
{"level":"info","message":"App now running on port 3001"}
{"level":"info","message":"App now running on port 3001"}
{"level":"info","message":"App now running on port 3001"}
{"level":"info","message":"App now running on port 3001"}
{"level":"info","message":"App now running on port 3001"}
{"level":"info","message":"App now running on port 3001"}
{"level":"info","message":"App now running on port 3001"}
{"level":"info","message":"App now running on port 3001"}
{"level":"info","message":"App now running on port 3001"}
{"level":"info","message":"App now running on port 3001"}
{"level":"info","message":"App now running on port 3001"}
{"level":"info","message":"App now running on port 3001"}
{"level":"info","message":"App now running on port 3001"}
{"level":"info","message":"App now running on port 3001"}
{"level":"info","message":"App now running on port 3001"}
{"level":"info","message":"App now running on port 3001"}
{"level":"info","message":"App now running on port 3001"}
{"level":"info","message":"App now running on port 3001"}
{"level":"info","message":"App now running on port 3001"}
{"level":"info","message":"App now running on port 3001"}
{"level":"info","message":"::1 - - [22/Nov/2022:12:02:41 +0000] \"POST /auth/passcode HTTP/1.1\" 500 77 \"-\" \"PostmanRuntime/7.29.0\"\n"}
{"level":"info","message":"App now running on port 3001"}
{"level":"info","message":"::1 - - [22/Nov/2022:12:04:18 +0000] \"POST /auth/passcode HTTP/1.1\" 500 77 \"-\" \"PostmanRuntime/7.29.0\"\n"}
{"level":"info","message":"::1 - - [22/Nov/2022:12:04:55 +0000] \"POST /auth/passcode HTTP/1.1\" 200 30 \"-\" \"PostmanRuntime/7.29.0\"\n"}
{"level":"info","message":"App now running on port 3001"}
{"level":"info","message":"App now running on port 3001"}
{"level":"info","message":"App now running on port 3001"}
{"level":"info","message":"App now running on port 3001"}
{"level":"info","message":"App now running on port 3001"}
{"level":"info","message":"App now running on port 3001"}
{"level":"info","message":"App now running on port 3001"}
{"date":"Tue Nov 22 2022 14:04:09 GMT+0100 (West Africa Standard Time)","error":{"diagnosticCodes":[2307,2613,2304,2304,2552,2552,2304]},"exception":true,"level":"error","message":"uncaughtException: ⨯ Unable to compile TypeScript:\n\u001b[96msrc/services/SessionService.ts\u001b[0m:\u001b[93m2\u001b[0m:\u001b[93m30\u001b[0m - \u001b[91merror\u001b[0m\u001b[90m TS2307: \u001b[0mCannot find module '../interfaces' or its corresponding type declarations.\r\n\r\n\u001b[7m2\u001b[0m import { IAuthPayload } from \"../interfaces\";\r\n\u001b[7m \u001b[0m \u001b[91m                             ~~~~~~~~~~~~~~~\u001b[0m\r\n\u001b[96msrc/services/SessionService.ts\u001b[0m:\u001b[93m3\u001b[0m:\u001b[93m8\u001b[0m - \u001b[91merror\u001b[0m\u001b[90m TS2613: \u001b[0mModule '\"C:/Users/USER/Desktop/lendQrApi/src/constants/DeviceMobileCategory\"' has no default export. Did you mean to use 'import { DeviceMobileCategory } from \"C:/Users/USER/Desktop/lendQrApi/src/constants/DeviceMobileCategory\"' instead?\r\n\r\n\u001b[7m3\u001b[0m import DeviceMobileCategory  from \"../constants/DeviceMobileCategory\";\r\n\u001b[7m \u001b[0m \u001b[91m       ~~~~~~~~~~~~~~~~~~~~\u001b[0m\r\n\u001b[96msrc/services/SessionService.ts\u001b[0m:\u001b[93m22\u001b[0m:\u001b[93m15\u001b[0m - \u001b[91merror\u001b[0m\u001b[90m TS2304: \u001b[0mCannot find name 'User'.\r\n\r\n\u001b[7m22\u001b[0m         user: User,\r\n\u001b[7m  \u001b[0m \u001b[91m              ~~~~\u001b[0m\r\n\u001b[96msrc/services/SessionService.ts\u001b[0m:\u001b[93m50\u001b[0m:\u001b[93m15\u001b[0m - \u001b[91merror\u001b[0m\u001b[90m TS2304: \u001b[0mCannot find name 'UserSession'.\r\n\r\n\u001b[7m50\u001b[0m     : Promise<UserSession> {\r\n\u001b[7m  \u001b[0m \u001b[91m              ~~~~~~~~~~~\u001b[0m\r\n\u001b[96msrc/services/SessionService.ts\u001b[0m:\u001b[93m52\u001b[0m:\u001b[93m33\u001b[0m - \u001b[91merror\u001b[0m\u001b[90m TS2552: \u001b[0mCannot find name 'UserSession'. Did you mean 'userSession'?\r\n\r\n\u001b[7m52\u001b[0m         let userSession = await UserSession.findOne({ where: { userId, platform } });\r\n\u001b[7m  \u001b[0m \u001b[91m                                ~~~~~~~~~~~\u001b[0m\r\n\r\n  \u001b[96msrc/services/SessionService.ts\u001b[0m:\u001b[93m52\u001b[0m:\u001b[93m13\u001b[0m\r\n    \u001b[7m52\u001b[0m         let userSession = await UserSession.findOne({ where: { userId, platform } });\r\n    \u001b[7m  \u001b[0m \u001b[96m            ~~~~~~~~~~~\u001b[0m\r\n    'userSession' is declared here.\r\n\u001b[96msrc/services/SessionService.ts\u001b[0m:\u001b[93m55\u001b[0m:\u001b[93m31\u001b[0m - \u001b[91merror\u001b[0m\u001b[90m TS2552: \u001b[0mCannot find name 'UserSession'. Did you mean 'userSession'?\r\n\r\n\u001b[7m55\u001b[0m             userSession = new UserSession();\r\n\u001b[7m  \u001b[0m \u001b[91m                              ~~~~~~~~~~~\u001b[0m\r\n\r\n  \u001b[96msrc/services/SessionService.ts\u001b[0m:\u001b[93m52\u001b[0m:\u001b[93m13\u001b[0m\r\n    \u001b[7m52\u001b[0m         let userSession = await UserSession.findOne({ where: { userId, platform } });\r\n    \u001b[7m  \u001b[0m \u001b[96m            ~~~~~~~~~~~\u001b[0m\r\n    'userSession' is declared here.\r\n\u001b[96msrc/services/SessionService.ts\u001b[0m:\u001b[93m70\u001b[0m:\u001b[93m57\u001b[0m - \u001b[91merror\u001b[0m\u001b[90m TS2304: \u001b[0mCannot find name 'User'.\r\n\r\n\u001b[7m70\u001b[0m     private static getAuthToken({ id, userType, role }: User, ttlInHours: number): string {\r\n\u001b[7m  \u001b[0m \u001b[91m                                                        ~~~~\u001b[0m\r\n\nTSError: ⨯ Unable to compile TypeScript:\n\u001b[96msrc/services/SessionService.ts\u001b[0m:\u001b[93m2\u001b[0m:\u001b[93m30\u001b[0m - \u001b[91merror\u001b[0m\u001b[90m TS2307: \u001b[0mCannot find module '../interfaces' or its corresponding type declarations.\r\n\r\n\u001b[7m2\u001b[0m import { IAuthPayload } from \"../interfaces\";\r\n\u001b[7m \u001b[0m \u001b[91m                             ~~~~~~~~~~~~~~~\u001b[0m\r\n\u001b[96msrc/services/SessionService.ts\u001b[0m:\u001b[93m3\u001b[0m:\u001b[93m8\u001b[0m - \u001b[91merror\u001b[0m\u001b[90m TS2613: \u001b[0mModule '\"C:/Users/USER/Desktop/lendQrApi/src/constants/DeviceMobileCategory\"' has no default export. Did you mean to use 'import { DeviceMobileCategory } from \"C:/Users/USER/Desktop/lendQrApi/src/constants/DeviceMobileCategory\"' instead?\r\n\r\n\u001b[7m3\u001b[0m import DeviceMobileCategory  from \"../constants/DeviceMobileCategory\";\r\n\u001b[7m \u001b[0m \u001b[91m       ~~~~~~~~~~~~~~~~~~~~\u001b[0m\r\n\u001b[96msrc/services/SessionService.ts\u001b[0m:\u001b[93m22\u001b[0m:\u001b[93m15\u001b[0m - \u001b[91merror\u001b[0m\u001b[90m TS2304: \u001b[0mCannot find name 'User'.\r\n\r\n\u001b[7m22\u001b[0m         user: User,\r\n\u001b[7m  \u001b[0m \u001b[91m              ~~~~\u001b[0m\r\n\u001b[96msrc/services/SessionService.ts\u001b[0m:\u001b[93m50\u001b[0m:\u001b[93m15\u001b[0m - \u001b[91merror\u001b[0m\u001b[90m TS2304: \u001b[0mCannot find name 'UserSession'.\r\n\r\n\u001b[7m50\u001b[0m     : Promise<UserSession> {\r\n\u001b[7m  \u001b[0m \u001b[91m              ~~~~~~~~~~~\u001b[0m\r\n\u001b[96msrc/services/SessionService.ts\u001b[0m:\u001b[93m52\u001b[0m:\u001b[93m33\u001b[0m - \u001b[91merror\u001b[0m\u001b[90m TS2552: \u001b[0mCannot find name 'UserSession'. Did you mean 'userSession'?\r\n\r\n\u001b[7m52\u001b[0m         let userSession = await UserSession.findOne({ where: { userId, platform } });\r\n\u001b[7m  \u001b[0m \u001b[91m                                ~~~~~~~~~~~\u001b[0m\r\n\r\n  \u001b[96msrc/services/SessionService.ts\u001b[0m:\u001b[93m52\u001b[0m:\u001b[93m13\u001b[0m\r\n    \u001b[7m52\u001b[0m         let userSession = await UserSession.findOne({ where: { userId, platform } });\r\n    \u001b[7m  \u001b[0m \u001b[96m            ~~~~~~~~~~~\u001b[0m\r\n    'userSession' is declared here.\r\n\u001b[96msrc/services/SessionService.ts\u001b[0m:\u001b[93m55\u001b[0m:\u001b[93m31\u001b[0m - \u001b[91merror\u001b[0m\u001b[90m TS2552: \u001b[0mCannot find name 'UserSession'. Did you mean 'userSession'?\r\n\r\n\u001b[7m55\u001b[0m             userSession = new UserSession();\r\n\u001b[7m  \u001b[0m \u001b[91m                              ~~~~~~~~~~~\u001b[0m\r\n\r\n  \u001b[96msrc/services/SessionService.ts\u001b[0m:\u001b[93m52\u001b[0m:\u001b[93m13\u001b[0m\r\n    \u001b[7m52\u001b[0m         let userSession = await UserSession.findOne({ where: { userId, platform } });\r\n    \u001b[7m  \u001b[0m \u001b[96m            ~~~~~~~~~~~\u001b[0m\r\n    'userSession' is declared here.\r\n\u001b[96msrc/services/SessionService.ts\u001b[0m:\u001b[93m70\u001b[0m:\u001b[93m57\u001b[0m - \u001b[91merror\u001b[0m\u001b[90m TS2304: \u001b[0mCannot find name 'User'.\r\n\r\n\u001b[7m70\u001b[0m     private static getAuthToken({ id, userType, role }: User, ttlInHours: number): string {\r\n\u001b[7m  \u001b[0m \u001b[91m                                                        ~~~~\u001b[0m\r\n\n    at createTSError (C:\\Users\\USER\\Desktop\\lendQrApi\\node_modules\\ts-node\\src\\index.ts:859:12)\n    at reportTSError (C:\\Users\\USER\\Desktop\\lendQrApi\\node_modules\\ts-node\\src\\index.ts:863:19)\n    at getOutput (C:\\Users\\USER\\Desktop\\lendQrApi\\node_modules\\ts-node\\src\\index.ts:1077:36)\n    at Object.compile (C:\\Users\\USER\\Desktop\\lendQrApi\\node_modules\\ts-node\\src\\index.ts:1433:41)\n    at Module.m._compile (C:\\Users\\USER\\Desktop\\lendQrApi\\node_modules\\ts-node\\src\\index.ts:1617:30)\n    at Module._extensions..js (node:internal/modules/cjs/loader:1174:10)\n    at Object.require.extensions.<computed> [as .ts] (C:\\Users\\USER\\Desktop\\lendQrApi\\node_modules\\ts-node\\src\\index.ts:1621:12)\n    at Module.load (node:internal/modules/cjs/loader:998:32)\n    at Function.Module._load (node:internal/modules/cjs/loader:839:12)\n    at Module.require (node:internal/modules/cjs/loader:1022:19)","os":{"loadavg":[0,0,0],"uptime":856249},"process":{"argv":["C:\\Users\\USER\\Desktop\\lendQrApi\\node_modules\\ts-node\\dist\\bin.js","C:\\Users\\USER\\Desktop\\lendQrApi\\src\\index.ts"],"cwd":"C:\\Users\\USER\\Desktop\\lendQrApi","execPath":"C:\\Program Files\\nodejs\\node.exe","gid":null,"memoryUsage":{"arrayBuffers":2026860,"external":3528137,"heapTotal":198885376,"heapUsed":162836576,"rss":234717184},"pid":6872,"uid":null,"version":"v18.7.0"},"stack":"TSError: ⨯ Unable to compile TypeScript:\n\u001b[96msrc/services/SessionService.ts\u001b[0m:\u001b[93m2\u001b[0m:\u001b[93m30\u001b[0m - \u001b[91merror\u001b[0m\u001b[90m TS2307: \u001b[0mCannot find module '../interfaces' or its corresponding type declarations.\r\n\r\n\u001b[7m2\u001b[0m import { IAuthPayload } from \"../interfaces\";\r\n\u001b[7m \u001b[0m \u001b[91m                             ~~~~~~~~~~~~~~~\u001b[0m\r\n\u001b[96msrc/services/SessionService.ts\u001b[0m:\u001b[93m3\u001b[0m:\u001b[93m8\u001b[0m - \u001b[91merror\u001b[0m\u001b[90m TS2613: \u001b[0mModule '\"C:/Users/USER/Desktop/lendQrApi/src/constants/DeviceMobileCategory\"' has no default export. Did you mean to use 'import { DeviceMobileCategory } from \"C:/Users/USER/Desktop/lendQrApi/src/constants/DeviceMobileCategory\"' instead?\r\n\r\n\u001b[7m3\u001b[0m import DeviceMobileCategory  from \"../constants/DeviceMobileCategory\";\r\n\u001b[7m \u001b[0m \u001b[91m       ~~~~~~~~~~~~~~~~~~~~\u001b[0m\r\n\u001b[96msrc/services/SessionService.ts\u001b[0m:\u001b[93m22\u001b[0m:\u001b[93m15\u001b[0m - \u001b[91merror\u001b[0m\u001b[90m TS2304: \u001b[0mCannot find name 'User'.\r\n\r\n\u001b[7m22\u001b[0m         user: User,\r\n\u001b[7m  \u001b[0m \u001b[91m              ~~~~\u001b[0m\r\n\u001b[96msrc/services/SessionService.ts\u001b[0m:\u001b[93m50\u001b[0m:\u001b[93m15\u001b[0m - \u001b[91merror\u001b[0m\u001b[90m TS2304: \u001b[0mCannot find name 'UserSession'.\r\n\r\n\u001b[7m50\u001b[0m     : Promise<UserSession> {\r\n\u001b[7m  \u001b[0m \u001b[91m              ~~~~~~~~~~~\u001b[0m\r\n\u001b[96msrc/services/SessionService.ts\u001b[0m:\u001b[93m52\u001b[0m:\u001b[93m33\u001b[0m - \u001b[91merror\u001b[0m\u001b[90m TS2552: \u001b[0mCannot find name 'UserSession'. Did you mean 'userSession'?\r\n\r\n\u001b[7m52\u001b[0m         let userSession = await UserSession.findOne({ where: { userId, platform } });\r\n\u001b[7m  \u001b[0m \u001b[91m                                ~~~~~~~~~~~\u001b[0m\r\n\r\n  \u001b[96msrc/services/SessionService.ts\u001b[0m:\u001b[93m52\u001b[0m:\u001b[93m13\u001b[0m\r\n    \u001b[7m52\u001b[0m         let userSession = await UserSession.findOne({ where: { userId, platform } });\r\n    \u001b[7m  \u001b[0m \u001b[96m            ~~~~~~~~~~~\u001b[0m\r\n    'userSession' is declared here.\r\n\u001b[96msrc/services/SessionService.ts\u001b[0m:\u001b[93m55\u001b[0m:\u001b[93m31\u001b[0m - \u001b[91merror\u001b[0m\u001b[90m TS2552: \u001b[0mCannot find name 'UserSession'. Did you mean 'userSession'?\r\n\r\n\u001b[7m55\u001b[0m             userSession = new UserSession();\r\n\u001b[7m  \u001b[0m \u001b[91m                              ~~~~~~~~~~~\u001b[0m\r\n\r\n  \u001b[96msrc/services/SessionService.ts\u001b[0m:\u001b[93m52\u001b[0m:\u001b[93m13\u001b[0m\r\n    \u001b[7m52\u001b[0m         let userSession = await UserSession.findOne({ where: { userId, platform } });\r\n    \u001b[7m  \u001b[0m \u001b[96m            ~~~~~~~~~~~\u001b[0m\r\n    'userSession' is declared here.\r\n\u001b[96msrc/services/SessionService.ts\u001b[0m:\u001b[93m70\u001b[0m:\u001b[93m57\u001b[0m - \u001b[91merror\u001b[0m\u001b[90m TS2304: \u001b[0mCannot find name 'User'.\r\n\r\n\u001b[7m70\u001b[0m     private static getAuthToken({ id, userType, role }: User, ttlInHours: number): string {\r\n\u001b[7m  \u001b[0m \u001b[91m                                                        ~~~~\u001b[0m\r\n\n    at createTSError (C:\\Users\\USER\\Desktop\\lendQrApi\\node_modules\\ts-node\\src\\index.ts:859:12)\n    at reportTSError (C:\\Users\\USER\\Desktop\\lendQrApi\\node_modules\\ts-node\\src\\index.ts:863:19)\n    at getOutput (C:\\Users\\USER\\Desktop\\lendQrApi\\node_modules\\ts-node\\src\\index.ts:1077:36)\n    at Object.compile (C:\\Users\\USER\\Desktop\\lendQrApi\\node_modules\\ts-node\\src\\index.ts:1433:41)\n    at Module.m._compile (C:\\Users\\USER\\Desktop\\lendQrApi\\node_modules\\ts-node\\src\\index.ts:1617:30)\n    at Module._extensions..js (node:internal/modules/cjs/loader:1174:10)\n    at Object.require.extensions.<computed> [as .ts] (C:\\Users\\USER\\Desktop\\lendQrApi\\node_modules\\ts-node\\src\\index.ts:1621:12)\n    at Module.load (node:internal/modules/cjs/loader:998:32)\n    at Function.Module._load (node:internal/modules/cjs/loader:839:12)\n    at Module.require (node:internal/modules/cjs/loader:1022:19)","trace":[{"column":12,"file":"C:\\Users\\USER\\Desktop\\lendQrApi\\node_modules\\ts-node\\src\\index.ts","function":"createTSError","line":859,"method":null,"native":false},{"column":19,"file":"C:\\Users\\USER\\Desktop\\lendQrApi\\node_modules\\ts-node\\src\\index.ts","function":"reportTSError","line":863,"method":null,"native":false},{"column":36,"file":"C:\\Users\\USER\\Desktop\\lendQrApi\\node_modules\\ts-node\\src\\index.ts","function":"getOutput","line":1077,"method":null,"native":false},{"column":41,"file":"C:\\Users\\USER\\Desktop\\lendQrApi\\node_modules\\ts-node\\src\\index.ts","function":"Object.compile","line":1433,"method":"compile","native":false},{"column":30,"file":"C:\\Users\\USER\\Desktop\\lendQrApi\\node_modules\\ts-node\\src\\index.ts","function":"Module.m._compile","line":1617,"method":"_compile","native":false},{"column":10,"file":"node:internal/modules/cjs/loader","function":"Module._extensions..js","line":1174,"method":".js","native":false},{"column":12,"file":"C:\\Users\\USER\\Desktop\\lendQrApi\\node_modules\\ts-node\\src\\index.ts","function":"Object.require.extensions.<computed> [as .ts]","line":1621,"method":"ts]","native":false},{"column":32,"file":"node:internal/modules/cjs/loader","function":"Module.load","line":998,"method":"load","native":false},{"column":12,"file":"node:internal/modules/cjs/loader","function":"Module._load","line":839,"method":"_load","native":false},{"column":19,"file":"node:internal/modules/cjs/loader","function":"Module.require","line":1022,"method":"require","native":false}]}
{"date":"Tue Nov 22 2022 14:04:09 GMT+0100 (West Africa Standard Time)","error":{"diagnosticCodes":[2307,2613,2304,2304,2552,2552,2304]},"exception":true,"level":"error","message":"uncaughtException: ⨯ Unable to compile TypeScript:\n\u001b[96msrc/services/SessionService.ts\u001b[0m:\u001b[93m2\u001b[0m:\u001b[93m30\u001b[0m - \u001b[91merror\u001b[0m\u001b[90m TS2307: \u001b[0mCannot find module '../interfaces' or its corresponding type declarations.\r\n\r\n\u001b[7m2\u001b[0m import { IAuthPayload } from \"../interfaces\";\r\n\u001b[7m \u001b[0m \u001b[91m                             ~~~~~~~~~~~~~~~\u001b[0m\r\n\u001b[96msrc/services/SessionService.ts\u001b[0m:\u001b[93m3\u001b[0m:\u001b[93m8\u001b[0m - \u001b[91merror\u001b[0m\u001b[90m TS2613: \u001b[0mModule '\"C:/Users/USER/Desktop/lendQrApi/src/constants/DeviceMobileCategory\"' has no default export. Did you mean to use 'import { DeviceMobileCategory } from \"C:/Users/USER/Desktop/lendQrApi/src/constants/DeviceMobileCategory\"' instead?\r\n\r\n\u001b[7m3\u001b[0m import DeviceMobileCategory  from \"../constants/DeviceMobileCategory\";\r\n\u001b[7m \u001b[0m \u001b[91m       ~~~~~~~~~~~~~~~~~~~~\u001b[0m\r\n\u001b[96msrc/services/SessionService.ts\u001b[0m:\u001b[93m22\u001b[0m:\u001b[93m15\u001b[0m - \u001b[91merror\u001b[0m\u001b[90m TS2304: \u001b[0mCannot find name 'User'.\r\n\r\n\u001b[7m22\u001b[0m         user: User,\r\n\u001b[7m  \u001b[0m \u001b[91m              ~~~~\u001b[0m\r\n\u001b[96msrc/services/SessionService.ts\u001b[0m:\u001b[93m50\u001b[0m:\u001b[93m15\u001b[0m - \u001b[91merror\u001b[0m\u001b[90m TS2304: \u001b[0mCannot find name 'UserSession'.\r\n\r\n\u001b[7m50\u001b[0m     : Promise<UserSession> {\r\n\u001b[7m  \u001b[0m \u001b[91m              ~~~~~~~~~~~\u001b[0m\r\n\u001b[96msrc/services/SessionService.ts\u001b[0m:\u001b[93m52\u001b[0m:\u001b[93m33\u001b[0m - \u001b[91merror\u001b[0m\u001b[90m TS2552: \u001b[0mCannot find name 'UserSession'. Did you mean 'userSession'?\r\n\r\n\u001b[7m52\u001b[0m         let userSession = await UserSession.findOne({ where: { userId, platform } });\r\n\u001b[7m  \u001b[0m \u001b[91m                                ~~~~~~~~~~~\u001b[0m\r\n\r\n  \u001b[96msrc/services/SessionService.ts\u001b[0m:\u001b[93m52\u001b[0m:\u001b[93m13\u001b[0m\r\n    \u001b[7m52\u001b[0m         let userSession = await UserSession.findOne({ where: { userId, platform } });\r\n    \u001b[7m  \u001b[0m \u001b[96m            ~~~~~~~~~~~\u001b[0m\r\n    'userSession' is declared here.\r\n\u001b[96msrc/services/SessionService.ts\u001b[0m:\u001b[93m55\u001b[0m:\u001b[93m31\u001b[0m - \u001b[91merror\u001b[0m\u001b[90m TS2552: \u001b[0mCannot find name 'UserSession'. Did you mean 'userSession'?\r\n\r\n\u001b[7m55\u001b[0m             userSession = new UserSession();\r\n\u001b[7m  \u001b[0m \u001b[91m                              ~~~~~~~~~~~\u001b[0m\r\n\r\n  \u001b[96msrc/services/SessionService.ts\u001b[0m:\u001b[93m52\u001b[0m:\u001b[93m13\u001b[0m\r\n    \u001b[7m52\u001b[0m         let userSession = await UserSession.findOne({ where: { userId, platform } });\r\n    \u001b[7m  \u001b[0m \u001b[96m            ~~~~~~~~~~~\u001b[0m\r\n    'userSession' is declared here.\r\n\u001b[96msrc/services/SessionService.ts\u001b[0m:\u001b[93m70\u001b[0m:\u001b[93m57\u001b[0m - \u001b[91merror\u001b[0m\u001b[90m TS2304: \u001b[0mCannot find name 'User'.\r\n\r\n\u001b[7m70\u001b[0m     private static getAuthToken({ id, userType, role }: User, ttlInHours: number): string {\r\n\u001b[7m  \u001b[0m \u001b[91m                                                        ~~~~\u001b[0m\r\n\nTSError: ⨯ Unable to compile TypeScript:\n\u001b[96msrc/services/SessionService.ts\u001b[0m:\u001b[93m2\u001b[0m:\u001b[93m30\u001b[0m - \u001b[91merror\u001b[0m\u001b[90m TS2307: \u001b[0mCannot find module '../interfaces' or its corresponding type declarations.\r\n\r\n\u001b[7m2\u001b[0m import { IAuthPayload } from \"../interfaces\";\r\n\u001b[7m \u001b[0m \u001b[91m                             ~~~~~~~~~~~~~~~\u001b[0m\r\n\u001b[96msrc/services/SessionService.ts\u001b[0m:\u001b[93m3\u001b[0m:\u001b[93m8\u001b[0m - \u001b[91merror\u001b[0m\u001b[90m TS2613: \u001b[0mModule '\"C:/Users/USER/Desktop/lendQrApi/src/constants/DeviceMobileCategory\"' has no default export. Did you mean to use 'import { DeviceMobileCategory } from \"C:/Users/USER/Desktop/lendQrApi/src/constants/DeviceMobileCategory\"' instead?\r\n\r\n\u001b[7m3\u001b[0m import DeviceMobileCategory  from \"../constants/DeviceMobileCategory\";\r\n\u001b[7m \u001b[0m \u001b[91m       ~~~~~~~~~~~~~~~~~~~~\u001b[0m\r\n\u001b[96msrc/services/SessionService.ts\u001b[0m:\u001b[93m22\u001b[0m:\u001b[93m15\u001b[0m - \u001b[91merror\u001b[0m\u001b[90m TS2304: \u001b[0mCannot find name 'User'.\r\n\r\n\u001b[7m22\u001b[0m         user: User,\r\n\u001b[7m  \u001b[0m \u001b[91m              ~~~~\u001b[0m\r\n\u001b[96msrc/services/SessionService.ts\u001b[0m:\u001b[93m50\u001b[0m:\u001b[93m15\u001b[0m - \u001b[91merror\u001b[0m\u001b[90m TS2304: \u001b[0mCannot find name 'UserSession'.\r\n\r\n\u001b[7m50\u001b[0m     : Promise<UserSession> {\r\n\u001b[7m  \u001b[0m \u001b[91m              ~~~~~~~~~~~\u001b[0m\r\n\u001b[96msrc/services/SessionService.ts\u001b[0m:\u001b[93m52\u001b[0m:\u001b[93m33\u001b[0m - \u001b[91merror\u001b[0m\u001b[90m TS2552: \u001b[0mCannot find name 'UserSession'. Did you mean 'userSession'?\r\n\r\n\u001b[7m52\u001b[0m         let userSession = await UserSession.findOne({ where: { userId, platform } });\r\n\u001b[7m  \u001b[0m \u001b[91m                                ~~~~~~~~~~~\u001b[0m\r\n\r\n  \u001b[96msrc/services/SessionService.ts\u001b[0m:\u001b[93m52\u001b[0m:\u001b[93m13\u001b[0m\r\n    \u001b[7m52\u001b[0m         let userSession = await UserSession.findOne({ where: { userId, platform } });\r\n    \u001b[7m  \u001b[0m \u001b[96m            ~~~~~~~~~~~\u001b[0m\r\n    'userSession' is declared here.\r\n\u001b[96msrc/services/SessionService.ts\u001b[0m:\u001b[93m55\u001b[0m:\u001b[93m31\u001b[0m - \u001b[91merror\u001b[0m\u001b[90m TS2552: \u001b[0mCannot find name 'UserSession'. Did you mean 'userSession'?\r\n\r\n\u001b[7m55\u001b[0m             userSession = new UserSession();\r\n\u001b[7m  \u001b[0m \u001b[91m                              ~~~~~~~~~~~\u001b[0m\r\n\r\n  \u001b[96msrc/services/SessionService.ts\u001b[0m:\u001b[93m52\u001b[0m:\u001b[93m13\u001b[0m\r\n    \u001b[7m52\u001b[0m         let userSession = await UserSession.findOne({ where: { userId, platform } });\r\n    \u001b[7m  \u001b[0m \u001b[96m            ~~~~~~~~~~~\u001b[0m\r\n    'userSession' is declared here.\r\n\u001b[96msrc/services/SessionService.ts\u001b[0m:\u001b[93m70\u001b[0m:\u001b[93m57\u001b[0m - \u001b[91merror\u001b[0m\u001b[90m TS2304: \u001b[0mCannot find name 'User'.\r\n\r\n\u001b[7m70\u001b[0m     private static getAuthToken({ id, userType, role }: User, ttlInHours: number): string {\r\n\u001b[7m  \u001b[0m \u001b[91m                                                        ~~~~\u001b[0m\r\n\n    at createTSError (C:\\Users\\USER\\Desktop\\lendQrApi\\node_modules\\ts-node\\src\\index.ts:859:12)\n    at reportTSError (C:\\Users\\USER\\Desktop\\lendQrApi\\node_modules\\ts-node\\src\\index.ts:863:19)\n    at getOutput (C:\\Users\\USER\\Desktop\\lendQrApi\\node_modules\\ts-node\\src\\index.ts:1077:36)\n    at Object.compile (C:\\Users\\USER\\Desktop\\lendQrApi\\node_modules\\ts-node\\src\\index.ts:1433:41)\n    at Module.m._compile (C:\\Users\\USER\\Desktop\\lendQrApi\\node_modules\\ts-node\\src\\index.ts:1617:30)\n    at Module._extensions..js (node:internal/modules/cjs/loader:1174:10)\n    at Object.require.extensions.<computed> [as .ts] (C:\\Users\\USER\\Desktop\\lendQrApi\\node_modules\\ts-node\\src\\index.ts:1621:12)\n    at Module.load (node:internal/modules/cjs/loader:998:32)\n    at Function.Module._load (node:internal/modules/cjs/loader:839:12)\n    at Module.require (node:internal/modules/cjs/loader:1022:19)","os":{"loadavg":[0,0,0],"uptime":856249},"process":{"argv":["C:\\Users\\USER\\Desktop\\lendQrApi\\node_modules\\ts-node\\dist\\bin.js","C:\\Users\\USER\\Desktop\\lendQrApi\\src\\index.ts"],"cwd":"C:\\Users\\USER\\Desktop\\lendQrApi","execPath":"C:\\Program Files\\nodejs\\node.exe","gid":null,"memoryUsage":{"arrayBuffers":2041248,"external":3542565,"heapTotal":198885376,"heapUsed":163088352,"rss":234958848},"pid":6872,"uid":null,"version":"v18.7.0"},"stack":"TSError: ⨯ Unable to compile TypeScript:\n\u001b[96msrc/services/SessionService.ts\u001b[0m:\u001b[93m2\u001b[0m:\u001b[93m30\u001b[0m - \u001b[91merror\u001b[0m\u001b[90m TS2307: \u001b[0mCannot find module '../interfaces' or its corresponding type declarations.\r\n\r\n\u001b[7m2\u001b[0m import { IAuthPayload } from \"../interfaces\";\r\n\u001b[7m \u001b[0m \u001b[91m                             ~~~~~~~~~~~~~~~\u001b[0m\r\n\u001b[96msrc/services/SessionService.ts\u001b[0m:\u001b[93m3\u001b[0m:\u001b[93m8\u001b[0m - \u001b[91merror\u001b[0m\u001b[90m TS2613: \u001b[0mModule '\"C:/Users/USER/Desktop/lendQrApi/src/constants/DeviceMobileCategory\"' has no default export. Did you mean to use 'import { DeviceMobileCategory } from \"C:/Users/USER/Desktop/lendQrApi/src/constants/DeviceMobileCategory\"' instead?\r\n\r\n\u001b[7m3\u001b[0m import DeviceMobileCategory  from \"../constants/DeviceMobileCategory\";\r\n\u001b[7m \u001b[0m \u001b[91m       ~~~~~~~~~~~~~~~~~~~~\u001b[0m\r\n\u001b[96msrc/services/SessionService.ts\u001b[0m:\u001b[93m22\u001b[0m:\u001b[93m15\u001b[0m - \u001b[91merror\u001b[0m\u001b[90m TS2304: \u001b[0mCannot find name 'User'.\r\n\r\n\u001b[7m22\u001b[0m         user: User,\r\n\u001b[7m  \u001b[0m \u001b[91m              ~~~~\u001b[0m\r\n\u001b[96msrc/services/SessionService.ts\u001b[0m:\u001b[93m50\u001b[0m:\u001b[93m15\u001b[0m - \u001b[91merror\u001b[0m\u001b[90m TS2304: \u001b[0mCannot find name 'UserSession'.\r\n\r\n\u001b[7m50\u001b[0m     : Promise<UserSession> {\r\n\u001b[7m  \u001b[0m \u001b[91m              ~~~~~~~~~~~\u001b[0m\r\n\u001b[96msrc/services/SessionService.ts\u001b[0m:\u001b[93m52\u001b[0m:\u001b[93m33\u001b[0m - \u001b[91merror\u001b[0m\u001b[90m TS2552: \u001b[0mCannot find name 'UserSession'. Did you mean 'userSession'?\r\n\r\n\u001b[7m52\u001b[0m         let userSession = await UserSession.findOne({ where: { userId, platform } });\r\n\u001b[7m  \u001b[0m \u001b[91m                                ~~~~~~~~~~~\u001b[0m\r\n\r\n  \u001b[96msrc/services/SessionService.ts\u001b[0m:\u001b[93m52\u001b[0m:\u001b[93m13\u001b[0m\r\n    \u001b[7m52\u001b[0m         let userSession = await UserSession.findOne({ where: { userId, platform } });\r\n    \u001b[7m  \u001b[0m \u001b[96m            ~~~~~~~~~~~\u001b[0m\r\n    'userSession' is declared here.\r\n\u001b[96msrc/services/SessionService.ts\u001b[0m:\u001b[93m55\u001b[0m:\u001b[93m31\u001b[0m - \u001b[91merror\u001b[0m\u001b[90m TS2552: \u001b[0mCannot find name 'UserSession'. Did you mean 'userSession'?\r\n\r\n\u001b[7m55\u001b[0m             userSession = new UserSession();\r\n\u001b[7m  \u001b[0m \u001b[91m                              ~~~~~~~~~~~\u001b[0m\r\n\r\n  \u001b[96msrc/services/SessionService.ts\u001b[0m:\u001b[93m52\u001b[0m:\u001b[93m13\u001b[0m\r\n    \u001b[7m52\u001b[0m         let userSession = await UserSession.findOne({ where: { userId, platform } });\r\n    \u001b[7m  \u001b[0m \u001b[96m            ~~~~~~~~~~~\u001b[0m\r\n    'userSession' is declared here.\r\n\u001b[96msrc/services/SessionService.ts\u001b[0m:\u001b[93m70\u001b[0m:\u001b[93m57\u001b[0m - \u001b[91merror\u001b[0m\u001b[90m TS2304: \u001b[0mCannot find name 'User'.\r\n\r\n\u001b[7m70\u001b[0m     private static getAuthToken({ id, userType, role }: User, ttlInHours: number): string {\r\n\u001b[7m  \u001b[0m \u001b[91m                                                        ~~~~\u001b[0m\r\n\n    at createTSError (C:\\Users\\USER\\Desktop\\lendQrApi\\node_modules\\ts-node\\src\\index.ts:859:12)\n    at reportTSError (C:\\Users\\USER\\Desktop\\lendQrApi\\node_modules\\ts-node\\src\\index.ts:863:19)\n    at getOutput (C:\\Users\\USER\\Desktop\\lendQrApi\\node_modules\\ts-node\\src\\index.ts:1077:36)\n    at Object.compile (C:\\Users\\USER\\Desktop\\lendQrApi\\node_modules\\ts-node\\src\\index.ts:1433:41)\n    at Module.m._compile (C:\\Users\\USER\\Desktop\\lendQrApi\\node_modules\\ts-node\\src\\index.ts:1617:30)\n    at Module._extensions..js (node:internal/modules/cjs/loader:1174:10)\n    at Object.require.extensions.<computed> [as .ts] (C:\\Users\\USER\\Desktop\\lendQrApi\\node_modules\\ts-node\\src\\index.ts:1621:12)\n    at Module.load (node:internal/modules/cjs/loader:998:32)\n    at Function.Module._load (node:internal/modules/cjs/loader:839:12)\n    at Module.require (node:internal/modules/cjs/loader:1022:19)","trace":[{"column":12,"file":"C:\\Users\\USER\\Desktop\\lendQrApi\\node_modules\\ts-node\\src\\index.ts","function":"createTSError","line":859,"method":null,"native":false},{"column":19,"file":"C:\\Users\\USER\\Desktop\\lendQrApi\\node_modules\\ts-node\\src\\index.ts","function":"reportTSError","line":863,"method":null,"native":false},{"column":36,"file":"C:\\Users\\USER\\Desktop\\lendQrApi\\node_modules\\ts-node\\src\\index.ts","function":"getOutput","line":1077,"method":null,"native":false},{"column":41,"file":"C:\\Users\\USER\\Desktop\\lendQrApi\\node_modules\\ts-node\\src\\index.ts","function":"Object.compile","line":1433,"method":"compile","native":false},{"column":30,"file":"C:\\Users\\USER\\Desktop\\lendQrApi\\node_modules\\ts-node\\src\\index.ts","function":"Module.m._compile","line":1617,"method":"_compile","native":false},{"column":10,"file":"node:internal/modules/cjs/loader","function":"Module._extensions..js","line":1174,"method":".js","native":false},{"column":12,"file":"C:\\Users\\USER\\Desktop\\lendQrApi\\node_modules\\ts-node\\src\\index.ts","function":"Object.require.extensions.<computed> [as .ts]","line":1621,"method":"ts]","native":false},{"column":32,"file":"node:internal/modules/cjs/loader","function":"Module.load","line":998,"method":"load","native":false},{"column":12,"file":"node:internal/modules/cjs/loader","function":"Module._load","line":839,"method":"_load","native":false},{"column":19,"file":"node:internal/modules/cjs/loader","function":"Module.require","line":1022,"method":"require","native":false}]}
{"date":"Tue Nov 22 2022 14:07:11 GMT+0100 (West Africa Standard Time)","error":{"diagnosticCodes":[2307,2613,2304,2304,2552,2552,2304]},"exception":true,"level":"error","message":"uncaughtException: ⨯ Unable to compile TypeScript:\n\u001b[96msrc/services/SessionService.ts\u001b[0m:\u001b[93m2\u001b[0m:\u001b[93m30\u001b[0m - \u001b[91merror\u001b[0m\u001b[90m TS2307: \u001b[0mCannot find module '../interfaces' or its corresponding type declarations.\r\n\r\n\u001b[7m2\u001b[0m import { IAuthPayload } from \"../interfaces\";\r\n\u001b[7m \u001b[0m \u001b[91m                             ~~~~~~~~~~~~~~~\u001b[0m\r\n\u001b[96msrc/services/SessionService.ts\u001b[0m:\u001b[93m3\u001b[0m:\u001b[93m8\u001b[0m - \u001b[91merror\u001b[0m\u001b[90m TS2613: \u001b[0mModule '\"C:/Users/USER/Desktop/lendQrApi/src/constants/DeviceMobileCategory\"' has no default export. Did you mean to use 'import { DeviceMobileCategory } from \"C:/Users/USER/Desktop/lendQrApi/src/constants/DeviceMobileCategory\"' instead?\r\n\r\n\u001b[7m3\u001b[0m import DeviceMobileCategory  from \"../constants/DeviceMobileCategory\";\r\n\u001b[7m \u001b[0m \u001b[91m       ~~~~~~~~~~~~~~~~~~~~\u001b[0m\r\n\u001b[96msrc/services/SessionService.ts\u001b[0m:\u001b[93m22\u001b[0m:\u001b[93m15\u001b[0m - \u001b[91merror\u001b[0m\u001b[90m TS2304: \u001b[0mCannot find name 'User'.\r\n\r\n\u001b[7m22\u001b[0m         user: User,\r\n\u001b[7m  \u001b[0m \u001b[91m              ~~~~\u001b[0m\r\n\u001b[96msrc/services/SessionService.ts\u001b[0m:\u001b[93m50\u001b[0m:\u001b[93m15\u001b[0m - \u001b[91merror\u001b[0m\u001b[90m TS2304: \u001b[0mCannot find name 'UserSession'.\r\n\r\n\u001b[7m50\u001b[0m     : Promise<UserSession> {\r\n\u001b[7m  \u001b[0m \u001b[91m              ~~~~~~~~~~~\u001b[0m\r\n\u001b[96msrc/services/SessionService.ts\u001b[0m:\u001b[93m52\u001b[0m:\u001b[93m33\u001b[0m - \u001b[91merror\u001b[0m\u001b[90m TS2552: \u001b[0mCannot find name 'UserSession'. Did you mean 'userSession'?\r\n\r\n\u001b[7m52\u001b[0m         let userSession = await UserSession.findOne({ where: { userId, platform } });\r\n\u001b[7m  \u001b[0m \u001b[91m                                ~~~~~~~~~~~\u001b[0m\r\n\r\n  \u001b[96msrc/services/SessionService.ts\u001b[0m:\u001b[93m52\u001b[0m:\u001b[93m13\u001b[0m\r\n    \u001b[7m52\u001b[0m         let userSession = await UserSession.findOne({ where: { userId, platform } });\r\n    \u001b[7m  \u001b[0m \u001b[96m            ~~~~~~~~~~~\u001b[0m\r\n    'userSession' is declared here.\r\n\u001b[96msrc/services/SessionService.ts\u001b[0m:\u001b[93m55\u001b[0m:\u001b[93m31\u001b[0m - \u001b[91merror\u001b[0m\u001b[90m TS2552: \u001b[0mCannot find name 'UserSession'. Did you mean 'userSession'?\r\n\r\n\u001b[7m55\u001b[0m             userSession = new UserSession();\r\n\u001b[7m  \u001b[0m \u001b[91m                              ~~~~~~~~~~~\u001b[0m\r\n\r\n  \u001b[96msrc/services/SessionService.ts\u001b[0m:\u001b[93m52\u001b[0m:\u001b[93m13\u001b[0m\r\n    \u001b[7m52\u001b[0m         let userSession = await UserSession.findOne({ where: { userId, platform } });\r\n    \u001b[7m  \u001b[0m \u001b[96m            ~~~~~~~~~~~\u001b[0m\r\n    'userSession' is declared here.\r\n\u001b[96msrc/services/SessionService.ts\u001b[0m:\u001b[93m70\u001b[0m:\u001b[93m57\u001b[0m - \u001b[91merror\u001b[0m\u001b[90m TS2304: \u001b[0mCannot find name 'User'.\r\n\r\n\u001b[7m70\u001b[0m     private static getAuthToken({ id, userType, role }: User, ttlInHours: number): string {\r\n\u001b[7m  \u001b[0m \u001b[91m                                                        ~~~~\u001b[0m\r\n\nTSError: ⨯ Unable to compile TypeScript:\n\u001b[96msrc/services/SessionService.ts\u001b[0m:\u001b[93m2\u001b[0m:\u001b[93m30\u001b[0m - \u001b[91merror\u001b[0m\u001b[90m TS2307: \u001b[0mCannot find module '../interfaces' or its corresponding type declarations.\r\n\r\n\u001b[7m2\u001b[0m import { IAuthPayload } from \"../interfaces\";\r\n\u001b[7m \u001b[0m \u001b[91m                             ~~~~~~~~~~~~~~~\u001b[0m\r\n\u001b[96msrc/services/SessionService.ts\u001b[0m:\u001b[93m3\u001b[0m:\u001b[93m8\u001b[0m - \u001b[91merror\u001b[0m\u001b[90m TS2613: \u001b[0mModule '\"C:/Users/USER/Desktop/lendQrApi/src/constants/DeviceMobileCategory\"' has no default export. Did you mean to use 'import { DeviceMobileCategory } from \"C:/Users/USER/Desktop/lendQrApi/src/constants/DeviceMobileCategory\"' instead?\r\n\r\n\u001b[7m3\u001b[0m import DeviceMobileCategory  from \"../constants/DeviceMobileCategory\";\r\n\u001b[7m \u001b[0m \u001b[91m       ~~~~~~~~~~~~~~~~~~~~\u001b[0m\r\n\u001b[96msrc/services/SessionService.ts\u001b[0m:\u001b[93m22\u001b[0m:\u001b[93m15\u001b[0m - \u001b[91merror\u001b[0m\u001b[90m TS2304: \u001b[0mCannot find name 'User'.\r\n\r\n\u001b[7m22\u001b[0m         user: User,\r\n\u001b[7m  \u001b[0m \u001b[91m              ~~~~\u001b[0m\r\n\u001b[96msrc/services/SessionService.ts\u001b[0m:\u001b[93m50\u001b[0m:\u001b[93m15\u001b[0m - \u001b[91merror\u001b[0m\u001b[90m TS2304: \u001b[0mCannot find name 'UserSession'.\r\n\r\n\u001b[7m50\u001b[0m     : Promise<UserSession> {\r\n\u001b[7m  \u001b[0m \u001b[91m              ~~~~~~~~~~~\u001b[0m\r\n\u001b[96msrc/services/SessionService.ts\u001b[0m:\u001b[93m52\u001b[0m:\u001b[93m33\u001b[0m - \u001b[91merror\u001b[0m\u001b[90m TS2552: \u001b[0mCannot find name 'UserSession'. Did you mean 'userSession'?\r\n\r\n\u001b[7m52\u001b[0m         let userSession = await UserSession.findOne({ where: { userId, platform } });\r\n\u001b[7m  \u001b[0m \u001b[91m                                ~~~~~~~~~~~\u001b[0m\r\n\r\n  \u001b[96msrc/services/SessionService.ts\u001b[0m:\u001b[93m52\u001b[0m:\u001b[93m13\u001b[0m\r\n    \u001b[7m52\u001b[0m         let userSession = await UserSession.findOne({ where: { userId, platform } });\r\n    \u001b[7m  \u001b[0m \u001b[96m            ~~~~~~~~~~~\u001b[0m\r\n    'userSession' is declared here.\r\n\u001b[96msrc/services/SessionService.ts\u001b[0m:\u001b[93m55\u001b[0m:\u001b[93m31\u001b[0m - \u001b[91merror\u001b[0m\u001b[90m TS2552: \u001b[0mCannot find name 'UserSession'. Did you mean 'userSession'?\r\n\r\n\u001b[7m55\u001b[0m             userSession = new UserSession();\r\n\u001b[7m  \u001b[0m \u001b[91m                              ~~~~~~~~~~~\u001b[0m\r\n\r\n  \u001b[96msrc/services/SessionService.ts\u001b[0m:\u001b[93m52\u001b[0m:\u001b[93m13\u001b[0m\r\n    \u001b[7m52\u001b[0m         let userSession = await UserSession.findOne({ where: { userId, platform } });\r\n    \u001b[7m  \u001b[0m \u001b[96m            ~~~~~~~~~~~\u001b[0m\r\n    'userSession' is declared here.\r\n\u001b[96msrc/services/SessionService.ts\u001b[0m:\u001b[93m70\u001b[0m:\u001b[93m57\u001b[0m - \u001b[91merror\u001b[0m\u001b[90m TS2304: \u001b[0mCannot find name 'User'.\r\n\r\n\u001b[7m70\u001b[0m     private static getAuthToken({ id, userType, role }: User, ttlInHours: number): string {\r\n\u001b[7m  \u001b[0m \u001b[91m                                                        ~~~~\u001b[0m\r\n\n    at createTSError (C:\\Users\\USER\\Desktop\\lendQrApi\\node_modules\\ts-node\\src\\index.ts:859:12)\n    at reportTSError (C:\\Users\\USER\\Desktop\\lendQrApi\\node_modules\\ts-node\\src\\index.ts:863:19)\n    at getOutput (C:\\Users\\USER\\Desktop\\lendQrApi\\node_modules\\ts-node\\src\\index.ts:1077:36)\n    at Object.compile (C:\\Users\\USER\\Desktop\\lendQrApi\\node_modules\\ts-node\\src\\index.ts:1433:41)\n    at Module.m._compile (C:\\Users\\USER\\Desktop\\lendQrApi\\node_modules\\ts-node\\src\\index.ts:1617:30)\n    at Module._extensions..js (node:internal/modules/cjs/loader:1174:10)\n    at Object.require.extensions.<computed> [as .ts] (C:\\Users\\USER\\Desktop\\lendQrApi\\node_modules\\ts-node\\src\\index.ts:1621:12)\n    at Module.load (node:internal/modules/cjs/loader:998:32)\n    at Function.Module._load (node:internal/modules/cjs/loader:839:12)\n    at Module.require (node:internal/modules/cjs/loader:1022:19)","os":{"loadavg":[0,0,0],"uptime":856431},"process":{"argv":["C:\\Users\\USER\\Desktop\\lendQrApi\\node_modules\\ts-node\\dist\\bin.js","C:\\Users\\USER\\Desktop\\lendQrApi\\src\\index.ts"],"cwd":"C:\\Users\\USER\\Desktop\\lendQrApi","execPath":"C:\\Program Files\\nodejs\\node.exe","gid":null,"memoryUsage":{"arrayBuffers":1971188,"external":3472550,"heapTotal":205701120,"heapUsed":173715040,"rss":242024448},"pid":8088,"uid":null,"version":"v18.7.0"},"stack":"TSError: ⨯ Unable to compile TypeScript:\n\u001b[96msrc/services/SessionService.ts\u001b[0m:\u001b[93m2\u001b[0m:\u001b[93m30\u001b[0m - \u001b[91merror\u001b[0m\u001b[90m TS2307: \u001b[0mCannot find module '../interfaces' or its corresponding type declarations.\r\n\r\n\u001b[7m2\u001b[0m import { IAuthPayload } from \"../interfaces\";\r\n\u001b[7m \u001b[0m \u001b[91m                             ~~~~~~~~~~~~~~~\u001b[0m\r\n\u001b[96msrc/services/SessionService.ts\u001b[0m:\u001b[93m3\u001b[0m:\u001b[93m8\u001b[0m - \u001b[91merror\u001b[0m\u001b[90m TS2613: \u001b[0mModule '\"C:/Users/USER/Desktop/lendQrApi/src/constants/DeviceMobileCategory\"' has no default export. Did you mean to use 'import { DeviceMobileCategory } from \"C:/Users/USER/Desktop/lendQrApi/src/constants/DeviceMobileCategory\"' instead?\r\n\r\n\u001b[7m3\u001b[0m import DeviceMobileCategory  from \"../constants/DeviceMobileCategory\";\r\n\u001b[7m \u001b[0m \u001b[91m       ~~~~~~~~~~~~~~~~~~~~\u001b[0m\r\n\u001b[96msrc/services/SessionService.ts\u001b[0m:\u001b[93m22\u001b[0m:\u001b[93m15\u001b[0m - \u001b[91merror\u001b[0m\u001b[90m TS2304: \u001b[0mCannot find name 'User'.\r\n\r\n\u001b[7m22\u001b[0m         user: User,\r\n\u001b[7m  \u001b[0m \u001b[91m              ~~~~\u001b[0m\r\n\u001b[96msrc/services/SessionService.ts\u001b[0m:\u001b[93m50\u001b[0m:\u001b[93m15\u001b[0m - \u001b[91merror\u001b[0m\u001b[90m TS2304: \u001b[0mCannot find name 'UserSession'.\r\n\r\n\u001b[7m50\u001b[0m     : Promise<UserSession> {\r\n\u001b[7m  \u001b[0m \u001b[91m              ~~~~~~~~~~~\u001b[0m\r\n\u001b[96msrc/services/SessionService.ts\u001b[0m:\u001b[93m52\u001b[0m:\u001b[93m33\u001b[0m - \u001b[91merror\u001b[0m\u001b[90m TS2552: \u001b[0mCannot find name 'UserSession'. Did you mean 'userSession'?\r\n\r\n\u001b[7m52\u001b[0m         let userSession = await UserSession.findOne({ where: { userId, platform } });\r\n\u001b[7m  \u001b[0m \u001b[91m                                ~~~~~~~~~~~\u001b[0m\r\n\r\n  \u001b[96msrc/services/SessionService.ts\u001b[0m:\u001b[93m52\u001b[0m:\u001b[93m13\u001b[0m\r\n    \u001b[7m52\u001b[0m         let userSession = await UserSession.findOne({ where: { userId, platform } });\r\n    \u001b[7m  \u001b[0m \u001b[96m            ~~~~~~~~~~~\u001b[0m\r\n    'userSession' is declared here.\r\n\u001b[96msrc/services/SessionService.ts\u001b[0m:\u001b[93m55\u001b[0m:\u001b[93m31\u001b[0m - \u001b[91merror\u001b[0m\u001b[90m TS2552: \u001b[0mCannot find name 'UserSession'. Did you mean 'userSession'?\r\n\r\n\u001b[7m55\u001b[0m             userSession = new UserSession();\r\n\u001b[7m  \u001b[0m \u001b[91m                              ~~~~~~~~~~~\u001b[0m\r\n\r\n  \u001b[96msrc/services/SessionService.ts\u001b[0m:\u001b[93m52\u001b[0m:\u001b[93m13\u001b[0m\r\n    \u001b[7m52\u001b[0m         let userSession = await UserSession.findOne({ where: { userId, platform } });\r\n    \u001b[7m  \u001b[0m \u001b[96m            ~~~~~~~~~~~\u001b[0m\r\n    'userSession' is declared here.\r\n\u001b[96msrc/services/SessionService.ts\u001b[0m:\u001b[93m70\u001b[0m:\u001b[93m57\u001b[0m - \u001b[91merror\u001b[0m\u001b[90m TS2304: \u001b[0mCannot find name 'User'.\r\n\r\n\u001b[7m70\u001b[0m     private static getAuthToken({ id, userType, role }: User, ttlInHours: number): string {\r\n\u001b[7m  \u001b[0m \u001b[91m                                                        ~~~~\u001b[0m\r\n\n    at createTSError (C:\\Users\\USER\\Desktop\\lendQrApi\\node_modules\\ts-node\\src\\index.ts:859:12)\n    at reportTSError (C:\\Users\\USER\\Desktop\\lendQrApi\\node_modules\\ts-node\\src\\index.ts:863:19)\n    at getOutput (C:\\Users\\USER\\Desktop\\lendQrApi\\node_modules\\ts-node\\src\\index.ts:1077:36)\n    at Object.compile (C:\\Users\\USER\\Desktop\\lendQrApi\\node_modules\\ts-node\\src\\index.ts:1433:41)\n    at Module.m._compile (C:\\Users\\USER\\Desktop\\lendQrApi\\node_modules\\ts-node\\src\\index.ts:1617:30)\n    at Module._extensions..js (node:internal/modules/cjs/loader:1174:10)\n    at Object.require.extensions.<computed> [as .ts] (C:\\Users\\USER\\Desktop\\lendQrApi\\node_modules\\ts-node\\src\\index.ts:1621:12)\n    at Module.load (node:internal/modules/cjs/loader:998:32)\n    at Function.Module._load (node:internal/modules/cjs/loader:839:12)\n    at Module.require (node:internal/modules/cjs/loader:1022:19)","trace":[{"column":12,"file":"C:\\Users\\USER\\Desktop\\lendQrApi\\node_modules\\ts-node\\src\\index.ts","function":"createTSError","line":859,"method":null,"native":false},{"column":19,"file":"C:\\Users\\USER\\Desktop\\lendQrApi\\node_modules\\ts-node\\src\\index.ts","function":"reportTSError","line":863,"method":null,"native":false},{"column":36,"file":"C:\\Users\\USER\\Desktop\\lendQrApi\\node_modules\\ts-node\\src\\index.ts","function":"getOutput","line":1077,"method":null,"native":false},{"column":41,"file":"C:\\Users\\USER\\Desktop\\lendQrApi\\node_modules\\ts-node\\src\\index.ts","function":"Object.compile","line":1433,"method":"compile","native":false},{"column":30,"file":"C:\\Users\\USER\\Desktop\\lendQrApi\\node_modules\\ts-node\\src\\index.ts","function":"Module.m._compile","line":1617,"method":"_compile","native":false},{"column":10,"file":"node:internal/modules/cjs/loader","function":"Module._extensions..js","line":1174,"method":".js","native":false},{"column":12,"file":"C:\\Users\\USER\\Desktop\\lendQrApi\\node_modules\\ts-node\\src\\index.ts","function":"Object.require.extensions.<computed> [as .ts]","line":1621,"method":"ts]","native":false},{"column":32,"file":"node:internal/modules/cjs/loader","function":"Module.load","line":998,"method":"load","native":false},{"column":12,"file":"node:internal/modules/cjs/loader","function":"Module._load","line":839,"method":"_load","native":false},{"column":19,"file":"node:internal/modules/cjs/loader","function":"Module.require","line":1022,"method":"require","native":false}]}
{"date":"Tue Nov 22 2022 14:07:11 GMT+0100 (West Africa Standard Time)","error":{"diagnosticCodes":[2307,2613,2304,2304,2552,2552,2304]},"exception":true,"level":"error","message":"uncaughtException: ⨯ Unable to compile TypeScript:\n\u001b[96msrc/services/SessionService.ts\u001b[0m:\u001b[93m2\u001b[0m:\u001b[93m30\u001b[0m - \u001b[91merror\u001b[0m\u001b[90m TS2307: \u001b[0mCannot find module '../interfaces' or its corresponding type declarations.\r\n\r\n\u001b[7m2\u001b[0m import { IAuthPayload } from \"../interfaces\";\r\n\u001b[7m \u001b[0m \u001b[91m                             ~~~~~~~~~~~~~~~\u001b[0m\r\n\u001b[96msrc/services/SessionService.ts\u001b[0m:\u001b[93m3\u001b[0m:\u001b[93m8\u001b[0m - \u001b[91merror\u001b[0m\u001b[90m TS2613: \u001b[0mModule '\"C:/Users/USER/Desktop/lendQrApi/src/constants/DeviceMobileCategory\"' has no default export. Did you mean to use 'import { DeviceMobileCategory } from \"C:/Users/USER/Desktop/lendQrApi/src/constants/DeviceMobileCategory\"' instead?\r\n\r\n\u001b[7m3\u001b[0m import DeviceMobileCategory  from \"../constants/DeviceMobileCategory\";\r\n\u001b[7m \u001b[0m \u001b[91m       ~~~~~~~~~~~~~~~~~~~~\u001b[0m\r\n\u001b[96msrc/services/SessionService.ts\u001b[0m:\u001b[93m22\u001b[0m:\u001b[93m15\u001b[0m - \u001b[91merror\u001b[0m\u001b[90m TS2304: \u001b[0mCannot find name 'User'.\r\n\r\n\u001b[7m22\u001b[0m         user: User,\r\n\u001b[7m  \u001b[0m \u001b[91m              ~~~~\u001b[0m\r\n\u001b[96msrc/services/SessionService.ts\u001b[0m:\u001b[93m50\u001b[0m:\u001b[93m15\u001b[0m - \u001b[91merror\u001b[0m\u001b[90m TS2304: \u001b[0mCannot find name 'UserSession'.\r\n\r\n\u001b[7m50\u001b[0m     : Promise<UserSession> {\r\n\u001b[7m  \u001b[0m \u001b[91m              ~~~~~~~~~~~\u001b[0m\r\n\u001b[96msrc/services/SessionService.ts\u001b[0m:\u001b[93m52\u001b[0m:\u001b[93m33\u001b[0m - \u001b[91merror\u001b[0m\u001b[90m TS2552: \u001b[0mCannot find name 'UserSession'. Did you mean 'userSession'?\r\n\r\n\u001b[7m52\u001b[0m         let userSession = await UserSession.findOne({ where: { userId, platform } });\r\n\u001b[7m  \u001b[0m \u001b[91m                                ~~~~~~~~~~~\u001b[0m\r\n\r\n  \u001b[96msrc/services/SessionService.ts\u001b[0m:\u001b[93m52\u001b[0m:\u001b[93m13\u001b[0m\r\n    \u001b[7m52\u001b[0m         let userSession = await UserSession.findOne({ where: { userId, platform } });\r\n    \u001b[7m  \u001b[0m \u001b[96m            ~~~~~~~~~~~\u001b[0m\r\n    'userSession' is declared here.\r\n\u001b[96msrc/services/SessionService.ts\u001b[0m:\u001b[93m55\u001b[0m:\u001b[93m31\u001b[0m - \u001b[91merror\u001b[0m\u001b[90m TS2552: \u001b[0mCannot find name 'UserSession'. Did you mean 'userSession'?\r\n\r\n\u001b[7m55\u001b[0m             userSession = new UserSession();\r\n\u001b[7m  \u001b[0m \u001b[91m                              ~~~~~~~~~~~\u001b[0m\r\n\r\n  \u001b[96msrc/services/SessionService.ts\u001b[0m:\u001b[93m52\u001b[0m:\u001b[93m13\u001b[0m\r\n    \u001b[7m52\u001b[0m         let userSession = await UserSession.findOne({ where: { userId, platform } });\r\n    \u001b[7m  \u001b[0m \u001b[96m            ~~~~~~~~~~~\u001b[0m\r\n    'userSession' is declared here.\r\n\u001b[96msrc/services/SessionService.ts\u001b[0m:\u001b[93m70\u001b[0m:\u001b[93m57\u001b[0m - \u001b[91merror\u001b[0m\u001b[90m TS2304: \u001b[0mCannot find name 'User'.\r\n\r\n\u001b[7m70\u001b[0m     private static getAuthToken({ id, userType, role }: User, ttlInHours: number): string {\r\n\u001b[7m  \u001b[0m \u001b[91m                                                        ~~~~\u001b[0m\r\n\nTSError: ⨯ Unable to compile TypeScript:\n\u001b[96msrc/services/SessionService.ts\u001b[0m:\u001b[93m2\u001b[0m:\u001b[93m30\u001b[0m - \u001b[91merror\u001b[0m\u001b[90m TS2307: \u001b[0mCannot find module '../interfaces' or its corresponding type declarations.\r\n\r\n\u001b[7m2\u001b[0m import { IAuthPayload } from \"../interfaces\";\r\n\u001b[7m \u001b[0m \u001b[91m                             ~~~~~~~~~~~~~~~\u001b[0m\r\n\u001b[96msrc/services/SessionService.ts\u001b[0m:\u001b[93m3\u001b[0m:\u001b[93m8\u001b[0m - \u001b[91merror\u001b[0m\u001b[90m TS2613: \u001b[0mModule '\"C:/Users/USER/Desktop/lendQrApi/src/constants/DeviceMobileCategory\"' has no default export. Did you mean to use 'import { DeviceMobileCategory } from \"C:/Users/USER/Desktop/lendQrApi/src/constants/DeviceMobileCategory\"' instead?\r\n\r\n\u001b[7m3\u001b[0m import DeviceMobileCategory  from \"../constants/DeviceMobileCategory\";\r\n\u001b[7m \u001b[0m \u001b[91m       ~~~~~~~~~~~~~~~~~~~~\u001b[0m\r\n\u001b[96msrc/services/SessionService.ts\u001b[0m:\u001b[93m22\u001b[0m:\u001b[93m15\u001b[0m - \u001b[91merror\u001b[0m\u001b[90m TS2304: \u001b[0mCannot find name 'User'.\r\n\r\n\u001b[7m22\u001b[0m         user: User,\r\n\u001b[7m  \u001b[0m \u001b[91m              ~~~~\u001b[0m\r\n\u001b[96msrc/services/SessionService.ts\u001b[0m:\u001b[93m50\u001b[0m:\u001b[93m15\u001b[0m - \u001b[91merror\u001b[0m\u001b[90m TS2304: \u001b[0mCannot find name 'UserSession'.\r\n\r\n\u001b[7m50\u001b[0m     : Promise<UserSession> {\r\n\u001b[7m  \u001b[0m \u001b[91m              ~~~~~~~~~~~\u001b[0m\r\n\u001b[96msrc/services/SessionService.ts\u001b[0m:\u001b[93m52\u001b[0m:\u001b[93m33\u001b[0m - \u001b[91merror\u001b[0m\u001b[90m TS2552: \u001b[0mCannot find name 'UserSession'. Did you mean 'userSession'?\r\n\r\n\u001b[7m52\u001b[0m         let userSession = await UserSession.findOne({ where: { userId, platform } });\r\n\u001b[7m  \u001b[0m \u001b[91m                                ~~~~~~~~~~~\u001b[0m\r\n\r\n  \u001b[96msrc/services/SessionService.ts\u001b[0m:\u001b[93m52\u001b[0m:\u001b[93m13\u001b[0m\r\n    \u001b[7m52\u001b[0m         let userSession = await UserSession.findOne({ where: { userId, platform } });\r\n    \u001b[7m  \u001b[0m \u001b[96m            ~~~~~~~~~~~\u001b[0m\r\n    'userSession' is declared here.\r\n\u001b[96msrc/services/SessionService.ts\u001b[0m:\u001b[93m55\u001b[0m:\u001b[93m31\u001b[0m - \u001b[91merror\u001b[0m\u001b[90m TS2552: \u001b[0mCannot find name 'UserSession'. Did you mean 'userSession'?\r\n\r\n\u001b[7m55\u001b[0m             userSession = new UserSession();\r\n\u001b[7m  \u001b[0m \u001b[91m                              ~~~~~~~~~~~\u001b[0m\r\n\r\n  \u001b[96msrc/services/SessionService.ts\u001b[0m:\u001b[93m52\u001b[0m:\u001b[93m13\u001b[0m\r\n    \u001b[7m52\u001b[0m         let userSession = await UserSession.findOne({ where: { userId, platform } });\r\n    \u001b[7m  \u001b[0m \u001b[96m            ~~~~~~~~~~~\u001b[0m\r\n    'userSession' is declared here.\r\n\u001b[96msrc/services/SessionService.ts\u001b[0m:\u001b[93m70\u001b[0m:\u001b[93m57\u001b[0m - \u001b[91merror\u001b[0m\u001b[90m TS2304: \u001b[0mCannot find name 'User'.\r\n\r\n\u001b[7m70\u001b[0m     private static getAuthToken({ id, userType, role }: User, ttlInHours: number): string {\r\n\u001b[7m  \u001b[0m \u001b[91m                                                        ~~~~\u001b[0m\r\n\n    at createTSError (C:\\Users\\USER\\Desktop\\lendQrApi\\node_modules\\ts-node\\src\\index.ts:859:12)\n    at reportTSError (C:\\Users\\USER\\Desktop\\lendQrApi\\node_modules\\ts-node\\src\\index.ts:863:19)\n    at getOutput (C:\\Users\\USER\\Desktop\\lendQrApi\\node_modules\\ts-node\\src\\index.ts:1077:36)\n    at Object.compile (C:\\Users\\USER\\Desktop\\lendQrApi\\node_modules\\ts-node\\src\\index.ts:1433:41)\n    at Module.m._compile (C:\\Users\\USER\\Desktop\\lendQrApi\\node_modules\\ts-node\\src\\index.ts:1617:30)\n    at Module._extensions..js (node:internal/modules/cjs/loader:1174:10)\n    at Object.require.extensions.<computed> [as .ts] (C:\\Users\\USER\\Desktop\\lendQrApi\\node_modules\\ts-node\\src\\index.ts:1621:12)\n    at Module.load (node:internal/modules/cjs/loader:998:32)\n    at Function.Module._load (node:internal/modules/cjs/loader:839:12)\n    at Module.require (node:internal/modules/cjs/loader:1022:19)","os":{"loadavg":[0,0,0],"uptime":856431},"process":{"argv":["C:\\Users\\USER\\Desktop\\lendQrApi\\node_modules\\ts-node\\dist\\bin.js","C:\\Users\\USER\\Desktop\\lendQrApi\\src\\index.ts"],"cwd":"C:\\Users\\USER\\Desktop\\lendQrApi","execPath":"C:\\Program Files\\nodejs\\node.exe","gid":null,"memoryUsage":{"arrayBuffers":1985576,"external":3486978,"heapTotal":205701120,"heapUsed":173879128,"rss":242245632},"pid":8088,"uid":null,"version":"v18.7.0"},"stack":"TSError: ⨯ Unable to compile TypeScript:\n\u001b[96msrc/services/SessionService.ts\u001b[0m:\u001b[93m2\u001b[0m:\u001b[93m30\u001b[0m - \u001b[91merror\u001b[0m\u001b[90m TS2307: \u001b[0mCannot find module '../interfaces' or its corresponding type declarations.\r\n\r\n\u001b[7m2\u001b[0m import { IAuthPayload } from \"../interfaces\";\r\n\u001b[7m \u001b[0m \u001b[91m                             ~~~~~~~~~~~~~~~\u001b[0m\r\n\u001b[96msrc/services/SessionService.ts\u001b[0m:\u001b[93m3\u001b[0m:\u001b[93m8\u001b[0m - \u001b[91merror\u001b[0m\u001b[90m TS2613: \u001b[0mModule '\"C:/Users/USER/Desktop/lendQrApi/src/constants/DeviceMobileCategory\"' has no default export. Did you mean to use 'import { DeviceMobileCategory } from \"C:/Users/USER/Desktop/lendQrApi/src/constants/DeviceMobileCategory\"' instead?\r\n\r\n\u001b[7m3\u001b[0m import DeviceMobileCategory  from \"../constants/DeviceMobileCategory\";\r\n\u001b[7m \u001b[0m \u001b[91m       ~~~~~~~~~~~~~~~~~~~~\u001b[0m\r\n\u001b[96msrc/services/SessionService.ts\u001b[0m:\u001b[93m22\u001b[0m:\u001b[93m15\u001b[0m - \u001b[91merror\u001b[0m\u001b[90m TS2304: \u001b[0mCannot find name 'User'.\r\n\r\n\u001b[7m22\u001b[0m         user: User,\r\n\u001b[7m  \u001b[0m \u001b[91m              ~~~~\u001b[0m\r\n\u001b[96msrc/services/SessionService.ts\u001b[0m:\u001b[93m50\u001b[0m:\u001b[93m15\u001b[0m - \u001b[91merror\u001b[0m\u001b[90m TS2304: \u001b[0mCannot find name 'UserSession'.\r\n\r\n\u001b[7m50\u001b[0m     : Promise<UserSession> {\r\n\u001b[7m  \u001b[0m \u001b[91m              ~~~~~~~~~~~\u001b[0m\r\n\u001b[96msrc/services/SessionService.ts\u001b[0m:\u001b[93m52\u001b[0m:\u001b[93m33\u001b[0m - \u001b[91merror\u001b[0m\u001b[90m TS2552: \u001b[0mCannot find name 'UserSession'. Did you mean 'userSession'?\r\n\r\n\u001b[7m52\u001b[0m         let userSession = await UserSession.findOne({ where: { userId, platform } });\r\n\u001b[7m  \u001b[0m \u001b[91m                                ~~~~~~~~~~~\u001b[0m\r\n\r\n  \u001b[96msrc/services/SessionService.ts\u001b[0m:\u001b[93m52\u001b[0m:\u001b[93m13\u001b[0m\r\n    \u001b[7m52\u001b[0m         let userSession = await UserSession.findOne({ where: { userId, platform } });\r\n    \u001b[7m  \u001b[0m \u001b[96m            ~~~~~~~~~~~\u001b[0m\r\n    'userSession' is declared here.\r\n\u001b[96msrc/services/SessionService.ts\u001b[0m:\u001b[93m55\u001b[0m:\u001b[93m31\u001b[0m - \u001b[91merror\u001b[0m\u001b[90m TS2552: \u001b[0mCannot find name 'UserSession'. Did you mean 'userSession'?\r\n\r\n\u001b[7m55\u001b[0m             userSession = new UserSession();\r\n\u001b[7m  \u001b[0m \u001b[91m                              ~~~~~~~~~~~\u001b[0m\r\n\r\n  \u001b[96msrc/services/SessionService.ts\u001b[0m:\u001b[93m52\u001b[0m:\u001b[93m13\u001b[0m\r\n    \u001b[7m52\u001b[0m         let userSession = await UserSession.findOne({ where: { userId, platform } });\r\n    \u001b[7m  \u001b[0m \u001b[96m            ~~~~~~~~~~~\u001b[0m\r\n    'userSession' is declared here.\r\n\u001b[96msrc/services/SessionService.ts\u001b[0m:\u001b[93m70\u001b[0m:\u001b[93m57\u001b[0m - \u001b[91merror\u001b[0m\u001b[90m TS2304: \u001b[0mCannot find name 'User'.\r\n\r\n\u001b[7m70\u001b[0m     private static getAuthToken({ id, userType, role }: User, ttlInHours: number): string {\r\n\u001b[7m  \u001b[0m \u001b[91m                                                        ~~~~\u001b[0m\r\n\n    at createTSError (C:\\Users\\USER\\Desktop\\lendQrApi\\node_modules\\ts-node\\src\\index.ts:859:12)\n    at reportTSError (C:\\Users\\USER\\Desktop\\lendQrApi\\node_modules\\ts-node\\src\\index.ts:863:19)\n    at getOutput (C:\\Users\\USER\\Desktop\\lendQrApi\\node_modules\\ts-node\\src\\index.ts:1077:36)\n    at Object.compile (C:\\Users\\USER\\Desktop\\lendQrApi\\node_modules\\ts-node\\src\\index.ts:1433:41)\n    at Module.m._compile (C:\\Users\\USER\\Desktop\\lendQrApi\\node_modules\\ts-node\\src\\index.ts:1617:30)\n    at Module._extensions..js (node:internal/modules/cjs/loader:1174:10)\n    at Object.require.extensions.<computed> [as .ts] (C:\\Users\\USER\\Desktop\\lendQrApi\\node_modules\\ts-node\\src\\index.ts:1621:12)\n    at Module.load (node:internal/modules/cjs/loader:998:32)\n    at Function.Module._load (node:internal/modules/cjs/loader:839:12)\n    at Module.require (node:internal/modules/cjs/loader:1022:19)","trace":[{"column":12,"file":"C:\\Users\\USER\\Desktop\\lendQrApi\\node_modules\\ts-node\\src\\index.ts","function":"createTSError","line":859,"method":null,"native":false},{"column":19,"file":"C:\\Users\\USER\\Desktop\\lendQrApi\\node_modules\\ts-node\\src\\index.ts","function":"reportTSError","line":863,"method":null,"native":false},{"column":36,"file":"C:\\Users\\USER\\Desktop\\lendQrApi\\node_modules\\ts-node\\src\\index.ts","function":"getOutput","line":1077,"method":null,"native":false},{"column":41,"file":"C:\\Users\\USER\\Desktop\\lendQrApi\\node_modules\\ts-node\\src\\index.ts","function":"Object.compile","line":1433,"method":"compile","native":false},{"column":30,"file":"C:\\Users\\USER\\Desktop\\lendQrApi\\node_modules\\ts-node\\src\\index.ts","function":"Module.m._compile","line":1617,"method":"_compile","native":false},{"column":10,"file":"node:internal/modules/cjs/loader","function":"Module._extensions..js","line":1174,"method":".js","native":false},{"column":12,"file":"C:\\Users\\USER\\Desktop\\lendQrApi\\node_modules\\ts-node\\src\\index.ts","function":"Object.require.extensions.<computed> [as .ts]","line":1621,"method":"ts]","native":false},{"column":32,"file":"node:internal/modules/cjs/loader","function":"Module.load","line":998,"method":"load","native":false},{"column":12,"file":"node:internal/modules/cjs/loader","function":"Module._load","line":839,"method":"_load","native":false},{"column":19,"file":"node:internal/modules/cjs/loader","function":"Module.require","line":1022,"method":"require","native":false}]}
{"date":"Tue Nov 22 2022 14:07:38 GMT+0100 (West Africa Standard Time)","error":{"diagnosticCodes":[2307,2613,2304,2304,2552,2552,2304]},"exception":true,"level":"error","message":"uncaughtException: ⨯ Unable to compile TypeScript:\n\u001b[96msrc/services/SessionService.ts\u001b[0m:\u001b[93m2\u001b[0m:\u001b[93m30\u001b[0m - \u001b[91merror\u001b[0m\u001b[90m TS2307: \u001b[0mCannot find module '../interfaces' or its corresponding type declarations.\r\n\r\n\u001b[7m2\u001b[0m import { IAuthPayload } from \"../interfaces\";\r\n\u001b[7m \u001b[0m \u001b[91m                             ~~~~~~~~~~~~~~~\u001b[0m\r\n\u001b[96msrc/services/SessionService.ts\u001b[0m:\u001b[93m3\u001b[0m:\u001b[93m8\u001b[0m - \u001b[91merror\u001b[0m\u001b[90m TS2613: \u001b[0mModule '\"C:/Users/USER/Desktop/lendQrApi/src/constants/DeviceMobileCategory\"' has no default export. Did you mean to use 'import { DeviceMobileCategory } from \"C:/Users/USER/Desktop/lendQrApi/src/constants/DeviceMobileCategory\"' instead?\r\n\r\n\u001b[7m3\u001b[0m import DeviceMobileCategory  from \"../constants/DeviceMobileCategory\";\r\n\u001b[7m \u001b[0m \u001b[91m       ~~~~~~~~~~~~~~~~~~~~\u001b[0m\r\n\u001b[96msrc/services/SessionService.ts\u001b[0m:\u001b[93m22\u001b[0m:\u001b[93m15\u001b[0m - \u001b[91merror\u001b[0m\u001b[90m TS2304: \u001b[0mCannot find name 'User'.\r\n\r\n\u001b[7m22\u001b[0m         user: User,\r\n\u001b[7m  \u001b[0m \u001b[91m              ~~~~\u001b[0m\r\n\u001b[96msrc/services/SessionService.ts\u001b[0m:\u001b[93m50\u001b[0m:\u001b[93m15\u001b[0m - \u001b[91merror\u001b[0m\u001b[90m TS2304: \u001b[0mCannot find name 'UserSession'.\r\n\r\n\u001b[7m50\u001b[0m     : Promise<UserSession> {\r\n\u001b[7m  \u001b[0m \u001b[91m              ~~~~~~~~~~~\u001b[0m\r\n\u001b[96msrc/services/SessionService.ts\u001b[0m:\u001b[93m52\u001b[0m:\u001b[93m33\u001b[0m - \u001b[91merror\u001b[0m\u001b[90m TS2552: \u001b[0mCannot find name 'UserSession'. Did you mean 'userSession'?\r\n\r\n\u001b[7m52\u001b[0m         let userSession = await UserSession.findOne({ where: { userId, platform } });\r\n\u001b[7m  \u001b[0m \u001b[91m                                ~~~~~~~~~~~\u001b[0m\r\n\r\n  \u001b[96msrc/services/SessionService.ts\u001b[0m:\u001b[93m52\u001b[0m:\u001b[93m13\u001b[0m\r\n    \u001b[7m52\u001b[0m         let userSession = await UserSession.findOne({ where: { userId, platform } });\r\n    \u001b[7m  \u001b[0m \u001b[96m            ~~~~~~~~~~~\u001b[0m\r\n    'userSession' is declared here.\r\n\u001b[96msrc/services/SessionService.ts\u001b[0m:\u001b[93m55\u001b[0m:\u001b[93m31\u001b[0m - \u001b[91merror\u001b[0m\u001b[90m TS2552: \u001b[0mCannot find name 'UserSession'. Did you mean 'userSession'?\r\n\r\n\u001b[7m55\u001b[0m             userSession = new UserSession();\r\n\u001b[7m  \u001b[0m \u001b[91m                              ~~~~~~~~~~~\u001b[0m\r\n\r\n  \u001b[96msrc/services/SessionService.ts\u001b[0m:\u001b[93m52\u001b[0m:\u001b[93m13\u001b[0m\r\n    \u001b[7m52\u001b[0m         let userSession = await UserSession.findOne({ where: { userId, platform } });\r\n    \u001b[7m  \u001b[0m \u001b[96m            ~~~~~~~~~~~\u001b[0m\r\n    'userSession' is declared here.\r\n\u001b[96msrc/services/SessionService.ts\u001b[0m:\u001b[93m70\u001b[0m:\u001b[93m57\u001b[0m - \u001b[91merror\u001b[0m\u001b[90m TS2304: \u001b[0mCannot find name 'User'.\r\n\r\n\u001b[7m70\u001b[0m     private static getAuthToken({ id, userType, role }: User, ttlInHours: number): string {\r\n\u001b[7m  \u001b[0m \u001b[91m                                                        ~~~~\u001b[0m\r\n\nTSError: ⨯ Unable to compile TypeScript:\n\u001b[96msrc/services/SessionService.ts\u001b[0m:\u001b[93m2\u001b[0m:\u001b[93m30\u001b[0m - \u001b[91merror\u001b[0m\u001b[90m TS2307: \u001b[0mCannot find module '../interfaces' or its corresponding type declarations.\r\n\r\n\u001b[7m2\u001b[0m import { IAuthPayload } from \"../interfaces\";\r\n\u001b[7m \u001b[0m \u001b[91m                             ~~~~~~~~~~~~~~~\u001b[0m\r\n\u001b[96msrc/services/SessionService.ts\u001b[0m:\u001b[93m3\u001b[0m:\u001b[93m8\u001b[0m - \u001b[91merror\u001b[0m\u001b[90m TS2613: \u001b[0mModule '\"C:/Users/USER/Desktop/lendQrApi/src/constants/DeviceMobileCategory\"' has no default export. Did you mean to use 'import { DeviceMobileCategory } from \"C:/Users/USER/Desktop/lendQrApi/src/constants/DeviceMobileCategory\"' instead?\r\n\r\n\u001b[7m3\u001b[0m import DeviceMobileCategory  from \"../constants/DeviceMobileCategory\";\r\n\u001b[7m \u001b[0m \u001b[91m       ~~~~~~~~~~~~~~~~~~~~\u001b[0m\r\n\u001b[96msrc/services/SessionService.ts\u001b[0m:\u001b[93m22\u001b[0m:\u001b[93m15\u001b[0m - \u001b[91merror\u001b[0m\u001b[90m TS2304: \u001b[0mCannot find name 'User'.\r\n\r\n\u001b[7m22\u001b[0m         user: User,\r\n\u001b[7m  \u001b[0m \u001b[91m              ~~~~\u001b[0m\r\n\u001b[96msrc/services/SessionService.ts\u001b[0m:\u001b[93m50\u001b[0m:\u001b[93m15\u001b[0m - \u001b[91merror\u001b[0m\u001b[90m TS2304: \u001b[0mCannot find name 'UserSession'.\r\n\r\n\u001b[7m50\u001b[0m     : Promise<UserSession> {\r\n\u001b[7m  \u001b[0m \u001b[91m              ~~~~~~~~~~~\u001b[0m\r\n\u001b[96msrc/services/SessionService.ts\u001b[0m:\u001b[93m52\u001b[0m:\u001b[93m33\u001b[0m - \u001b[91merror\u001b[0m\u001b[90m TS2552: \u001b[0mCannot find name 'UserSession'. Did you mean 'userSession'?\r\n\r\n\u001b[7m52\u001b[0m         let userSession = await UserSession.findOne({ where: { userId, platform } });\r\n\u001b[7m  \u001b[0m \u001b[91m                                ~~~~~~~~~~~\u001b[0m\r\n\r\n  \u001b[96msrc/services/SessionService.ts\u001b[0m:\u001b[93m52\u001b[0m:\u001b[93m13\u001b[0m\r\n    \u001b[7m52\u001b[0m         let userSession = await UserSession.findOne({ where: { userId, platform } });\r\n    \u001b[7m  \u001b[0m \u001b[96m            ~~~~~~~~~~~\u001b[0m\r\n    'userSession' is declared here.\r\n\u001b[96msrc/services/SessionService.ts\u001b[0m:\u001b[93m55\u001b[0m:\u001b[93m31\u001b[0m - \u001b[91merror\u001b[0m\u001b[90m TS2552: \u001b[0mCannot find name 'UserSession'. Did you mean 'userSession'?\r\n\r\n\u001b[7m55\u001b[0m             userSession = new UserSession();\r\n\u001b[7m  \u001b[0m \u001b[91m                              ~~~~~~~~~~~\u001b[0m\r\n\r\n  \u001b[96msrc/services/SessionService.ts\u001b[0m:\u001b[93m52\u001b[0m:\u001b[93m13\u001b[0m\r\n    \u001b[7m52\u001b[0m         let userSession = await UserSession.findOne({ where: { userId, platform } });\r\n    \u001b[7m  \u001b[0m \u001b[96m            ~~~~~~~~~~~\u001b[0m\r\n    'userSession' is declared here.\r\n\u001b[96msrc/services/SessionService.ts\u001b[0m:\u001b[93m70\u001b[0m:\u001b[93m57\u001b[0m - \u001b[91merror\u001b[0m\u001b[90m TS2304: \u001b[0mCannot find name 'User'.\r\n\r\n\u001b[7m70\u001b[0m     private static getAuthToken({ id, userType, role }: User, ttlInHours: number): string {\r\n\u001b[7m  \u001b[0m \u001b[91m                                                        ~~~~\u001b[0m\r\n\n    at createTSError (C:\\Users\\USER\\Desktop\\lendQrApi\\node_modules\\ts-node\\src\\index.ts:859:12)\n    at reportTSError (C:\\Users\\USER\\Desktop\\lendQrApi\\node_modules\\ts-node\\src\\index.ts:863:19)\n    at getOutput (C:\\Users\\USER\\Desktop\\lendQrApi\\node_modules\\ts-node\\src\\index.ts:1077:36)\n    at Object.compile (C:\\Users\\USER\\Desktop\\lendQrApi\\node_modules\\ts-node\\src\\index.ts:1433:41)\n    at Module.m._compile (C:\\Users\\USER\\Desktop\\lendQrApi\\node_modules\\ts-node\\src\\index.ts:1617:30)\n    at Module._extensions..js (node:internal/modules/cjs/loader:1174:10)\n    at Object.require.extensions.<computed> [as .ts] (C:\\Users\\USER\\Desktop\\lendQrApi\\node_modules\\ts-node\\src\\index.ts:1621:12)\n    at Module.load (node:internal/modules/cjs/loader:998:32)\n    at Function.Module._load (node:internal/modules/cjs/loader:839:12)\n    at Module.require (node:internal/modules/cjs/loader:1022:19)","os":{"loadavg":[0,0,0],"uptime":856459},"process":{"argv":["C:\\Users\\USER\\Desktop\\lendQrApi\\node_modules\\ts-node\\dist\\bin.js","C:\\Users\\USER\\Desktop\\lendQrApi\\src\\index.ts"],"cwd":"C:\\Users\\USER\\Desktop\\lendQrApi","execPath":"C:\\Program Files\\nodejs\\node.exe","gid":null,"memoryUsage":{"arrayBuffers":2032529,"external":3533891,"heapTotal":203866112,"heapUsed":176804640,"rss":240906240},"pid":10704,"uid":null,"version":"v18.7.0"},"stack":"TSError: ⨯ Unable to compile TypeScript:\n\u001b[96msrc/services/SessionService.ts\u001b[0m:\u001b[93m2\u001b[0m:\u001b[93m30\u001b[0m - \u001b[91merror\u001b[0m\u001b[90m TS2307: \u001b[0mCannot find module '../interfaces' or its corresponding type declarations.\r\n\r\n\u001b[7m2\u001b[0m import { IAuthPayload } from \"../interfaces\";\r\n\u001b[7m \u001b[0m \u001b[91m                             ~~~~~~~~~~~~~~~\u001b[0m\r\n\u001b[96msrc/services/SessionService.ts\u001b[0m:\u001b[93m3\u001b[0m:\u001b[93m8\u001b[0m - \u001b[91merror\u001b[0m\u001b[90m TS2613: \u001b[0mModule '\"C:/Users/USER/Desktop/lendQrApi/src/constants/DeviceMobileCategory\"' has no default export. Did you mean to use 'import { DeviceMobileCategory } from \"C:/Users/USER/Desktop/lendQrApi/src/constants/DeviceMobileCategory\"' instead?\r\n\r\n\u001b[7m3\u001b[0m import DeviceMobileCategory  from \"../constants/DeviceMobileCategory\";\r\n\u001b[7m \u001b[0m \u001b[91m       ~~~~~~~~~~~~~~~~~~~~\u001b[0m\r\n\u001b[96msrc/services/SessionService.ts\u001b[0m:\u001b[93m22\u001b[0m:\u001b[93m15\u001b[0m - \u001b[91merror\u001b[0m\u001b[90m TS2304: \u001b[0mCannot find name 'User'.\r\n\r\n\u001b[7m22\u001b[0m         user: User,\r\n\u001b[7m  \u001b[0m \u001b[91m              ~~~~\u001b[0m\r\n\u001b[96msrc/services/SessionService.ts\u001b[0m:\u001b[93m50\u001b[0m:\u001b[93m15\u001b[0m - \u001b[91merror\u001b[0m\u001b[90m TS2304: \u001b[0mCannot find name 'UserSession'.\r\n\r\n\u001b[7m50\u001b[0m     : Promise<UserSession> {\r\n\u001b[7m  \u001b[0m \u001b[91m              ~~~~~~~~~~~\u001b[0m\r\n\u001b[96msrc/services/SessionService.ts\u001b[0m:\u001b[93m52\u001b[0m:\u001b[93m33\u001b[0m - \u001b[91merror\u001b[0m\u001b[90m TS2552: \u001b[0mCannot find name 'UserSession'. Did you mean 'userSession'?\r\n\r\n\u001b[7m52\u001b[0m         let userSession = await UserSession.findOne({ where: { userId, platform } });\r\n\u001b[7m  \u001b[0m \u001b[91m                                ~~~~~~~~~~~\u001b[0m\r\n\r\n  \u001b[96msrc/services/SessionService.ts\u001b[0m:\u001b[93m52\u001b[0m:\u001b[93m13\u001b[0m\r\n    \u001b[7m52\u001b[0m         let userSession = await UserSession.findOne({ where: { userId, platform } });\r\n    \u001b[7m  \u001b[0m \u001b[96m            ~~~~~~~~~~~\u001b[0m\r\n    'userSession' is declared here.\r\n\u001b[96msrc/services/SessionService.ts\u001b[0m:\u001b[93m55\u001b[0m:\u001b[93m31\u001b[0m - \u001b[91merror\u001b[0m\u001b[90m TS2552: \u001b[0mCannot find name 'UserSession'. Did you mean 'userSession'?\r\n\r\n\u001b[7m55\u001b[0m             userSession = new UserSession();\r\n\u001b[7m  \u001b[0m \u001b[91m                              ~~~~~~~~~~~\u001b[0m\r\n\r\n  \u001b[96msrc/services/SessionService.ts\u001b[0m:\u001b[93m52\u001b[0m:\u001b[93m13\u001b[0m\r\n    \u001b[7m52\u001b[0m         let userSession = await UserSession.findOne({ where: { userId, platform } });\r\n    \u001b[7m  \u001b[0m \u001b[96m            ~~~~~~~~~~~\u001b[0m\r\n    'userSession' is declared here.\r\n\u001b[96msrc/services/SessionService.ts\u001b[0m:\u001b[93m70\u001b[0m:\u001b[93m57\u001b[0m - \u001b[91merror\u001b[0m\u001b[90m TS2304: \u001b[0mCannot find name 'User'.\r\n\r\n\u001b[7m70\u001b[0m     private static getAuthToken({ id, userType, role }: User, ttlInHours: number): string {\r\n\u001b[7m  \u001b[0m \u001b[91m                                                        ~~~~\u001b[0m\r\n\n    at createTSError (C:\\Users\\USER\\Desktop\\lendQrApi\\node_modules\\ts-node\\src\\index.ts:859:12)\n    at reportTSError (C:\\Users\\USER\\Desktop\\lendQrApi\\node_modules\\ts-node\\src\\index.ts:863:19)\n    at getOutput (C:\\Users\\USER\\Desktop\\lendQrApi\\node_modules\\ts-node\\src\\index.ts:1077:36)\n    at Object.compile (C:\\Users\\USER\\Desktop\\lendQrApi\\node_modules\\ts-node\\src\\index.ts:1433:41)\n    at Module.m._compile (C:\\Users\\USER\\Desktop\\lendQrApi\\node_modules\\ts-node\\src\\index.ts:1617:30)\n    at Module._extensions..js (node:internal/modules/cjs/loader:1174:10)\n    at Object.require.extensions.<computed> [as .ts] (C:\\Users\\USER\\Desktop\\lendQrApi\\node_modules\\ts-node\\src\\index.ts:1621:12)\n    at Module.load (node:internal/modules/cjs/loader:998:32)\n    at Function.Module._load (node:internal/modules/cjs/loader:839:12)\n    at Module.require (node:internal/modules/cjs/loader:1022:19)","trace":[{"column":12,"file":"C:\\Users\\USER\\Desktop\\lendQrApi\\node_modules\\ts-node\\src\\index.ts","function":"createTSError","line":859,"method":null,"native":false},{"column":19,"file":"C:\\Users\\USER\\Desktop\\lendQrApi\\node_modules\\ts-node\\src\\index.ts","function":"reportTSError","line":863,"method":null,"native":false},{"column":36,"file":"C:\\Users\\USER\\Desktop\\lendQrApi\\node_modules\\ts-node\\src\\index.ts","function":"getOutput","line":1077,"method":null,"native":false},{"column":41,"file":"C:\\Users\\USER\\Desktop\\lendQrApi\\node_modules\\ts-node\\src\\index.ts","function":"Object.compile","line":1433,"method":"compile","native":false},{"column":30,"file":"C:\\Users\\USER\\Desktop\\lendQrApi\\node_modules\\ts-node\\src\\index.ts","function":"Module.m._compile","line":1617,"method":"_compile","native":false},{"column":10,"file":"node:internal/modules/cjs/loader","function":"Module._extensions..js","line":1174,"method":".js","native":false},{"column":12,"file":"C:\\Users\\USER\\Desktop\\lendQrApi\\node_modules\\ts-node\\src\\index.ts","function":"Object.require.extensions.<computed> [as .ts]","line":1621,"method":"ts]","native":false},{"column":32,"file":"node:internal/modules/cjs/loader","function":"Module.load","line":998,"method":"load","native":false},{"column":12,"file":"node:internal/modules/cjs/loader","function":"Module._load","line":839,"method":"_load","native":false},{"column":19,"file":"node:internal/modules/cjs/loader","function":"Module.require","line":1022,"method":"require","native":false}]}
{"date":"Tue Nov 22 2022 14:07:38 GMT+0100 (West Africa Standard Time)","error":{"diagnosticCodes":[2307,2613,2304,2304,2552,2552,2304]},"exception":true,"level":"error","message":"uncaughtException: ⨯ Unable to compile TypeScript:\n\u001b[96msrc/services/SessionService.ts\u001b[0m:\u001b[93m2\u001b[0m:\u001b[93m30\u001b[0m - \u001b[91merror\u001b[0m\u001b[90m TS2307: \u001b[0mCannot find module '../interfaces' or its corresponding type declarations.\r\n\r\n\u001b[7m2\u001b[0m import { IAuthPayload } from \"../interfaces\";\r\n\u001b[7m \u001b[0m \u001b[91m                             ~~~~~~~~~~~~~~~\u001b[0m\r\n\u001b[96msrc/services/SessionService.ts\u001b[0m:\u001b[93m3\u001b[0m:\u001b[93m8\u001b[0m - \u001b[91merror\u001b[0m\u001b[90m TS2613: \u001b[0mModule '\"C:/Users/USER/Desktop/lendQrApi/src/constants/DeviceMobileCategory\"' has no default export. Did you mean to use 'import { DeviceMobileCategory } from \"C:/Users/USER/Desktop/lendQrApi/src/constants/DeviceMobileCategory\"' instead?\r\n\r\n\u001b[7m3\u001b[0m import DeviceMobileCategory  from \"../constants/DeviceMobileCategory\";\r\n\u001b[7m \u001b[0m \u001b[91m       ~~~~~~~~~~~~~~~~~~~~\u001b[0m\r\n\u001b[96msrc/services/SessionService.ts\u001b[0m:\u001b[93m22\u001b[0m:\u001b[93m15\u001b[0m - \u001b[91merror\u001b[0m\u001b[90m TS2304: \u001b[0mCannot find name 'User'.\r\n\r\n\u001b[7m22\u001b[0m         user: User,\r\n\u001b[7m  \u001b[0m \u001b[91m              ~~~~\u001b[0m\r\n\u001b[96msrc/services/SessionService.ts\u001b[0m:\u001b[93m50\u001b[0m:\u001b[93m15\u001b[0m - \u001b[91merror\u001b[0m\u001b[90m TS2304: \u001b[0mCannot find name 'UserSession'.\r\n\r\n\u001b[7m50\u001b[0m     : Promise<UserSession> {\r\n\u001b[7m  \u001b[0m \u001b[91m              ~~~~~~~~~~~\u001b[0m\r\n\u001b[96msrc/services/SessionService.ts\u001b[0m:\u001b[93m52\u001b[0m:\u001b[93m33\u001b[0m - \u001b[91merror\u001b[0m\u001b[90m TS2552: \u001b[0mCannot find name 'UserSession'. Did you mean 'userSession'?\r\n\r\n\u001b[7m52\u001b[0m         let userSession = await UserSession.findOne({ where: { userId, platform } });\r\n\u001b[7m  \u001b[0m \u001b[91m                                ~~~~~~~~~~~\u001b[0m\r\n\r\n  \u001b[96msrc/services/SessionService.ts\u001b[0m:\u001b[93m52\u001b[0m:\u001b[93m13\u001b[0m\r\n    \u001b[7m52\u001b[0m         let userSession = await UserSession.findOne({ where: { userId, platform } });\r\n    \u001b[7m  \u001b[0m \u001b[96m            ~~~~~~~~~~~\u001b[0m\r\n    'userSession' is declared here.\r\n\u001b[96msrc/services/SessionService.ts\u001b[0m:\u001b[93m55\u001b[0m:\u001b[93m31\u001b[0m - \u001b[91merror\u001b[0m\u001b[90m TS2552: \u001b[0mCannot find name 'UserSession'. Did you mean 'userSession'?\r\n\r\n\u001b[7m55\u001b[0m             userSession = new UserSession();\r\n\u001b[7m  \u001b[0m \u001b[91m                              ~~~~~~~~~~~\u001b[0m\r\n\r\n  \u001b[96msrc/services/SessionService.ts\u001b[0m:\u001b[93m52\u001b[0m:\u001b[93m13\u001b[0m\r\n    \u001b[7m52\u001b[0m         let userSession = await UserSession.findOne({ where: { userId, platform } });\r\n    \u001b[7m  \u001b[0m \u001b[96m            ~~~~~~~~~~~\u001b[0m\r\n    'userSession' is declared here.\r\n\u001b[96msrc/services/SessionService.ts\u001b[0m:\u001b[93m70\u001b[0m:\u001b[93m57\u001b[0m - \u001b[91merror\u001b[0m\u001b[90m TS2304: \u001b[0mCannot find name 'User'.\r\n\r\n\u001b[7m70\u001b[0m     private static getAuthToken({ id, userType, role }: User, ttlInHours: number): string {\r\n\u001b[7m  \u001b[0m \u001b[91m                                                        ~~~~\u001b[0m\r\n\nTSError: ⨯ Unable to compile TypeScript:\n\u001b[96msrc/services/SessionService.ts\u001b[0m:\u001b[93m2\u001b[0m:\u001b[93m30\u001b[0m - \u001b[91merror\u001b[0m\u001b[90m TS2307: \u001b[0mCannot find module '../interfaces' or its corresponding type declarations.\r\n\r\n\u001b[7m2\u001b[0m import { IAuthPayload } from \"../interfaces\";\r\n\u001b[7m \u001b[0m \u001b[91m                             ~~~~~~~~~~~~~~~\u001b[0m\r\n\u001b[96msrc/services/SessionService.ts\u001b[0m:\u001b[93m3\u001b[0m:\u001b[93m8\u001b[0m - \u001b[91merror\u001b[0m\u001b[90m TS2613: \u001b[0mModule '\"C:/Users/USER/Desktop/lendQrApi/src/constants/DeviceMobileCategory\"' has no default export. Did you mean to use 'import { DeviceMobileCategory } from \"C:/Users/USER/Desktop/lendQrApi/src/constants/DeviceMobileCategory\"' instead?\r\n\r\n\u001b[7m3\u001b[0m import DeviceMobileCategory  from \"../constants/DeviceMobileCategory\";\r\n\u001b[7m \u001b[0m \u001b[91m       ~~~~~~~~~~~~~~~~~~~~\u001b[0m\r\n\u001b[96msrc/services/SessionService.ts\u001b[0m:\u001b[93m22\u001b[0m:\u001b[93m15\u001b[0m - \u001b[91merror\u001b[0m\u001b[90m TS2304: \u001b[0mCannot find name 'User'.\r\n\r\n\u001b[7m22\u001b[0m         user: User,\r\n\u001b[7m  \u001b[0m \u001b[91m              ~~~~\u001b[0m\r\n\u001b[96msrc/services/SessionService.ts\u001b[0m:\u001b[93m50\u001b[0m:\u001b[93m15\u001b[0m - \u001b[91merror\u001b[0m\u001b[90m TS2304: \u001b[0mCannot find name 'UserSession'.\r\n\r\n\u001b[7m50\u001b[0m     : Promise<UserSession> {\r\n\u001b[7m  \u001b[0m \u001b[91m              ~~~~~~~~~~~\u001b[0m\r\n\u001b[96msrc/services/SessionService.ts\u001b[0m:\u001b[93m52\u001b[0m:\u001b[93m33\u001b[0m - \u001b[91merror\u001b[0m\u001b[90m TS2552: \u001b[0mCannot find name 'UserSession'. Did you mean 'userSession'?\r\n\r\n\u001b[7m52\u001b[0m         let userSession = await UserSession.findOne({ where: { userId, platform } });\r\n\u001b[7m  \u001b[0m \u001b[91m                                ~~~~~~~~~~~\u001b[0m\r\n\r\n  \u001b[96msrc/services/SessionService.ts\u001b[0m:\u001b[93m52\u001b[0m:\u001b[93m13\u001b[0m\r\n    \u001b[7m52\u001b[0m         let userSession = await UserSession.findOne({ where: { userId, platform } });\r\n    \u001b[7m  \u001b[0m \u001b[96m            ~~~~~~~~~~~\u001b[0m\r\n    'userSession' is declared here.\r\n\u001b[96msrc/services/SessionService.ts\u001b[0m:\u001b[93m55\u001b[0m:\u001b[93m31\u001b[0m - \u001b[91merror\u001b[0m\u001b[90m TS2552: \u001b[0mCannot find name 'UserSession'. Did you mean 'userSession'?\r\n\r\n\u001b[7m55\u001b[0m             userSession = new UserSession();\r\n\u001b[7m  \u001b[0m \u001b[91m                              ~~~~~~~~~~~\u001b[0m\r\n\r\n  \u001b[96msrc/services/SessionService.ts\u001b[0m:\u001b[93m52\u001b[0m:\u001b[93m13\u001b[0m\r\n    \u001b[7m52\u001b[0m         let userSession = await UserSession.findOne({ where: { userId, platform } });\r\n    \u001b[7m  \u001b[0m \u001b[96m            ~~~~~~~~~~~\u001b[0m\r\n    'userSession' is declared here.\r\n\u001b[96msrc/services/SessionService.ts\u001b[0m:\u001b[93m70\u001b[0m:\u001b[93m57\u001b[0m - \u001b[91merror\u001b[0m\u001b[90m TS2304: \u001b[0mCannot find name 'User'.\r\n\r\n\u001b[7m70\u001b[0m     private static getAuthToken({ id, userType, role }: User, ttlInHours: number): string {\r\n\u001b[7m  \u001b[0m \u001b[91m                                                        ~~~~\u001b[0m\r\n\n    at createTSError (C:\\Users\\USER\\Desktop\\lendQrApi\\node_modules\\ts-node\\src\\index.ts:859:12)\n    at reportTSError (C:\\Users\\USER\\Desktop\\lendQrApi\\node_modules\\ts-node\\src\\index.ts:863:19)\n    at getOutput (C:\\Users\\USER\\Desktop\\lendQrApi\\node_modules\\ts-node\\src\\index.ts:1077:36)\n    at Object.compile (C:\\Users\\USER\\Desktop\\lendQrApi\\node_modules\\ts-node\\src\\index.ts:1433:41)\n    at Module.m._compile (C:\\Users\\USER\\Desktop\\lendQrApi\\node_modules\\ts-node\\src\\index.ts:1617:30)\n    at Module._extensions..js (node:internal/modules/cjs/loader:1174:10)\n    at Object.require.extensions.<computed> [as .ts] (C:\\Users\\USER\\Desktop\\lendQrApi\\node_modules\\ts-node\\src\\index.ts:1621:12)\n    at Module.load (node:internal/modules/cjs/loader:998:32)\n    at Function.Module._load (node:internal/modules/cjs/loader:839:12)\n    at Module.require (node:internal/modules/cjs/loader:1022:19)","os":{"loadavg":[0,0,0],"uptime":856459},"process":{"argv":["C:\\Users\\USER\\Desktop\\lendQrApi\\node_modules\\ts-node\\dist\\bin.js","C:\\Users\\USER\\Desktop\\lendQrApi\\src\\index.ts"],"cwd":"C:\\Users\\USER\\Desktop\\lendQrApi","execPath":"C:\\Program Files\\nodejs\\node.exe","gid":null,"memoryUsage":{"arrayBuffers":2046918,"external":3548320,"heapTotal":203866112,"heapUsed":176968728,"rss":241123328},"pid":10704,"uid":null,"version":"v18.7.0"},"stack":"TSError: ⨯ Unable to compile TypeScript:\n\u001b[96msrc/services/SessionService.ts\u001b[0m:\u001b[93m2\u001b[0m:\u001b[93m30\u001b[0m - \u001b[91merror\u001b[0m\u001b[90m TS2307: \u001b[0mCannot find module '../interfaces' or its corresponding type declarations.\r\n\r\n\u001b[7m2\u001b[0m import { IAuthPayload } from \"../interfaces\";\r\n\u001b[7m \u001b[0m \u001b[91m                             ~~~~~~~~~~~~~~~\u001b[0m\r\n\u001b[96msrc/services/SessionService.ts\u001b[0m:\u001b[93m3\u001b[0m:\u001b[93m8\u001b[0m - \u001b[91merror\u001b[0m\u001b[90m TS2613: \u001b[0mModule '\"C:/Users/USER/Desktop/lendQrApi/src/constants/DeviceMobileCategory\"' has no default export. Did you mean to use 'import { DeviceMobileCategory } from \"C:/Users/USER/Desktop/lendQrApi/src/constants/DeviceMobileCategory\"' instead?\r\n\r\n\u001b[7m3\u001b[0m import DeviceMobileCategory  from \"../constants/DeviceMobileCategory\";\r\n\u001b[7m \u001b[0m \u001b[91m       ~~~~~~~~~~~~~~~~~~~~\u001b[0m\r\n\u001b[96msrc/services/SessionService.ts\u001b[0m:\u001b[93m22\u001b[0m:\u001b[93m15\u001b[0m - \u001b[91merror\u001b[0m\u001b[90m TS2304: \u001b[0mCannot find name 'User'.\r\n\r\n\u001b[7m22\u001b[0m         user: User,\r\n\u001b[7m  \u001b[0m \u001b[91m              ~~~~\u001b[0m\r\n\u001b[96msrc/services/SessionService.ts\u001b[0m:\u001b[93m50\u001b[0m:\u001b[93m15\u001b[0m - \u001b[91merror\u001b[0m\u001b[90m TS2304: \u001b[0mCannot find name 'UserSession'.\r\n\r\n\u001b[7m50\u001b[0m     : Promise<UserSession> {\r\n\u001b[7m  \u001b[0m \u001b[91m              ~~~~~~~~~~~\u001b[0m\r\n\u001b[96msrc/services/SessionService.ts\u001b[0m:\u001b[93m52\u001b[0m:\u001b[93m33\u001b[0m - \u001b[91merror\u001b[0m\u001b[90m TS2552: \u001b[0mCannot find name 'UserSession'. Did you mean 'userSession'?\r\n\r\n\u001b[7m52\u001b[0m         let userSession = await UserSession.findOne({ where: { userId, platform } });\r\n\u001b[7m  \u001b[0m \u001b[91m                                ~~~~~~~~~~~\u001b[0m\r\n\r\n  \u001b[96msrc/services/SessionService.ts\u001b[0m:\u001b[93m52\u001b[0m:\u001b[93m13\u001b[0m\r\n    \u001b[7m52\u001b[0m         let userSession = await UserSession.findOne({ where: { userId, platform } });\r\n    \u001b[7m  \u001b[0m \u001b[96m            ~~~~~~~~~~~\u001b[0m\r\n    'userSession' is declared here.\r\n\u001b[96msrc/services/SessionService.ts\u001b[0m:\u001b[93m55\u001b[0m:\u001b[93m31\u001b[0m - \u001b[91merror\u001b[0m\u001b[90m TS2552: \u001b[0mCannot find name 'UserSession'. Did you mean 'userSession'?\r\n\r\n\u001b[7m55\u001b[0m             userSession = new UserSession();\r\n\u001b[7m  \u001b[0m \u001b[91m                              ~~~~~~~~~~~\u001b[0m\r\n\r\n  \u001b[96msrc/services/SessionService.ts\u001b[0m:\u001b[93m52\u001b[0m:\u001b[93m13\u001b[0m\r\n    \u001b[7m52\u001b[0m         let userSession = await UserSession.findOne({ where: { userId, platform } });\r\n    \u001b[7m  \u001b[0m \u001b[96m            ~~~~~~~~~~~\u001b[0m\r\n    'userSession' is declared here.\r\n\u001b[96msrc/services/SessionService.ts\u001b[0m:\u001b[93m70\u001b[0m:\u001b[93m57\u001b[0m - \u001b[91merror\u001b[0m\u001b[90m TS2304: \u001b[0mCannot find name 'User'.\r\n\r\n\u001b[7m70\u001b[0m     private static getAuthToken({ id, userType, role }: User, ttlInHours: number): string {\r\n\u001b[7m  \u001b[0m \u001b[91m                                                        ~~~~\u001b[0m\r\n\n    at createTSError (C:\\Users\\USER\\Desktop\\lendQrApi\\node_modules\\ts-node\\src\\index.ts:859:12)\n    at reportTSError (C:\\Users\\USER\\Desktop\\lendQrApi\\node_modules\\ts-node\\src\\index.ts:863:19)\n    at getOutput (C:\\Users\\USER\\Desktop\\lendQrApi\\node_modules\\ts-node\\src\\index.ts:1077:36)\n    at Object.compile (C:\\Users\\USER\\Desktop\\lendQrApi\\node_modules\\ts-node\\src\\index.ts:1433:41)\n    at Module.m._compile (C:\\Users\\USER\\Desktop\\lendQrApi\\node_modules\\ts-node\\src\\index.ts:1617:30)\n    at Module._extensions..js (node:internal/modules/cjs/loader:1174:10)\n    at Object.require.extensions.<computed> [as .ts] (C:\\Users\\USER\\Desktop\\lendQrApi\\node_modules\\ts-node\\src\\index.ts:1621:12)\n    at Module.load (node:internal/modules/cjs/loader:998:32)\n    at Function.Module._load (node:internal/modules/cjs/loader:839:12)\n    at Module.require (node:internal/modules/cjs/loader:1022:19)","trace":[{"column":12,"file":"C:\\Users\\USER\\Desktop\\lendQrApi\\node_modules\\ts-node\\src\\index.ts","function":"createTSError","line":859,"method":null,"native":false},{"column":19,"file":"C:\\Users\\USER\\Desktop\\lendQrApi\\node_modules\\ts-node\\src\\index.ts","function":"reportTSError","line":863,"method":null,"native":false},{"column":36,"file":"C:\\Users\\USER\\Desktop\\lendQrApi\\node_modules\\ts-node\\src\\index.ts","function":"getOutput","line":1077,"method":null,"native":false},{"column":41,"file":"C:\\Users\\USER\\Desktop\\lendQrApi\\node_modules\\ts-node\\src\\index.ts","function":"Object.compile","line":1433,"method":"compile","native":false},{"column":30,"file":"C:\\Users\\USER\\Desktop\\lendQrApi\\node_modules\\ts-node\\src\\index.ts","function":"Module.m._compile","line":1617,"method":"_compile","native":false},{"column":10,"file":"node:internal/modules/cjs/loader","function":"Module._extensions..js","line":1174,"method":".js","native":false},{"column":12,"file":"C:\\Users\\USER\\Desktop\\lendQrApi\\node_modules\\ts-node\\src\\index.ts","function":"Object.require.extensions.<computed> [as .ts]","line":1621,"method":"ts]","native":false},{"column":32,"file":"node:internal/modules/cjs/loader","function":"Module.load","line":998,"method":"load","native":false},{"column":12,"file":"node:internal/modules/cjs/loader","function":"Module._load","line":839,"method":"_load","native":false},{"column":19,"file":"node:internal/modules/cjs/loader","function":"Module.require","line":1022,"method":"require","native":false}]}
{"date":"Tue Nov 22 2022 14:11:51 GMT+0100 (West Africa Standard Time)","error":{"diagnosticCodes":[2552,2552,2304]},"exception":true,"level":"error","message":"uncaughtException: ⨯ Unable to compile TypeScript:\n\u001b[96msrc/services/SessionService.ts\u001b[0m:\u001b[93m51\u001b[0m:\u001b[93m33\u001b[0m - \u001b[91merror\u001b[0m\u001b[90m TS2552: \u001b[0mCannot find name 'UserSession'. Did you mean 'userSession'?\r\n\r\n\u001b[7m51\u001b[0m         let userSession = await UserSession.findOne({ where: { userId, platform } });\r\n\u001b[7m  \u001b[0m \u001b[91m                                ~~~~~~~~~~~\u001b[0m\r\n\r\n  \u001b[96msrc/services/SessionService.ts\u001b[0m:\u001b[93m51\u001b[0m:\u001b[93m13\u001b[0m\r\n    \u001b[7m51\u001b[0m         let userSession = await UserSession.findOne({ where: { userId, platform } });\r\n    \u001b[7m  \u001b[0m \u001b[96m            ~~~~~~~~~~~\u001b[0m\r\n    'userSession' is declared here.\r\n\u001b[96msrc/services/SessionService.ts\u001b[0m:\u001b[93m54\u001b[0m:\u001b[93m31\u001b[0m - \u001b[91merror\u001b[0m\u001b[90m TS2552: \u001b[0mCannot find name 'UserSession'. Did you mean 'userSession'?\r\n\r\n\u001b[7m54\u001b[0m             userSession = new UserSession();\r\n\u001b[7m  \u001b[0m \u001b[91m                              ~~~~~~~~~~~\u001b[0m\r\n\r\n  \u001b[96msrc/services/SessionService.ts\u001b[0m:\u001b[93m51\u001b[0m:\u001b[93m13\u001b[0m\r\n    \u001b[7m51\u001b[0m         let userSession = await UserSession.findOne({ where: { userId, platform } });\r\n    \u001b[7m  \u001b[0m \u001b[96m            ~~~~~~~~~~~\u001b[0m\r\n    'userSession' is declared here.\r\n\u001b[96msrc/services/SessionService.ts\u001b[0m:\u001b[93m69\u001b[0m:\u001b[93m57\u001b[0m - \u001b[91merror\u001b[0m\u001b[90m TS2304: \u001b[0mCannot find name 'User'.\r\n\r\n\u001b[7m69\u001b[0m     private static getAuthToken({ id, userType, role }: User, ttlInHours: number): string {\r\n\u001b[7m  \u001b[0m \u001b[91m                                                        ~~~~\u001b[0m\r\n\nTSError: ⨯ Unable to compile TypeScript:\n\u001b[96msrc/services/SessionService.ts\u001b[0m:\u001b[93m51\u001b[0m:\u001b[93m33\u001b[0m - \u001b[91merror\u001b[0m\u001b[90m TS2552: \u001b[0mCannot find name 'UserSession'. Did you mean 'userSession'?\r\n\r\n\u001b[7m51\u001b[0m         let userSession = await UserSession.findOne({ where: { userId, platform } });\r\n\u001b[7m  \u001b[0m \u001b[91m                                ~~~~~~~~~~~\u001b[0m\r\n\r\n  \u001b[96msrc/services/SessionService.ts\u001b[0m:\u001b[93m51\u001b[0m:\u001b[93m13\u001b[0m\r\n    \u001b[7m51\u001b[0m         let userSession = await UserSession.findOne({ where: { userId, platform } });\r\n    \u001b[7m  \u001b[0m \u001b[96m            ~~~~~~~~~~~\u001b[0m\r\n    'userSession' is declared here.\r\n\u001b[96msrc/services/SessionService.ts\u001b[0m:\u001b[93m54\u001b[0m:\u001b[93m31\u001b[0m - \u001b[91merror\u001b[0m\u001b[90m TS2552: \u001b[0mCannot find name 'UserSession'. Did you mean 'userSession'?\r\n\r\n\u001b[7m54\u001b[0m             userSession = new UserSession();\r\n\u001b[7m  \u001b[0m \u001b[91m                              ~~~~~~~~~~~\u001b[0m\r\n\r\n  \u001b[96msrc/services/SessionService.ts\u001b[0m:\u001b[93m51\u001b[0m:\u001b[93m13\u001b[0m\r\n    \u001b[7m51\u001b[0m         let userSession = await UserSession.findOne({ where: { userId, platform } });\r\n    \u001b[7m  \u001b[0m \u001b[96m            ~~~~~~~~~~~\u001b[0m\r\n    'userSession' is declared here.\r\n\u001b[96msrc/services/SessionService.ts\u001b[0m:\u001b[93m69\u001b[0m:\u001b[93m57\u001b[0m - \u001b[91merror\u001b[0m\u001b[90m TS2304: \u001b[0mCannot find name 'User'.\r\n\r\n\u001b[7m69\u001b[0m     private static getAuthToken({ id, userType, role }: User, ttlInHours: number): string {\r\n\u001b[7m  \u001b[0m \u001b[91m                                                        ~~~~\u001b[0m\r\n\n    at createTSError (C:\\Users\\USER\\Desktop\\lendQrApi\\node_modules\\ts-node\\src\\index.ts:859:12)\n    at reportTSError (C:\\Users\\USER\\Desktop\\lendQrApi\\node_modules\\ts-node\\src\\index.ts:863:19)\n    at getOutput (C:\\Users\\USER\\Desktop\\lendQrApi\\node_modules\\ts-node\\src\\index.ts:1077:36)\n    at Object.compile (C:\\Users\\USER\\Desktop\\lendQrApi\\node_modules\\ts-node\\src\\index.ts:1433:41)\n    at Module.m._compile (C:\\Users\\USER\\Desktop\\lendQrApi\\node_modules\\ts-node\\src\\index.ts:1617:30)\n    at Module._extensions..js (node:internal/modules/cjs/loader:1174:10)\n    at Object.require.extensions.<computed> [as .ts] (C:\\Users\\USER\\Desktop\\lendQrApi\\node_modules\\ts-node\\src\\index.ts:1621:12)\n    at Module.load (node:internal/modules/cjs/loader:998:32)\n    at Function.Module._load (node:internal/modules/cjs/loader:839:12)\n    at Module.require (node:internal/modules/cjs/loader:1022:19)","os":{"loadavg":[0,0,0],"uptime":856712},"process":{"argv":["C:\\Users\\USER\\Desktop\\lendQrApi\\node_modules\\ts-node\\dist\\bin.js","C:\\Users\\USER\\Desktop\\lendQrApi\\src\\index.ts"],"cwd":"C:\\Users\\USER\\Desktop\\lendQrApi","execPath":"C:\\Program Files\\nodejs\\node.exe","gid":null,"memoryUsage":{"arrayBuffers":1905088,"external":3554737,"heapTotal":193642496,"heapUsed":159945928,"rss":230350848},"pid":344,"uid":null,"version":"v18.7.0"},"stack":"TSError: ⨯ Unable to compile TypeScript:\n\u001b[96msrc/services/SessionService.ts\u001b[0m:\u001b[93m51\u001b[0m:\u001b[93m33\u001b[0m - \u001b[91merror\u001b[0m\u001b[90m TS2552: \u001b[0mCannot find name 'UserSession'. Did you mean 'userSession'?\r\n\r\n\u001b[7m51\u001b[0m         let userSession = await UserSession.findOne({ where: { userId, platform } });\r\n\u001b[7m  \u001b[0m \u001b[91m                                ~~~~~~~~~~~\u001b[0m\r\n\r\n  \u001b[96msrc/services/SessionService.ts\u001b[0m:\u001b[93m51\u001b[0m:\u001b[93m13\u001b[0m\r\n    \u001b[7m51\u001b[0m         let userSession = await UserSession.findOne({ where: { userId, platform } });\r\n    \u001b[7m  \u001b[0m \u001b[96m            ~~~~~~~~~~~\u001b[0m\r\n    'userSession' is declared here.\r\n\u001b[96msrc/services/SessionService.ts\u001b[0m:\u001b[93m54\u001b[0m:\u001b[93m31\u001b[0m - \u001b[91merror\u001b[0m\u001b[90m TS2552: \u001b[0mCannot find name 'UserSession'. Did you mean 'userSession'?\r\n\r\n\u001b[7m54\u001b[0m             userSession = new UserSession();\r\n\u001b[7m  \u001b[0m \u001b[91m                              ~~~~~~~~~~~\u001b[0m\r\n\r\n  \u001b[96msrc/services/SessionService.ts\u001b[0m:\u001b[93m51\u001b[0m:\u001b[93m13\u001b[0m\r\n    \u001b[7m51\u001b[0m         let userSession = await UserSession.findOne({ where: { userId, platform } });\r\n    \u001b[7m  \u001b[0m \u001b[96m            ~~~~~~~~~~~\u001b[0m\r\n    'userSession' is declared here.\r\n\u001b[96msrc/services/SessionService.ts\u001b[0m:\u001b[93m69\u001b[0m:\u001b[93m57\u001b[0m - \u001b[91merror\u001b[0m\u001b[90m TS2304: \u001b[0mCannot find name 'User'.\r\n\r\n\u001b[7m69\u001b[0m     private static getAuthToken({ id, userType, role }: User, ttlInHours: number): string {\r\n\u001b[7m  \u001b[0m \u001b[91m                                                        ~~~~\u001b[0m\r\n\n    at createTSError (C:\\Users\\USER\\Desktop\\lendQrApi\\node_modules\\ts-node\\src\\index.ts:859:12)\n    at reportTSError (C:\\Users\\USER\\Desktop\\lendQrApi\\node_modules\\ts-node\\src\\index.ts:863:19)\n    at getOutput (C:\\Users\\USER\\Desktop\\lendQrApi\\node_modules\\ts-node\\src\\index.ts:1077:36)\n    at Object.compile (C:\\Users\\USER\\Desktop\\lendQrApi\\node_modules\\ts-node\\src\\index.ts:1433:41)\n    at Module.m._compile (C:\\Users\\USER\\Desktop\\lendQrApi\\node_modules\\ts-node\\src\\index.ts:1617:30)\n    at Module._extensions..js (node:internal/modules/cjs/loader:1174:10)\n    at Object.require.extensions.<computed> [as .ts] (C:\\Users\\USER\\Desktop\\lendQrApi\\node_modules\\ts-node\\src\\index.ts:1621:12)\n    at Module.load (node:internal/modules/cjs/loader:998:32)\n    at Function.Module._load (node:internal/modules/cjs/loader:839:12)\n    at Module.require (node:internal/modules/cjs/loader:1022:19)","trace":[{"column":12,"file":"C:\\Users\\USER\\Desktop\\lendQrApi\\node_modules\\ts-node\\src\\index.ts","function":"createTSError","line":859,"method":null,"native":false},{"column":19,"file":"C:\\Users\\USER\\Desktop\\lendQrApi\\node_modules\\ts-node\\src\\index.ts","function":"reportTSError","line":863,"method":null,"native":false},{"column":36,"file":"C:\\Users\\USER\\Desktop\\lendQrApi\\node_modules\\ts-node\\src\\index.ts","function":"getOutput","line":1077,"method":null,"native":false},{"column":41,"file":"C:\\Users\\USER\\Desktop\\lendQrApi\\node_modules\\ts-node\\src\\index.ts","function":"Object.compile","line":1433,"method":"compile","native":false},{"column":30,"file":"C:\\Users\\USER\\Desktop\\lendQrApi\\node_modules\\ts-node\\src\\index.ts","function":"Module.m._compile","line":1617,"method":"_compile","native":false},{"column":10,"file":"node:internal/modules/cjs/loader","function":"Module._extensions..js","line":1174,"method":".js","native":false},{"column":12,"file":"C:\\Users\\USER\\Desktop\\lendQrApi\\node_modules\\ts-node\\src\\index.ts","function":"Object.require.extensions.<computed> [as .ts]","line":1621,"method":"ts]","native":false},{"column":32,"file":"node:internal/modules/cjs/loader","function":"Module.load","line":998,"method":"load","native":false},{"column":12,"file":"node:internal/modules/cjs/loader","function":"Module._load","line":839,"method":"_load","native":false},{"column":19,"file":"node:internal/modules/cjs/loader","function":"Module.require","line":1022,"method":"require","native":false}]}
{"date":"Tue Nov 22 2022 14:11:51 GMT+0100 (West Africa Standard Time)","error":{"diagnosticCodes":[2552,2552,2304]},"exception":true,"level":"error","message":"uncaughtException: ⨯ Unable to compile TypeScript:\n\u001b[96msrc/services/SessionService.ts\u001b[0m:\u001b[93m51\u001b[0m:\u001b[93m33\u001b[0m - \u001b[91merror\u001b[0m\u001b[90m TS2552: \u001b[0mCannot find name 'UserSession'. Did you mean 'userSession'?\r\n\r\n\u001b[7m51\u001b[0m         let userSession = await UserSession.findOne({ where: { userId, platform } });\r\n\u001b[7m  \u001b[0m \u001b[91m                                ~~~~~~~~~~~\u001b[0m\r\n\r\n  \u001b[96msrc/services/SessionService.ts\u001b[0m:\u001b[93m51\u001b[0m:\u001b[93m13\u001b[0m\r\n    \u001b[7m51\u001b[0m         let userSession = await UserSession.findOne({ where: { userId, platform } });\r\n    \u001b[7m  \u001b[0m \u001b[96m            ~~~~~~~~~~~\u001b[0m\r\n    'userSession' is declared here.\r\n\u001b[96msrc/services/SessionService.ts\u001b[0m:\u001b[93m54\u001b[0m:\u001b[93m31\u001b[0m - \u001b[91merror\u001b[0m\u001b[90m TS2552: \u001b[0mCannot find name 'UserSession'. Did you mean 'userSession'?\r\n\r\n\u001b[7m54\u001b[0m             userSession = new UserSession();\r\n\u001b[7m  \u001b[0m \u001b[91m                              ~~~~~~~~~~~\u001b[0m\r\n\r\n  \u001b[96msrc/services/SessionService.ts\u001b[0m:\u001b[93m51\u001b[0m:\u001b[93m13\u001b[0m\r\n    \u001b[7m51\u001b[0m         let userSession = await UserSession.findOne({ where: { userId, platform } });\r\n    \u001b[7m  \u001b[0m \u001b[96m            ~~~~~~~~~~~\u001b[0m\r\n    'userSession' is declared here.\r\n\u001b[96msrc/services/SessionService.ts\u001b[0m:\u001b[93m69\u001b[0m:\u001b[93m57\u001b[0m - \u001b[91merror\u001b[0m\u001b[90m TS2304: \u001b[0mCannot find name 'User'.\r\n\r\n\u001b[7m69\u001b[0m     private static getAuthToken({ id, userType, role }: User, ttlInHours: number): string {\r\n\u001b[7m  \u001b[0m \u001b[91m                                                        ~~~~\u001b[0m\r\n\nTSError: ⨯ Unable to compile TypeScript:\n\u001b[96msrc/services/SessionService.ts\u001b[0m:\u001b[93m51\u001b[0m:\u001b[93m33\u001b[0m - \u001b[91merror\u001b[0m\u001b[90m TS2552: \u001b[0mCannot find name 'UserSession'. Did you mean 'userSession'?\r\n\r\n\u001b[7m51\u001b[0m         let userSession = await UserSession.findOne({ where: { userId, platform } });\r\n\u001b[7m  \u001b[0m \u001b[91m                                ~~~~~~~~~~~\u001b[0m\r\n\r\n  \u001b[96msrc/services/SessionService.ts\u001b[0m:\u001b[93m51\u001b[0m:\u001b[93m13\u001b[0m\r\n    \u001b[7m51\u001b[0m         let userSession = await UserSession.findOne({ where: { userId, platform } });\r\n    \u001b[7m  \u001b[0m \u001b[96m            ~~~~~~~~~~~\u001b[0m\r\n    'userSession' is declared here.\r\n\u001b[96msrc/services/SessionService.ts\u001b[0m:\u001b[93m54\u001b[0m:\u001b[93m31\u001b[0m - \u001b[91merror\u001b[0m\u001b[90m TS2552: \u001b[0mCannot find name 'UserSession'. Did you mean 'userSession'?\r\n\r\n\u001b[7m54\u001b[0m             userSession = new UserSession();\r\n\u001b[7m  \u001b[0m \u001b[91m                              ~~~~~~~~~~~\u001b[0m\r\n\r\n  \u001b[96msrc/services/SessionService.ts\u001b[0m:\u001b[93m51\u001b[0m:\u001b[93m13\u001b[0m\r\n    \u001b[7m51\u001b[0m         let userSession = await UserSession.findOne({ where: { userId, platform } });\r\n    \u001b[7m  \u001b[0m \u001b[96m            ~~~~~~~~~~~\u001b[0m\r\n    'userSession' is declared here.\r\n\u001b[96msrc/services/SessionService.ts\u001b[0m:\u001b[93m69\u001b[0m:\u001b[93m57\u001b[0m - \u001b[91merror\u001b[0m\u001b[90m TS2304: \u001b[0mCannot find name 'User'.\r\n\r\n\u001b[7m69\u001b[0m     private static getAuthToken({ id, userType, role }: User, ttlInHours: number): string {\r\n\u001b[7m  \u001b[0m \u001b[91m                                                        ~~~~\u001b[0m\r\n\n    at createTSError (C:\\Users\\USER\\Desktop\\lendQrApi\\node_modules\\ts-node\\src\\index.ts:859:12)\n    at reportTSError (C:\\Users\\USER\\Desktop\\lendQrApi\\node_modules\\ts-node\\src\\index.ts:863:19)\n    at getOutput (C:\\Users\\USER\\Desktop\\lendQrApi\\node_modules\\ts-node\\src\\index.ts:1077:36)\n    at Object.compile (C:\\Users\\USER\\Desktop\\lendQrApi\\node_modules\\ts-node\\src\\index.ts:1433:41)\n    at Module.m._compile (C:\\Users\\USER\\Desktop\\lendQrApi\\node_modules\\ts-node\\src\\index.ts:1617:30)\n    at Module._extensions..js (node:internal/modules/cjs/loader:1174:10)\n    at Object.require.extensions.<computed> [as .ts] (C:\\Users\\USER\\Desktop\\lendQrApi\\node_modules\\ts-node\\src\\index.ts:1621:12)\n    at Module.load (node:internal/modules/cjs/loader:998:32)\n    at Function.Module._load (node:internal/modules/cjs/loader:839:12)\n    at Module.require (node:internal/modules/cjs/loader:1022:19)","os":{"loadavg":[0,0,0],"uptime":856712},"process":{"argv":["C:\\Users\\USER\\Desktop\\lendQrApi\\node_modules\\ts-node\\dist\\bin.js","C:\\Users\\USER\\Desktop\\lendQrApi\\src\\index.ts"],"cwd":"C:\\Users\\USER\\Desktop\\lendQrApi","execPath":"C:\\Program Files\\nodejs\\node.exe","gid":null,"memoryUsage":{"arrayBuffers":1914826,"external":3416228,"heapTotal":193642496,"heapUsed":160098072,"rss":230514688},"pid":344,"uid":null,"version":"v18.7.0"},"stack":"TSError: ⨯ Unable to compile TypeScript:\n\u001b[96msrc/services/SessionService.ts\u001b[0m:\u001b[93m51\u001b[0m:\u001b[93m33\u001b[0m - \u001b[91merror\u001b[0m\u001b[90m TS2552: \u001b[0mCannot find name 'UserSession'. Did you mean 'userSession'?\r\n\r\n\u001b[7m51\u001b[0m         let userSession = await UserSession.findOne({ where: { userId, platform } });\r\n\u001b[7m  \u001b[0m \u001b[91m                                ~~~~~~~~~~~\u001b[0m\r\n\r\n  \u001b[96msrc/services/SessionService.ts\u001b[0m:\u001b[93m51\u001b[0m:\u001b[93m13\u001b[0m\r\n    \u001b[7m51\u001b[0m         let userSession = await UserSession.findOne({ where: { userId, platform } });\r\n    \u001b[7m  \u001b[0m \u001b[96m            ~~~~~~~~~~~\u001b[0m\r\n    'userSession' is declared here.\r\n\u001b[96msrc/services/SessionService.ts\u001b[0m:\u001b[93m54\u001b[0m:\u001b[93m31\u001b[0m - \u001b[91merror\u001b[0m\u001b[90m TS2552: \u001b[0mCannot find name 'UserSession'. Did you mean 'userSession'?\r\n\r\n\u001b[7m54\u001b[0m             userSession = new UserSession();\r\n\u001b[7m  \u001b[0m \u001b[91m                              ~~~~~~~~~~~\u001b[0m\r\n\r\n  \u001b[96msrc/services/SessionService.ts\u001b[0m:\u001b[93m51\u001b[0m:\u001b[93m13\u001b[0m\r\n    \u001b[7m51\u001b[0m         let userSession = await UserSession.findOne({ where: { userId, platform } });\r\n    \u001b[7m  \u001b[0m \u001b[96m            ~~~~~~~~~~~\u001b[0m\r\n    'userSession' is declared here.\r\n\u001b[96msrc/services/SessionService.ts\u001b[0m:\u001b[93m69\u001b[0m:\u001b[93m57\u001b[0m - \u001b[91merror\u001b[0m\u001b[90m TS2304: \u001b[0mCannot find name 'User'.\r\n\r\n\u001b[7m69\u001b[0m     private static getAuthToken({ id, userType, role }: User, ttlInHours: number): string {\r\n\u001b[7m  \u001b[0m \u001b[91m                                                        ~~~~\u001b[0m\r\n\n    at createTSError (C:\\Users\\USER\\Desktop\\lendQrApi\\node_modules\\ts-node\\src\\index.ts:859:12)\n    at reportTSError (C:\\Users\\USER\\Desktop\\lendQrApi\\node_modules\\ts-node\\src\\index.ts:863:19)\n    at getOutput (C:\\Users\\USER\\Desktop\\lendQrApi\\node_modules\\ts-node\\src\\index.ts:1077:36)\n    at Object.compile (C:\\Users\\USER\\Desktop\\lendQrApi\\node_modules\\ts-node\\src\\index.ts:1433:41)\n    at Module.m._compile (C:\\Users\\USER\\Desktop\\lendQrApi\\node_modules\\ts-node\\src\\index.ts:1617:30)\n    at Module._extensions..js (node:internal/modules/cjs/loader:1174:10)\n    at Object.require.extensions.<computed> [as .ts] (C:\\Users\\USER\\Desktop\\lendQrApi\\node_modules\\ts-node\\src\\index.ts:1621:12)\n    at Module.load (node:internal/modules/cjs/loader:998:32)\n    at Function.Module._load (node:internal/modules/cjs/loader:839:12)\n    at Module.require (node:internal/modules/cjs/loader:1022:19)","trace":[{"column":12,"file":"C:\\Users\\USER\\Desktop\\lendQrApi\\node_modules\\ts-node\\src\\index.ts","function":"createTSError","line":859,"method":null,"native":false},{"column":19,"file":"C:\\Users\\USER\\Desktop\\lendQrApi\\node_modules\\ts-node\\src\\index.ts","function":"reportTSError","line":863,"method":null,"native":false},{"column":36,"file":"C:\\Users\\USER\\Desktop\\lendQrApi\\node_modules\\ts-node\\src\\index.ts","function":"getOutput","line":1077,"method":null,"native":false},{"column":41,"file":"C:\\Users\\USER\\Desktop\\lendQrApi\\node_modules\\ts-node\\src\\index.ts","function":"Object.compile","line":1433,"method":"compile","native":false},{"column":30,"file":"C:\\Users\\USER\\Desktop\\lendQrApi\\node_modules\\ts-node\\src\\index.ts","function":"Module.m._compile","line":1617,"method":"_compile","native":false},{"column":10,"file":"node:internal/modules/cjs/loader","function":"Module._extensions..js","line":1174,"method":".js","native":false},{"column":12,"file":"C:\\Users\\USER\\Desktop\\lendQrApi\\node_modules\\ts-node\\src\\index.ts","function":"Object.require.extensions.<computed> [as .ts]","line":1621,"method":"ts]","native":false},{"column":32,"file":"node:internal/modules/cjs/loader","function":"Module.load","line":998,"method":"load","native":false},{"column":12,"file":"node:internal/modules/cjs/loader","function":"Module._load","line":839,"method":"_load","native":false},{"column":19,"file":"node:internal/modules/cjs/loader","function":"Module.require","line":1022,"method":"require","native":false}]}
{"level":"info","message":"App now running on port 3001"}
{"level":"info","message":"App now running on port 3001"}
{"level":"info","message":"App now running on port 3001"}
{"level":"info","message":"App now running on port 3001"}
{"level":"info","message":"App now running on port 3001"}
{"level":"info","message":"App now running on port 3001"}
{"level":"info","message":"App now running on port 3001"}
{"level":"info","message":"App now running on port 3001"}
{"level":"info","message":"App now running on port 3001"}
{"level":"info","message":"App now running on port 3001"}
{"date":"Tue Nov 22 2022 14:49:57 GMT+0100 (West Africa Standard Time)","error":{"diagnosticCodes":[2304,2322]},"exception":true,"level":"error","message":"uncaughtException: ⨯ Unable to compile TypeScript:\n\u001b[96msrc/services/SessionService.ts\u001b[0m:\u001b[93m74\u001b[0m:\u001b[93m57\u001b[0m - \u001b[91merror\u001b[0m\u001b[90m TS2304: \u001b[0mCannot find name 'User'.\r\n\r\n\u001b[7m74\u001b[0m     private static getAuthToken({ id, userType, role }: User, ttlInHours: number): string {\r\n\u001b[7m  \u001b[0m \u001b[91m                                                        ~~~~\u001b[0m\r\n\u001b[96msrc/services/SessionService.ts\u001b[0m:\u001b[93m75\u001b[0m:\u001b[93m45\u001b[0m - \u001b[91merror\u001b[0m\u001b[90m TS2322: \u001b[0mType '{ id: User; userType: User; role: User; }' is not assignable to type 'IAuthPayload'.\r\n  Object literal may only specify known properties, and 'userType' does not exist in type 'IAuthPayload'.\r\n\r\n\u001b[7m75\u001b[0m         const PAYLOAD: IAuthPayload = { id, userType, role };\r\n\u001b[7m  \u001b[0m \u001b[91m                                            ~~~~~~~~\u001b[0m\r\n\nTSError: ⨯ Unable to compile TypeScript:\n\u001b[96msrc/services/SessionService.ts\u001b[0m:\u001b[93m74\u001b[0m:\u001b[93m57\u001b[0m - \u001b[91merror\u001b[0m\u001b[90m TS2304: \u001b[0mCannot find name 'User'.\r\n\r\n\u001b[7m74\u001b[0m     private static getAuthToken({ id, userType, role }: User, ttlInHours: number): string {\r\n\u001b[7m  \u001b[0m \u001b[91m                                                        ~~~~\u001b[0m\r\n\u001b[96msrc/services/SessionService.ts\u001b[0m:\u001b[93m75\u001b[0m:\u001b[93m45\u001b[0m - \u001b[91merror\u001b[0m\u001b[90m TS2322: \u001b[0mType '{ id: User; userType: User; role: User; }' is not assignable to type 'IAuthPayload'.\r\n  Object literal may only specify known properties, and 'userType' does not exist in type 'IAuthPayload'.\r\n\r\n\u001b[7m75\u001b[0m         const PAYLOAD: IAuthPayload = { id, userType, role };\r\n\u001b[7m  \u001b[0m \u001b[91m                                            ~~~~~~~~\u001b[0m\r\n\n    at createTSError (C:\\Users\\USER\\Desktop\\lendQrApi\\node_modules\\ts-node\\src\\index.ts:859:12)\n    at reportTSError (C:\\Users\\USER\\Desktop\\lendQrApi\\node_modules\\ts-node\\src\\index.ts:863:19)\n    at getOutput (C:\\Users\\USER\\Desktop\\lendQrApi\\node_modules\\ts-node\\src\\index.ts:1077:36)\n    at Object.compile (C:\\Users\\USER\\Desktop\\lendQrApi\\node_modules\\ts-node\\src\\index.ts:1433:41)\n    at Module.m._compile (C:\\Users\\USER\\Desktop\\lendQrApi\\node_modules\\ts-node\\src\\index.ts:1617:30)\n    at Module._extensions..js (node:internal/modules/cjs/loader:1174:10)\n    at Object.require.extensions.<computed> [as .ts] (C:\\Users\\USER\\Desktop\\lendQrApi\\node_modules\\ts-node\\src\\index.ts:1621:12)\n    at Module.load (node:internal/modules/cjs/loader:998:32)\n    at Function.Module._load (node:internal/modules/cjs/loader:839:12)\n    at Module.require (node:internal/modules/cjs/loader:1022:19)","os":{"loadavg":[0,0,0],"uptime":858998},"process":{"argv":["C:\\Users\\USER\\Desktop\\lendQrApi\\node_modules\\ts-node\\dist\\bin.js","C:\\Users\\USER\\Desktop\\lendQrApi\\src\\index.ts"],"cwd":"C:\\Users\\USER\\Desktop\\lendQrApi","execPath":"C:\\Program Files\\nodejs\\node.exe","gid":null,"memoryUsage":{"arrayBuffers":2024486,"external":3525848,"heapTotal":200982528,"heapUsed":167591120,"rss":236933120},"pid":3068,"uid":null,"version":"v18.7.0"},"stack":"TSError: ⨯ Unable to compile TypeScript:\n\u001b[96msrc/services/SessionService.ts\u001b[0m:\u001b[93m74\u001b[0m:\u001b[93m57\u001b[0m - \u001b[91merror\u001b[0m\u001b[90m TS2304: \u001b[0mCannot find name 'User'.\r\n\r\n\u001b[7m74\u001b[0m     private static getAuthToken({ id, userType, role }: User, ttlInHours: number): string {\r\n\u001b[7m  \u001b[0m \u001b[91m                                                        ~~~~\u001b[0m\r\n\u001b[96msrc/services/SessionService.ts\u001b[0m:\u001b[93m75\u001b[0m:\u001b[93m45\u001b[0m - \u001b[91merror\u001b[0m\u001b[90m TS2322: \u001b[0mType '{ id: User; userType: User; role: User; }' is not assignable to type 'IAuthPayload'.\r\n  Object literal may only specify known properties, and 'userType' does not exist in type 'IAuthPayload'.\r\n\r\n\u001b[7m75\u001b[0m         const PAYLOAD: IAuthPayload = { id, userType, role };\r\n\u001b[7m  \u001b[0m \u001b[91m                                            ~~~~~~~~\u001b[0m\r\n\n    at createTSError (C:\\Users\\USER\\Desktop\\lendQrApi\\node_modules\\ts-node\\src\\index.ts:859:12)\n    at reportTSError (C:\\Users\\USER\\Desktop\\lendQrApi\\node_modules\\ts-node\\src\\index.ts:863:19)\n    at getOutput (C:\\Users\\USER\\Desktop\\lendQrApi\\node_modules\\ts-node\\src\\index.ts:1077:36)\n    at Object.compile (C:\\Users\\USER\\Desktop\\lendQrApi\\node_modules\\ts-node\\src\\index.ts:1433:41)\n    at Module.m._compile (C:\\Users\\USER\\Desktop\\lendQrApi\\node_modules\\ts-node\\src\\index.ts:1617:30)\n    at Module._extensions..js (node:internal/modules/cjs/loader:1174:10)\n    at Object.require.extensions.<computed> [as .ts] (C:\\Users\\USER\\Desktop\\lendQrApi\\node_modules\\ts-node\\src\\index.ts:1621:12)\n    at Module.load (node:internal/modules/cjs/loader:998:32)\n    at Function.Module._load (node:internal/modules/cjs/loader:839:12)\n    at Module.require (node:internal/modules/cjs/loader:1022:19)","trace":[{"column":12,"file":"C:\\Users\\USER\\Desktop\\lendQrApi\\node_modules\\ts-node\\src\\index.ts","function":"createTSError","line":859,"method":null,"native":false},{"column":19,"file":"C:\\Users\\USER\\Desktop\\lendQrApi\\node_modules\\ts-node\\src\\index.ts","function":"reportTSError","line":863,"method":null,"native":false},{"column":36,"file":"C:\\Users\\USER\\Desktop\\lendQrApi\\node_modules\\ts-node\\src\\index.ts","function":"getOutput","line":1077,"method":null,"native":false},{"column":41,"file":"C:\\Users\\USER\\Desktop\\lendQrApi\\node_modules\\ts-node\\src\\index.ts","function":"Object.compile","line":1433,"method":"compile","native":false},{"column":30,"file":"C:\\Users\\USER\\Desktop\\lendQrApi\\node_modules\\ts-node\\src\\index.ts","function":"Module.m._compile","line":1617,"method":"_compile","native":false},{"column":10,"file":"node:internal/modules/cjs/loader","function":"Module._extensions..js","line":1174,"method":".js","native":false},{"column":12,"file":"C:\\Users\\USER\\Desktop\\lendQrApi\\node_modules\\ts-node\\src\\index.ts","function":"Object.require.extensions.<computed> [as .ts]","line":1621,"method":"ts]","native":false},{"column":32,"file":"node:internal/modules/cjs/loader","function":"Module.load","line":998,"method":"load","native":false},{"column":12,"file":"node:internal/modules/cjs/loader","function":"Module._load","line":839,"method":"_load","native":false},{"column":19,"file":"node:internal/modules/cjs/loader","function":"Module.require","line":1022,"method":"require","native":false}]}
{"date":"Tue Nov 22 2022 14:49:57 GMT+0100 (West Africa Standard Time)","error":{"diagnosticCodes":[2304,2322]},"exception":true,"level":"error","message":"uncaughtException: ⨯ Unable to compile TypeScript:\n\u001b[96msrc/services/SessionService.ts\u001b[0m:\u001b[93m74\u001b[0m:\u001b[93m57\u001b[0m - \u001b[91merror\u001b[0m\u001b[90m TS2304: \u001b[0mCannot find name 'User'.\r\n\r\n\u001b[7m74\u001b[0m     private static getAuthToken({ id, userType, role }: User, ttlInHours: number): string {\r\n\u001b[7m  \u001b[0m \u001b[91m                                                        ~~~~\u001b[0m\r\n\u001b[96msrc/services/SessionService.ts\u001b[0m:\u001b[93m75\u001b[0m:\u001b[93m45\u001b[0m - \u001b[91merror\u001b[0m\u001b[90m TS2322: \u001b[0mType '{ id: User; userType: User; role: User; }' is not assignable to type 'IAuthPayload'.\r\n  Object literal may only specify known properties, and 'userType' does not exist in type 'IAuthPayload'.\r\n\r\n\u001b[7m75\u001b[0m         const PAYLOAD: IAuthPayload = { id, userType, role };\r\n\u001b[7m  \u001b[0m \u001b[91m                                            ~~~~~~~~\u001b[0m\r\n\nTSError: ⨯ Unable to compile TypeScript:\n\u001b[96msrc/services/SessionService.ts\u001b[0m:\u001b[93m74\u001b[0m:\u001b[93m57\u001b[0m - \u001b[91merror\u001b[0m\u001b[90m TS2304: \u001b[0mCannot find name 'User'.\r\n\r\n\u001b[7m74\u001b[0m     private static getAuthToken({ id, userType, role }: User, ttlInHours: number): string {\r\n\u001b[7m  \u001b[0m \u001b[91m                                                        ~~~~\u001b[0m\r\n\u001b[96msrc/services/SessionService.ts\u001b[0m:\u001b[93m75\u001b[0m:\u001b[93m45\u001b[0m - \u001b[91merror\u001b[0m\u001b[90m TS2322: \u001b[0mType '{ id: User; userType: User; role: User; }' is not assignable to type 'IAuthPayload'.\r\n  Object literal may only specify known properties, and 'userType' does not exist in type 'IAuthPayload'.\r\n\r\n\u001b[7m75\u001b[0m         const PAYLOAD: IAuthPayload = { id, userType, role };\r\n\u001b[7m  \u001b[0m \u001b[91m                                            ~~~~~~~~\u001b[0m\r\n\n    at createTSError (C:\\Users\\USER\\Desktop\\lendQrApi\\node_modules\\ts-node\\src\\index.ts:859:12)\n    at reportTSError (C:\\Users\\USER\\Desktop\\lendQrApi\\node_modules\\ts-node\\src\\index.ts:863:19)\n    at getOutput (C:\\Users\\USER\\Desktop\\lendQrApi\\node_modules\\ts-node\\src\\index.ts:1077:36)\n    at Object.compile (C:\\Users\\USER\\Desktop\\lendQrApi\\node_modules\\ts-node\\src\\index.ts:1433:41)\n    at Module.m._compile (C:\\Users\\USER\\Desktop\\lendQrApi\\node_modules\\ts-node\\src\\index.ts:1617:30)\n    at Module._extensions..js (node:internal/modules/cjs/loader:1174:10)\n    at Object.require.extensions.<computed> [as .ts] (C:\\Users\\USER\\Desktop\\lendQrApi\\node_modules\\ts-node\\src\\index.ts:1621:12)\n    at Module.load (node:internal/modules/cjs/loader:998:32)\n    at Function.Module._load (node:internal/modules/cjs/loader:839:12)\n    at Module.require (node:internal/modules/cjs/loader:1022:19)","os":{"loadavg":[0,0,0],"uptime":858998},"process":{"argv":["C:\\Users\\USER\\Desktop\\lendQrApi\\node_modules\\ts-node\\dist\\bin.js","C:\\Users\\USER\\Desktop\\lendQrApi\\src\\index.ts"],"cwd":"C:\\Users\\USER\\Desktop\\lendQrApi","execPath":"C:\\Program Files\\nodejs\\node.exe","gid":null,"memoryUsage":{"arrayBuffers":2031526,"external":3532928,"heapTotal":200982528,"heapUsed":167698520,"rss":237162496},"pid":3068,"uid":null,"version":"v18.7.0"},"stack":"TSError: ⨯ Unable to compile TypeScript:\n\u001b[96msrc/services/SessionService.ts\u001b[0m:\u001b[93m74\u001b[0m:\u001b[93m57\u001b[0m - \u001b[91merror\u001b[0m\u001b[90m TS2304: \u001b[0mCannot find name 'User'.\r\n\r\n\u001b[7m74\u001b[0m     private static getAuthToken({ id, userType, role }: User, ttlInHours: number): string {\r\n\u001b[7m  \u001b[0m \u001b[91m                                                        ~~~~\u001b[0m\r\n\u001b[96msrc/services/SessionService.ts\u001b[0m:\u001b[93m75\u001b[0m:\u001b[93m45\u001b[0m - \u001b[91merror\u001b[0m\u001b[90m TS2322: \u001b[0mType '{ id: User; userType: User; role: User; }' is not assignable to type 'IAuthPayload'.\r\n  Object literal may only specify known properties, and 'userType' does not exist in type 'IAuthPayload'.\r\n\r\n\u001b[7m75\u001b[0m         const PAYLOAD: IAuthPayload = { id, userType, role };\r\n\u001b[7m  \u001b[0m \u001b[91m                                            ~~~~~~~~\u001b[0m\r\n\n    at createTSError (C:\\Users\\USER\\Desktop\\lendQrApi\\node_modules\\ts-node\\src\\index.ts:859:12)\n    at reportTSError (C:\\Users\\USER\\Desktop\\lendQrApi\\node_modules\\ts-node\\src\\index.ts:863:19)\n    at getOutput (C:\\Users\\USER\\Desktop\\lendQrApi\\node_modules\\ts-node\\src\\index.ts:1077:36)\n    at Object.compile (C:\\Users\\USER\\Desktop\\lendQrApi\\node_modules\\ts-node\\src\\index.ts:1433:41)\n    at Module.m._compile (C:\\Users\\USER\\Desktop\\lendQrApi\\node_modules\\ts-node\\src\\index.ts:1617:30)\n    at Module._extensions..js (node:internal/modules/cjs/loader:1174:10)\n    at Object.require.extensions.<computed> [as .ts] (C:\\Users\\USER\\Desktop\\lendQrApi\\node_modules\\ts-node\\src\\index.ts:1621:12)\n    at Module.load (node:internal/modules/cjs/loader:998:32)\n    at Function.Module._load (node:internal/modules/cjs/loader:839:12)\n    at Module.require (node:internal/modules/cjs/loader:1022:19)","trace":[{"column":12,"file":"C:\\Users\\USER\\Desktop\\lendQrApi\\node_modules\\ts-node\\src\\index.ts","function":"createTSError","line":859,"method":null,"native":false},{"column":19,"file":"C:\\Users\\USER\\Desktop\\lendQrApi\\node_modules\\ts-node\\src\\index.ts","function":"reportTSError","line":863,"method":null,"native":false},{"column":36,"file":"C:\\Users\\USER\\Desktop\\lendQrApi\\node_modules\\ts-node\\src\\index.ts","function":"getOutput","line":1077,"method":null,"native":false},{"column":41,"file":"C:\\Users\\USER\\Desktop\\lendQrApi\\node_modules\\ts-node\\src\\index.ts","function":"Object.compile","line":1433,"method":"compile","native":false},{"column":30,"file":"C:\\Users\\USER\\Desktop\\lendQrApi\\node_modules\\ts-node\\src\\index.ts","function":"Module.m._compile","line":1617,"method":"_compile","native":false},{"column":10,"file":"node:internal/modules/cjs/loader","function":"Module._extensions..js","line":1174,"method":".js","native":false},{"column":12,"file":"C:\\Users\\USER\\Desktop\\lendQrApi\\node_modules\\ts-node\\src\\index.ts","function":"Object.require.extensions.<computed> [as .ts]","line":1621,"method":"ts]","native":false},{"column":32,"file":"node:internal/modules/cjs/loader","function":"Module.load","line":998,"method":"load","native":false},{"column":12,"file":"node:internal/modules/cjs/loader","function":"Module._load","line":839,"method":"_load","native":false},{"column":19,"file":"node:internal/modules/cjs/loader","function":"Module.require","line":1022,"method":"require","native":false}]}
{"date":"Tue Nov 22 2022 14:50:40 GMT+0100 (West Africa Standard Time)","error":{"diagnosticCodes":[2304,2322]},"exception":true,"level":"error","message":"uncaughtException: ⨯ Unable to compile TypeScript:\n\u001b[96msrc/services/SessionService.ts\u001b[0m:\u001b[93m74\u001b[0m:\u001b[93m57\u001b[0m - \u001b[91merror\u001b[0m\u001b[90m TS2304: \u001b[0mCannot find name 'User'.\r\n\r\n\u001b[7m74\u001b[0m     private static getAuthToken({ id, userType, role }: User, ttlInHours: number): string {\r\n\u001b[7m  \u001b[0m \u001b[91m                                                        ~~~~\u001b[0m\r\n\u001b[96msrc/services/SessionService.ts\u001b[0m:\u001b[93m75\u001b[0m:\u001b[93m45\u001b[0m - \u001b[91merror\u001b[0m\u001b[90m TS2322: \u001b[0mType '{ id: User; userType: User; role: User; }' is not assignable to type 'IAuthPayload'.\r\n  Object literal may only specify known properties, and 'userType' does not exist in type 'IAuthPayload'.\r\n\r\n\u001b[7m75\u001b[0m         const PAYLOAD: IAuthPayload = { id, userType, role };\r\n\u001b[7m  \u001b[0m \u001b[91m                                            ~~~~~~~~\u001b[0m\r\n\nTSError: ⨯ Unable to compile TypeScript:\n\u001b[96msrc/services/SessionService.ts\u001b[0m:\u001b[93m74\u001b[0m:\u001b[93m57\u001b[0m - \u001b[91merror\u001b[0m\u001b[90m TS2304: \u001b[0mCannot find name 'User'.\r\n\r\n\u001b[7m74\u001b[0m     private static getAuthToken({ id, userType, role }: User, ttlInHours: number): string {\r\n\u001b[7m  \u001b[0m \u001b[91m                                                        ~~~~\u001b[0m\r\n\u001b[96msrc/services/SessionService.ts\u001b[0m:\u001b[93m75\u001b[0m:\u001b[93m45\u001b[0m - \u001b[91merror\u001b[0m\u001b[90m TS2322: \u001b[0mType '{ id: User; userType: User; role: User; }' is not assignable to type 'IAuthPayload'.\r\n  Object literal may only specify known properties, and 'userType' does not exist in type 'IAuthPayload'.\r\n\r\n\u001b[7m75\u001b[0m         const PAYLOAD: IAuthPayload = { id, userType, role };\r\n\u001b[7m  \u001b[0m \u001b[91m                                            ~~~~~~~~\u001b[0m\r\n\n    at createTSError (C:\\Users\\USER\\Desktop\\lendQrApi\\node_modules\\ts-node\\src\\index.ts:859:12)\n    at reportTSError (C:\\Users\\USER\\Desktop\\lendQrApi\\node_modules\\ts-node\\src\\index.ts:863:19)\n    at getOutput (C:\\Users\\USER\\Desktop\\lendQrApi\\node_modules\\ts-node\\src\\index.ts:1077:36)\n    at Object.compile (C:\\Users\\USER\\Desktop\\lendQrApi\\node_modules\\ts-node\\src\\index.ts:1433:41)\n    at Module.m._compile (C:\\Users\\USER\\Desktop\\lendQrApi\\node_modules\\ts-node\\src\\index.ts:1617:30)\n    at Module._extensions..js (node:internal/modules/cjs/loader:1174:10)\n    at Object.require.extensions.<computed> [as .ts] (C:\\Users\\USER\\Desktop\\lendQrApi\\node_modules\\ts-node\\src\\index.ts:1621:12)\n    at Module.load (node:internal/modules/cjs/loader:998:32)\n    at Function.Module._load (node:internal/modules/cjs/loader:839:12)\n    at Module.require (node:internal/modules/cjs/loader:1022:19)","os":{"loadavg":[0,0,0],"uptime":859040},"process":{"argv":["C:\\Users\\USER\\Desktop\\lendQrApi\\node_modules\\ts-node\\dist\\bin.js","C:\\Users\\USER\\Desktop\\lendQrApi\\src\\index.ts"],"cwd":"C:\\Users\\USER\\Desktop\\lendQrApi","execPath":"C:\\Program Files\\nodejs\\node.exe","gid":null,"memoryUsage":{"arrayBuffers":1987572,"external":3488934,"heapTotal":204914688,"heapUsed":175796984,"rss":241344512},"pid":12148,"uid":null,"version":"v18.7.0"},"stack":"TSError: ⨯ Unable to compile TypeScript:\n\u001b[96msrc/services/SessionService.ts\u001b[0m:\u001b[93m74\u001b[0m:\u001b[93m57\u001b[0m - \u001b[91merror\u001b[0m\u001b[90m TS2304: \u001b[0mCannot find name 'User'.\r\n\r\n\u001b[7m74\u001b[0m     private static getAuthToken({ id, userType, role }: User, ttlInHours: number): string {\r\n\u001b[7m  \u001b[0m \u001b[91m                                                        ~~~~\u001b[0m\r\n\u001b[96msrc/services/SessionService.ts\u001b[0m:\u001b[93m75\u001b[0m:\u001b[93m45\u001b[0m - \u001b[91merror\u001b[0m\u001b[90m TS2322: \u001b[0mType '{ id: User; userType: User; role: User; }' is not assignable to type 'IAuthPayload'.\r\n  Object literal may only specify known properties, and 'userType' does not exist in type 'IAuthPayload'.\r\n\r\n\u001b[7m75\u001b[0m         const PAYLOAD: IAuthPayload = { id, userType, role };\r\n\u001b[7m  \u001b[0m \u001b[91m                                            ~~~~~~~~\u001b[0m\r\n\n    at createTSError (C:\\Users\\USER\\Desktop\\lendQrApi\\node_modules\\ts-node\\src\\index.ts:859:12)\n    at reportTSError (C:\\Users\\USER\\Desktop\\lendQrApi\\node_modules\\ts-node\\src\\index.ts:863:19)\n    at getOutput (C:\\Users\\USER\\Desktop\\lendQrApi\\node_modules\\ts-node\\src\\index.ts:1077:36)\n    at Object.compile (C:\\Users\\USER\\Desktop\\lendQrApi\\node_modules\\ts-node\\src\\index.ts:1433:41)\n    at Module.m._compile (C:\\Users\\USER\\Desktop\\lendQrApi\\node_modules\\ts-node\\src\\index.ts:1617:30)\n    at Module._extensions..js (node:internal/modules/cjs/loader:1174:10)\n    at Object.require.extensions.<computed> [as .ts] (C:\\Users\\USER\\Desktop\\lendQrApi\\node_modules\\ts-node\\src\\index.ts:1621:12)\n    at Module.load (node:internal/modules/cjs/loader:998:32)\n    at Function.Module._load (node:internal/modules/cjs/loader:839:12)\n    at Module.require (node:internal/modules/cjs/loader:1022:19)","trace":[{"column":12,"file":"C:\\Users\\USER\\Desktop\\lendQrApi\\node_modules\\ts-node\\src\\index.ts","function":"createTSError","line":859,"method":null,"native":false},{"column":19,"file":"C:\\Users\\USER\\Desktop\\lendQrApi\\node_modules\\ts-node\\src\\index.ts","function":"reportTSError","line":863,"method":null,"native":false},{"column":36,"file":"C:\\Users\\USER\\Desktop\\lendQrApi\\node_modules\\ts-node\\src\\index.ts","function":"getOutput","line":1077,"method":null,"native":false},{"column":41,"file":"C:\\Users\\USER\\Desktop\\lendQrApi\\node_modules\\ts-node\\src\\index.ts","function":"Object.compile","line":1433,"method":"compile","native":false},{"column":30,"file":"C:\\Users\\USER\\Desktop\\lendQrApi\\node_modules\\ts-node\\src\\index.ts","function":"Module.m._compile","line":1617,"method":"_compile","native":false},{"column":10,"file":"node:internal/modules/cjs/loader","function":"Module._extensions..js","line":1174,"method":".js","native":false},{"column":12,"file":"C:\\Users\\USER\\Desktop\\lendQrApi\\node_modules\\ts-node\\src\\index.ts","function":"Object.require.extensions.<computed> [as .ts]","line":1621,"method":"ts]","native":false},{"column":32,"file":"node:internal/modules/cjs/loader","function":"Module.load","line":998,"method":"load","native":false},{"column":12,"file":"node:internal/modules/cjs/loader","function":"Module._load","line":839,"method":"_load","native":false},{"column":19,"file":"node:internal/modules/cjs/loader","function":"Module.require","line":1022,"method":"require","native":false}]}
{"date":"Tue Nov 22 2022 14:50:40 GMT+0100 (West Africa Standard Time)","error":{"diagnosticCodes":[2304,2322]},"exception":true,"level":"error","message":"uncaughtException: ⨯ Unable to compile TypeScript:\n\u001b[96msrc/services/SessionService.ts\u001b[0m:\u001b[93m74\u001b[0m:\u001b[93m57\u001b[0m - \u001b[91merror\u001b[0m\u001b[90m TS2304: \u001b[0mCannot find name 'User'.\r\n\r\n\u001b[7m74\u001b[0m     private static getAuthToken({ id, userType, role }: User, ttlInHours: number): string {\r\n\u001b[7m  \u001b[0m \u001b[91m                                                        ~~~~\u001b[0m\r\n\u001b[96msrc/services/SessionService.ts\u001b[0m:\u001b[93m75\u001b[0m:\u001b[93m45\u001b[0m - \u001b[91merror\u001b[0m\u001b[90m TS2322: \u001b[0mType '{ id: User; userType: User; role: User; }' is not assignable to type 'IAuthPayload'.\r\n  Object literal may only specify known properties, and 'userType' does not exist in type 'IAuthPayload'.\r\n\r\n\u001b[7m75\u001b[0m         const PAYLOAD: IAuthPayload = { id, userType, role };\r\n\u001b[7m  \u001b[0m \u001b[91m                                            ~~~~~~~~\u001b[0m\r\n\nTSError: ⨯ Unable to compile TypeScript:\n\u001b[96msrc/services/SessionService.ts\u001b[0m:\u001b[93m74\u001b[0m:\u001b[93m57\u001b[0m - \u001b[91merror\u001b[0m\u001b[90m TS2304: \u001b[0mCannot find name 'User'.\r\n\r\n\u001b[7m74\u001b[0m     private static getAuthToken({ id, userType, role }: User, ttlInHours: number): string {\r\n\u001b[7m  \u001b[0m \u001b[91m                                                        ~~~~\u001b[0m\r\n\u001b[96msrc/services/SessionService.ts\u001b[0m:\u001b[93m75\u001b[0m:\u001b[93m45\u001b[0m - \u001b[91merror\u001b[0m\u001b[90m TS2322: \u001b[0mType '{ id: User; userType: User; role: User; }' is not assignable to type 'IAuthPayload'.\r\n  Object literal may only specify known properties, and 'userType' does not exist in type 'IAuthPayload'.\r\n\r\n\u001b[7m75\u001b[0m         const PAYLOAD: IAuthPayload = { id, userType, role };\r\n\u001b[7m  \u001b[0m \u001b[91m                                            ~~~~~~~~\u001b[0m\r\n\n    at createTSError (C:\\Users\\USER\\Desktop\\lendQrApi\\node_modules\\ts-node\\src\\index.ts:859:12)\n    at reportTSError (C:\\Users\\USER\\Desktop\\lendQrApi\\node_modules\\ts-node\\src\\index.ts:863:19)\n    at getOutput (C:\\Users\\USER\\Desktop\\lendQrApi\\node_modules\\ts-node\\src\\index.ts:1077:36)\n    at Object.compile (C:\\Users\\USER\\Desktop\\lendQrApi\\node_modules\\ts-node\\src\\index.ts:1433:41)\n    at Module.m._compile (C:\\Users\\USER\\Desktop\\lendQrApi\\node_modules\\ts-node\\src\\index.ts:1617:30)\n    at Module._extensions..js (node:internal/modules/cjs/loader:1174:10)\n    at Object.require.extensions.<computed> [as .ts] (C:\\Users\\USER\\Desktop\\lendQrApi\\node_modules\\ts-node\\src\\index.ts:1621:12)\n    at Module.load (node:internal/modules/cjs/loader:998:32)\n    at Function.Module._load (node:internal/modules/cjs/loader:839:12)\n    at Module.require (node:internal/modules/cjs/loader:1022:19)","os":{"loadavg":[0,0,0],"uptime":859040},"process":{"argv":["C:\\Users\\USER\\Desktop\\lendQrApi\\node_modules\\ts-node\\dist\\bin.js","C:\\Users\\USER\\Desktop\\lendQrApi\\src\\index.ts"],"cwd":"C:\\Users\\USER\\Desktop\\lendQrApi","execPath":"C:\\Program Files\\nodejs\\node.exe","gid":null,"memoryUsage":{"arrayBuffers":1994613,"external":3496015,"heapTotal":205438976,"heapUsed":176198280,"rss":241586176},"pid":12148,"uid":null,"version":"v18.7.0"},"stack":"TSError: ⨯ Unable to compile TypeScript:\n\u001b[96msrc/services/SessionService.ts\u001b[0m:\u001b[93m74\u001b[0m:\u001b[93m57\u001b[0m - \u001b[91merror\u001b[0m\u001b[90m TS2304: \u001b[0mCannot find name 'User'.\r\n\r\n\u001b[7m74\u001b[0m     private static getAuthToken({ id, userType, role }: User, ttlInHours: number): string {\r\n\u001b[7m  \u001b[0m \u001b[91m                                                        ~~~~\u001b[0m\r\n\u001b[96msrc/services/SessionService.ts\u001b[0m:\u001b[93m75\u001b[0m:\u001b[93m45\u001b[0m - \u001b[91merror\u001b[0m\u001b[90m TS2322: \u001b[0mType '{ id: User; userType: User; role: User; }' is not assignable to type 'IAuthPayload'.\r\n  Object literal may only specify known properties, and 'userType' does not exist in type 'IAuthPayload'.\r\n\r\n\u001b[7m75\u001b[0m         const PAYLOAD: IAuthPayload = { id, userType, role };\r\n\u001b[7m  \u001b[0m \u001b[91m                                            ~~~~~~~~\u001b[0m\r\n\n    at createTSError (C:\\Users\\USER\\Desktop\\lendQrApi\\node_modules\\ts-node\\src\\index.ts:859:12)\n    at reportTSError (C:\\Users\\USER\\Desktop\\lendQrApi\\node_modules\\ts-node\\src\\index.ts:863:19)\n    at getOutput (C:\\Users\\USER\\Desktop\\lendQrApi\\node_modules\\ts-node\\src\\index.ts:1077:36)\n    at Object.compile (C:\\Users\\USER\\Desktop\\lendQrApi\\node_modules\\ts-node\\src\\index.ts:1433:41)\n    at Module.m._compile (C:\\Users\\USER\\Desktop\\lendQrApi\\node_modules\\ts-node\\src\\index.ts:1617:30)\n    at Module._extensions..js (node:internal/modules/cjs/loader:1174:10)\n    at Object.require.extensions.<computed> [as .ts] (C:\\Users\\USER\\Desktop\\lendQrApi\\node_modules\\ts-node\\src\\index.ts:1621:12)\n    at Module.load (node:internal/modules/cjs/loader:998:32)\n    at Function.Module._load (node:internal/modules/cjs/loader:839:12)\n    at Module.require (node:internal/modules/cjs/loader:1022:19)","trace":[{"column":12,"file":"C:\\Users\\USER\\Desktop\\lendQrApi\\node_modules\\ts-node\\src\\index.ts","function":"createTSError","line":859,"method":null,"native":false},{"column":19,"file":"C:\\Users\\USER\\Desktop\\lendQrApi\\node_modules\\ts-node\\src\\index.ts","function":"reportTSError","line":863,"method":null,"native":false},{"column":36,"file":"C:\\Users\\USER\\Desktop\\lendQrApi\\node_modules\\ts-node\\src\\index.ts","function":"getOutput","line":1077,"method":null,"native":false},{"column":41,"file":"C:\\Users\\USER\\Desktop\\lendQrApi\\node_modules\\ts-node\\src\\index.ts","function":"Object.compile","line":1433,"method":"compile","native":false},{"column":30,"file":"C:\\Users\\USER\\Desktop\\lendQrApi\\node_modules\\ts-node\\src\\index.ts","function":"Module.m._compile","line":1617,"method":"_compile","native":false},{"column":10,"file":"node:internal/modules/cjs/loader","function":"Module._extensions..js","line":1174,"method":".js","native":false},{"column":12,"file":"C:\\Users\\USER\\Desktop\\lendQrApi\\node_modules\\ts-node\\src\\index.ts","function":"Object.require.extensions.<computed> [as .ts]","line":1621,"method":"ts]","native":false},{"column":32,"file":"node:internal/modules/cjs/loader","function":"Module.load","line":998,"method":"load","native":false},{"column":12,"file":"node:internal/modules/cjs/loader","function":"Module._load","line":839,"method":"_load","native":false},{"column":19,"file":"node:internal/modules/cjs/loader","function":"Module.require","line":1022,"method":"require","native":false}]}
{"date":"Tue Nov 22 2022 14:51:26 GMT+0100 (West Africa Standard Time)","error":{"diagnosticCodes":[2304,2322]},"exception":true,"level":"error","message":"uncaughtException: ⨯ Unable to compile TypeScript:\n\u001b[96msrc/services/SessionService.ts\u001b[0m:\u001b[93m74\u001b[0m:\u001b[93m57\u001b[0m - \u001b[91merror\u001b[0m\u001b[90m TS2304: \u001b[0mCannot find name 'User'.\r\n\r\n\u001b[7m74\u001b[0m     private static getAuthToken({ id, userType, role }: User, ttlInHours: number): string {\r\n\u001b[7m  \u001b[0m \u001b[91m                                                        ~~~~\u001b[0m\r\n\u001b[96msrc/services/SessionService.ts\u001b[0m:\u001b[93m75\u001b[0m:\u001b[93m45\u001b[0m - \u001b[91merror\u001b[0m\u001b[90m TS2322: \u001b[0mType '{ id: User; userType: User; role: User; }' is not assignable to type 'IAuthPayload'.\r\n  Object literal may only specify known properties, and 'userType' does not exist in type 'IAuthPayload'.\r\n\r\n\u001b[7m75\u001b[0m         const PAYLOAD: IAuthPayload = { id, userType, role };\r\n\u001b[7m  \u001b[0m \u001b[91m                                            ~~~~~~~~\u001b[0m\r\n\nTSError: ⨯ Unable to compile TypeScript:\n\u001b[96msrc/services/SessionService.ts\u001b[0m:\u001b[93m74\u001b[0m:\u001b[93m57\u001b[0m - \u001b[91merror\u001b[0m\u001b[90m TS2304: \u001b[0mCannot find name 'User'.\r\n\r\n\u001b[7m74\u001b[0m     private static getAuthToken({ id, userType, role }: User, ttlInHours: number): string {\r\n\u001b[7m  \u001b[0m \u001b[91m                                                        ~~~~\u001b[0m\r\n\u001b[96msrc/services/SessionService.ts\u001b[0m:\u001b[93m75\u001b[0m:\u001b[93m45\u001b[0m - \u001b[91merror\u001b[0m\u001b[90m TS2322: \u001b[0mType '{ id: User; userType: User; role: User; }' is not assignable to type 'IAuthPayload'.\r\n  Object literal may only specify known properties, and 'userType' does not exist in type 'IAuthPayload'.\r\n\r\n\u001b[7m75\u001b[0m         const PAYLOAD: IAuthPayload = { id, userType, role };\r\n\u001b[7m  \u001b[0m \u001b[91m                                            ~~~~~~~~\u001b[0m\r\n\n    at createTSError (C:\\Users\\USER\\Desktop\\lendQrApi\\node_modules\\ts-node\\src\\index.ts:859:12)\n    at reportTSError (C:\\Users\\USER\\Desktop\\lendQrApi\\node_modules\\ts-node\\src\\index.ts:863:19)\n    at getOutput (C:\\Users\\USER\\Desktop\\lendQrApi\\node_modules\\ts-node\\src\\index.ts:1077:36)\n    at Object.compile (C:\\Users\\USER\\Desktop\\lendQrApi\\node_modules\\ts-node\\src\\index.ts:1433:41)\n    at Module.m._compile (C:\\Users\\USER\\Desktop\\lendQrApi\\node_modules\\ts-node\\src\\index.ts:1617:30)\n    at Module._extensions..js (node:internal/modules/cjs/loader:1174:10)\n    at Object.require.extensions.<computed> [as .ts] (C:\\Users\\USER\\Desktop\\lendQrApi\\node_modules\\ts-node\\src\\index.ts:1621:12)\n    at Module.load (node:internal/modules/cjs/loader:998:32)\n    at Function.Module._load (node:internal/modules/cjs/loader:839:12)\n    at Module.require (node:internal/modules/cjs/loader:1022:19)","os":{"loadavg":[0,0,0],"uptime":859087},"process":{"argv":["C:\\Users\\USER\\Desktop\\lendQrApi\\node_modules\\ts-node\\dist\\bin.js","C:\\Users\\USER\\Desktop\\lendQrApi\\src\\index.ts"],"cwd":"C:\\Users\\USER\\Desktop\\lendQrApi","execPath":"C:\\Program Files\\nodejs\\node.exe","gid":null,"memoryUsage":{"arrayBuffers":1979380,"external":3480742,"heapTotal":206487552,"heapUsed":175516080,"rss":246034432},"pid":7204,"uid":null,"version":"v18.7.0"},"stack":"TSError: ⨯ Unable to compile TypeScript:\n\u001b[96msrc/services/SessionService.ts\u001b[0m:\u001b[93m74\u001b[0m:\u001b[93m57\u001b[0m - \u001b[91merror\u001b[0m\u001b[90m TS2304: \u001b[0mCannot find name 'User'.\r\n\r\n\u001b[7m74\u001b[0m     private static getAuthToken({ id, userType, role }: User, ttlInHours: number): string {\r\n\u001b[7m  \u001b[0m \u001b[91m                                                        ~~~~\u001b[0m\r\n\u001b[96msrc/services/SessionService.ts\u001b[0m:\u001b[93m75\u001b[0m:\u001b[93m45\u001b[0m - \u001b[91merror\u001b[0m\u001b[90m TS2322: \u001b[0mType '{ id: User; userType: User; role: User; }' is not assignable to type 'IAuthPayload'.\r\n  Object literal may only specify known properties, and 'userType' does not exist in type 'IAuthPayload'.\r\n\r\n\u001b[7m75\u001b[0m         const PAYLOAD: IAuthPayload = { id, userType, role };\r\n\u001b[7m  \u001b[0m \u001b[91m                                            ~~~~~~~~\u001b[0m\r\n\n    at createTSError (C:\\Users\\USER\\Desktop\\lendQrApi\\node_modules\\ts-node\\src\\index.ts:859:12)\n    at reportTSError (C:\\Users\\USER\\Desktop\\lendQrApi\\node_modules\\ts-node\\src\\index.ts:863:19)\n    at getOutput (C:\\Users\\USER\\Desktop\\lendQrApi\\node_modules\\ts-node\\src\\index.ts:1077:36)\n    at Object.compile (C:\\Users\\USER\\Desktop\\lendQrApi\\node_modules\\ts-node\\src\\index.ts:1433:41)\n    at Module.m._compile (C:\\Users\\USER\\Desktop\\lendQrApi\\node_modules\\ts-node\\src\\index.ts:1617:30)\n    at Module._extensions..js (node:internal/modules/cjs/loader:1174:10)\n    at Object.require.extensions.<computed> [as .ts] (C:\\Users\\USER\\Desktop\\lendQrApi\\node_modules\\ts-node\\src\\index.ts:1621:12)\n    at Module.load (node:internal/modules/cjs/loader:998:32)\n    at Function.Module._load (node:internal/modules/cjs/loader:839:12)\n    at Module.require (node:internal/modules/cjs/loader:1022:19)","trace":[{"column":12,"file":"C:\\Users\\USER\\Desktop\\lendQrApi\\node_modules\\ts-node\\src\\index.ts","function":"createTSError","line":859,"method":null,"native":false},{"column":19,"file":"C:\\Users\\USER\\Desktop\\lendQrApi\\node_modules\\ts-node\\src\\index.ts","function":"reportTSError","line":863,"method":null,"native":false},{"column":36,"file":"C:\\Users\\USER\\Desktop\\lendQrApi\\node_modules\\ts-node\\src\\index.ts","function":"getOutput","line":1077,"method":null,"native":false},{"column":41,"file":"C:\\Users\\USER\\Desktop\\lendQrApi\\node_modules\\ts-node\\src\\index.ts","function":"Object.compile","line":1433,"method":"compile","native":false},{"column":30,"file":"C:\\Users\\USER\\Desktop\\lendQrApi\\node_modules\\ts-node\\src\\index.ts","function":"Module.m._compile","line":1617,"method":"_compile","native":false},{"column":10,"file":"node:internal/modules/cjs/loader","function":"Module._extensions..js","line":1174,"method":".js","native":false},{"column":12,"file":"C:\\Users\\USER\\Desktop\\lendQrApi\\node_modules\\ts-node\\src\\index.ts","function":"Object.require.extensions.<computed> [as .ts]","line":1621,"method":"ts]","native":false},{"column":32,"file":"node:internal/modules/cjs/loader","function":"Module.load","line":998,"method":"load","native":false},{"column":12,"file":"node:internal/modules/cjs/loader","function":"Module._load","line":839,"method":"_load","native":false},{"column":19,"file":"node:internal/modules/cjs/loader","function":"Module.require","line":1022,"method":"require","native":false}]}
{"date":"Tue Nov 22 2022 14:51:26 GMT+0100 (West Africa Standard Time)","error":{"diagnosticCodes":[2304,2322]},"exception":true,"level":"error","message":"uncaughtException: ⨯ Unable to compile TypeScript:\n\u001b[96msrc/services/SessionService.ts\u001b[0m:\u001b[93m74\u001b[0m:\u001b[93m57\u001b[0m - \u001b[91merror\u001b[0m\u001b[90m TS2304: \u001b[0mCannot find name 'User'.\r\n\r\n\u001b[7m74\u001b[0m     private static getAuthToken({ id, userType, role }: User, ttlInHours: number): string {\r\n\u001b[7m  \u001b[0m \u001b[91m                                                        ~~~~\u001b[0m\r\n\u001b[96msrc/services/SessionService.ts\u001b[0m:\u001b[93m75\u001b[0m:\u001b[93m45\u001b[0m - \u001b[91merror\u001b[0m\u001b[90m TS2322: \u001b[0mType '{ id: User; userType: User; role: User; }' is not assignable to type 'IAuthPayload'.\r\n  Object literal may only specify known properties, and 'userType' does not exist in type 'IAuthPayload'.\r\n\r\n\u001b[7m75\u001b[0m         const PAYLOAD: IAuthPayload = { id, userType, role };\r\n\u001b[7m  \u001b[0m \u001b[91m                                            ~~~~~~~~\u001b[0m\r\n\nTSError: ⨯ Unable to compile TypeScript:\n\u001b[96msrc/services/SessionService.ts\u001b[0m:\u001b[93m74\u001b[0m:\u001b[93m57\u001b[0m - \u001b[91merror\u001b[0m\u001b[90m TS2304: \u001b[0mCannot find name 'User'.\r\n\r\n\u001b[7m74\u001b[0m     private static getAuthToken({ id, userType, role }: User, ttlInHours: number): string {\r\n\u001b[7m  \u001b[0m \u001b[91m                                                        ~~~~\u001b[0m\r\n\u001b[96msrc/services/SessionService.ts\u001b[0m:\u001b[93m75\u001b[0m:\u001b[93m45\u001b[0m - \u001b[91merror\u001b[0m\u001b[90m TS2322: \u001b[0mType '{ id: User; userType: User; role: User; }' is not assignable to type 'IAuthPayload'.\r\n  Object literal may only specify known properties, and 'userType' does not exist in type 'IAuthPayload'.\r\n\r\n\u001b[7m75\u001b[0m         const PAYLOAD: IAuthPayload = { id, userType, role };\r\n\u001b[7m  \u001b[0m \u001b[91m                                            ~~~~~~~~\u001b[0m\r\n\n    at createTSError (C:\\Users\\USER\\Desktop\\lendQrApi\\node_modules\\ts-node\\src\\index.ts:859:12)\n    at reportTSError (C:\\Users\\USER\\Desktop\\lendQrApi\\node_modules\\ts-node\\src\\index.ts:863:19)\n    at getOutput (C:\\Users\\USER\\Desktop\\lendQrApi\\node_modules\\ts-node\\src\\index.ts:1077:36)\n    at Object.compile (C:\\Users\\USER\\Desktop\\lendQrApi\\node_modules\\ts-node\\src\\index.ts:1433:41)\n    at Module.m._compile (C:\\Users\\USER\\Desktop\\lendQrApi\\node_modules\\ts-node\\src\\index.ts:1617:30)\n    at Module._extensions..js (node:internal/modules/cjs/loader:1174:10)\n    at Object.require.extensions.<computed> [as .ts] (C:\\Users\\USER\\Desktop\\lendQrApi\\node_modules\\ts-node\\src\\index.ts:1621:12)\n    at Module.load (node:internal/modules/cjs/loader:998:32)\n    at Function.Module._load (node:internal/modules/cjs/loader:839:12)\n    at Module.require (node:internal/modules/cjs/loader:1022:19)","os":{"loadavg":[0,0,0],"uptime":859087},"process":{"argv":["C:\\Users\\USER\\Desktop\\lendQrApi\\node_modules\\ts-node\\dist\\bin.js","C:\\Users\\USER\\Desktop\\lendQrApi\\src\\index.ts"],"cwd":"C:\\Users\\USER\\Desktop\\lendQrApi","execPath":"C:\\Program Files\\nodejs\\node.exe","gid":null,"memoryUsage":{"arrayBuffers":1986420,"external":3487822,"heapTotal":206749696,"heapUsed":175899616,"rss":245202944},"pid":7204,"uid":null,"version":"v18.7.0"},"stack":"TSError: ⨯ Unable to compile TypeScript:\n\u001b[96msrc/services/SessionService.ts\u001b[0m:\u001b[93m74\u001b[0m:\u001b[93m57\u001b[0m - \u001b[91merror\u001b[0m\u001b[90m TS2304: \u001b[0mCannot find name 'User'.\r\n\r\n\u001b[7m74\u001b[0m     private static getAuthToken({ id, userType, role }: User, ttlInHours: number): string {\r\n\u001b[7m  \u001b[0m \u001b[91m                                                        ~~~~\u001b[0m\r\n\u001b[96msrc/services/SessionService.ts\u001b[0m:\u001b[93m75\u001b[0m:\u001b[93m45\u001b[0m - \u001b[91merror\u001b[0m\u001b[90m TS2322: \u001b[0mType '{ id: User; userType: User; role: User; }' is not assignable to type 'IAuthPayload'.\r\n  Object literal may only specify known properties, and 'userType' does not exist in type 'IAuthPayload'.\r\n\r\n\u001b[7m75\u001b[0m         const PAYLOAD: IAuthPayload = { id, userType, role };\r\n\u001b[7m  \u001b[0m \u001b[91m                                            ~~~~~~~~\u001b[0m\r\n\n    at createTSError (C:\\Users\\USER\\Desktop\\lendQrApi\\node_modules\\ts-node\\src\\index.ts:859:12)\n    at reportTSError (C:\\Users\\USER\\Desktop\\lendQrApi\\node_modules\\ts-node\\src\\index.ts:863:19)\n    at getOutput (C:\\Users\\USER\\Desktop\\lendQrApi\\node_modules\\ts-node\\src\\index.ts:1077:36)\n    at Object.compile (C:\\Users\\USER\\Desktop\\lendQrApi\\node_modules\\ts-node\\src\\index.ts:1433:41)\n    at Module.m._compile (C:\\Users\\USER\\Desktop\\lendQrApi\\node_modules\\ts-node\\src\\index.ts:1617:30)\n    at Module._extensions..js (node:internal/modules/cjs/loader:1174:10)\n    at Object.require.extensions.<computed> [as .ts] (C:\\Users\\USER\\Desktop\\lendQrApi\\node_modules\\ts-node\\src\\index.ts:1621:12)\n    at Module.load (node:internal/modules/cjs/loader:998:32)\n    at Function.Module._load (node:internal/modules/cjs/loader:839:12)\n    at Module.require (node:internal/modules/cjs/loader:1022:19)","trace":[{"column":12,"file":"C:\\Users\\USER\\Desktop\\lendQrApi\\node_modules\\ts-node\\src\\index.ts","function":"createTSError","line":859,"method":null,"native":false},{"column":19,"file":"C:\\Users\\USER\\Desktop\\lendQrApi\\node_modules\\ts-node\\src\\index.ts","function":"reportTSError","line":863,"method":null,"native":false},{"column":36,"file":"C:\\Users\\USER\\Desktop\\lendQrApi\\node_modules\\ts-node\\src\\index.ts","function":"getOutput","line":1077,"method":null,"native":false},{"column":41,"file":"C:\\Users\\USER\\Desktop\\lendQrApi\\node_modules\\ts-node\\src\\index.ts","function":"Object.compile","line":1433,"method":"compile","native":false},{"column":30,"file":"C:\\Users\\USER\\Desktop\\lendQrApi\\node_modules\\ts-node\\src\\index.ts","function":"Module.m._compile","line":1617,"method":"_compile","native":false},{"column":10,"file":"node:internal/modules/cjs/loader","function":"Module._extensions..js","line":1174,"method":".js","native":false},{"column":12,"file":"C:\\Users\\USER\\Desktop\\lendQrApi\\node_modules\\ts-node\\src\\index.ts","function":"Object.require.extensions.<computed> [as .ts]","line":1621,"method":"ts]","native":false},{"column":32,"file":"node:internal/modules/cjs/loader","function":"Module.load","line":998,"method":"load","native":false},{"column":12,"file":"node:internal/modules/cjs/loader","function":"Module._load","line":839,"method":"_load","native":false},{"column":19,"file":"node:internal/modules/cjs/loader","function":"Module.require","line":1022,"method":"require","native":false}]}
{"date":"Tue Nov 22 2022 14:52:55 GMT+0100 (West Africa Standard Time)","error":{"diagnosticCodes":[2304,2322]},"exception":true,"level":"error","message":"uncaughtException: ⨯ Unable to compile TypeScript:\n\u001b[96msrc/services/SessionService.ts\u001b[0m:\u001b[93m74\u001b[0m:\u001b[93m57\u001b[0m - \u001b[91merror\u001b[0m\u001b[90m TS2304: \u001b[0mCannot find name 'User'.\r\n\r\n\u001b[7m74\u001b[0m     private static getAuthToken({ id, userType, role }: User, ttlInHours: number): string {\r\n\u001b[7m  \u001b[0m \u001b[91m                                                        ~~~~\u001b[0m\r\n\u001b[96msrc/services/SessionService.ts\u001b[0m:\u001b[93m75\u001b[0m:\u001b[93m45\u001b[0m - \u001b[91merror\u001b[0m\u001b[90m TS2322: \u001b[0mType '{ id: User; userType: User; role: User; }' is not assignable to type 'IAuthPayload'.\r\n  Object literal may only specify known properties, and 'userType' does not exist in type 'IAuthPayload'.\r\n\r\n\u001b[7m75\u001b[0m         const PAYLOAD: IAuthPayload = { id, userType, role };\r\n\u001b[7m  \u001b[0m \u001b[91m                                            ~~~~~~~~\u001b[0m\r\n\nTSError: ⨯ Unable to compile TypeScript:\n\u001b[96msrc/services/SessionService.ts\u001b[0m:\u001b[93m74\u001b[0m:\u001b[93m57\u001b[0m - \u001b[91merror\u001b[0m\u001b[90m TS2304: \u001b[0mCannot find name 'User'.\r\n\r\n\u001b[7m74\u001b[0m     private static getAuthToken({ id, userType, role }: User, ttlInHours: number): string {\r\n\u001b[7m  \u001b[0m \u001b[91m                                                        ~~~~\u001b[0m\r\n\u001b[96msrc/services/SessionService.ts\u001b[0m:\u001b[93m75\u001b[0m:\u001b[93m45\u001b[0m - \u001b[91merror\u001b[0m\u001b[90m TS2322: \u001b[0mType '{ id: User; userType: User; role: User; }' is not assignable to type 'IAuthPayload'.\r\n  Object literal may only specify known properties, and 'userType' does not exist in type 'IAuthPayload'.\r\n\r\n\u001b[7m75\u001b[0m         const PAYLOAD: IAuthPayload = { id, userType, role };\r\n\u001b[7m  \u001b[0m \u001b[91m                                            ~~~~~~~~\u001b[0m\r\n\n    at createTSError (C:\\Users\\USER\\Desktop\\lendQrApi\\node_modules\\ts-node\\src\\index.ts:859:12)\n    at reportTSError (C:\\Users\\USER\\Desktop\\lendQrApi\\node_modules\\ts-node\\src\\index.ts:863:19)\n    at getOutput (C:\\Users\\USER\\Desktop\\lendQrApi\\node_modules\\ts-node\\src\\index.ts:1077:36)\n    at Object.compile (C:\\Users\\USER\\Desktop\\lendQrApi\\node_modules\\ts-node\\src\\index.ts:1433:41)\n    at Module.m._compile (C:\\Users\\USER\\Desktop\\lendQrApi\\node_modules\\ts-node\\src\\index.ts:1617:30)\n    at Module._extensions..js (node:internal/modules/cjs/loader:1174:10)\n    at Object.require.extensions.<computed> [as .ts] (C:\\Users\\USER\\Desktop\\lendQrApi\\node_modules\\ts-node\\src\\index.ts:1621:12)\n    at Module.load (node:internal/modules/cjs/loader:998:32)\n    at Function.Module._load (node:internal/modules/cjs/loader:839:12)\n    at Module.require (node:internal/modules/cjs/loader:1022:19)","os":{"loadavg":[0,0,0],"uptime":859175},"process":{"argv":["C:\\Users\\USER\\Desktop\\lendQrApi\\node_modules\\ts-node\\dist\\bin.js","C:\\Users\\USER\\Desktop\\lendQrApi\\src\\index.ts"],"cwd":"C:\\Users\\USER\\Desktop\\lendQrApi","execPath":"C:\\Program Files\\nodejs\\node.exe","gid":null,"memoryUsage":{"arrayBuffers":2018462,"external":3519824,"heapTotal":192593920,"heapUsed":165499416,"rss":228347904},"pid":1428,"uid":null,"version":"v18.7.0"},"stack":"TSError: ⨯ Unable to compile TypeScript:\n\u001b[96msrc/services/SessionService.ts\u001b[0m:\u001b[93m74\u001b[0m:\u001b[93m57\u001b[0m - \u001b[91merror\u001b[0m\u001b[90m TS2304: \u001b[0mCannot find name 'User'.\r\n\r\n\u001b[7m74\u001b[0m     private static getAuthToken({ id, userType, role }: User, ttlInHours: number): string {\r\n\u001b[7m  \u001b[0m \u001b[91m                                                        ~~~~\u001b[0m\r\n\u001b[96msrc/services/SessionService.ts\u001b[0m:\u001b[93m75\u001b[0m:\u001b[93m45\u001b[0m - \u001b[91merror\u001b[0m\u001b[90m TS2322: \u001b[0mType '{ id: User; userType: User; role: User; }' is not assignable to type 'IAuthPayload'.\r\n  Object literal may only specify known properties, and 'userType' does not exist in type 'IAuthPayload'.\r\n\r\n\u001b[7m75\u001b[0m         const PAYLOAD: IAuthPayload = { id, userType, role };\r\n\u001b[7m  \u001b[0m \u001b[91m                                            ~~~~~~~~\u001b[0m\r\n\n    at createTSError (C:\\Users\\USER\\Desktop\\lendQrApi\\node_modules\\ts-node\\src\\index.ts:859:12)\n    at reportTSError (C:\\Users\\USER\\Desktop\\lendQrApi\\node_modules\\ts-node\\src\\index.ts:863:19)\n    at getOutput (C:\\Users\\USER\\Desktop\\lendQrApi\\node_modules\\ts-node\\src\\index.ts:1077:36)\n    at Object.compile (C:\\Users\\USER\\Desktop\\lendQrApi\\node_modules\\ts-node\\src\\index.ts:1433:41)\n    at Module.m._compile (C:\\Users\\USER\\Desktop\\lendQrApi\\node_modules\\ts-node\\src\\index.ts:1617:30)\n    at Module._extensions..js (node:internal/modules/cjs/loader:1174:10)\n    at Object.require.extensions.<computed> [as .ts] (C:\\Users\\USER\\Desktop\\lendQrApi\\node_modules\\ts-node\\src\\index.ts:1621:12)\n    at Module.load (node:internal/modules/cjs/loader:998:32)\n    at Function.Module._load (node:internal/modules/cjs/loader:839:12)\n    at Module.require (node:internal/modules/cjs/loader:1022:19)","trace":[{"column":12,"file":"C:\\Users\\USER\\Desktop\\lendQrApi\\node_modules\\ts-node\\src\\index.ts","function":"createTSError","line":859,"method":null,"native":false},{"column":19,"file":"C:\\Users\\USER\\Desktop\\lendQrApi\\node_modules\\ts-node\\src\\index.ts","function":"reportTSError","line":863,"method":null,"native":false},{"column":36,"file":"C:\\Users\\USER\\Desktop\\lendQrApi\\node_modules\\ts-node\\src\\index.ts","function":"getOutput","line":1077,"method":null,"native":false},{"column":41,"file":"C:\\Users\\USER\\Desktop\\lendQrApi\\node_modules\\ts-node\\src\\index.ts","function":"Object.compile","line":1433,"method":"compile","native":false},{"column":30,"file":"C:\\Users\\USER\\Desktop\\lendQrApi\\node_modules\\ts-node\\src\\index.ts","function":"Module.m._compile","line":1617,"method":"_compile","native":false},{"column":10,"file":"node:internal/modules/cjs/loader","function":"Module._extensions..js","line":1174,"method":".js","native":false},{"column":12,"file":"C:\\Users\\USER\\Desktop\\lendQrApi\\node_modules\\ts-node\\src\\index.ts","function":"Object.require.extensions.<computed> [as .ts]","line":1621,"method":"ts]","native":false},{"column":32,"file":"node:internal/modules/cjs/loader","function":"Module.load","line":998,"method":"load","native":false},{"column":12,"file":"node:internal/modules/cjs/loader","function":"Module._load","line":839,"method":"_load","native":false},{"column":19,"file":"node:internal/modules/cjs/loader","function":"Module.require","line":1022,"method":"require","native":false}]}
{"date":"Tue Nov 22 2022 14:52:55 GMT+0100 (West Africa Standard Time)","error":{"diagnosticCodes":[2304,2322]},"exception":true,"level":"error","message":"uncaughtException: ⨯ Unable to compile TypeScript:\n\u001b[96msrc/services/SessionService.ts\u001b[0m:\u001b[93m74\u001b[0m:\u001b[93m57\u001b[0m - \u001b[91merror\u001b[0m\u001b[90m TS2304: \u001b[0mCannot find name 'User'.\r\n\r\n\u001b[7m74\u001b[0m     private static getAuthToken({ id, userType, role }: User, ttlInHours: number): string {\r\n\u001b[7m  \u001b[0m \u001b[91m                                                        ~~~~\u001b[0m\r\n\u001b[96msrc/services/SessionService.ts\u001b[0m:\u001b[93m75\u001b[0m:\u001b[93m45\u001b[0m - \u001b[91merror\u001b[0m\u001b[90m TS2322: \u001b[0mType '{ id: User; userType: User; role: User; }' is not assignable to type 'IAuthPayload'.\r\n  Object literal may only specify known properties, and 'userType' does not exist in type 'IAuthPayload'.\r\n\r\n\u001b[7m75\u001b[0m         const PAYLOAD: IAuthPayload = { id, userType, role };\r\n\u001b[7m  \u001b[0m \u001b[91m                                            ~~~~~~~~\u001b[0m\r\n\nTSError: ⨯ Unable to compile TypeScript:\n\u001b[96msrc/services/SessionService.ts\u001b[0m:\u001b[93m74\u001b[0m:\u001b[93m57\u001b[0m - \u001b[91merror\u001b[0m\u001b[90m TS2304: \u001b[0mCannot find name 'User'.\r\n\r\n\u001b[7m74\u001b[0m     private static getAuthToken({ id, userType, role }: User, ttlInHours: number): string {\r\n\u001b[7m  \u001b[0m \u001b[91m                                                        ~~~~\u001b[0m\r\n\u001b[96msrc/services/SessionService.ts\u001b[0m:\u001b[93m75\u001b[0m:\u001b[93m45\u001b[0m - \u001b[91merror\u001b[0m\u001b[90m TS2322: \u001b[0mType '{ id: User; userType: User; role: User; }' is not assignable to type 'IAuthPayload'.\r\n  Object literal may only specify known properties, and 'userType' does not exist in type 'IAuthPayload'.\r\n\r\n\u001b[7m75\u001b[0m         const PAYLOAD: IAuthPayload = { id, userType, role };\r\n\u001b[7m  \u001b[0m \u001b[91m                                            ~~~~~~~~\u001b[0m\r\n\n    at createTSError (C:\\Users\\USER\\Desktop\\lendQrApi\\node_modules\\ts-node\\src\\index.ts:859:12)\n    at reportTSError (C:\\Users\\USER\\Desktop\\lendQrApi\\node_modules\\ts-node\\src\\index.ts:863:19)\n    at getOutput (C:\\Users\\USER\\Desktop\\lendQrApi\\node_modules\\ts-node\\src\\index.ts:1077:36)\n    at Object.compile (C:\\Users\\USER\\Desktop\\lendQrApi\\node_modules\\ts-node\\src\\index.ts:1433:41)\n    at Module.m._compile (C:\\Users\\USER\\Desktop\\lendQrApi\\node_modules\\ts-node\\src\\index.ts:1617:30)\n    at Module._extensions..js (node:internal/modules/cjs/loader:1174:10)\n    at Object.require.extensions.<computed> [as .ts] (C:\\Users\\USER\\Desktop\\lendQrApi\\node_modules\\ts-node\\src\\index.ts:1621:12)\n    at Module.load (node:internal/modules/cjs/loader:998:32)\n    at Function.Module._load (node:internal/modules/cjs/loader:839:12)\n    at Module.require (node:internal/modules/cjs/loader:1022:19)","os":{"loadavg":[0,0,0],"uptime":859175},"process":{"argv":["C:\\Users\\USER\\Desktop\\lendQrApi\\node_modules\\ts-node\\dist\\bin.js","C:\\Users\\USER\\Desktop\\lendQrApi\\src\\index.ts"],"cwd":"C:\\Users\\USER\\Desktop\\lendQrApi","execPath":"C:\\Program Files\\nodejs\\node.exe","gid":null,"memoryUsage":{"arrayBuffers":2025502,"external":3526904,"heapTotal":192593920,"heapUsed":165614688,"rss":228573184},"pid":1428,"uid":null,"version":"v18.7.0"},"stack":"TSError: ⨯ Unable to compile TypeScript:\n\u001b[96msrc/services/SessionService.ts\u001b[0m:\u001b[93m74\u001b[0m:\u001b[93m57\u001b[0m - \u001b[91merror\u001b[0m\u001b[90m TS2304: \u001b[0mCannot find name 'User'.\r\n\r\n\u001b[7m74\u001b[0m     private static getAuthToken({ id, userType, role }: User, ttlInHours: number): string {\r\n\u001b[7m  \u001b[0m \u001b[91m                                                        ~~~~\u001b[0m\r\n\u001b[96msrc/services/SessionService.ts\u001b[0m:\u001b[93m75\u001b[0m:\u001b[93m45\u001b[0m - \u001b[91merror\u001b[0m\u001b[90m TS2322: \u001b[0mType '{ id: User; userType: User; role: User; }' is not assignable to type 'IAuthPayload'.\r\n  Object literal may only specify known properties, and 'userType' does not exist in type 'IAuthPayload'.\r\n\r\n\u001b[7m75\u001b[0m         const PAYLOAD: IAuthPayload = { id, userType, role };\r\n\u001b[7m  \u001b[0m \u001b[91m                                            ~~~~~~~~\u001b[0m\r\n\n    at createTSError (C:\\Users\\USER\\Desktop\\lendQrApi\\node_modules\\ts-node\\src\\index.ts:859:12)\n    at reportTSError (C:\\Users\\USER\\Desktop\\lendQrApi\\node_modules\\ts-node\\src\\index.ts:863:19)\n    at getOutput (C:\\Users\\USER\\Desktop\\lendQrApi\\node_modules\\ts-node\\src\\index.ts:1077:36)\n    at Object.compile (C:\\Users\\USER\\Desktop\\lendQrApi\\node_modules\\ts-node\\src\\index.ts:1433:41)\n    at Module.m._compile (C:\\Users\\USER\\Desktop\\lendQrApi\\node_modules\\ts-node\\src\\index.ts:1617:30)\n    at Module._extensions..js (node:internal/modules/cjs/loader:1174:10)\n    at Object.require.extensions.<computed> [as .ts] (C:\\Users\\USER\\Desktop\\lendQrApi\\node_modules\\ts-node\\src\\index.ts:1621:12)\n    at Module.load (node:internal/modules/cjs/loader:998:32)\n    at Function.Module._load (node:internal/modules/cjs/loader:839:12)\n    at Module.require (node:internal/modules/cjs/loader:1022:19)","trace":[{"column":12,"file":"C:\\Users\\USER\\Desktop\\lendQrApi\\node_modules\\ts-node\\src\\index.ts","function":"createTSError","line":859,"method":null,"native":false},{"column":19,"file":"C:\\Users\\USER\\Desktop\\lendQrApi\\node_modules\\ts-node\\src\\index.ts","function":"reportTSError","line":863,"method":null,"native":false},{"column":36,"file":"C:\\Users\\USER\\Desktop\\lendQrApi\\node_modules\\ts-node\\src\\index.ts","function":"getOutput","line":1077,"method":null,"native":false},{"column":41,"file":"C:\\Users\\USER\\Desktop\\lendQrApi\\node_modules\\ts-node\\src\\index.ts","function":"Object.compile","line":1433,"method":"compile","native":false},{"column":30,"file":"C:\\Users\\USER\\Desktop\\lendQrApi\\node_modules\\ts-node\\src\\index.ts","function":"Module.m._compile","line":1617,"method":"_compile","native":false},{"column":10,"file":"node:internal/modules/cjs/loader","function":"Module._extensions..js","line":1174,"method":".js","native":false},{"column":12,"file":"C:\\Users\\USER\\Desktop\\lendQrApi\\node_modules\\ts-node\\src\\index.ts","function":"Object.require.extensions.<computed> [as .ts]","line":1621,"method":"ts]","native":false},{"column":32,"file":"node:internal/modules/cjs/loader","function":"Module.load","line":998,"method":"load","native":false},{"column":12,"file":"node:internal/modules/cjs/loader","function":"Module._load","line":839,"method":"_load","native":false},{"column":19,"file":"node:internal/modules/cjs/loader","function":"Module.require","line":1022,"method":"require","native":false}]}
{"level":"info","message":"App now running on port 3001"}
{"level":"info","message":"App now running on port 3001"}
{"level":"info","message":"App now running on port 3001"}
{"level":"info","message":"App now running on port 3001"}
{"level":"info","message":"App now running on port 3001"}
{"level":"info","message":"App now running on port 3001"}
{"level":"info","message":"App now running on port 3001"}
{"level":"info","message":"App now running on port 3001"}
{"level":"info","message":"App now running on port 3001"}
{"level":"info","message":"App now running on port 3001"}
{"level":"info","message":"App now running on port 3001"}
{"level":"info","message":"App now running on port 3001"}
{"level":"info","message":"App now running on port 3001"}
{"level":"info","message":"App now running on port 3001"}
{"level":"info","message":"App now running on port 3001"}
{"level":"info","message":"App now running on port 3001"}
{"level":"info","message":"App now running on port 3001"}
{"level":"info","message":"App now running on port 3001"}
{"level":"info","message":"App now running on port 3001"}
{"level":"info","message":"App now running on port 3001"}
{"level":"info","message":"App now running on port 3001"}
{"level":"info","message":"App now running on port 3001"}
{"level":"info","message":"App now running on port 3001"}
{"level":"info","message":"App now running on port 3001"}
{"level":"info","message":"App now running on port 3001"}
{"level":"info","message":"App now running on port 3001"}
{"level":"info","message":"App now running on port 3001"}
{"level":"info","message":"App now running on port 3001"}
{"level":"info","message":"App now running on port 3001"}
{"level":"info","message":"App now running on port 3001"}
{"level":"info","message":"App now running on port 3001"}
{"level":"info","message":"::1 - - [22/Nov/2022:15:35:24 +0000] \"POST /user/verify HTTP/1.1\" 201 81 \"-\" \"PostmanRuntime/7.29.0\"\n"}
{"level":"info","message":"::1 - - [22/Nov/2022:15:36:19 +0000] \"POST /users HTTP/1.1\" 400 269 \"-\" \"PostmanRuntime/7.29.0\"\n"}
{"level":"info","message":"::1 - - [22/Nov/2022:15:36:38 +0000] \"POST /users HTTP/1.1\" 201 230 \"-\" \"PostmanRuntime/7.29.0\"\n"}
{"level":"info","message":"::1 - - [22/Nov/2022:15:39:40 +0000] \"POST /auth/passcode HTTP/1.1\" 200 30 \"-\" \"PostmanRuntime/7.29.0\"\n"}
{"level":"info","message":"::1 - - [22/Nov/2022:15:40:34 +0000] \"POST /auth/loginwithemail HTTP/1.1\" 500 45 \"-\" \"PostmanRuntime/7.29.0\"\n"}
{"level":"info","message":"App now running on port 3001"}
{"level":"info","message":"::1 - - [22/Nov/2022:15:41:24 +0000] \"POST /auth/loginwithemail HTTP/1.1\" 500 47 \"-\" \"PostmanRuntime/7.29.0\"\n"}
{"level":"info","message":"App now running on port 3001"}
{"level":"info","message":"::1 - - [22/Nov/2022:15:47:54 +0000] \"POST /auth/loginwithemail HTTP/1.1\" 500 47 \"-\" \"PostmanRuntime/7.29.0\"\n"}
{"level":"info","message":"App now running on port 3001"}
{"level":"info","message":"::1 - - [22/Nov/2022:15:49:10 +0000] \"POST /auth/loginwithemail HTTP/1.1\" 500 47 \"-\" \"PostmanRuntime/7.29.0\"\n"}
{"level":"info","message":"App now running on port 3001"}
{"level":"info","message":"App now running on port 3001"}
{"level":"info","message":"::1 - - [22/Nov/2022:15:50:34 +0000] \"POST /auth/loginwithemail HTTP/1.1\" 500 47 \"-\" \"PostmanRuntime/7.29.0\"\n"}
{"level":"info","message":"App now running on port 3001"}
{"level":"info","message":"::1 - - [22/Nov/2022:15:51:25 +0000] \"POST /auth/loginwithemail HTTP/1.1\" 500 47 \"-\" \"PostmanRuntime/7.29.0\"\n"}
{"level":"info","message":"::1 - - [22/Nov/2022:15:51:44 +0000] \"POST /auth/loginwithemail HTTP/1.1\" 400 217 \"-\" \"PostmanRuntime/7.29.0\"\n"}
{"level":"info","message":"App now running on port 3001"}
{"level":"info","message":"::1 - - [22/Nov/2022:15:54:09 +0000] \"POST /auth/loginwithemail HTTP/1.1\" 500 47 \"-\" \"PostmanRuntime/7.29.0\"\n"}
{"level":"info","message":"App now running on port 3001"}
{"level":"info","message":"::1 - - [22/Nov/2022:15:55:43 +0000] \"POST /auth/loginwithemail HTTP/1.1\" 500 47 \"-\" \"PostmanRuntime/7.29.0\"\n"}
{"level":"info","message":"App now running on port 3001"}
{"level":"info","message":"App now running on port 3001"}
{"level":"info","message":"::1 - - [22/Nov/2022:15:58:13 +0000] \"POST /auth/loginwithemail HTTP/1.1\" 500 47 \"-\" \"PostmanRuntime/7.29.0\"\n"}
{"level":"info","message":"App now running on port 3001"}
{"level":"info","message":"::1 - - [22/Nov/2022:15:59:16 +0000] \"POST /auth/loginwithemail HTTP/1.1\" 500 47 \"-\" \"PostmanRuntime/7.29.0\"\n"}
{"level":"info","message":"App now running on port 3001"}
{"level":"info","message":"::1 - - [22/Nov/2022:16:00:35 +0000] \"POST /auth/loginwithemail HTTP/1.1\" 500 47 \"-\" \"PostmanRuntime/7.29.0\"\n"}
{"level":"info","message":"App now running on port 3001"}
{"level":"info","message":"::1 - - [22/Nov/2022:16:02:31 +0000] \"POST /auth/loginwithemail HTTP/1.1\" 401 43 \"-\" \"PostmanRuntime/7.29.0\"\n"}
{"level":"info","message":"App now running on port 3001"}
