{"level":"info","message":"App now running on port 3001"}
{"level":"info","message":"App now running on port 3001"}
{"level":"info","message":"App now running on port 3001"}
{"level":"info","message":"App now running on port 3001"}
{"level":"info","message":"::1 - - [22/Nov/2022:19:12:43 +0000] \"POST /user/verify HTTP/1.1\" 201 82 \"-\" \"PostmanRuntime/7.29.0\"\n"}
{"level":"info","message":"::1 - - [22/Nov/2022:19:13:39 +0000] \"POST /users HTTP/1.1\" 201 234 \"-\" \"PostmanRuntime/7.29.0\"\n"}
{"level":"info","message":"::1 - - [22/Nov/2022:19:15:01 +0000] \"POST /auth/passcode HTTP/1.1\" 200 30 \"-\" \"PostmanRuntime/7.29.0\"\n"}
{"level":"info","message":"::1 - - [22/Nov/2022:19:15:46 +0000] \"POST /auth/login HTTP/1.1\" 404 61 \"-\" \"PostmanRuntime/7.29.0\"\n"}
{"level":"info","message":"::1 - - [22/Nov/2022:19:15:59 +0000] \"POST /auth/loginwithemail HTTP/1.1\" 500 133 \"-\" \"PostmanRuntime/7.29.0\"\n"}
{"level":"info","message":"App now running on port 3001"}
{"level":"info","message":"::1 - - [22/Nov/2022:19:17:31 +0000] \"POST /auth/loginwithemail HTTP/1.1\" 200 17 \"-\" \"PostmanRuntime/7.29.0\"\n"}
{"level":"info","message":"App now running on port 3001"}
{"level":"info","message":"::1 - - [22/Nov/2022:19:19:39 +0000] \"POST /auth/loginwithemail HTTP/1.1\" 500 50 \"-\" \"PostmanRuntime/7.29.0\"\n"}
{"level":"info","message":"App now running on port 3001"}
{"level":"info","message":"App now running on port 3001"}
{"level":"info","message":"::1 - - [22/Nov/2022:19:21:26 +0000] \"POST /auth/loginwithemail HTTP/1.1\" 200 323 \"-\" \"PostmanRuntime/7.29.0\"\n"}
{"level":"info","message":"App now running on port 3001"}
{"level":"info","message":"::1 - - [22/Nov/2022:19:22:44 +0000] \"POST /auth/loginwithemail HTTP/1.1\" 200 323 \"-\" \"PostmanRuntime/7.29.0\"\n"}
{"level":"info","message":"App now running on port 3001"}
{"level":"info","message":"::1 - - [22/Nov/2022:19:24:16 +0000] \"POST /auth/loginwithemail HTTP/1.1\" 200 490 \"-\" \"PostmanRuntime/7.29.0\"\n"}
{"level":"info","message":"App now running on port 3001"}
{"level":"info","message":"App now running on port 3001"}
{"level":"info","message":"::1 - - [22/Nov/2022:19:28:10 +0000] \"POST /auth/loginwithemail HTTP/1.1\" 200 490 \"-\" \"PostmanRuntime/7.29.0\"\n"}
{"level":"info","message":"::1 - - [22/Nov/2022:19:28:22 +0000] \"POST /auth/loginwithemail HTTP/1.1\" 401 43 \"-\" \"PostmanRuntime/7.29.0\"\n"}
{"level":"info","message":"App now running on port 3001"}
{"level":"info","message":"App now running on port 3001"}
{"level":"info","message":"::1 - - [22/Nov/2022:19:32:10 +0000] \"POST /auth/loginwithemail HTTP/1.1\" 401 41 \"-\" \"PostmanRuntime/7.29.0\"\n"}
{"level":"info","message":"App now running on port 3001"}
{"level":"info","message":"::1 - - [22/Nov/2022:19:33:58 +0000] \"POST /auth/loginwithemail HTTP/1.1\" 422 36 \"-\" \"PostmanRuntime/7.29.0\"\n"}
{"level":"info","message":"App now running on port 3001"}
{"level":"info","message":"App now running on port 3001"}
{"level":"info","message":"::1 - - [22/Nov/2022:19:47:32 +0000] \"POST /auth/loginwithemail HTTP/1.1\" 422 30 \"-\" \"PostmanRuntime/7.29.0\"\n"}
{"level":"info","message":"App now running on port 3001"}
{"level":"info","message":"::1 - - [22/Nov/2022:19:49:45 +0000] \"POST /auth/loginwithemail HTTP/1.1\" 422 30 \"-\" \"PostmanRuntime/7.29.0\"\n"}
{"level":"info","message":"::1 - - [22/Nov/2022:19:50:12 +0000] \"POST /auth/loginwithemail HTTP/1.1\" 401 41 \"-\" \"PostmanRuntime/7.29.0\"\n"}
{"level":"info","message":"App now running on port 3001"}
{"level":"info","message":"::1 - - [22/Nov/2022:19:50:59 +0000] \"POST /auth/loginwithemail HTTP/1.1\" 422 30 \"-\" \"PostmanRuntime/7.29.0\"\n"}
{"level":"info","message":"::1 - - [22/Nov/2022:19:51:08 +0000] \"POST /auth/loginwithemail HTTP/1.1\" 200 490 \"-\" \"PostmanRuntime/7.29.0\"\n"}
{"level":"info","message":"App now running on port 3001"}
{"level":"info","message":"::1 - - [22/Nov/2022:19:58:52 +0000] \"POST /auth/loginwithemail HTTP/1.1\" 200 402 \"-\" \"PostmanRuntime/7.29.0\"\n"}
{"level":"info","message":"App now running on port 3001"}
{"level":"info","message":"::1 - - [22/Nov/2022:20:00:34 +0000] \"POST /auth/loginwithemail HTTP/1.1\" 200 386 \"-\" \"PostmanRuntime/7.29.0\"\n"}
{"level":"info","message":"App now running on port 3001"}
{"level":"info","message":"App now running on port 3001"}
{"level":"info","message":"App now running on port 3001"}
{"level":"info","message":"App now running on port 3001"}
{"level":"info","message":"App now running on port 3001"}
{"level":"info","message":"App now running on port 3001"}
{"level":"info","message":"App now running on port 3001"}
{"level":"info","message":"App now running on port 3001"}
{"date":"Wed Nov 23 2022 02:20:09 GMT+0530 (India Standard Time)","error":{"diagnosticCodes":[2554]},"exception":true,"level":"error","message":"uncaughtException: ⨯ Unable to compile TypeScript:\n\u001b[96msrc/controllers/AuthController.ts\u001b[0m:\u001b[93m50\u001b[0m:\u001b[93m15\u001b[0m - \u001b[91merror\u001b[0m\u001b[90m TS2554: \u001b[0mExpected 4 arguments, but got 5.\r\n\r\n\u001b[7m50\u001b[0m               req.headers[\"user-agent\"] || \"\"\r\n\u001b[7m  \u001b[0m \u001b[91m              ~~~~~~~~~~~~~~~~~~~~~~~~~~~~~~~\u001b[0m\r\n\nTSError: ⨯ Unable to compile TypeScript:\n\u001b[96msrc/controllers/AuthController.ts\u001b[0m:\u001b[93m50\u001b[0m:\u001b[93m15\u001b[0m - \u001b[91merror\u001b[0m\u001b[90m TS2554: \u001b[0mExpected 4 arguments, but got 5.\r\n\r\n\u001b[7m50\u001b[0m               req.headers[\"user-agent\"] || \"\"\r\n\u001b[7m  \u001b[0m \u001b[91m              ~~~~~~~~~~~~~~~~~~~~~~~~~~~~~~~\u001b[0m\r\n\n    at createTSError (C:\\Users\\USER\\Desktop\\lendQrApi\\node_modules\\ts-node\\src\\index.ts:859:12)\n    at reportTSError (C:\\Users\\USER\\Desktop\\lendQrApi\\node_modules\\ts-node\\src\\index.ts:863:19)\n    at getOutput (C:\\Users\\USER\\Desktop\\lendQrApi\\node_modules\\ts-node\\src\\index.ts:1077:36)\n    at Object.compile (C:\\Users\\USER\\Desktop\\lendQrApi\\node_modules\\ts-node\\src\\index.ts:1433:41)\n    at Module.m._compile (C:\\Users\\USER\\Desktop\\lendQrApi\\node_modules\\ts-node\\src\\index.ts:1617:30)\n    at Module._extensions..js (node:internal/modules/cjs/loader:1174:10)\n    at Object.require.extensions.<computed> [as .ts] (C:\\Users\\USER\\Desktop\\lendQrApi\\node_modules\\ts-node\\src\\index.ts:1621:12)\n    at Module.load (node:internal/modules/cjs/loader:998:32)\n    at Function.Module._load (node:internal/modules/cjs/loader:839:12)\n    at Module.require (node:internal/modules/cjs/loader:1022:19)","os":{"loadavg":[0,0,0],"uptime":884210},"process":{"argv":["C:\\Users\\USER\\Desktop\\lendQrApi\\node_modules\\ts-node\\dist\\bin.js","C:\\Users\\USER\\Desktop\\lendQrApi\\src\\index.ts"],"cwd":"C:\\Users\\USER\\Desktop\\lendQrApi","execPath":"C:\\Program Files\\nodejs\\node.exe","gid":null,"memoryUsage":{"arrayBuffers":1979381,"external":3480743,"heapTotal":193642496,"heapUsed":165107368,"rss":230653952},"pid":14820,"uid":null,"version":"v18.7.0"},"stack":"TSError: ⨯ Unable to compile TypeScript:\n\u001b[96msrc/controllers/AuthController.ts\u001b[0m:\u001b[93m50\u001b[0m:\u001b[93m15\u001b[0m - \u001b[91merror\u001b[0m\u001b[90m TS2554: \u001b[0mExpected 4 arguments, but got 5.\r\n\r\n\u001b[7m50\u001b[0m               req.headers[\"user-agent\"] || \"\"\r\n\u001b[7m  \u001b[0m \u001b[91m              ~~~~~~~~~~~~~~~~~~~~~~~~~~~~~~~\u001b[0m\r\n\n    at createTSError (C:\\Users\\USER\\Desktop\\lendQrApi\\node_modules\\ts-node\\src\\index.ts:859:12)\n    at reportTSError (C:\\Users\\USER\\Desktop\\lendQrApi\\node_modules\\ts-node\\src\\index.ts:863:19)\n    at getOutput (C:\\Users\\USER\\Desktop\\lendQrApi\\node_modules\\ts-node\\src\\index.ts:1077:36)\n    at Object.compile (C:\\Users\\USER\\Desktop\\lendQrApi\\node_modules\\ts-node\\src\\index.ts:1433:41)\n    at Module.m._compile (C:\\Users\\USER\\Desktop\\lendQrApi\\node_modules\\ts-node\\src\\index.ts:1617:30)\n    at Module._extensions..js (node:internal/modules/cjs/loader:1174:10)\n    at Object.require.extensions.<computed> [as .ts] (C:\\Users\\USER\\Desktop\\lendQrApi\\node_modules\\ts-node\\src\\index.ts:1621:12)\n    at Module.load (node:internal/modules/cjs/loader:998:32)\n    at Function.Module._load (node:internal/modules/cjs/loader:839:12)\n    at Module.require (node:internal/modules/cjs/loader:1022:19)","trace":[{"column":12,"file":"C:\\Users\\USER\\Desktop\\lendQrApi\\node_modules\\ts-node\\src\\index.ts","function":"createTSError","line":859,"method":null,"native":false},{"column":19,"file":"C:\\Users\\USER\\Desktop\\lendQrApi\\node_modules\\ts-node\\src\\index.ts","function":"reportTSError","line":863,"method":null,"native":false},{"column":36,"file":"C:\\Users\\USER\\Desktop\\lendQrApi\\node_modules\\ts-node\\src\\index.ts","function":"getOutput","line":1077,"method":null,"native":false},{"column":41,"file":"C:\\Users\\USER\\Desktop\\lendQrApi\\node_modules\\ts-node\\src\\index.ts","function":"Object.compile","line":1433,"method":"compile","native":false},{"column":30,"file":"C:\\Users\\USER\\Desktop\\lendQrApi\\node_modules\\ts-node\\src\\index.ts","function":"Module.m._compile","line":1617,"method":"_compile","native":false},{"column":10,"file":"node:internal/modules/cjs/loader","function":"Module._extensions..js","line":1174,"method":".js","native":false},{"column":12,"file":"C:\\Users\\USER\\Desktop\\lendQrApi\\node_modules\\ts-node\\src\\index.ts","function":"Object.require.extensions.<computed> [as .ts]","line":1621,"method":"ts]","native":false},{"column":32,"file":"node:internal/modules/cjs/loader","function":"Module.load","line":998,"method":"load","native":false},{"column":12,"file":"node:internal/modules/cjs/loader","function":"Module._load","line":839,"method":"_load","native":false},{"column":19,"file":"node:internal/modules/cjs/loader","function":"Module.require","line":1022,"method":"require","native":false}]}
{"date":"Wed Nov 23 2022 02:20:10 GMT+0530 (India Standard Time)","error":{"diagnosticCodes":[2554]},"exception":true,"level":"error","message":"uncaughtException: ⨯ Unable to compile TypeScript:\n\u001b[96msrc/controllers/AuthController.ts\u001b[0m:\u001b[93m50\u001b[0m:\u001b[93m15\u001b[0m - \u001b[91merror\u001b[0m\u001b[90m TS2554: \u001b[0mExpected 4 arguments, but got 5.\r\n\r\n\u001b[7m50\u001b[0m               req.headers[\"user-agent\"] || \"\"\r\n\u001b[7m  \u001b[0m \u001b[91m              ~~~~~~~~~~~~~~~~~~~~~~~~~~~~~~~\u001b[0m\r\n\nTSError: ⨯ Unable to compile TypeScript:\n\u001b[96msrc/controllers/AuthController.ts\u001b[0m:\u001b[93m50\u001b[0m:\u001b[93m15\u001b[0m - \u001b[91merror\u001b[0m\u001b[90m TS2554: \u001b[0mExpected 4 arguments, but got 5.\r\n\r\n\u001b[7m50\u001b[0m               req.headers[\"user-agent\"] || \"\"\r\n\u001b[7m  \u001b[0m \u001b[91m              ~~~~~~~~~~~~~~~~~~~~~~~~~~~~~~~\u001b[0m\r\n\n    at createTSError (C:\\Users\\USER\\Desktop\\lendQrApi\\node_modules\\ts-node\\src\\index.ts:859:12)\n    at reportTSError (C:\\Users\\USER\\Desktop\\lendQrApi\\node_modules\\ts-node\\src\\index.ts:863:19)\n    at getOutput (C:\\Users\\USER\\Desktop\\lendQrApi\\node_modules\\ts-node\\src\\index.ts:1077:36)\n    at Object.compile (C:\\Users\\USER\\Desktop\\lendQrApi\\node_modules\\ts-node\\src\\index.ts:1433:41)\n    at Module.m._compile (C:\\Users\\USER\\Desktop\\lendQrApi\\node_modules\\ts-node\\src\\index.ts:1617:30)\n    at Module._extensions..js (node:internal/modules/cjs/loader:1174:10)\n    at Object.require.extensions.<computed> [as .ts] (C:\\Users\\USER\\Desktop\\lendQrApi\\node_modules\\ts-node\\src\\index.ts:1621:12)\n    at Module.load (node:internal/modules/cjs/loader:998:32)\n    at Function.Module._load (node:internal/modules/cjs/loader:839:12)\n    at Module.require (node:internal/modules/cjs/loader:1022:19)","os":{"loadavg":[0,0,0],"uptime":884210},"process":{"argv":["C:\\Users\\USER\\Desktop\\lendQrApi\\node_modules\\ts-node\\dist\\bin.js","C:\\Users\\USER\\Desktop\\lendQrApi\\src\\index.ts"],"cwd":"C:\\Users\\USER\\Desktop\\lendQrApi","execPath":"C:\\Program Files\\nodejs\\node.exe","gid":null,"memoryUsage":{"arrayBuffers":1984662,"external":3486064,"heapTotal":193642496,"heapUsed":165267848,"rss":230883328},"pid":14820,"uid":null,"version":"v18.7.0"},"stack":"TSError: ⨯ Unable to compile TypeScript:\n\u001b[96msrc/controllers/AuthController.ts\u001b[0m:\u001b[93m50\u001b[0m:\u001b[93m15\u001b[0m - \u001b[91merror\u001b[0m\u001b[90m TS2554: \u001b[0mExpected 4 arguments, but got 5.\r\n\r\n\u001b[7m50\u001b[0m               req.headers[\"user-agent\"] || \"\"\r\n\u001b[7m  \u001b[0m \u001b[91m              ~~~~~~~~~~~~~~~~~~~~~~~~~~~~~~~\u001b[0m\r\n\n    at createTSError (C:\\Users\\USER\\Desktop\\lendQrApi\\node_modules\\ts-node\\src\\index.ts:859:12)\n    at reportTSError (C:\\Users\\USER\\Desktop\\lendQrApi\\node_modules\\ts-node\\src\\index.ts:863:19)\n    at getOutput (C:\\Users\\USER\\Desktop\\lendQrApi\\node_modules\\ts-node\\src\\index.ts:1077:36)\n    at Object.compile (C:\\Users\\USER\\Desktop\\lendQrApi\\node_modules\\ts-node\\src\\index.ts:1433:41)\n    at Module.m._compile (C:\\Users\\USER\\Desktop\\lendQrApi\\node_modules\\ts-node\\src\\index.ts:1617:30)\n    at Module._extensions..js (node:internal/modules/cjs/loader:1174:10)\n    at Object.require.extensions.<computed> [as .ts] (C:\\Users\\USER\\Desktop\\lendQrApi\\node_modules\\ts-node\\src\\index.ts:1621:12)\n    at Module.load (node:internal/modules/cjs/loader:998:32)\n    at Function.Module._load (node:internal/modules/cjs/loader:839:12)\n    at Module.require (node:internal/modules/cjs/loader:1022:19)","trace":[{"column":12,"file":"C:\\Users\\USER\\Desktop\\lendQrApi\\node_modules\\ts-node\\src\\index.ts","function":"createTSError","line":859,"method":null,"native":false},{"column":19,"file":"C:\\Users\\USER\\Desktop\\lendQrApi\\node_modules\\ts-node\\src\\index.ts","function":"reportTSError","line":863,"method":null,"native":false},{"column":36,"file":"C:\\Users\\USER\\Desktop\\lendQrApi\\node_modules\\ts-node\\src\\index.ts","function":"getOutput","line":1077,"method":null,"native":false},{"column":41,"file":"C:\\Users\\USER\\Desktop\\lendQrApi\\node_modules\\ts-node\\src\\index.ts","function":"Object.compile","line":1433,"method":"compile","native":false},{"column":30,"file":"C:\\Users\\USER\\Desktop\\lendQrApi\\node_modules\\ts-node\\src\\index.ts","function":"Module.m._compile","line":1617,"method":"_compile","native":false},{"column":10,"file":"node:internal/modules/cjs/loader","function":"Module._extensions..js","line":1174,"method":".js","native":false},{"column":12,"file":"C:\\Users\\USER\\Desktop\\lendQrApi\\node_modules\\ts-node\\src\\index.ts","function":"Object.require.extensions.<computed> [as .ts]","line":1621,"method":"ts]","native":false},{"column":32,"file":"node:internal/modules/cjs/loader","function":"Module.load","line":998,"method":"load","native":false},{"column":12,"file":"node:internal/modules/cjs/loader","function":"Module._load","line":839,"method":"_load","native":false},{"column":19,"file":"node:internal/modules/cjs/loader","function":"Module.require","line":1022,"method":"require","native":false}]}
{"date":"Wed Nov 23 2022 02:22:16 GMT+0530 (India Standard Time)","error":{"diagnosticCodes":[2551]},"exception":true,"level":"error","message":"uncaughtException: ⨯ Unable to compile TypeScript:\n\u001b[96msrc/services/AuthService.ts\u001b[0m:\u001b[93m61\u001b[0m:\u001b[93m32\u001b[0m - \u001b[91merror\u001b[0m\u001b[90m TS2551: \u001b[0mProperty 'checkThatUserExistWithPhoneNumber' does not exist on type 'typeof UserService'. Did you mean 'checkThatUserExistWithUserId'?\r\n\r\n\u001b[7m61\u001b[0m       user = await UserService.checkThatUserExistWithPhoneNumber(phoneNumber);\r\n\u001b[7m  \u001b[0m \u001b[91m                               ~~~~~~~~~~~~~~~~~~~~~~~~~~~~~~~~~\u001b[0m\r\n\r\n  \u001b[96msrc/services/UserService.ts\u001b[0m:\u001b[93m107\u001b[0m:\u001b[93m16\u001b[0m\r\n    \u001b[7m107\u001b[0m   static async checkThatUserExistWithUserId(userId: string) {\r\n    \u001b[7m   \u001b[0m \u001b[96m               ~~~~~~~~~~~~~~~~~~~~~~~~~~~~\u001b[0m\r\n    'checkThatUserExistWithUserId' is declared here.\r\n\nTSError: ⨯ Unable to compile TypeScript:\n\u001b[96msrc/services/AuthService.ts\u001b[0m:\u001b[93m61\u001b[0m:\u001b[93m32\u001b[0m - \u001b[91merror\u001b[0m\u001b[90m TS2551: \u001b[0mProperty 'checkThatUserExistWithPhoneNumber' does not exist on type 'typeof UserService'. Did you mean 'checkThatUserExistWithUserId'?\r\n\r\n\u001b[7m61\u001b[0m       user = await UserService.checkThatUserExistWithPhoneNumber(phoneNumber);\r\n\u001b[7m  \u001b[0m \u001b[91m                               ~~~~~~~~~~~~~~~~~~~~~~~~~~~~~~~~~\u001b[0m\r\n\r\n  \u001b[96msrc/services/UserService.ts\u001b[0m:\u001b[93m107\u001b[0m:\u001b[93m16\u001b[0m\r\n    \u001b[7m107\u001b[0m   static async checkThatUserExistWithUserId(userId: string) {\r\n    \u001b[7m   \u001b[0m \u001b[96m               ~~~~~~~~~~~~~~~~~~~~~~~~~~~~\u001b[0m\r\n    'checkThatUserExistWithUserId' is declared here.\r\n\n    at createTSError (C:\\Users\\USER\\Desktop\\lendQrApi\\node_modules\\ts-node\\src\\index.ts:859:12)\n    at reportTSError (C:\\Users\\USER\\Desktop\\lendQrApi\\node_modules\\ts-node\\src\\index.ts:863:19)\n    at getOutput (C:\\Users\\USER\\Desktop\\lendQrApi\\node_modules\\ts-node\\src\\index.ts:1077:36)\n    at Object.compile (C:\\Users\\USER\\Desktop\\lendQrApi\\node_modules\\ts-node\\src\\index.ts:1433:41)\n    at Module.m._compile (C:\\Users\\USER\\Desktop\\lendQrApi\\node_modules\\ts-node\\src\\index.ts:1617:30)\n    at Module._extensions..js (node:internal/modules/cjs/loader:1174:10)\n    at Object.require.extensions.<computed> [as .ts] (C:\\Users\\USER\\Desktop\\lendQrApi\\node_modules\\ts-node\\src\\index.ts:1621:12)\n    at Module.load (node:internal/modules/cjs/loader:998:32)\n    at Function.Module._load (node:internal/modules/cjs/loader:839:12)\n    at Module.require (node:internal/modules/cjs/loader:1022:19)","os":{"loadavg":[0,0,0],"uptime":884336},"process":{"argv":["C:\\Users\\USER\\Desktop\\lendQrApi\\node_modules\\ts-node\\dist\\bin.js","C:\\Users\\USER\\Desktop\\lendQrApi\\src\\index.ts"],"cwd":"C:\\Users\\USER\\Desktop\\lendQrApi","execPath":"C:\\Program Files\\nodejs\\node.exe","gid":null,"memoryUsage":{"arrayBuffers":1971188,"external":3472465,"heapTotal":196001792,"heapUsed":168812680,"rss":233492480},"pid":12432,"uid":null,"version":"v18.7.0"},"stack":"TSError: ⨯ Unable to compile TypeScript:\n\u001b[96msrc/services/AuthService.ts\u001b[0m:\u001b[93m61\u001b[0m:\u001b[93m32\u001b[0m - \u001b[91merror\u001b[0m\u001b[90m TS2551: \u001b[0mProperty 'checkThatUserExistWithPhoneNumber' does not exist on type 'typeof UserService'. Did you mean 'checkThatUserExistWithUserId'?\r\n\r\n\u001b[7m61\u001b[0m       user = await UserService.checkThatUserExistWithPhoneNumber(phoneNumber);\r\n\u001b[7m  \u001b[0m \u001b[91m                               ~~~~~~~~~~~~~~~~~~~~~~~~~~~~~~~~~\u001b[0m\r\n\r\n  \u001b[96msrc/services/UserService.ts\u001b[0m:\u001b[93m107\u001b[0m:\u001b[93m16\u001b[0m\r\n    \u001b[7m107\u001b[0m   static async checkThatUserExistWithUserId(userId: string) {\r\n    \u001b[7m   \u001b[0m \u001b[96m               ~~~~~~~~~~~~~~~~~~~~~~~~~~~~\u001b[0m\r\n    'checkThatUserExistWithUserId' is declared here.\r\n\n    at createTSError (C:\\Users\\USER\\Desktop\\lendQrApi\\node_modules\\ts-node\\src\\index.ts:859:12)\n    at reportTSError (C:\\Users\\USER\\Desktop\\lendQrApi\\node_modules\\ts-node\\src\\index.ts:863:19)\n    at getOutput (C:\\Users\\USER\\Desktop\\lendQrApi\\node_modules\\ts-node\\src\\index.ts:1077:36)\n    at Object.compile (C:\\Users\\USER\\Desktop\\lendQrApi\\node_modules\\ts-node\\src\\index.ts:1433:41)\n    at Module.m._compile (C:\\Users\\USER\\Desktop\\lendQrApi\\node_modules\\ts-node\\src\\index.ts:1617:30)\n    at Module._extensions..js (node:internal/modules/cjs/loader:1174:10)\n    at Object.require.extensions.<computed> [as .ts] (C:\\Users\\USER\\Desktop\\lendQrApi\\node_modules\\ts-node\\src\\index.ts:1621:12)\n    at Module.load (node:internal/modules/cjs/loader:998:32)\n    at Function.Module._load (node:internal/modules/cjs/loader:839:12)\n    at Module.require (node:internal/modules/cjs/loader:1022:19)","trace":[{"column":12,"file":"C:\\Users\\USER\\Desktop\\lendQrApi\\node_modules\\ts-node\\src\\index.ts","function":"createTSError","line":859,"method":null,"native":false},{"column":19,"file":"C:\\Users\\USER\\Desktop\\lendQrApi\\node_modules\\ts-node\\src\\index.ts","function":"reportTSError","line":863,"method":null,"native":false},{"column":36,"file":"C:\\Users\\USER\\Desktop\\lendQrApi\\node_modules\\ts-node\\src\\index.ts","function":"getOutput","line":1077,"method":null,"native":false},{"column":41,"file":"C:\\Users\\USER\\Desktop\\lendQrApi\\node_modules\\ts-node\\src\\index.ts","function":"Object.compile","line":1433,"method":"compile","native":false},{"column":30,"file":"C:\\Users\\USER\\Desktop\\lendQrApi\\node_modules\\ts-node\\src\\index.ts","function":"Module.m._compile","line":1617,"method":"_compile","native":false},{"column":10,"file":"node:internal/modules/cjs/loader","function":"Module._extensions..js","line":1174,"method":".js","native":false},{"column":12,"file":"C:\\Users\\USER\\Desktop\\lendQrApi\\node_modules\\ts-node\\src\\index.ts","function":"Object.require.extensions.<computed> [as .ts]","line":1621,"method":"ts]","native":false},{"column":32,"file":"node:internal/modules/cjs/loader","function":"Module.load","line":998,"method":"load","native":false},{"column":12,"file":"node:internal/modules/cjs/loader","function":"Module._load","line":839,"method":"_load","native":false},{"column":19,"file":"node:internal/modules/cjs/loader","function":"Module.require","line":1022,"method":"require","native":false}]}
{"date":"Wed Nov 23 2022 02:22:16 GMT+0530 (India Standard Time)","error":{"diagnosticCodes":[2551]},"exception":true,"level":"error","message":"uncaughtException: ⨯ Unable to compile TypeScript:\n\u001b[96msrc/services/AuthService.ts\u001b[0m:\u001b[93m61\u001b[0m:\u001b[93m32\u001b[0m - \u001b[91merror\u001b[0m\u001b[90m TS2551: \u001b[0mProperty 'checkThatUserExistWithPhoneNumber' does not exist on type 'typeof UserService'. Did you mean 'checkThatUserExistWithUserId'?\r\n\r\n\u001b[7m61\u001b[0m       user = await UserService.checkThatUserExistWithPhoneNumber(phoneNumber);\r\n\u001b[7m  \u001b[0m \u001b[91m                               ~~~~~~~~~~~~~~~~~~~~~~~~~~~~~~~~~\u001b[0m\r\n\r\n  \u001b[96msrc/services/UserService.ts\u001b[0m:\u001b[93m107\u001b[0m:\u001b[93m16\u001b[0m\r\n    \u001b[7m107\u001b[0m   static async checkThatUserExistWithUserId(userId: string) {\r\n    \u001b[7m   \u001b[0m \u001b[96m               ~~~~~~~~~~~~~~~~~~~~~~~~~~~~\u001b[0m\r\n    'checkThatUserExistWithUserId' is declared here.\r\n\nTSError: ⨯ Unable to compile TypeScript:\n\u001b[96msrc/services/AuthService.ts\u001b[0m:\u001b[93m61\u001b[0m:\u001b[93m32\u001b[0m - \u001b[91merror\u001b[0m\u001b[90m TS2551: \u001b[0mProperty 'checkThatUserExistWithPhoneNumber' does not exist on type 'typeof UserService'. Did you mean 'checkThatUserExistWithUserId'?\r\n\r\n\u001b[7m61\u001b[0m       user = await UserService.checkThatUserExistWithPhoneNumber(phoneNumber);\r\n\u001b[7m  \u001b[0m \u001b[91m                               ~~~~~~~~~~~~~~~~~~~~~~~~~~~~~~~~~\u001b[0m\r\n\r\n  \u001b[96msrc/services/UserService.ts\u001b[0m:\u001b[93m107\u001b[0m:\u001b[93m16\u001b[0m\r\n    \u001b[7m107\u001b[0m   static async checkThatUserExistWithUserId(userId: string) {\r\n    \u001b[7m   \u001b[0m \u001b[96m               ~~~~~~~~~~~~~~~~~~~~~~~~~~~~\u001b[0m\r\n    'checkThatUserExistWithUserId' is declared here.\r\n\n    at createTSError (C:\\Users\\USER\\Desktop\\lendQrApi\\node_modules\\ts-node\\src\\index.ts:859:12)\n    at reportTSError (C:\\Users\\USER\\Desktop\\lendQrApi\\node_modules\\ts-node\\src\\index.ts:863:19)\n    at getOutput (C:\\Users\\USER\\Desktop\\lendQrApi\\node_modules\\ts-node\\src\\index.ts:1077:36)\n    at Object.compile (C:\\Users\\USER\\Desktop\\lendQrApi\\node_modules\\ts-node\\src\\index.ts:1433:41)\n    at Module.m._compile (C:\\Users\\USER\\Desktop\\lendQrApi\\node_modules\\ts-node\\src\\index.ts:1617:30)\n    at Module._extensions..js (node:internal/modules/cjs/loader:1174:10)\n    at Object.require.extensions.<computed> [as .ts] (C:\\Users\\USER\\Desktop\\lendQrApi\\node_modules\\ts-node\\src\\index.ts:1621:12)\n    at Module.load (node:internal/modules/cjs/loader:998:32)\n    at Function.Module._load (node:internal/modules/cjs/loader:839:12)\n    at Module.require (node:internal/modules/cjs/loader:1022:19)","os":{"loadavg":[0,0,0],"uptime":884336},"process":{"argv":["C:\\Users\\USER\\Desktop\\lendQrApi\\node_modules\\ts-node\\dist\\bin.js","C:\\Users\\USER\\Desktop\\lendQrApi\\src\\index.ts"],"cwd":"C:\\Users\\USER\\Desktop\\lendQrApi","execPath":"C:\\Program Files\\nodejs\\node.exe","gid":null,"memoryUsage":{"arrayBuffers":1977921,"external":3479238,"heapTotal":196001792,"heapUsed":168966040,"rss":233676800},"pid":12432,"uid":null,"version":"v18.7.0"},"stack":"TSError: ⨯ Unable to compile TypeScript:\n\u001b[96msrc/services/AuthService.ts\u001b[0m:\u001b[93m61\u001b[0m:\u001b[93m32\u001b[0m - \u001b[91merror\u001b[0m\u001b[90m TS2551: \u001b[0mProperty 'checkThatUserExistWithPhoneNumber' does not exist on type 'typeof UserService'. Did you mean 'checkThatUserExistWithUserId'?\r\n\r\n\u001b[7m61\u001b[0m       user = await UserService.checkThatUserExistWithPhoneNumber(phoneNumber);\r\n\u001b[7m  \u001b[0m \u001b[91m                               ~~~~~~~~~~~~~~~~~~~~~~~~~~~~~~~~~\u001b[0m\r\n\r\n  \u001b[96msrc/services/UserService.ts\u001b[0m:\u001b[93m107\u001b[0m:\u001b[93m16\u001b[0m\r\n    \u001b[7m107\u001b[0m   static async checkThatUserExistWithUserId(userId: string) {\r\n    \u001b[7m   \u001b[0m \u001b[96m               ~~~~~~~~~~~~~~~~~~~~~~~~~~~~\u001b[0m\r\n    'checkThatUserExistWithUserId' is declared here.\r\n\n    at createTSError (C:\\Users\\USER\\Desktop\\lendQrApi\\node_modules\\ts-node\\src\\index.ts:859:12)\n    at reportTSError (C:\\Users\\USER\\Desktop\\lendQrApi\\node_modules\\ts-node\\src\\index.ts:863:19)\n    at getOutput (C:\\Users\\USER\\Desktop\\lendQrApi\\node_modules\\ts-node\\src\\index.ts:1077:36)\n    at Object.compile (C:\\Users\\USER\\Desktop\\lendQrApi\\node_modules\\ts-node\\src\\index.ts:1433:41)\n    at Module.m._compile (C:\\Users\\USER\\Desktop\\lendQrApi\\node_modules\\ts-node\\src\\index.ts:1617:30)\n    at Module._extensions..js (node:internal/modules/cjs/loader:1174:10)\n    at Object.require.extensions.<computed> [as .ts] (C:\\Users\\USER\\Desktop\\lendQrApi\\node_modules\\ts-node\\src\\index.ts:1621:12)\n    at Module.load (node:internal/modules/cjs/loader:998:32)\n    at Function.Module._load (node:internal/modules/cjs/loader:839:12)\n    at Module.require (node:internal/modules/cjs/loader:1022:19)","trace":[{"column":12,"file":"C:\\Users\\USER\\Desktop\\lendQrApi\\node_modules\\ts-node\\src\\index.ts","function":"createTSError","line":859,"method":null,"native":false},{"column":19,"file":"C:\\Users\\USER\\Desktop\\lendQrApi\\node_modules\\ts-node\\src\\index.ts","function":"reportTSError","line":863,"method":null,"native":false},{"column":36,"file":"C:\\Users\\USER\\Desktop\\lendQrApi\\node_modules\\ts-node\\src\\index.ts","function":"getOutput","line":1077,"method":null,"native":false},{"column":41,"file":"C:\\Users\\USER\\Desktop\\lendQrApi\\node_modules\\ts-node\\src\\index.ts","function":"Object.compile","line":1433,"method":"compile","native":false},{"column":30,"file":"C:\\Users\\USER\\Desktop\\lendQrApi\\node_modules\\ts-node\\src\\index.ts","function":"Module.m._compile","line":1617,"method":"_compile","native":false},{"column":10,"file":"node:internal/modules/cjs/loader","function":"Module._extensions..js","line":1174,"method":".js","native":false},{"column":12,"file":"C:\\Users\\USER\\Desktop\\lendQrApi\\node_modules\\ts-node\\src\\index.ts","function":"Object.require.extensions.<computed> [as .ts]","line":1621,"method":"ts]","native":false},{"column":32,"file":"node:internal/modules/cjs/loader","function":"Module.load","line":998,"method":"load","native":false},{"column":12,"file":"node:internal/modules/cjs/loader","function":"Module._load","line":839,"method":"_load","native":false},{"column":19,"file":"node:internal/modules/cjs/loader","function":"Module.require","line":1022,"method":"require","native":false}]}
{"level":"info","message":"App now running on port 3001"}
{"level":"info","message":"::1 - - [22/Nov/2022:20:54:23 +0000] \"POST /auth/loginwithemail HTTP/1.1\" 404 33 \"-\" \"PostmanRuntime/7.29.0\"\n"}
{"level":"info","message":"App now running on port 3001"}
{"level":"info","message":"App now running on port 3001"}
{"level":"info","message":"::1 - - [22/Nov/2022:20:56:46 +0000] \"POST /auth/loginwithemail HTTP/1.1\" 404 33 \"-\" \"PostmanRuntime/7.29.0\"\n"}
{"level":"info","message":"App now running on port 3001"}
{"level":"info","message":"::1 - - [22/Nov/2022:20:58:43 +0000] \"POST /auth/loginwithemail HTTP/1.1\" 500 68 \"-\" \"PostmanRuntime/7.29.0\"\n"}
{"level":"info","message":"App now running on port 3001"}
{"level":"info","message":"::1 - - [22/Nov/2022:20:59:52 +0000] \"POST /auth/loginwithemail HTTP/1.1\" 500 68 \"-\" \"PostmanRuntime/7.29.0\"\n"}
{"level":"info","message":"App now running on port 3001"}
{"level":"info","message":"App now running on port 3001"}
{"level":"info","message":"::1 - - [22/Nov/2022:21:01:50 +0000] \"POST /auth/loginwithemail HTTP/1.1\" 500 68 \"-\" \"PostmanRuntime/7.29.0\"\n"}
{"level":"info","message":"::1 - - [22/Nov/2022:21:01:53 +0000] \"POST /auth/loginwithemail HTTP/1.1\" 500 68 \"-\" \"PostmanRuntime/7.29.0\"\n"}
{"level":"info","message":"::1 - - [22/Nov/2022:21:02:33 +0000] \"POST /auth/loginwithemail HTTP/1.1\" 400 275 \"-\" \"PostmanRuntime/7.29.0\"\n"}
{"level":"info","message":"App now running on port 3001"}
{"level":"info","message":"::1 - - [22/Nov/2022:21:05:26 +0000] \"POST /auth/loginwithemail HTTP/1.1\" 401 41 \"-\" \"PostmanRuntime/7.29.0\"\n"}
{"level":"info","message":"::1 - - [22/Nov/2022:21:06:07 +0000] \"POST /auth/loginwithemail HTTP/1.1\" 401 41 \"-\" \"PostmanRuntime/7.29.0\"\n"}
{"level":"info","message":"App now running on port 3001"}
{"level":"info","message":"::1 - - [22/Nov/2022:21:10:31 +0000] \"POST /auth/loginwithemail HTTP/1.1\" 401 41 \"-\" \"PostmanRuntime/7.29.0\"\n"}
{"level":"info","message":"App now running on port 3001"}
{"level":"info","message":"App now running on port 3001"}
{"level":"info","message":"::1 - - [22/Nov/2022:21:12:43 +0000] \"POST /auth/loginwithemail HTTP/1.1\" 404 33 \"-\" \"PostmanRuntime/7.29.0\"\n"}
{"level":"info","message":"::1 - - [22/Nov/2022:21:13:05 +0000] \"POST /auth/loginwithemail HTTP/1.1\" 404 33 \"-\" \"PostmanRuntime/7.29.0\"\n"}
{"level":"info","message":"App now running on port 3001"}
{"level":"info","message":"::1 - - [22/Nov/2022:21:15:37 +0000] \"POST /auth/loginwithemail HTTP/1.1\" 404 33 \"-\" \"PostmanRuntime/7.29.0\"\n"}
{"level":"info","message":"::1 - - [22/Nov/2022:21:16:03 +0000] \"POST /auth/loginwithemail HTTP/1.1\" 404 33 \"-\" \"PostmanRuntime/7.29.0\"\n"}
{"level":"info","message":"App now running on port 3001"}
{"level":"info","message":"App now running on port 3001"}
{"level":"info","message":"::1 - - [22/Nov/2022:21:17:38 +0000] \"POST /auth/loginwithemail HTTP/1.1\" 404 33 \"-\" \"PostmanRuntime/7.29.0\"\n"}
{"level":"info","message":"::1 - - [22/Nov/2022:21:19:42 +0000] \"POST /auth/loginwithemail HTTP/1.1\" 404 33 \"-\" \"PostmanRuntime/7.29.0\"\n"}
{"level":"info","message":"App now running on port 3001"}
{"level":"info","message":"::1 - - [22/Nov/2022:21:20:38 +0000] \"POST /auth/loginwithemail HTTP/1.1\" 404 33 \"-\" \"PostmanRuntime/7.29.0\"\n"}
{"level":"info","message":"App now running on port 3001"}
{"level":"info","message":"App now running on port 3001"}
{"level":"info","message":"::1 - - [22/Nov/2022:21:22:20 +0000] \"POST /auth/loginwithemail HTTP/1.1\" 404 33 \"-\" \"PostmanRuntime/7.29.0\"\n"}
{"level":"info","message":"App now running on port 3001"}
{"level":"info","message":"::1 - - [22/Nov/2022:21:24:31 +0000] \"POST /auth/loginwithemail HTTP/1.1\" 200 388 \"-\" \"PostmanRuntime/7.29.0\"\n"}
{"level":"info","message":"App now running on port 3001"}
{"level":"info","message":"App now running on port 3001"}
{"level":"info","message":"::1 - - [22/Nov/2022:21:27:24 +0000] \"POST /auth/login HTTP/1.1\" 404 61 \"-\" \"PostmanRuntime/7.29.0\"\n"}
{"level":"info","message":"App now running on port 3001"}
{"level":"info","message":"::1 - - [22/Nov/2022:21:28:15 +0000] \"POST /auth/login HTTP/1.1\" 200 388 \"-\" \"PostmanRuntime/7.29.0\"\n"}
{"level":"info","message":"::1 - - [22/Nov/2022:21:28:50 +0000] \"POST /auth/login HTTP/1.1\" 200 388 \"-\" \"PostmanRuntime/7.29.0\"\n"}
{"level":"info","message":"App now running on port 3001"}
{"level":"info","message":"App now running on port 3001"}
{"level":"info","message":"App now running on port 3001"}
{"level":"info","message":"App now running on port 3001"}
{"date":"Wed Nov 23 2022 03:14:46 GMT+0530 (India Standard Time)","error":{"diagnosticCodes":[2345,2769]},"exception":true,"level":"error","message":"uncaughtException: ⨯ Unable to compile TypeScript:\n\u001b[96msrc/helpers/JwtHelper.ts\u001b[0m:\u001b[93m18\u001b[0m:\u001b[93m51\u001b[0m - \u001b[91merror\u001b[0m\u001b[90m TS2345: \u001b[0mArgument of type 'string | undefined' is not assignable to parameter of type 'Secret'.\r\n  Type 'undefined' is not assignable to type 'Secret'.\r\n\r\n\u001b[7m18\u001b[0m         if(!expiresIn) { return JWT.sign(payload, config.JWT_TOKEN_SECRET); }\r\n\u001b[7m  \u001b[0m \u001b[91m                                                  ~~~~~~~~~~~~~~~~~~~~~~~\u001b[0m\r\n\u001b[96msrc/helpers/JwtHelper.ts\u001b[0m:\u001b[93m37\u001b[0m:\u001b[93m17\u001b[0m - \u001b[91merror\u001b[0m\u001b[90m TS2769: \u001b[0mNo overload matches this call.\r\n  The last overload gave the following error.\r\n    Argument of type 'string | undefined' is not assignable to parameter of type 'Secret | GetPublicKeyOrSecret'.\r\n      Type 'undefined' is not assignable to type 'Secret | GetPublicKeyOrSecret'.\r\n\r\n\u001b[7m37\u001b[0m                 config.JWT_TOKEN_SECRET\r\n\u001b[7m  \u001b[0m \u001b[91m                ~~~~~~~~~~~~~~~~~~~~~~~\u001b[0m\r\n\r\n  \u001b[96mnode_modules/@types/jsonwebtoken/index.d.ts\u001b[0m:\u001b[93m232\u001b[0m:\u001b[93m17\u001b[0m\r\n    \u001b[7m232\u001b[0m export function verify(\r\n    \u001b[7m   \u001b[0m \u001b[96m                ~~~~~~\u001b[0m\r\n    The last overload is declared here.\r\n\nTSError: ⨯ Unable to compile TypeScript:\n\u001b[96msrc/helpers/JwtHelper.ts\u001b[0m:\u001b[93m18\u001b[0m:\u001b[93m51\u001b[0m - \u001b[91merror\u001b[0m\u001b[90m TS2345: \u001b[0mArgument of type 'string | undefined' is not assignable to parameter of type 'Secret'.\r\n  Type 'undefined' is not assignable to type 'Secret'.\r\n\r\n\u001b[7m18\u001b[0m         if(!expiresIn) { return JWT.sign(payload, config.JWT_TOKEN_SECRET); }\r\n\u001b[7m  \u001b[0m \u001b[91m                                                  ~~~~~~~~~~~~~~~~~~~~~~~\u001b[0m\r\n\u001b[96msrc/helpers/JwtHelper.ts\u001b[0m:\u001b[93m37\u001b[0m:\u001b[93m17\u001b[0m - \u001b[91merror\u001b[0m\u001b[90m TS2769: \u001b[0mNo overload matches this call.\r\n  The last overload gave the following error.\r\n    Argument of type 'string | undefined' is not assignable to parameter of type 'Secret | GetPublicKeyOrSecret'.\r\n      Type 'undefined' is not assignable to type 'Secret | GetPublicKeyOrSecret'.\r\n\r\n\u001b[7m37\u001b[0m                 config.JWT_TOKEN_SECRET\r\n\u001b[7m  \u001b[0m \u001b[91m                ~~~~~~~~~~~~~~~~~~~~~~~\u001b[0m\r\n\r\n  \u001b[96mnode_modules/@types/jsonwebtoken/index.d.ts\u001b[0m:\u001b[93m232\u001b[0m:\u001b[93m17\u001b[0m\r\n    \u001b[7m232\u001b[0m export function verify(\r\n    \u001b[7m   \u001b[0m \u001b[96m                ~~~~~~\u001b[0m\r\n    The last overload is declared here.\r\n\n    at createTSError (C:\\Users\\USER\\Desktop\\lendQrApi\\node_modules\\ts-node\\src\\index.ts:859:12)\n    at reportTSError (C:\\Users\\USER\\Desktop\\lendQrApi\\node_modules\\ts-node\\src\\index.ts:863:19)\n    at getOutput (C:\\Users\\USER\\Desktop\\lendQrApi\\node_modules\\ts-node\\src\\index.ts:1077:36)\n    at Object.compile (C:\\Users\\USER\\Desktop\\lendQrApi\\node_modules\\ts-node\\src\\index.ts:1433:41)\n    at Module.m._compile (C:\\Users\\USER\\Desktop\\lendQrApi\\node_modules\\ts-node\\src\\index.ts:1617:30)\n    at Module._extensions..js (node:internal/modules/cjs/loader:1174:10)\n    at Object.require.extensions.<computed> [as .ts] (C:\\Users\\USER\\Desktop\\lendQrApi\\node_modules\\ts-node\\src\\index.ts:1621:12)\n    at Module.load (node:internal/modules/cjs/loader:998:32)\n    at Function.Module._load (node:internal/modules/cjs/loader:839:12)\n    at Module.require (node:internal/modules/cjs/loader:1022:19)","os":{"loadavg":[0,0,0],"uptime":887486},"process":{"argv":["C:\\Users\\USER\\Desktop\\lendQrApi\\node_modules\\ts-node\\dist\\bin.js","C:\\Users\\USER\\Desktop\\lendQrApi\\src\\index.ts"],"cwd":"C:\\Users\\USER\\Desktop\\lendQrApi","execPath":"C:\\Program Files\\nodejs\\node.exe","gid":null,"memoryUsage":{"arrayBuffers":2164260,"external":3665537,"heapTotal":195133440,"heapUsed":167887376,"rss":232370176},"pid":11104,"uid":null,"version":"v18.7.0"},"stack":"TSError: ⨯ Unable to compile TypeScript:\n\u001b[96msrc/helpers/JwtHelper.ts\u001b[0m:\u001b[93m18\u001b[0m:\u001b[93m51\u001b[0m - \u001b[91merror\u001b[0m\u001b[90m TS2345: \u001b[0mArgument of type 'string | undefined' is not assignable to parameter of type 'Secret'.\r\n  Type 'undefined' is not assignable to type 'Secret'.\r\n\r\n\u001b[7m18\u001b[0m         if(!expiresIn) { return JWT.sign(payload, config.JWT_TOKEN_SECRET); }\r\n\u001b[7m  \u001b[0m \u001b[91m                                                  ~~~~~~~~~~~~~~~~~~~~~~~\u001b[0m\r\n\u001b[96msrc/helpers/JwtHelper.ts\u001b[0m:\u001b[93m37\u001b[0m:\u001b[93m17\u001b[0m - \u001b[91merror\u001b[0m\u001b[90m TS2769: \u001b[0mNo overload matches this call.\r\n  The last overload gave the following error.\r\n    Argument of type 'string | undefined' is not assignable to parameter of type 'Secret | GetPublicKeyOrSecret'.\r\n      Type 'undefined' is not assignable to type 'Secret | GetPublicKeyOrSecret'.\r\n\r\n\u001b[7m37\u001b[0m                 config.JWT_TOKEN_SECRET\r\n\u001b[7m  \u001b[0m \u001b[91m                ~~~~~~~~~~~~~~~~~~~~~~~\u001b[0m\r\n\r\n  \u001b[96mnode_modules/@types/jsonwebtoken/index.d.ts\u001b[0m:\u001b[93m232\u001b[0m:\u001b[93m17\u001b[0m\r\n    \u001b[7m232\u001b[0m export function verify(\r\n    \u001b[7m   \u001b[0m \u001b[96m                ~~~~~~\u001b[0m\r\n    The last overload is declared here.\r\n\n    at createTSError (C:\\Users\\USER\\Desktop\\lendQrApi\\node_modules\\ts-node\\src\\index.ts:859:12)\n    at reportTSError (C:\\Users\\USER\\Desktop\\lendQrApi\\node_modules\\ts-node\\src\\index.ts:863:19)\n    at getOutput (C:\\Users\\USER\\Desktop\\lendQrApi\\node_modules\\ts-node\\src\\index.ts:1077:36)\n    at Object.compile (C:\\Users\\USER\\Desktop\\lendQrApi\\node_modules\\ts-node\\src\\index.ts:1433:41)\n    at Module.m._compile (C:\\Users\\USER\\Desktop\\lendQrApi\\node_modules\\ts-node\\src\\index.ts:1617:30)\n    at Module._extensions..js (node:internal/modules/cjs/loader:1174:10)\n    at Object.require.extensions.<computed> [as .ts] (C:\\Users\\USER\\Desktop\\lendQrApi\\node_modules\\ts-node\\src\\index.ts:1621:12)\n    at Module.load (node:internal/modules/cjs/loader:998:32)\n    at Function.Module._load (node:internal/modules/cjs/loader:839:12)\n    at Module.require (node:internal/modules/cjs/loader:1022:19)","trace":[{"column":12,"file":"C:\\Users\\USER\\Desktop\\lendQrApi\\node_modules\\ts-node\\src\\index.ts","function":"createTSError","line":859,"method":null,"native":false},{"column":19,"file":"C:\\Users\\USER\\Desktop\\lendQrApi\\node_modules\\ts-node\\src\\index.ts","function":"reportTSError","line":863,"method":null,"native":false},{"column":36,"file":"C:\\Users\\USER\\Desktop\\lendQrApi\\node_modules\\ts-node\\src\\index.ts","function":"getOutput","line":1077,"method":null,"native":false},{"column":41,"file":"C:\\Users\\USER\\Desktop\\lendQrApi\\node_modules\\ts-node\\src\\index.ts","function":"Object.compile","line":1433,"method":"compile","native":false},{"column":30,"file":"C:\\Users\\USER\\Desktop\\lendQrApi\\node_modules\\ts-node\\src\\index.ts","function":"Module.m._compile","line":1617,"method":"_compile","native":false},{"column":10,"file":"node:internal/modules/cjs/loader","function":"Module._extensions..js","line":1174,"method":".js","native":false},{"column":12,"file":"C:\\Users\\USER\\Desktop\\lendQrApi\\node_modules\\ts-node\\src\\index.ts","function":"Object.require.extensions.<computed> [as .ts]","line":1621,"method":"ts]","native":false},{"column":32,"file":"node:internal/modules/cjs/loader","function":"Module.load","line":998,"method":"load","native":false},{"column":12,"file":"node:internal/modules/cjs/loader","function":"Module._load","line":839,"method":"_load","native":false},{"column":19,"file":"node:internal/modules/cjs/loader","function":"Module.require","line":1022,"method":"require","native":false}]}
{"date":"Wed Nov 23 2022 03:14:46 GMT+0530 (India Standard Time)","error":{"diagnosticCodes":[2345,2769]},"exception":true,"level":"error","message":"uncaughtException: ⨯ Unable to compile TypeScript:\n\u001b[96msrc/helpers/JwtHelper.ts\u001b[0m:\u001b[93m18\u001b[0m:\u001b[93m51\u001b[0m - \u001b[91merror\u001b[0m\u001b[90m TS2345: \u001b[0mArgument of type 'string | undefined' is not assignable to parameter of type 'Secret'.\r\n  Type 'undefined' is not assignable to type 'Secret'.\r\n\r\n\u001b[7m18\u001b[0m         if(!expiresIn) { return JWT.sign(payload, config.JWT_TOKEN_SECRET); }\r\n\u001b[7m  \u001b[0m \u001b[91m                                                  ~~~~~~~~~~~~~~~~~~~~~~~\u001b[0m\r\n\u001b[96msrc/helpers/JwtHelper.ts\u001b[0m:\u001b[93m37\u001b[0m:\u001b[93m17\u001b[0m - \u001b[91merror\u001b[0m\u001b[90m TS2769: \u001b[0mNo overload matches this call.\r\n  The last overload gave the following error.\r\n    Argument of type 'string | undefined' is not assignable to parameter of type 'Secret | GetPublicKeyOrSecret'.\r\n      Type 'undefined' is not assignable to type 'Secret | GetPublicKeyOrSecret'.\r\n\r\n\u001b[7m37\u001b[0m                 config.JWT_TOKEN_SECRET\r\n\u001b[7m  \u001b[0m \u001b[91m                ~~~~~~~~~~~~~~~~~~~~~~~\u001b[0m\r\n\r\n  \u001b[96mnode_modules/@types/jsonwebtoken/index.d.ts\u001b[0m:\u001b[93m232\u001b[0m:\u001b[93m17\u001b[0m\r\n    \u001b[7m232\u001b[0m export function verify(\r\n    \u001b[7m   \u001b[0m \u001b[96m                ~~~~~~\u001b[0m\r\n    The last overload is declared here.\r\n\nTSError: ⨯ Unable to compile TypeScript:\n\u001b[96msrc/helpers/JwtHelper.ts\u001b[0m:\u001b[93m18\u001b[0m:\u001b[93m51\u001b[0m - \u001b[91merror\u001b[0m\u001b[90m TS2345: \u001b[0mArgument of type 'string | undefined' is not assignable to parameter of type 'Secret'.\r\n  Type 'undefined' is not assignable to type 'Secret'.\r\n\r\n\u001b[7m18\u001b[0m         if(!expiresIn) { return JWT.sign(payload, config.JWT_TOKEN_SECRET); }\r\n\u001b[7m  \u001b[0m \u001b[91m                                                  ~~~~~~~~~~~~~~~~~~~~~~~\u001b[0m\r\n\u001b[96msrc/helpers/JwtHelper.ts\u001b[0m:\u001b[93m37\u001b[0m:\u001b[93m17\u001b[0m - \u001b[91merror\u001b[0m\u001b[90m TS2769: \u001b[0mNo overload matches this call.\r\n  The last overload gave the following error.\r\n    Argument of type 'string | undefined' is not assignable to parameter of type 'Secret | GetPublicKeyOrSecret'.\r\n      Type 'undefined' is not assignable to type 'Secret | GetPublicKeyOrSecret'.\r\n\r\n\u001b[7m37\u001b[0m                 config.JWT_TOKEN_SECRET\r\n\u001b[7m  \u001b[0m \u001b[91m                ~~~~~~~~~~~~~~~~~~~~~~~\u001b[0m\r\n\r\n  \u001b[96mnode_modules/@types/jsonwebtoken/index.d.ts\u001b[0m:\u001b[93m232\u001b[0m:\u001b[93m17\u001b[0m\r\n    \u001b[7m232\u001b[0m export function verify(\r\n    \u001b[7m   \u001b[0m \u001b[96m                ~~~~~~\u001b[0m\r\n    The last overload is declared here.\r\n\n    at createTSError (C:\\Users\\USER\\Desktop\\lendQrApi\\node_modules\\ts-node\\src\\index.ts:859:12)\n    at reportTSError (C:\\Users\\USER\\Desktop\\lendQrApi\\node_modules\\ts-node\\src\\index.ts:863:19)\n    at getOutput (C:\\Users\\USER\\Desktop\\lendQrApi\\node_modules\\ts-node\\src\\index.ts:1077:36)\n    at Object.compile (C:\\Users\\USER\\Desktop\\lendQrApi\\node_modules\\ts-node\\src\\index.ts:1433:41)\n    at Module.m._compile (C:\\Users\\USER\\Desktop\\lendQrApi\\node_modules\\ts-node\\src\\index.ts:1617:30)\n    at Module._extensions..js (node:internal/modules/cjs/loader:1174:10)\n    at Object.require.extensions.<computed> [as .ts] (C:\\Users\\USER\\Desktop\\lendQrApi\\node_modules\\ts-node\\src\\index.ts:1621:12)\n    at Module.load (node:internal/modules/cjs/loader:998:32)\n    at Function.Module._load (node:internal/modules/cjs/loader:839:12)\n    at Module.require (node:internal/modules/cjs/loader:1022:19)","os":{"loadavg":[0,0,0],"uptime":887486},"process":{"argv":["C:\\Users\\USER\\Desktop\\lendQrApi\\node_modules\\ts-node\\dist\\bin.js","C:\\Users\\USER\\Desktop\\lendQrApi\\src\\index.ts"],"cwd":"C:\\Users\\USER\\Desktop\\lendQrApi","execPath":"C:\\Program Files\\nodejs\\node.exe","gid":null,"memoryUsage":{"arrayBuffers":2172609,"external":3673926,"heapTotal":195133440,"heapUsed":168046568,"rss":232566784},"pid":11104,"uid":null,"version":"v18.7.0"},"stack":"TSError: ⨯ Unable to compile TypeScript:\n\u001b[96msrc/helpers/JwtHelper.ts\u001b[0m:\u001b[93m18\u001b[0m:\u001b[93m51\u001b[0m - \u001b[91merror\u001b[0m\u001b[90m TS2345: \u001b[0mArgument of type 'string | undefined' is not assignable to parameter of type 'Secret'.\r\n  Type 'undefined' is not assignable to type 'Secret'.\r\n\r\n\u001b[7m18\u001b[0m         if(!expiresIn) { return JWT.sign(payload, config.JWT_TOKEN_SECRET); }\r\n\u001b[7m  \u001b[0m \u001b[91m                                                  ~~~~~~~~~~~~~~~~~~~~~~~\u001b[0m\r\n\u001b[96msrc/helpers/JwtHelper.ts\u001b[0m:\u001b[93m37\u001b[0m:\u001b[93m17\u001b[0m - \u001b[91merror\u001b[0m\u001b[90m TS2769: \u001b[0mNo overload matches this call.\r\n  The last overload gave the following error.\r\n    Argument of type 'string | undefined' is not assignable to parameter of type 'Secret | GetPublicKeyOrSecret'.\r\n      Type 'undefined' is not assignable to type 'Secret | GetPublicKeyOrSecret'.\r\n\r\n\u001b[7m37\u001b[0m                 config.JWT_TOKEN_SECRET\r\n\u001b[7m  \u001b[0m \u001b[91m                ~~~~~~~~~~~~~~~~~~~~~~~\u001b[0m\r\n\r\n  \u001b[96mnode_modules/@types/jsonwebtoken/index.d.ts\u001b[0m:\u001b[93m232\u001b[0m:\u001b[93m17\u001b[0m\r\n    \u001b[7m232\u001b[0m export function verify(\r\n    \u001b[7m   \u001b[0m \u001b[96m                ~~~~~~\u001b[0m\r\n    The last overload is declared here.\r\n\n    at createTSError (C:\\Users\\USER\\Desktop\\lendQrApi\\node_modules\\ts-node\\src\\index.ts:859:12)\n    at reportTSError (C:\\Users\\USER\\Desktop\\lendQrApi\\node_modules\\ts-node\\src\\index.ts:863:19)\n    at getOutput (C:\\Users\\USER\\Desktop\\lendQrApi\\node_modules\\ts-node\\src\\index.ts:1077:36)\n    at Object.compile (C:\\Users\\USER\\Desktop\\lendQrApi\\node_modules\\ts-node\\src\\index.ts:1433:41)\n    at Module.m._compile (C:\\Users\\USER\\Desktop\\lendQrApi\\node_modules\\ts-node\\src\\index.ts:1617:30)\n    at Module._extensions..js (node:internal/modules/cjs/loader:1174:10)\n    at Object.require.extensions.<computed> [as .ts] (C:\\Users\\USER\\Desktop\\lendQrApi\\node_modules\\ts-node\\src\\index.ts:1621:12)\n    at Module.load (node:internal/modules/cjs/loader:998:32)\n    at Function.Module._load (node:internal/modules/cjs/loader:839:12)\n    at Module.require (node:internal/modules/cjs/loader:1022:19)","trace":[{"column":12,"file":"C:\\Users\\USER\\Desktop\\lendQrApi\\node_modules\\ts-node\\src\\index.ts","function":"createTSError","line":859,"method":null,"native":false},{"column":19,"file":"C:\\Users\\USER\\Desktop\\lendQrApi\\node_modules\\ts-node\\src\\index.ts","function":"reportTSError","line":863,"method":null,"native":false},{"column":36,"file":"C:\\Users\\USER\\Desktop\\lendQrApi\\node_modules\\ts-node\\src\\index.ts","function":"getOutput","line":1077,"method":null,"native":false},{"column":41,"file":"C:\\Users\\USER\\Desktop\\lendQrApi\\node_modules\\ts-node\\src\\index.ts","function":"Object.compile","line":1433,"method":"compile","native":false},{"column":30,"file":"C:\\Users\\USER\\Desktop\\lendQrApi\\node_modules\\ts-node\\src\\index.ts","function":"Module.m._compile","line":1617,"method":"_compile","native":false},{"column":10,"file":"node:internal/modules/cjs/loader","function":"Module._extensions..js","line":1174,"method":".js","native":false},{"column":12,"file":"C:\\Users\\USER\\Desktop\\lendQrApi\\node_modules\\ts-node\\src\\index.ts","function":"Object.require.extensions.<computed> [as .ts]","line":1621,"method":"ts]","native":false},{"column":32,"file":"node:internal/modules/cjs/loader","function":"Module.load","line":998,"method":"load","native":false},{"column":12,"file":"node:internal/modules/cjs/loader","function":"Module._load","line":839,"method":"_load","native":false},{"column":19,"file":"node:internal/modules/cjs/loader","function":"Module.require","line":1022,"method":"require","native":false}]}
{"date":"Wed Nov 23 2022 03:17:04 GMT+0530 (India Standard Time)","error":{"diagnosticCodes":[2345,2769]},"exception":true,"level":"error","message":"uncaughtException: ⨯ Unable to compile TypeScript:\n\u001b[96msrc/helpers/JwtHelper.ts\u001b[0m:\u001b[93m18\u001b[0m:\u001b[93m51\u001b[0m - \u001b[91merror\u001b[0m\u001b[90m TS2345: \u001b[0mArgument of type 'string | undefined' is not assignable to parameter of type 'Secret'.\r\n  Type 'undefined' is not assignable to type 'Secret'.\r\n\r\n\u001b[7m18\u001b[0m         if(!expiresIn) { return JWT.sign(payload, config.JWT_TOKEN_SECRET); }\r\n\u001b[7m  \u001b[0m \u001b[91m                                                  ~~~~~~~~~~~~~~~~~~~~~~~\u001b[0m\r\n\u001b[96msrc/helpers/JwtHelper.ts\u001b[0m:\u001b[93m37\u001b[0m:\u001b[93m17\u001b[0m - \u001b[91merror\u001b[0m\u001b[90m TS2769: \u001b[0mNo overload matches this call.\r\n  The last overload gave the following error.\r\n    Argument of type 'string | undefined' is not assignable to parameter of type 'Secret | GetPublicKeyOrSecret'.\r\n      Type 'undefined' is not assignable to type 'Secret | GetPublicKeyOrSecret'.\r\n\r\n\u001b[7m37\u001b[0m                 config.JWT_TOKEN_SECRET\r\n\u001b[7m  \u001b[0m \u001b[91m                ~~~~~~~~~~~~~~~~~~~~~~~\u001b[0m\r\n\r\n  \u001b[96mnode_modules/@types/jsonwebtoken/index.d.ts\u001b[0m:\u001b[93m232\u001b[0m:\u001b[93m17\u001b[0m\r\n    \u001b[7m232\u001b[0m export function verify(\r\n    \u001b[7m   \u001b[0m \u001b[96m                ~~~~~~\u001b[0m\r\n    The last overload is declared here.\r\n\nTSError: ⨯ Unable to compile TypeScript:\n\u001b[96msrc/helpers/JwtHelper.ts\u001b[0m:\u001b[93m18\u001b[0m:\u001b[93m51\u001b[0m - \u001b[91merror\u001b[0m\u001b[90m TS2345: \u001b[0mArgument of type 'string | undefined' is not assignable to parameter of type 'Secret'.\r\n  Type 'undefined' is not assignable to type 'Secret'.\r\n\r\n\u001b[7m18\u001b[0m         if(!expiresIn) { return JWT.sign(payload, config.JWT_TOKEN_SECRET); }\r\n\u001b[7m  \u001b[0m \u001b[91m                                                  ~~~~~~~~~~~~~~~~~~~~~~~\u001b[0m\r\n\u001b[96msrc/helpers/JwtHelper.ts\u001b[0m:\u001b[93m37\u001b[0m:\u001b[93m17\u001b[0m - \u001b[91merror\u001b[0m\u001b[90m TS2769: \u001b[0mNo overload matches this call.\r\n  The last overload gave the following error.\r\n    Argument of type 'string | undefined' is not assignable to parameter of type 'Secret | GetPublicKeyOrSecret'.\r\n      Type 'undefined' is not assignable to type 'Secret | GetPublicKeyOrSecret'.\r\n\r\n\u001b[7m37\u001b[0m                 config.JWT_TOKEN_SECRET\r\n\u001b[7m  \u001b[0m \u001b[91m                ~~~~~~~~~~~~~~~~~~~~~~~\u001b[0m\r\n\r\n  \u001b[96mnode_modules/@types/jsonwebtoken/index.d.ts\u001b[0m:\u001b[93m232\u001b[0m:\u001b[93m17\u001b[0m\r\n    \u001b[7m232\u001b[0m export function verify(\r\n    \u001b[7m   \u001b[0m \u001b[96m                ~~~~~~\u001b[0m\r\n    The last overload is declared here.\r\n\n    at createTSError (C:\\Users\\USER\\Desktop\\lendQrApi\\node_modules\\ts-node\\src\\index.ts:859:12)\n    at reportTSError (C:\\Users\\USER\\Desktop\\lendQrApi\\node_modules\\ts-node\\src\\index.ts:863:19)\n    at getOutput (C:\\Users\\USER\\Desktop\\lendQrApi\\node_modules\\ts-node\\src\\index.ts:1077:36)\n    at Object.compile (C:\\Users\\USER\\Desktop\\lendQrApi\\node_modules\\ts-node\\src\\index.ts:1433:41)\n    at Module.m._compile (C:\\Users\\USER\\Desktop\\lendQrApi\\node_modules\\ts-node\\src\\index.ts:1617:30)\n    at Module._extensions..js (node:internal/modules/cjs/loader:1174:10)\n    at Object.require.extensions.<computed> [as .ts] (C:\\Users\\USER\\Desktop\\lendQrApi\\node_modules\\ts-node\\src\\index.ts:1621:12)\n    at Module.load (node:internal/modules/cjs/loader:998:32)\n    at Function.Module._load (node:internal/modules/cjs/loader:839:12)\n    at Module.require (node:internal/modules/cjs/loader:1022:19)","os":{"loadavg":[0,0,0],"uptime":887624},"process":{"argv":["C:\\Users\\USER\\Desktop\\lendQrApi\\node_modules\\ts-node\\dist\\bin.js","C:\\Users\\USER\\Desktop\\lendQrApi\\src\\index.ts"],"cwd":"C:\\Users\\USER\\Desktop\\lendQrApi","execPath":"C:\\Program Files\\nodejs\\node.exe","gid":null,"memoryUsage":{"arrayBuffers":2156068,"external":3657345,"heapTotal":201687040,"heapUsed":173079680,"rss":236986368},"pid":14952,"uid":null,"version":"v18.7.0"},"stack":"TSError: ⨯ Unable to compile TypeScript:\n\u001b[96msrc/helpers/JwtHelper.ts\u001b[0m:\u001b[93m18\u001b[0m:\u001b[93m51\u001b[0m - \u001b[91merror\u001b[0m\u001b[90m TS2345: \u001b[0mArgument of type 'string | undefined' is not assignable to parameter of type 'Secret'.\r\n  Type 'undefined' is not assignable to type 'Secret'.\r\n\r\n\u001b[7m18\u001b[0m         if(!expiresIn) { return JWT.sign(payload, config.JWT_TOKEN_SECRET); }\r\n\u001b[7m  \u001b[0m \u001b[91m                                                  ~~~~~~~~~~~~~~~~~~~~~~~\u001b[0m\r\n\u001b[96msrc/helpers/JwtHelper.ts\u001b[0m:\u001b[93m37\u001b[0m:\u001b[93m17\u001b[0m - \u001b[91merror\u001b[0m\u001b[90m TS2769: \u001b[0mNo overload matches this call.\r\n  The last overload gave the following error.\r\n    Argument of type 'string | undefined' is not assignable to parameter of type 'Secret | GetPublicKeyOrSecret'.\r\n      Type 'undefined' is not assignable to type 'Secret | GetPublicKeyOrSecret'.\r\n\r\n\u001b[7m37\u001b[0m                 config.JWT_TOKEN_SECRET\r\n\u001b[7m  \u001b[0m \u001b[91m                ~~~~~~~~~~~~~~~~~~~~~~~\u001b[0m\r\n\r\n  \u001b[96mnode_modules/@types/jsonwebtoken/index.d.ts\u001b[0m:\u001b[93m232\u001b[0m:\u001b[93m17\u001b[0m\r\n    \u001b[7m232\u001b[0m export function verify(\r\n    \u001b[7m   \u001b[0m \u001b[96m                ~~~~~~\u001b[0m\r\n    The last overload is declared here.\r\n\n    at createTSError (C:\\Users\\USER\\Desktop\\lendQrApi\\node_modules\\ts-node\\src\\index.ts:859:12)\n    at reportTSError (C:\\Users\\USER\\Desktop\\lendQrApi\\node_modules\\ts-node\\src\\index.ts:863:19)\n    at getOutput (C:\\Users\\USER\\Desktop\\lendQrApi\\node_modules\\ts-node\\src\\index.ts:1077:36)\n    at Object.compile (C:\\Users\\USER\\Desktop\\lendQrApi\\node_modules\\ts-node\\src\\index.ts:1433:41)\n    at Module.m._compile (C:\\Users\\USER\\Desktop\\lendQrApi\\node_modules\\ts-node\\src\\index.ts:1617:30)\n    at Module._extensions..js (node:internal/modules/cjs/loader:1174:10)\n    at Object.require.extensions.<computed> [as .ts] (C:\\Users\\USER\\Desktop\\lendQrApi\\node_modules\\ts-node\\src\\index.ts:1621:12)\n    at Module.load (node:internal/modules/cjs/loader:998:32)\n    at Function.Module._load (node:internal/modules/cjs/loader:839:12)\n    at Module.require (node:internal/modules/cjs/loader:1022:19)","trace":[{"column":12,"file":"C:\\Users\\USER\\Desktop\\lendQrApi\\node_modules\\ts-node\\src\\index.ts","function":"createTSError","line":859,"method":null,"native":false},{"column":19,"file":"C:\\Users\\USER\\Desktop\\lendQrApi\\node_modules\\ts-node\\src\\index.ts","function":"reportTSError","line":863,"method":null,"native":false},{"column":36,"file":"C:\\Users\\USER\\Desktop\\lendQrApi\\node_modules\\ts-node\\src\\index.ts","function":"getOutput","line":1077,"method":null,"native":false},{"column":41,"file":"C:\\Users\\USER\\Desktop\\lendQrApi\\node_modules\\ts-node\\src\\index.ts","function":"Object.compile","line":1433,"method":"compile","native":false},{"column":30,"file":"C:\\Users\\USER\\Desktop\\lendQrApi\\node_modules\\ts-node\\src\\index.ts","function":"Module.m._compile","line":1617,"method":"_compile","native":false},{"column":10,"file":"node:internal/modules/cjs/loader","function":"Module._extensions..js","line":1174,"method":".js","native":false},{"column":12,"file":"C:\\Users\\USER\\Desktop\\lendQrApi\\node_modules\\ts-node\\src\\index.ts","function":"Object.require.extensions.<computed> [as .ts]","line":1621,"method":"ts]","native":false},{"column":32,"file":"node:internal/modules/cjs/loader","function":"Module.load","line":998,"method":"load","native":false},{"column":12,"file":"node:internal/modules/cjs/loader","function":"Module._load","line":839,"method":"_load","native":false},{"column":19,"file":"node:internal/modules/cjs/loader","function":"Module.require","line":1022,"method":"require","native":false}]}
{"date":"Wed Nov 23 2022 03:17:04 GMT+0530 (India Standard Time)","error":{"diagnosticCodes":[2345,2769]},"exception":true,"level":"error","message":"uncaughtException: ⨯ Unable to compile TypeScript:\n\u001b[96msrc/helpers/JwtHelper.ts\u001b[0m:\u001b[93m18\u001b[0m:\u001b[93m51\u001b[0m - \u001b[91merror\u001b[0m\u001b[90m TS2345: \u001b[0mArgument of type 'string | undefined' is not assignable to parameter of type 'Secret'.\r\n  Type 'undefined' is not assignable to type 'Secret'.\r\n\r\n\u001b[7m18\u001b[0m         if(!expiresIn) { return JWT.sign(payload, config.JWT_TOKEN_SECRET); }\r\n\u001b[7m  \u001b[0m \u001b[91m                                                  ~~~~~~~~~~~~~~~~~~~~~~~\u001b[0m\r\n\u001b[96msrc/helpers/JwtHelper.ts\u001b[0m:\u001b[93m37\u001b[0m:\u001b[93m17\u001b[0m - \u001b[91merror\u001b[0m\u001b[90m TS2769: \u001b[0mNo overload matches this call.\r\n  The last overload gave the following error.\r\n    Argument of type 'string | undefined' is not assignable to parameter of type 'Secret | GetPublicKeyOrSecret'.\r\n      Type 'undefined' is not assignable to type 'Secret | GetPublicKeyOrSecret'.\r\n\r\n\u001b[7m37\u001b[0m                 config.JWT_TOKEN_SECRET\r\n\u001b[7m  \u001b[0m \u001b[91m                ~~~~~~~~~~~~~~~~~~~~~~~\u001b[0m\r\n\r\n  \u001b[96mnode_modules/@types/jsonwebtoken/index.d.ts\u001b[0m:\u001b[93m232\u001b[0m:\u001b[93m17\u001b[0m\r\n    \u001b[7m232\u001b[0m export function verify(\r\n    \u001b[7m   \u001b[0m \u001b[96m                ~~~~~~\u001b[0m\r\n    The last overload is declared here.\r\n\nTSError: ⨯ Unable to compile TypeScript:\n\u001b[96msrc/helpers/JwtHelper.ts\u001b[0m:\u001b[93m18\u001b[0m:\u001b[93m51\u001b[0m - \u001b[91merror\u001b[0m\u001b[90m TS2345: \u001b[0mArgument of type 'string | undefined' is not assignable to parameter of type 'Secret'.\r\n  Type 'undefined' is not assignable to type 'Secret'.\r\n\r\n\u001b[7m18\u001b[0m         if(!expiresIn) { return JWT.sign(payload, config.JWT_TOKEN_SECRET); }\r\n\u001b[7m  \u001b[0m \u001b[91m                                                  ~~~~~~~~~~~~~~~~~~~~~~~\u001b[0m\r\n\u001b[96msrc/helpers/JwtHelper.ts\u001b[0m:\u001b[93m37\u001b[0m:\u001b[93m17\u001b[0m - \u001b[91merror\u001b[0m\u001b[90m TS2769: \u001b[0mNo overload matches this call.\r\n  The last overload gave the following error.\r\n    Argument of type 'string | undefined' is not assignable to parameter of type 'Secret | GetPublicKeyOrSecret'.\r\n      Type 'undefined' is not assignable to type 'Secret | GetPublicKeyOrSecret'.\r\n\r\n\u001b[7m37\u001b[0m                 config.JWT_TOKEN_SECRET\r\n\u001b[7m  \u001b[0m \u001b[91m                ~~~~~~~~~~~~~~~~~~~~~~~\u001b[0m\r\n\r\n  \u001b[96mnode_modules/@types/jsonwebtoken/index.d.ts\u001b[0m:\u001b[93m232\u001b[0m:\u001b[93m17\u001b[0m\r\n    \u001b[7m232\u001b[0m export function verify(\r\n    \u001b[7m   \u001b[0m \u001b[96m                ~~~~~~\u001b[0m\r\n    The last overload is declared here.\r\n\n    at createTSError (C:\\Users\\USER\\Desktop\\lendQrApi\\node_modules\\ts-node\\src\\index.ts:859:12)\n    at reportTSError (C:\\Users\\USER\\Desktop\\lendQrApi\\node_modules\\ts-node\\src\\index.ts:863:19)\n    at getOutput (C:\\Users\\USER\\Desktop\\lendQrApi\\node_modules\\ts-node\\src\\index.ts:1077:36)\n    at Object.compile (C:\\Users\\USER\\Desktop\\lendQrApi\\node_modules\\ts-node\\src\\index.ts:1433:41)\n    at Module.m._compile (C:\\Users\\USER\\Desktop\\lendQrApi\\node_modules\\ts-node\\src\\index.ts:1617:30)\n    at Module._extensions..js (node:internal/modules/cjs/loader:1174:10)\n    at Object.require.extensions.<computed> [as .ts] (C:\\Users\\USER\\Desktop\\lendQrApi\\node_modules\\ts-node\\src\\index.ts:1621:12)\n    at Module.load (node:internal/modules/cjs/loader:998:32)\n    at Function.Module._load (node:internal/modules/cjs/loader:839:12)\n    at Module.require (node:internal/modules/cjs/loader:1022:19)","os":{"loadavg":[0,0,0],"uptime":887624},"process":{"argv":["C:\\Users\\USER\\Desktop\\lendQrApi\\node_modules\\ts-node\\dist\\bin.js","C:\\Users\\USER\\Desktop\\lendQrApi\\src\\index.ts"],"cwd":"C:\\Users\\USER\\Desktop\\lendQrApi","execPath":"C:\\Program Files\\nodejs\\node.exe","gid":null,"memoryUsage":{"arrayBuffers":2164417,"external":3665734,"heapTotal":201687040,"heapUsed":173264200,"rss":237158400},"pid":14952,"uid":null,"version":"v18.7.0"},"stack":"TSError: ⨯ Unable to compile TypeScript:\n\u001b[96msrc/helpers/JwtHelper.ts\u001b[0m:\u001b[93m18\u001b[0m:\u001b[93m51\u001b[0m - \u001b[91merror\u001b[0m\u001b[90m TS2345: \u001b[0mArgument of type 'string | undefined' is not assignable to parameter of type 'Secret'.\r\n  Type 'undefined' is not assignable to type 'Secret'.\r\n\r\n\u001b[7m18\u001b[0m         if(!expiresIn) { return JWT.sign(payload, config.JWT_TOKEN_SECRET); }\r\n\u001b[7m  \u001b[0m \u001b[91m                                                  ~~~~~~~~~~~~~~~~~~~~~~~\u001b[0m\r\n\u001b[96msrc/helpers/JwtHelper.ts\u001b[0m:\u001b[93m37\u001b[0m:\u001b[93m17\u001b[0m - \u001b[91merror\u001b[0m\u001b[90m TS2769: \u001b[0mNo overload matches this call.\r\n  The last overload gave the following error.\r\n    Argument of type 'string | undefined' is not assignable to parameter of type 'Secret | GetPublicKeyOrSecret'.\r\n      Type 'undefined' is not assignable to type 'Secret | GetPublicKeyOrSecret'.\r\n\r\n\u001b[7m37\u001b[0m                 config.JWT_TOKEN_SECRET\r\n\u001b[7m  \u001b[0m \u001b[91m                ~~~~~~~~~~~~~~~~~~~~~~~\u001b[0m\r\n\r\n  \u001b[96mnode_modules/@types/jsonwebtoken/index.d.ts\u001b[0m:\u001b[93m232\u001b[0m:\u001b[93m17\u001b[0m\r\n    \u001b[7m232\u001b[0m export function verify(\r\n    \u001b[7m   \u001b[0m \u001b[96m                ~~~~~~\u001b[0m\r\n    The last overload is declared here.\r\n\n    at createTSError (C:\\Users\\USER\\Desktop\\lendQrApi\\node_modules\\ts-node\\src\\index.ts:859:12)\n    at reportTSError (C:\\Users\\USER\\Desktop\\lendQrApi\\node_modules\\ts-node\\src\\index.ts:863:19)\n    at getOutput (C:\\Users\\USER\\Desktop\\lendQrApi\\node_modules\\ts-node\\src\\index.ts:1077:36)\n    at Object.compile (C:\\Users\\USER\\Desktop\\lendQrApi\\node_modules\\ts-node\\src\\index.ts:1433:41)\n    at Module.m._compile (C:\\Users\\USER\\Desktop\\lendQrApi\\node_modules\\ts-node\\src\\index.ts:1617:30)\n    at Module._extensions..js (node:internal/modules/cjs/loader:1174:10)\n    at Object.require.extensions.<computed> [as .ts] (C:\\Users\\USER\\Desktop\\lendQrApi\\node_modules\\ts-node\\src\\index.ts:1621:12)\n    at Module.load (node:internal/modules/cjs/loader:998:32)\n    at Function.Module._load (node:internal/modules/cjs/loader:839:12)\n    at Module.require (node:internal/modules/cjs/loader:1022:19)","trace":[{"column":12,"file":"C:\\Users\\USER\\Desktop\\lendQrApi\\node_modules\\ts-node\\src\\index.ts","function":"createTSError","line":859,"method":null,"native":false},{"column":19,"file":"C:\\Users\\USER\\Desktop\\lendQrApi\\node_modules\\ts-node\\src\\index.ts","function":"reportTSError","line":863,"method":null,"native":false},{"column":36,"file":"C:\\Users\\USER\\Desktop\\lendQrApi\\node_modules\\ts-node\\src\\index.ts","function":"getOutput","line":1077,"method":null,"native":false},{"column":41,"file":"C:\\Users\\USER\\Desktop\\lendQrApi\\node_modules\\ts-node\\src\\index.ts","function":"Object.compile","line":1433,"method":"compile","native":false},{"column":30,"file":"C:\\Users\\USER\\Desktop\\lendQrApi\\node_modules\\ts-node\\src\\index.ts","function":"Module.m._compile","line":1617,"method":"_compile","native":false},{"column":10,"file":"node:internal/modules/cjs/loader","function":"Module._extensions..js","line":1174,"method":".js","native":false},{"column":12,"file":"C:\\Users\\USER\\Desktop\\lendQrApi\\node_modules\\ts-node\\src\\index.ts","function":"Object.require.extensions.<computed> [as .ts]","line":1621,"method":"ts]","native":false},{"column":32,"file":"node:internal/modules/cjs/loader","function":"Module.load","line":998,"method":"load","native":false},{"column":12,"file":"node:internal/modules/cjs/loader","function":"Module._load","line":839,"method":"_load","native":false},{"column":19,"file":"node:internal/modules/cjs/loader","function":"Module.require","line":1022,"method":"require","native":false}]}
{"level":"info","message":"App now running on port 3001"}
{"level":"info","message":"App now running on port 3001"}
{"level":"info","message":"App now running on port 3001"}
{"level":"info","message":"App now running on port 3001"}
{"level":"info","message":"App now running on port 3001"}
{"level":"info","message":"App now running on port 3001"}
{"level":"info","message":"App now running on port 3001"}
{"level":"info","message":"App now running on port 3001"}
{"level":"info","message":"::1 - - [23/Nov/2022:10:34:43 +0000] \"POST /user/verify HTTP/1.1\" 500 77 \"-\" \"PostmanRuntime/7.29.0\"\n"}
{"level":"info","message":"App now running on port 3001"}
{"level":"info","message":"::1 - - [23/Nov/2022:10:37:44 +0000] \"POST /user/verify HTTP/1.1\" 201 83 \"-\" \"PostmanRuntime/7.29.0\"\n"}
{"level":"info","message":"App now running on port 3001"}
{"level":"info","message":"::1 - - [23/Nov/2022:10:47:46 +0000] \"POST /user/verify HTTP/1.1\" 201 83 \"-\" \"PostmanRuntime/7.29.0\"\n"}
{"level":"info","message":"App now running on port 3001"}
{"level":"info","message":"::1 - - [23/Nov/2022:10:49:13 +0000] \"POST /user/verify HTTP/1.1\" 201 83 \"-\" \"PostmanRuntime/7.29.0\"\n"}
{"level":"info","message":"App now running on port 3001"}
{"level":"info","message":"::1 - - [23/Nov/2022:10:50:23 +0000] \"POST /user/verify HTTP/1.1\" 201 83 \"-\" \"PostmanRuntime/7.29.0\"\n"}
{"level":"info","message":"App now running on port 3001"}
{"level":"info","message":"::1 - - [23/Nov/2022:10:52:15 +0000] \"POST /user/verify HTTP/1.1\" 201 83 \"-\" \"PostmanRuntime/7.29.0\"\n"}
{"level":"info","message":"App now running on port 3001"}
{"level":"info","message":"App now running on port 3001"}
{"level":"info","message":"::1 - - [23/Nov/2022:11:01:54 +0000] \"POST /user/verify HTTP/1.1\" 201 83 \"-\" \"PostmanRuntime/7.29.0\"\n"}
{"date":"Wed Nov 23 2022 16:33:18 GMT+0530 (India Standard Time)","error":{"diagnosticCodes":[2306]},"exception":true,"level":"error","message":"uncaughtException: ⨯ Unable to compile TypeScript:\n\u001b[96msrc/services/VerificationService.ts\u001b[0m:\u001b[93m12\u001b[0m:\u001b[93m23\u001b[0m - \u001b[91merror\u001b[0m\u001b[90m TS2306: \u001b[0mFile 'C:/Users/USER/Desktop/lendQrApi/src/services/SmsService.ts' is not a module.\r\n\r\n\u001b[7m12\u001b[0m import {sendSms} from \"../services/SmsService\"\r\n\u001b[7m  \u001b[0m \u001b[91m                      ~~~~~~~~~~~~~~~~~~~~~~~~\u001b[0m\r\n\nTSError: ⨯ Unable to compile TypeScript:\n\u001b[96msrc/services/VerificationService.ts\u001b[0m:\u001b[93m12\u001b[0m:\u001b[93m23\u001b[0m - \u001b[91merror\u001b[0m\u001b[90m TS2306: \u001b[0mFile 'C:/Users/USER/Desktop/lendQrApi/src/services/SmsService.ts' is not a module.\r\n\r\n\u001b[7m12\u001b[0m import {sendSms} from \"../services/SmsService\"\r\n\u001b[7m  \u001b[0m \u001b[91m                      ~~~~~~~~~~~~~~~~~~~~~~~~\u001b[0m\r\n\n    at createTSError (C:\\Users\\USER\\Desktop\\lendQrApi\\node_modules\\ts-node\\src\\index.ts:859:12)\n    at reportTSError (C:\\Users\\USER\\Desktop\\lendQrApi\\node_modules\\ts-node\\src\\index.ts:863:19)\n    at getOutput (C:\\Users\\USER\\Desktop\\lendQrApi\\node_modules\\ts-node\\src\\index.ts:1077:36)\n    at Object.compile (C:\\Users\\USER\\Desktop\\lendQrApi\\node_modules\\ts-node\\src\\index.ts:1433:41)\n    at Module.m._compile (C:\\Users\\USER\\Desktop\\lendQrApi\\node_modules\\ts-node\\src\\index.ts:1617:30)\n    at Module._extensions..js (node:internal/modules/cjs/loader:1174:10)\n    at Object.require.extensions.<computed> [as .ts] (C:\\Users\\USER\\Desktop\\lendQrApi\\node_modules\\ts-node\\src\\index.ts:1621:12)\n    at Module.load (node:internal/modules/cjs/loader:998:32)\n    at Function.Module._load (node:internal/modules/cjs/loader:839:12)\n    at Module.require (node:internal/modules/cjs/loader:1022:19)","os":{"loadavg":[0,0,0],"uptime":935399},"process":{"argv":["C:\\Users\\USER\\Desktop\\lendQrApi\\node_modules\\ts-node\\dist\\bin.js","C:\\Users\\USER\\Desktop\\lendQrApi\\src\\index.ts"],"cwd":"C:\\Users\\USER\\Desktop\\lendQrApi","execPath":"C:\\Program Files\\nodejs\\node.exe","gid":null,"memoryUsage":{"arrayBuffers":2189399,"external":3690761,"heapTotal":191520768,"heapUsed":166367056,"rss":227819520},"pid":876,"uid":null,"version":"v18.7.0"},"stack":"TSError: ⨯ Unable to compile TypeScript:\n\u001b[96msrc/services/VerificationService.ts\u001b[0m:\u001b[93m12\u001b[0m:\u001b[93m23\u001b[0m - \u001b[91merror\u001b[0m\u001b[90m TS2306: \u001b[0mFile 'C:/Users/USER/Desktop/lendQrApi/src/services/SmsService.ts' is not a module.\r\n\r\n\u001b[7m12\u001b[0m import {sendSms} from \"../services/SmsService\"\r\n\u001b[7m  \u001b[0m \u001b[91m                      ~~~~~~~~~~~~~~~~~~~~~~~~\u001b[0m\r\n\n    at createTSError (C:\\Users\\USER\\Desktop\\lendQrApi\\node_modules\\ts-node\\src\\index.ts:859:12)\n    at reportTSError (C:\\Users\\USER\\Desktop\\lendQrApi\\node_modules\\ts-node\\src\\index.ts:863:19)\n    at getOutput (C:\\Users\\USER\\Desktop\\lendQrApi\\node_modules\\ts-node\\src\\index.ts:1077:36)\n    at Object.compile (C:\\Users\\USER\\Desktop\\lendQrApi\\node_modules\\ts-node\\src\\index.ts:1433:41)\n    at Module.m._compile (C:\\Users\\USER\\Desktop\\lendQrApi\\node_modules\\ts-node\\src\\index.ts:1617:30)\n    at Module._extensions..js (node:internal/modules/cjs/loader:1174:10)\n    at Object.require.extensions.<computed> [as .ts] (C:\\Users\\USER\\Desktop\\lendQrApi\\node_modules\\ts-node\\src\\index.ts:1621:12)\n    at Module.load (node:internal/modules/cjs/loader:998:32)\n    at Function.Module._load (node:internal/modules/cjs/loader:839:12)\n    at Module.require (node:internal/modules/cjs/loader:1022:19)","trace":[{"column":12,"file":"C:\\Users\\USER\\Desktop\\lendQrApi\\node_modules\\ts-node\\src\\index.ts","function":"createTSError","line":859,"method":null,"native":false},{"column":19,"file":"C:\\Users\\USER\\Desktop\\lendQrApi\\node_modules\\ts-node\\src\\index.ts","function":"reportTSError","line":863,"method":null,"native":false},{"column":36,"file":"C:\\Users\\USER\\Desktop\\lendQrApi\\node_modules\\ts-node\\src\\index.ts","function":"getOutput","line":1077,"method":null,"native":false},{"column":41,"file":"C:\\Users\\USER\\Desktop\\lendQrApi\\node_modules\\ts-node\\src\\index.ts","function":"Object.compile","line":1433,"method":"compile","native":false},{"column":30,"file":"C:\\Users\\USER\\Desktop\\lendQrApi\\node_modules\\ts-node\\src\\index.ts","function":"Module.m._compile","line":1617,"method":"_compile","native":false},{"column":10,"file":"node:internal/modules/cjs/loader","function":"Module._extensions..js","line":1174,"method":".js","native":false},{"column":12,"file":"C:\\Users\\USER\\Desktop\\lendQrApi\\node_modules\\ts-node\\src\\index.ts","function":"Object.require.extensions.<computed> [as .ts]","line":1621,"method":"ts]","native":false},{"column":32,"file":"node:internal/modules/cjs/loader","function":"Module.load","line":998,"method":"load","native":false},{"column":12,"file":"node:internal/modules/cjs/loader","function":"Module._load","line":839,"method":"_load","native":false},{"column":19,"file":"node:internal/modules/cjs/loader","function":"Module.require","line":1022,"method":"require","native":false}]}
{"date":"Wed Nov 23 2022 16:33:19 GMT+0530 (India Standard Time)","error":{"diagnosticCodes":[2306]},"exception":true,"level":"error","message":"uncaughtException: ⨯ Unable to compile TypeScript:\n\u001b[96msrc/services/VerificationService.ts\u001b[0m:\u001b[93m12\u001b[0m:\u001b[93m23\u001b[0m - \u001b[91merror\u001b[0m\u001b[90m TS2306: \u001b[0mFile 'C:/Users/USER/Desktop/lendQrApi/src/services/SmsService.ts' is not a module.\r\n\r\n\u001b[7m12\u001b[0m import {sendSms} from \"../services/SmsService\"\r\n\u001b[7m  \u001b[0m \u001b[91m                      ~~~~~~~~~~~~~~~~~~~~~~~~\u001b[0m\r\n\nTSError: ⨯ Unable to compile TypeScript:\n\u001b[96msrc/services/VerificationService.ts\u001b[0m:\u001b[93m12\u001b[0m:\u001b[93m23\u001b[0m - \u001b[91merror\u001b[0m\u001b[90m TS2306: \u001b[0mFile 'C:/Users/USER/Desktop/lendQrApi/src/services/SmsService.ts' is not a module.\r\n\r\n\u001b[7m12\u001b[0m import {sendSms} from \"../services/SmsService\"\r\n\u001b[7m  \u001b[0m \u001b[91m                      ~~~~~~~~~~~~~~~~~~~~~~~~\u001b[0m\r\n\n    at createTSError (C:\\Users\\USER\\Desktop\\lendQrApi\\node_modules\\ts-node\\src\\index.ts:859:12)\n    at reportTSError (C:\\Users\\USER\\Desktop\\lendQrApi\\node_modules\\ts-node\\src\\index.ts:863:19)\n    at getOutput (C:\\Users\\USER\\Desktop\\lendQrApi\\node_modules\\ts-node\\src\\index.ts:1077:36)\n    at Object.compile (C:\\Users\\USER\\Desktop\\lendQrApi\\node_modules\\ts-node\\src\\index.ts:1433:41)\n    at Module.m._compile (C:\\Users\\USER\\Desktop\\lendQrApi\\node_modules\\ts-node\\src\\index.ts:1617:30)\n    at Module._extensions..js (node:internal/modules/cjs/loader:1174:10)\n    at Object.require.extensions.<computed> [as .ts] (C:\\Users\\USER\\Desktop\\lendQrApi\\node_modules\\ts-node\\src\\index.ts:1621:12)\n    at Module.load (node:internal/modules/cjs/loader:998:32)\n    at Function.Module._load (node:internal/modules/cjs/loader:839:12)\n    at Module.require (node:internal/modules/cjs/loader:1022:19)","os":{"loadavg":[0,0,0],"uptime":935399},"process":{"argv":["C:\\Users\\USER\\Desktop\\lendQrApi\\node_modules\\ts-node\\dist\\bin.js","C:\\Users\\USER\\Desktop\\lendQrApi\\src\\index.ts"],"cwd":"C:\\Users\\USER\\Desktop\\lendQrApi","execPath":"C:\\Program Files\\nodejs\\node.exe","gid":null,"memoryUsage":{"arrayBuffers":2194834,"external":3696236,"heapTotal":191782912,"heapUsed":166710016,"rss":228040704},"pid":876,"uid":null,"version":"v18.7.0"},"stack":"TSError: ⨯ Unable to compile TypeScript:\n\u001b[96msrc/services/VerificationService.ts\u001b[0m:\u001b[93m12\u001b[0m:\u001b[93m23\u001b[0m - \u001b[91merror\u001b[0m\u001b[90m TS2306: \u001b[0mFile 'C:/Users/USER/Desktop/lendQrApi/src/services/SmsService.ts' is not a module.\r\n\r\n\u001b[7m12\u001b[0m import {sendSms} from \"../services/SmsService\"\r\n\u001b[7m  \u001b[0m \u001b[91m                      ~~~~~~~~~~~~~~~~~~~~~~~~\u001b[0m\r\n\n    at createTSError (C:\\Users\\USER\\Desktop\\lendQrApi\\node_modules\\ts-node\\src\\index.ts:859:12)\n    at reportTSError (C:\\Users\\USER\\Desktop\\lendQrApi\\node_modules\\ts-node\\src\\index.ts:863:19)\n    at getOutput (C:\\Users\\USER\\Desktop\\lendQrApi\\node_modules\\ts-node\\src\\index.ts:1077:36)\n    at Object.compile (C:\\Users\\USER\\Desktop\\lendQrApi\\node_modules\\ts-node\\src\\index.ts:1433:41)\n    at Module.m._compile (C:\\Users\\USER\\Desktop\\lendQrApi\\node_modules\\ts-node\\src\\index.ts:1617:30)\n    at Module._extensions..js (node:internal/modules/cjs/loader:1174:10)\n    at Object.require.extensions.<computed> [as .ts] (C:\\Users\\USER\\Desktop\\lendQrApi\\node_modules\\ts-node\\src\\index.ts:1621:12)\n    at Module.load (node:internal/modules/cjs/loader:998:32)\n    at Function.Module._load (node:internal/modules/cjs/loader:839:12)\n    at Module.require (node:internal/modules/cjs/loader:1022:19)","trace":[{"column":12,"file":"C:\\Users\\USER\\Desktop\\lendQrApi\\node_modules\\ts-node\\src\\index.ts","function":"createTSError","line":859,"method":null,"native":false},{"column":19,"file":"C:\\Users\\USER\\Desktop\\lendQrApi\\node_modules\\ts-node\\src\\index.ts","function":"reportTSError","line":863,"method":null,"native":false},{"column":36,"file":"C:\\Users\\USER\\Desktop\\lendQrApi\\node_modules\\ts-node\\src\\index.ts","function":"getOutput","line":1077,"method":null,"native":false},{"column":41,"file":"C:\\Users\\USER\\Desktop\\lendQrApi\\node_modules\\ts-node\\src\\index.ts","function":"Object.compile","line":1433,"method":"compile","native":false},{"column":30,"file":"C:\\Users\\USER\\Desktop\\lendQrApi\\node_modules\\ts-node\\src\\index.ts","function":"Module.m._compile","line":1617,"method":"_compile","native":false},{"column":10,"file":"node:internal/modules/cjs/loader","function":"Module._extensions..js","line":1174,"method":".js","native":false},{"column":12,"file":"C:\\Users\\USER\\Desktop\\lendQrApi\\node_modules\\ts-node\\src\\index.ts","function":"Object.require.extensions.<computed> [as .ts]","line":1621,"method":"ts]","native":false},{"column":32,"file":"node:internal/modules/cjs/loader","function":"Module.load","line":998,"method":"load","native":false},{"column":12,"file":"node:internal/modules/cjs/loader","function":"Module._load","line":839,"method":"_load","native":false},{"column":19,"file":"node:internal/modules/cjs/loader","function":"Module.require","line":1022,"method":"require","native":false}]}
{"level":"info","message":"App now running on port 3001"}
{"level":"info","message":"App now running on port 3001"}
{"level":"info","message":"App now running on port 3001"}
{"level":"info","message":"App now running on port 3001"}
{"level":"info","message":"App now running on port 3001"}
{"level":"info","message":"App now running on port 3001"}
{"level":"info","message":"App now running on port 3001"}
{"level":"info","message":"App now running on port 3001"}
{"level":"info","message":"App now running on port 3001"}
{"level":"info","message":"App now running on port 3001"}
{"level":"info","message":"App now running on port 3001"}
{"level":"info","message":"App now running on port 3001"}
{"level":"info","message":"App now running on port 3001"}
{"level":"info","message":"App now running on port 3001"}
{"level":"info","message":"App now running on port 3001"}
{"level":"info","message":"App now running on port 3001"}
{"level":"info","message":"App now running on port 3001"}
{"level":"info","message":"App now running on port 3001"}
{"level":"info","message":"App now running on port 3001"}
{"date":"Wed Nov 23 2022 17:42:21 GMT+0530 (India Standard Time)","error":{"diagnosticCodes":[2306]},"exception":true,"level":"error","message":"uncaughtException: ⨯ Unable to compile TypeScript:\n\u001b[96msrc/routes/BankAccount.ts\u001b[0m:\u001b[93m2\u001b[0m:\u001b[93m35\u001b[0m - \u001b[91merror\u001b[0m\u001b[90m TS2306: \u001b[0mFile 'C:/Users/USER/Desktop/lendQrApi/src/controllers/BankAccountController.ts' is not a module.\r\n\r\n\u001b[7m2\u001b[0m import BankAccountController from \"../controllers/BankAccountController\"\r\n\u001b[7m \u001b[0m \u001b[91m                                  ~~~~~~~~~~~~~~~~~~~~~~~~~~~~~~~~~~~~~~\u001b[0m\r\n\nTSError: ⨯ Unable to compile TypeScript:\n\u001b[96msrc/routes/BankAccount.ts\u001b[0m:\u001b[93m2\u001b[0m:\u001b[93m35\u001b[0m - \u001b[91merror\u001b[0m\u001b[90m TS2306: \u001b[0mFile 'C:/Users/USER/Desktop/lendQrApi/src/controllers/BankAccountController.ts' is not a module.\r\n\r\n\u001b[7m2\u001b[0m import BankAccountController from \"../controllers/BankAccountController\"\r\n\u001b[7m \u001b[0m \u001b[91m                                  ~~~~~~~~~~~~~~~~~~~~~~~~~~~~~~~~~~~~~~\u001b[0m\r\n\n    at createTSError (C:\\Users\\USER\\Desktop\\lendQrApi\\node_modules\\ts-node\\src\\index.ts:859:12)\n    at reportTSError (C:\\Users\\USER\\Desktop\\lendQrApi\\node_modules\\ts-node\\src\\index.ts:863:19)\n    at getOutput (C:\\Users\\USER\\Desktop\\lendQrApi\\node_modules\\ts-node\\src\\index.ts:1077:36)\n    at Object.compile (C:\\Users\\USER\\Desktop\\lendQrApi\\node_modules\\ts-node\\src\\index.ts:1433:41)\n    at Module.m._compile (C:\\Users\\USER\\Desktop\\lendQrApi\\node_modules\\ts-node\\src\\index.ts:1617:30)\n    at Module._extensions..js (node:internal/modules/cjs/loader:1174:10)\n    at Object.require.extensions.<computed> [as .ts] (C:\\Users\\USER\\Desktop\\lendQrApi\\node_modules\\ts-node\\src\\index.ts:1621:12)\n    at Module.load (node:internal/modules/cjs/loader:998:32)\n    at Function.Module._load (node:internal/modules/cjs/loader:839:12)\n    at Module.require (node:internal/modules/cjs/loader:1022:19)","os":{"loadavg":[0,0,0],"uptime":939541},"process":{"argv":["C:\\Users\\USER\\Desktop\\lendQrApi\\node_modules\\ts-node\\dist\\bin.js","C:\\Users\\USER\\Desktop\\lendQrApi\\src\\index.ts"],"cwd":"C:\\Users\\USER\\Desktop\\lendQrApi","execPath":"C:\\Program Files\\nodejs\\node.exe","gid":null,"memoryUsage":{"arrayBuffers":2108069,"external":3609431,"heapTotal":204570624,"heapUsed":177049464,"rss":241528832},"pid":11700,"uid":null,"version":"v18.7.0"},"stack":"TSError: ⨯ Unable to compile TypeScript:\n\u001b[96msrc/routes/BankAccount.ts\u001b[0m:\u001b[93m2\u001b[0m:\u001b[93m35\u001b[0m - \u001b[91merror\u001b[0m\u001b[90m TS2306: \u001b[0mFile 'C:/Users/USER/Desktop/lendQrApi/src/controllers/BankAccountController.ts' is not a module.\r\n\r\n\u001b[7m2\u001b[0m import BankAccountController from \"../controllers/BankAccountController\"\r\n\u001b[7m \u001b[0m \u001b[91m                                  ~~~~~~~~~~~~~~~~~~~~~~~~~~~~~~~~~~~~~~\u001b[0m\r\n\n    at createTSError (C:\\Users\\USER\\Desktop\\lendQrApi\\node_modules\\ts-node\\src\\index.ts:859:12)\n    at reportTSError (C:\\Users\\USER\\Desktop\\lendQrApi\\node_modules\\ts-node\\src\\index.ts:863:19)\n    at getOutput (C:\\Users\\USER\\Desktop\\lendQrApi\\node_modules\\ts-node\\src\\index.ts:1077:36)\n    at Object.compile (C:\\Users\\USER\\Desktop\\lendQrApi\\node_modules\\ts-node\\src\\index.ts:1433:41)\n    at Module.m._compile (C:\\Users\\USER\\Desktop\\lendQrApi\\node_modules\\ts-node\\src\\index.ts:1617:30)\n    at Module._extensions..js (node:internal/modules/cjs/loader:1174:10)\n    at Object.require.extensions.<computed> [as .ts] (C:\\Users\\USER\\Desktop\\lendQrApi\\node_modules\\ts-node\\src\\index.ts:1621:12)\n    at Module.load (node:internal/modules/cjs/loader:998:32)\n    at Function.Module._load (node:internal/modules/cjs/loader:839:12)\n    at Module.require (node:internal/modules/cjs/loader:1022:19)","trace":[{"column":12,"file":"C:\\Users\\USER\\Desktop\\lendQrApi\\node_modules\\ts-node\\src\\index.ts","function":"createTSError","line":859,"method":null,"native":false},{"column":19,"file":"C:\\Users\\USER\\Desktop\\lendQrApi\\node_modules\\ts-node\\src\\index.ts","function":"reportTSError","line":863,"method":null,"native":false},{"column":36,"file":"C:\\Users\\USER\\Desktop\\lendQrApi\\node_modules\\ts-node\\src\\index.ts","function":"getOutput","line":1077,"method":null,"native":false},{"column":41,"file":"C:\\Users\\USER\\Desktop\\lendQrApi\\node_modules\\ts-node\\src\\index.ts","function":"Object.compile","line":1433,"method":"compile","native":false},{"column":30,"file":"C:\\Users\\USER\\Desktop\\lendQrApi\\node_modules\\ts-node\\src\\index.ts","function":"Module.m._compile","line":1617,"method":"_compile","native":false},{"column":10,"file":"node:internal/modules/cjs/loader","function":"Module._extensions..js","line":1174,"method":".js","native":false},{"column":12,"file":"C:\\Users\\USER\\Desktop\\lendQrApi\\node_modules\\ts-node\\src\\index.ts","function":"Object.require.extensions.<computed> [as .ts]","line":1621,"method":"ts]","native":false},{"column":32,"file":"node:internal/modules/cjs/loader","function":"Module.load","line":998,"method":"load","native":false},{"column":12,"file":"node:internal/modules/cjs/loader","function":"Module._load","line":839,"method":"_load","native":false},{"column":19,"file":"node:internal/modules/cjs/loader","function":"Module.require","line":1022,"method":"require","native":false}]}
{"date":"Wed Nov 23 2022 17:42:21 GMT+0530 (India Standard Time)","error":{"diagnosticCodes":[2306]},"exception":true,"level":"error","message":"uncaughtException: ⨯ Unable to compile TypeScript:\n\u001b[96msrc/routes/BankAccount.ts\u001b[0m:\u001b[93m2\u001b[0m:\u001b[93m35\u001b[0m - \u001b[91merror\u001b[0m\u001b[90m TS2306: \u001b[0mFile 'C:/Users/USER/Desktop/lendQrApi/src/controllers/BankAccountController.ts' is not a module.\r\n\r\n\u001b[7m2\u001b[0m import BankAccountController from \"../controllers/BankAccountController\"\r\n\u001b[7m \u001b[0m \u001b[91m                                  ~~~~~~~~~~~~~~~~~~~~~~~~~~~~~~~~~~~~~~\u001b[0m\r\n\nTSError: ⨯ Unable to compile TypeScript:\n\u001b[96msrc/routes/BankAccount.ts\u001b[0m:\u001b[93m2\u001b[0m:\u001b[93m35\u001b[0m - \u001b[91merror\u001b[0m\u001b[90m TS2306: \u001b[0mFile 'C:/Users/USER/Desktop/lendQrApi/src/controllers/BankAccountController.ts' is not a module.\r\n\r\n\u001b[7m2\u001b[0m import BankAccountController from \"../controllers/BankAccountController\"\r\n\u001b[7m \u001b[0m \u001b[91m                                  ~~~~~~~~~~~~~~~~~~~~~~~~~~~~~~~~~~~~~~\u001b[0m\r\n\n    at createTSError (C:\\Users\\USER\\Desktop\\lendQrApi\\node_modules\\ts-node\\src\\index.ts:859:12)\n    at reportTSError (C:\\Users\\USER\\Desktop\\lendQrApi\\node_modules\\ts-node\\src\\index.ts:863:19)\n    at getOutput (C:\\Users\\USER\\Desktop\\lendQrApi\\node_modules\\ts-node\\src\\index.ts:1077:36)\n    at Object.compile (C:\\Users\\USER\\Desktop\\lendQrApi\\node_modules\\ts-node\\src\\index.ts:1433:41)\n    at Module.m._compile (C:\\Users\\USER\\Desktop\\lendQrApi\\node_modules\\ts-node\\src\\index.ts:1617:30)\n    at Module._extensions..js (node:internal/modules/cjs/loader:1174:10)\n    at Object.require.extensions.<computed> [as .ts] (C:\\Users\\USER\\Desktop\\lendQrApi\\node_modules\\ts-node\\src\\index.ts:1621:12)\n    at Module.load (node:internal/modules/cjs/loader:998:32)\n    at Function.Module._load (node:internal/modules/cjs/loader:839:12)\n    at Module.require (node:internal/modules/cjs/loader:1022:19)","os":{"loadavg":[0,0,0],"uptime":939541},"process":{"argv":["C:\\Users\\USER\\Desktop\\lendQrApi\\node_modules\\ts-node\\dist\\bin.js","C:\\Users\\USER\\Desktop\\lendQrApi\\src\\index.ts"],"cwd":"C:\\Users\\USER\\Desktop\\lendQrApi","execPath":"C:\\Program Files\\nodejs\\node.exe","gid":null,"memoryUsage":{"arrayBuffers":2113665,"external":3615067,"heapTotal":205094912,"heapUsed":177666432,"rss":241815552},"pid":11700,"uid":null,"version":"v18.7.0"},"stack":"TSError: ⨯ Unable to compile TypeScript:\n\u001b[96msrc/routes/BankAccount.ts\u001b[0m:\u001b[93m2\u001b[0m:\u001b[93m35\u001b[0m - \u001b[91merror\u001b[0m\u001b[90m TS2306: \u001b[0mFile 'C:/Users/USER/Desktop/lendQrApi/src/controllers/BankAccountController.ts' is not a module.\r\n\r\n\u001b[7m2\u001b[0m import BankAccountController from \"../controllers/BankAccountController\"\r\n\u001b[7m \u001b[0m \u001b[91m                                  ~~~~~~~~~~~~~~~~~~~~~~~~~~~~~~~~~~~~~~\u001b[0m\r\n\n    at createTSError (C:\\Users\\USER\\Desktop\\lendQrApi\\node_modules\\ts-node\\src\\index.ts:859:12)\n    at reportTSError (C:\\Users\\USER\\Desktop\\lendQrApi\\node_modules\\ts-node\\src\\index.ts:863:19)\n    at getOutput (C:\\Users\\USER\\Desktop\\lendQrApi\\node_modules\\ts-node\\src\\index.ts:1077:36)\n    at Object.compile (C:\\Users\\USER\\Desktop\\lendQrApi\\node_modules\\ts-node\\src\\index.ts:1433:41)\n    at Module.m._compile (C:\\Users\\USER\\Desktop\\lendQrApi\\node_modules\\ts-node\\src\\index.ts:1617:30)\n    at Module._extensions..js (node:internal/modules/cjs/loader:1174:10)\n    at Object.require.extensions.<computed> [as .ts] (C:\\Users\\USER\\Desktop\\lendQrApi\\node_modules\\ts-node\\src\\index.ts:1621:12)\n    at Module.load (node:internal/modules/cjs/loader:998:32)\n    at Function.Module._load (node:internal/modules/cjs/loader:839:12)\n    at Module.require (node:internal/modules/cjs/loader:1022:19)","trace":[{"column":12,"file":"C:\\Users\\USER\\Desktop\\lendQrApi\\node_modules\\ts-node\\src\\index.ts","function":"createTSError","line":859,"method":null,"native":false},{"column":19,"file":"C:\\Users\\USER\\Desktop\\lendQrApi\\node_modules\\ts-node\\src\\index.ts","function":"reportTSError","line":863,"method":null,"native":false},{"column":36,"file":"C:\\Users\\USER\\Desktop\\lendQrApi\\node_modules\\ts-node\\src\\index.ts","function":"getOutput","line":1077,"method":null,"native":false},{"column":41,"file":"C:\\Users\\USER\\Desktop\\lendQrApi\\node_modules\\ts-node\\src\\index.ts","function":"Object.compile","line":1433,"method":"compile","native":false},{"column":30,"file":"C:\\Users\\USER\\Desktop\\lendQrApi\\node_modules\\ts-node\\src\\index.ts","function":"Module.m._compile","line":1617,"method":"_compile","native":false},{"column":10,"file":"node:internal/modules/cjs/loader","function":"Module._extensions..js","line":1174,"method":".js","native":false},{"column":12,"file":"C:\\Users\\USER\\Desktop\\lendQrApi\\node_modules\\ts-node\\src\\index.ts","function":"Object.require.extensions.<computed> [as .ts]","line":1621,"method":"ts]","native":false},{"column":32,"file":"node:internal/modules/cjs/loader","function":"Module.load","line":998,"method":"load","native":false},{"column":12,"file":"node:internal/modules/cjs/loader","function":"Module._load","line":839,"method":"_load","native":false},{"column":19,"file":"node:internal/modules/cjs/loader","function":"Module.require","line":1022,"method":"require","native":false}]}
{"level":"info","message":"App now running on port 3001"}
{"level":"info","message":"::1 - - [23/Nov/2022:12:46:53 +0000] \"POST /auth/login HTTP/1.1\" 200 388 \"-\" \"PostmanRuntime/7.29.0\"\n"}
{"level":"info","message":"App now running on port 3001"}
{"level":"info","message":"App now running on port 3001"}
{"level":"info","message":"App now running on port 3001"}
{"level":"info","message":"App now running on port 3001"}
{"level":"info","message":"App now running on port 3001"}
{"level":"info","message":"App now running on port 3001"}
{"level":"info","message":"App now running on port 3001"}
{"level":"info","message":"App now running on port 3001"}
{"level":"info","message":"App now running on port 3001"}
{"level":"info","message":"App now running on port 3001"}
{"level":"info","message":"App now running on port 3001"}
{"level":"info","message":"App now running on port 3001"}
{"level":"info","message":"App now running on port 3001"}
{"level":"info","message":"App now running on port 3001"}
{"level":"info","message":"App now running on port 3001"}
{"level":"info","message":"App now running on port 3001"}
{"level":"info","message":"App now running on port 3001"}
{"level":"info","message":"App now running on port 3001"}
{"level":"info","message":"App now running on port 3001"}
{"level":"info","message":"App now running on port 3001"}
{"level":"info","message":"App now running on port 3001"}
{"level":"info","message":"App now running on port 3001"}
{"level":"info","message":"App now running on port 3001"}
{"level":"info","message":"App now running on port 3001"}
{"level":"info","message":"App now running on port 3001"}
{"level":"info","message":"App now running on port 3001"}
{"level":"info","message":"App now running on port 3001"}
