{"level":"info","message":"App now running on port 3001"}
{"date":"Fri Nov 25 2022 00:03:31 GMT+0530 (India Standard Time)","error":{"diagnosticCodes":[2554]},"exception":true,"level":"error","message":"uncaughtException: ⨯ Unable to compile TypeScript:\n\u001b[96msrc/controllers/VerificationController.ts\u001b[0m:\u001b[93m62\u001b[0m:\u001b[93m97\u001b[0m - \u001b[91merror\u001b[0m\u001b[90m TS2554: \u001b[0mExpected 2 arguments, but got 3.\r\n\r\n\u001b[7m62\u001b[0m       const phoneNumberVerified = await VerificationService.verifyPhoneNumber(phoneNumber, OTP, userId)\r\n\u001b[7m  \u001b[0m \u001b[91m                                                                                                ~~~~~~\u001b[0m\r\n\nTSError: ⨯ Unable to compile TypeScript:\n\u001b[96msrc/controllers/VerificationController.ts\u001b[0m:\u001b[93m62\u001b[0m:\u001b[93m97\u001b[0m - \u001b[91merror\u001b[0m\u001b[90m TS2554: \u001b[0mExpected 2 arguments, but got 3.\r\n\r\n\u001b[7m62\u001b[0m       const phoneNumberVerified = await VerificationService.verifyPhoneNumber(phoneNumber, OTP, userId)\r\n\u001b[7m  \u001b[0m \u001b[91m                                                                                                ~~~~~~\u001b[0m\r\n\n    at createTSError (C:\\Users\\USER\\Desktop\\lendQrApi\\node_modules\\ts-node\\src\\index.ts:859:12)\n    at reportTSError (C:\\Users\\USER\\Desktop\\lendQrApi\\node_modules\\ts-node\\src\\index.ts:863:19)\n    at getOutput (C:\\Users\\USER\\Desktop\\lendQrApi\\node_modules\\ts-node\\src\\index.ts:1077:36)\n    at Object.compile (C:\\Users\\USER\\Desktop\\lendQrApi\\node_modules\\ts-node\\src\\index.ts:1433:41)\n    at Module.m._compile (C:\\Users\\USER\\Desktop\\lendQrApi\\node_modules\\ts-node\\src\\index.ts:1617:30)\n    at Module._extensions..js (node:internal/modules/cjs/loader:1174:10)\n    at Object.require.extensions.<computed> [as .ts] (C:\\Users\\USER\\Desktop\\lendQrApi\\node_modules\\ts-node\\src\\index.ts:1621:12)\n    at Module.load (node:internal/modules/cjs/loader:998:32)\n    at Function.Module._load (node:internal/modules/cjs/loader:839:12)\n    at Module.require (node:internal/modules/cjs/loader:1022:19)","os":{"loadavg":[0,0,0],"uptime":1048812},"process":{"argv":["C:\\Users\\USER\\Desktop\\lendQrApi\\node_modules\\ts-node\\dist\\bin.js","C:\\Users\\USER\\Desktop\\lendQrApi\\src\\index.ts"],"cwd":"C:\\Users\\USER\\Desktop\\lendQrApi","execPath":"C:\\Program Files\\nodejs\\node.exe","gid":null,"memoryUsage":{"arrayBuffers":2197004,"external":3698366,"heapTotal":206667776,"heapUsed":185321528,"rss":244424704},"pid":11448,"uid":null,"version":"v18.7.0"},"stack":"TSError: ⨯ Unable to compile TypeScript:\n\u001b[96msrc/controllers/VerificationController.ts\u001b[0m:\u001b[93m62\u001b[0m:\u001b[93m97\u001b[0m - \u001b[91merror\u001b[0m\u001b[90m TS2554: \u001b[0mExpected 2 arguments, but got 3.\r\n\r\n\u001b[7m62\u001b[0m       const phoneNumberVerified = await VerificationService.verifyPhoneNumber(phoneNumber, OTP, userId)\r\n\u001b[7m  \u001b[0m \u001b[91m                                                                                                ~~~~~~\u001b[0m\r\n\n    at createTSError (C:\\Users\\USER\\Desktop\\lendQrApi\\node_modules\\ts-node\\src\\index.ts:859:12)\n    at reportTSError (C:\\Users\\USER\\Desktop\\lendQrApi\\node_modules\\ts-node\\src\\index.ts:863:19)\n    at getOutput (C:\\Users\\USER\\Desktop\\lendQrApi\\node_modules\\ts-node\\src\\index.ts:1077:36)\n    at Object.compile (C:\\Users\\USER\\Desktop\\lendQrApi\\node_modules\\ts-node\\src\\index.ts:1433:41)\n    at Module.m._compile (C:\\Users\\USER\\Desktop\\lendQrApi\\node_modules\\ts-node\\src\\index.ts:1617:30)\n    at Module._extensions..js (node:internal/modules/cjs/loader:1174:10)\n    at Object.require.extensions.<computed> [as .ts] (C:\\Users\\USER\\Desktop\\lendQrApi\\node_modules\\ts-node\\src\\index.ts:1621:12)\n    at Module.load (node:internal/modules/cjs/loader:998:32)\n    at Function.Module._load (node:internal/modules/cjs/loader:839:12)\n    at Module.require (node:internal/modules/cjs/loader:1022:19)","trace":[{"column":12,"file":"C:\\Users\\USER\\Desktop\\lendQrApi\\node_modules\\ts-node\\src\\index.ts","function":"createTSError","line":859,"method":null,"native":false},{"column":19,"file":"C:\\Users\\USER\\Desktop\\lendQrApi\\node_modules\\ts-node\\src\\index.ts","function":"reportTSError","line":863,"method":null,"native":false},{"column":36,"file":"C:\\Users\\USER\\Desktop\\lendQrApi\\node_modules\\ts-node\\src\\index.ts","function":"getOutput","line":1077,"method":null,"native":false},{"column":41,"file":"C:\\Users\\USER\\Desktop\\lendQrApi\\node_modules\\ts-node\\src\\index.ts","function":"Object.compile","line":1433,"method":"compile","native":false},{"column":30,"file":"C:\\Users\\USER\\Desktop\\lendQrApi\\node_modules\\ts-node\\src\\index.ts","function":"Module.m._compile","line":1617,"method":"_compile","native":false},{"column":10,"file":"node:internal/modules/cjs/loader","function":"Module._extensions..js","line":1174,"method":".js","native":false},{"column":12,"file":"C:\\Users\\USER\\Desktop\\lendQrApi\\node_modules\\ts-node\\src\\index.ts","function":"Object.require.extensions.<computed> [as .ts]","line":1621,"method":"ts]","native":false},{"column":32,"file":"node:internal/modules/cjs/loader","function":"Module.load","line":998,"method":"load","native":false},{"column":12,"file":"node:internal/modules/cjs/loader","function":"Module._load","line":839,"method":"_load","native":false},{"column":19,"file":"node:internal/modules/cjs/loader","function":"Module.require","line":1022,"method":"require","native":false}]}
{"date":"Fri Nov 25 2022 00:03:32 GMT+0530 (India Standard Time)","error":{"diagnosticCodes":[2554]},"exception":true,"level":"error","message":"uncaughtException: ⨯ Unable to compile TypeScript:\n\u001b[96msrc/controllers/VerificationController.ts\u001b[0m:\u001b[93m62\u001b[0m:\u001b[93m97\u001b[0m - \u001b[91merror\u001b[0m\u001b[90m TS2554: \u001b[0mExpected 2 arguments, but got 3.\r\n\r\n\u001b[7m62\u001b[0m       const phoneNumberVerified = await VerificationService.verifyPhoneNumber(phoneNumber, OTP, userId)\r\n\u001b[7m  \u001b[0m \u001b[91m                                                                                                ~~~~~~\u001b[0m\r\n\nTSError: ⨯ Unable to compile TypeScript:\n\u001b[96msrc/controllers/VerificationController.ts\u001b[0m:\u001b[93m62\u001b[0m:\u001b[93m97\u001b[0m - \u001b[91merror\u001b[0m\u001b[90m TS2554: \u001b[0mExpected 2 arguments, but got 3.\r\n\r\n\u001b[7m62\u001b[0m       const phoneNumberVerified = await VerificationService.verifyPhoneNumber(phoneNumber, OTP, userId)\r\n\u001b[7m  \u001b[0m \u001b[91m                                                                                                ~~~~~~\u001b[0m\r\n\n    at createTSError (C:\\Users\\USER\\Desktop\\lendQrApi\\node_modules\\ts-node\\src\\index.ts:859:12)\n    at reportTSError (C:\\Users\\USER\\Desktop\\lendQrApi\\node_modules\\ts-node\\src\\index.ts:863:19)\n    at getOutput (C:\\Users\\USER\\Desktop\\lendQrApi\\node_modules\\ts-node\\src\\index.ts:1077:36)\n    at Object.compile (C:\\Users\\USER\\Desktop\\lendQrApi\\node_modules\\ts-node\\src\\index.ts:1433:41)\n    at Module.m._compile (C:\\Users\\USER\\Desktop\\lendQrApi\\node_modules\\ts-node\\src\\index.ts:1617:30)\n    at Module._extensions..js (node:internal/modules/cjs/loader:1174:10)\n    at Object.require.extensions.<computed> [as .ts] (C:\\Users\\USER\\Desktop\\lendQrApi\\node_modules\\ts-node\\src\\index.ts:1621:12)\n    at Module.load (node:internal/modules/cjs/loader:998:32)\n    at Function.Module._load (node:internal/modules/cjs/loader:839:12)\n    at Module.require (node:internal/modules/cjs/loader:1022:19)","os":{"loadavg":[0,0,0],"uptime":1048812},"process":{"argv":["C:\\Users\\USER\\Desktop\\lendQrApi\\node_modules\\ts-node\\dist\\bin.js","C:\\Users\\USER\\Desktop\\lendQrApi\\src\\index.ts"],"cwd":"C:\\Users\\USER\\Desktop\\lendQrApi","execPath":"C:\\Program Files\\nodejs\\node.exe","gid":null,"memoryUsage":{"arrayBuffers":2202643,"external":3704045,"heapTotal":206929920,"heapUsed":185681912,"rss":244649984},"pid":11448,"uid":null,"version":"v18.7.0"},"stack":"TSError: ⨯ Unable to compile TypeScript:\n\u001b[96msrc/controllers/VerificationController.ts\u001b[0m:\u001b[93m62\u001b[0m:\u001b[93m97\u001b[0m - \u001b[91merror\u001b[0m\u001b[90m TS2554: \u001b[0mExpected 2 arguments, but got 3.\r\n\r\n\u001b[7m62\u001b[0m       const phoneNumberVerified = await VerificationService.verifyPhoneNumber(phoneNumber, OTP, userId)\r\n\u001b[7m  \u001b[0m \u001b[91m                                                                                                ~~~~~~\u001b[0m\r\n\n    at createTSError (C:\\Users\\USER\\Desktop\\lendQrApi\\node_modules\\ts-node\\src\\index.ts:859:12)\n    at reportTSError (C:\\Users\\USER\\Desktop\\lendQrApi\\node_modules\\ts-node\\src\\index.ts:863:19)\n    at getOutput (C:\\Users\\USER\\Desktop\\lendQrApi\\node_modules\\ts-node\\src\\index.ts:1077:36)\n    at Object.compile (C:\\Users\\USER\\Desktop\\lendQrApi\\node_modules\\ts-node\\src\\index.ts:1433:41)\n    at Module.m._compile (C:\\Users\\USER\\Desktop\\lendQrApi\\node_modules\\ts-node\\src\\index.ts:1617:30)\n    at Module._extensions..js (node:internal/modules/cjs/loader:1174:10)\n    at Object.require.extensions.<computed> [as .ts] (C:\\Users\\USER\\Desktop\\lendQrApi\\node_modules\\ts-node\\src\\index.ts:1621:12)\n    at Module.load (node:internal/modules/cjs/loader:998:32)\n    at Function.Module._load (node:internal/modules/cjs/loader:839:12)\n    at Module.require (node:internal/modules/cjs/loader:1022:19)","trace":[{"column":12,"file":"C:\\Users\\USER\\Desktop\\lendQrApi\\node_modules\\ts-node\\src\\index.ts","function":"createTSError","line":859,"method":null,"native":false},{"column":19,"file":"C:\\Users\\USER\\Desktop\\lendQrApi\\node_modules\\ts-node\\src\\index.ts","function":"reportTSError","line":863,"method":null,"native":false},{"column":36,"file":"C:\\Users\\USER\\Desktop\\lendQrApi\\node_modules\\ts-node\\src\\index.ts","function":"getOutput","line":1077,"method":null,"native":false},{"column":41,"file":"C:\\Users\\USER\\Desktop\\lendQrApi\\node_modules\\ts-node\\src\\index.ts","function":"Object.compile","line":1433,"method":"compile","native":false},{"column":30,"file":"C:\\Users\\USER\\Desktop\\lendQrApi\\node_modules\\ts-node\\src\\index.ts","function":"Module.m._compile","line":1617,"method":"_compile","native":false},{"column":10,"file":"node:internal/modules/cjs/loader","function":"Module._extensions..js","line":1174,"method":".js","native":false},{"column":12,"file":"C:\\Users\\USER\\Desktop\\lendQrApi\\node_modules\\ts-node\\src\\index.ts","function":"Object.require.extensions.<computed> [as .ts]","line":1621,"method":"ts]","native":false},{"column":32,"file":"node:internal/modules/cjs/loader","function":"Module.load","line":998,"method":"load","native":false},{"column":12,"file":"node:internal/modules/cjs/loader","function":"Module._load","line":839,"method":"_load","native":false},{"column":19,"file":"node:internal/modules/cjs/loader","function":"Module.require","line":1022,"method":"require","native":false}]}
{"date":"Fri Nov 25 2022 00:04:06 GMT+0530 (India Standard Time)","error":{"diagnosticCodes":[2554]},"exception":true,"level":"error","message":"uncaughtException: ⨯ Unable to compile TypeScript:\n\u001b[96msrc/controllers/VerificationController.ts\u001b[0m:\u001b[93m62\u001b[0m:\u001b[93m97\u001b[0m - \u001b[91merror\u001b[0m\u001b[90m TS2554: \u001b[0mExpected 2 arguments, but got 3.\r\n\r\n\u001b[7m62\u001b[0m       const phoneNumberVerified = await VerificationService.verifyPhoneNumber(phoneNumber, OTP, userId)\r\n\u001b[7m  \u001b[0m \u001b[91m                                                                                                ~~~~~~\u001b[0m\r\n\nTSError: ⨯ Unable to compile TypeScript:\n\u001b[96msrc/controllers/VerificationController.ts\u001b[0m:\u001b[93m62\u001b[0m:\u001b[93m97\u001b[0m - \u001b[91merror\u001b[0m\u001b[90m TS2554: \u001b[0mExpected 2 arguments, but got 3.\r\n\r\n\u001b[7m62\u001b[0m       const phoneNumberVerified = await VerificationService.verifyPhoneNumber(phoneNumber, OTP, userId)\r\n\u001b[7m  \u001b[0m \u001b[91m                                                                                                ~~~~~~\u001b[0m\r\n\n    at createTSError (C:\\Users\\USER\\Desktop\\lendQrApi\\node_modules\\ts-node\\src\\index.ts:859:12)\n    at reportTSError (C:\\Users\\USER\\Desktop\\lendQrApi\\node_modules\\ts-node\\src\\index.ts:863:19)\n    at getOutput (C:\\Users\\USER\\Desktop\\lendQrApi\\node_modules\\ts-node\\src\\index.ts:1077:36)\n    at Object.compile (C:\\Users\\USER\\Desktop\\lendQrApi\\node_modules\\ts-node\\src\\index.ts:1433:41)\n    at Module.m._compile (C:\\Users\\USER\\Desktop\\lendQrApi\\node_modules\\ts-node\\src\\index.ts:1617:30)\n    at Module._extensions..js (node:internal/modules/cjs/loader:1174:10)\n    at Object.require.extensions.<computed> [as .ts] (C:\\Users\\USER\\Desktop\\lendQrApi\\node_modules\\ts-node\\src\\index.ts:1621:12)\n    at Module.load (node:internal/modules/cjs/loader:998:32)\n    at Function.Module._load (node:internal/modules/cjs/loader:839:12)\n    at Module.require (node:internal/modules/cjs/loader:1022:19)","os":{"loadavg":[0,0,0],"uptime":1048847},"process":{"argv":["C:\\Users\\USER\\Desktop\\lendQrApi\\node_modules\\ts-node\\dist\\bin.js","C:\\Users\\USER\\Desktop\\lendQrApi\\src\\index.ts"],"cwd":"C:\\Users\\USER\\Desktop\\lendQrApi","execPath":"C:\\Program Files\\nodejs\\node.exe","gid":null,"memoryUsage":{"arrayBuffers":1979380,"external":3480742,"heapTotal":212434944,"heapUsed":180897792,"rss":250212352},"pid":16048,"uid":null,"version":"v18.7.0"},"stack":"TSError: ⨯ Unable to compile TypeScript:\n\u001b[96msrc/controllers/VerificationController.ts\u001b[0m:\u001b[93m62\u001b[0m:\u001b[93m97\u001b[0m - \u001b[91merror\u001b[0m\u001b[90m TS2554: \u001b[0mExpected 2 arguments, but got 3.\r\n\r\n\u001b[7m62\u001b[0m       const phoneNumberVerified = await VerificationService.verifyPhoneNumber(phoneNumber, OTP, userId)\r\n\u001b[7m  \u001b[0m \u001b[91m                                                                                                ~~~~~~\u001b[0m\r\n\n    at createTSError (C:\\Users\\USER\\Desktop\\lendQrApi\\node_modules\\ts-node\\src\\index.ts:859:12)\n    at reportTSError (C:\\Users\\USER\\Desktop\\lendQrApi\\node_modules\\ts-node\\src\\index.ts:863:19)\n    at getOutput (C:\\Users\\USER\\Desktop\\lendQrApi\\node_modules\\ts-node\\src\\index.ts:1077:36)\n    at Object.compile (C:\\Users\\USER\\Desktop\\lendQrApi\\node_modules\\ts-node\\src\\index.ts:1433:41)\n    at Module.m._compile (C:\\Users\\USER\\Desktop\\lendQrApi\\node_modules\\ts-node\\src\\index.ts:1617:30)\n    at Module._extensions..js (node:internal/modules/cjs/loader:1174:10)\n    at Object.require.extensions.<computed> [as .ts] (C:\\Users\\USER\\Desktop\\lendQrApi\\node_modules\\ts-node\\src\\index.ts:1621:12)\n    at Module.load (node:internal/modules/cjs/loader:998:32)\n    at Function.Module._load (node:internal/modules/cjs/loader:839:12)\n    at Module.require (node:internal/modules/cjs/loader:1022:19)","trace":[{"column":12,"file":"C:\\Users\\USER\\Desktop\\lendQrApi\\node_modules\\ts-node\\src\\index.ts","function":"createTSError","line":859,"method":null,"native":false},{"column":19,"file":"C:\\Users\\USER\\Desktop\\lendQrApi\\node_modules\\ts-node\\src\\index.ts","function":"reportTSError","line":863,"method":null,"native":false},{"column":36,"file":"C:\\Users\\USER\\Desktop\\lendQrApi\\node_modules\\ts-node\\src\\index.ts","function":"getOutput","line":1077,"method":null,"native":false},{"column":41,"file":"C:\\Users\\USER\\Desktop\\lendQrApi\\node_modules\\ts-node\\src\\index.ts","function":"Object.compile","line":1433,"method":"compile","native":false},{"column":30,"file":"C:\\Users\\USER\\Desktop\\lendQrApi\\node_modules\\ts-node\\src\\index.ts","function":"Module.m._compile","line":1617,"method":"_compile","native":false},{"column":10,"file":"node:internal/modules/cjs/loader","function":"Module._extensions..js","line":1174,"method":".js","native":false},{"column":12,"file":"C:\\Users\\USER\\Desktop\\lendQrApi\\node_modules\\ts-node\\src\\index.ts","function":"Object.require.extensions.<computed> [as .ts]","line":1621,"method":"ts]","native":false},{"column":32,"file":"node:internal/modules/cjs/loader","function":"Module.load","line":998,"method":"load","native":false},{"column":12,"file":"node:internal/modules/cjs/loader","function":"Module._load","line":839,"method":"_load","native":false},{"column":19,"file":"node:internal/modules/cjs/loader","function":"Module.require","line":1022,"method":"require","native":false}]}
{"date":"Fri Nov 25 2022 00:04:06 GMT+0530 (India Standard Time)","error":{"diagnosticCodes":[2554]},"exception":true,"level":"error","message":"uncaughtException: ⨯ Unable to compile TypeScript:\n\u001b[96msrc/controllers/VerificationController.ts\u001b[0m:\u001b[93m62\u001b[0m:\u001b[93m97\u001b[0m - \u001b[91merror\u001b[0m\u001b[90m TS2554: \u001b[0mExpected 2 arguments, but got 3.\r\n\r\n\u001b[7m62\u001b[0m       const phoneNumberVerified = await VerificationService.verifyPhoneNumber(phoneNumber, OTP, userId)\r\n\u001b[7m  \u001b[0m \u001b[91m                                                                                                ~~~~~~\u001b[0m\r\n\nTSError: ⨯ Unable to compile TypeScript:\n\u001b[96msrc/controllers/VerificationController.ts\u001b[0m:\u001b[93m62\u001b[0m:\u001b[93m97\u001b[0m - \u001b[91merror\u001b[0m\u001b[90m TS2554: \u001b[0mExpected 2 arguments, but got 3.\r\n\r\n\u001b[7m62\u001b[0m       const phoneNumberVerified = await VerificationService.verifyPhoneNumber(phoneNumber, OTP, userId)\r\n\u001b[7m  \u001b[0m \u001b[91m                                                                                                ~~~~~~\u001b[0m\r\n\n    at createTSError (C:\\Users\\USER\\Desktop\\lendQrApi\\node_modules\\ts-node\\src\\index.ts:859:12)\n    at reportTSError (C:\\Users\\USER\\Desktop\\lendQrApi\\node_modules\\ts-node\\src\\index.ts:863:19)\n    at getOutput (C:\\Users\\USER\\Desktop\\lendQrApi\\node_modules\\ts-node\\src\\index.ts:1077:36)\n    at Object.compile (C:\\Users\\USER\\Desktop\\lendQrApi\\node_modules\\ts-node\\src\\index.ts:1433:41)\n    at Module.m._compile (C:\\Users\\USER\\Desktop\\lendQrApi\\node_modules\\ts-node\\src\\index.ts:1617:30)\n    at Module._extensions..js (node:internal/modules/cjs/loader:1174:10)\n    at Object.require.extensions.<computed> [as .ts] (C:\\Users\\USER\\Desktop\\lendQrApi\\node_modules\\ts-node\\src\\index.ts:1621:12)\n    at Module.load (node:internal/modules/cjs/loader:998:32)\n    at Function.Module._load (node:internal/modules/cjs/loader:839:12)\n    at Module.require (node:internal/modules/cjs/loader:1022:19)","os":{"loadavg":[0,0,0],"uptime":1048847},"process":{"argv":["C:\\Users\\USER\\Desktop\\lendQrApi\\node_modules\\ts-node\\dist\\bin.js","C:\\Users\\USER\\Desktop\\lendQrApi\\src\\index.ts"],"cwd":"C:\\Users\\USER\\Desktop\\lendQrApi","execPath":"C:\\Program Files\\nodejs\\node.exe","gid":null,"memoryUsage":{"arrayBuffers":1985019,"external":3486421,"heapTotal":212434944,"heapUsed":180984600,"rss":250445824},"pid":16048,"uid":null,"version":"v18.7.0"},"stack":"TSError: ⨯ Unable to compile TypeScript:\n\u001b[96msrc/controllers/VerificationController.ts\u001b[0m:\u001b[93m62\u001b[0m:\u001b[93m97\u001b[0m - \u001b[91merror\u001b[0m\u001b[90m TS2554: \u001b[0mExpected 2 arguments, but got 3.\r\n\r\n\u001b[7m62\u001b[0m       const phoneNumberVerified = await VerificationService.verifyPhoneNumber(phoneNumber, OTP, userId)\r\n\u001b[7m  \u001b[0m \u001b[91m                                                                                                ~~~~~~\u001b[0m\r\n\n    at createTSError (C:\\Users\\USER\\Desktop\\lendQrApi\\node_modules\\ts-node\\src\\index.ts:859:12)\n    at reportTSError (C:\\Users\\USER\\Desktop\\lendQrApi\\node_modules\\ts-node\\src\\index.ts:863:19)\n    at getOutput (C:\\Users\\USER\\Desktop\\lendQrApi\\node_modules\\ts-node\\src\\index.ts:1077:36)\n    at Object.compile (C:\\Users\\USER\\Desktop\\lendQrApi\\node_modules\\ts-node\\src\\index.ts:1433:41)\n    at Module.m._compile (C:\\Users\\USER\\Desktop\\lendQrApi\\node_modules\\ts-node\\src\\index.ts:1617:30)\n    at Module._extensions..js (node:internal/modules/cjs/loader:1174:10)\n    at Object.require.extensions.<computed> [as .ts] (C:\\Users\\USER\\Desktop\\lendQrApi\\node_modules\\ts-node\\src\\index.ts:1621:12)\n    at Module.load (node:internal/modules/cjs/loader:998:32)\n    at Function.Module._load (node:internal/modules/cjs/loader:839:12)\n    at Module.require (node:internal/modules/cjs/loader:1022:19)","trace":[{"column":12,"file":"C:\\Users\\USER\\Desktop\\lendQrApi\\node_modules\\ts-node\\src\\index.ts","function":"createTSError","line":859,"method":null,"native":false},{"column":19,"file":"C:\\Users\\USER\\Desktop\\lendQrApi\\node_modules\\ts-node\\src\\index.ts","function":"reportTSError","line":863,"method":null,"native":false},{"column":36,"file":"C:\\Users\\USER\\Desktop\\lendQrApi\\node_modules\\ts-node\\src\\index.ts","function":"getOutput","line":1077,"method":null,"native":false},{"column":41,"file":"C:\\Users\\USER\\Desktop\\lendQrApi\\node_modules\\ts-node\\src\\index.ts","function":"Object.compile","line":1433,"method":"compile","native":false},{"column":30,"file":"C:\\Users\\USER\\Desktop\\lendQrApi\\node_modules\\ts-node\\src\\index.ts","function":"Module.m._compile","line":1617,"method":"_compile","native":false},{"column":10,"file":"node:internal/modules/cjs/loader","function":"Module._extensions..js","line":1174,"method":".js","native":false},{"column":12,"file":"C:\\Users\\USER\\Desktop\\lendQrApi\\node_modules\\ts-node\\src\\index.ts","function":"Object.require.extensions.<computed> [as .ts]","line":1621,"method":"ts]","native":false},{"column":32,"file":"node:internal/modules/cjs/loader","function":"Module.load","line":998,"method":"load","native":false},{"column":12,"file":"node:internal/modules/cjs/loader","function":"Module._load","line":839,"method":"_load","native":false},{"column":19,"file":"node:internal/modules/cjs/loader","function":"Module.require","line":1022,"method":"require","native":false}]}
{"level":"info","message":"App now running on port 3001"}
{"level":"info","message":"App now running on port 3001"}
{"level":"info","message":"App now running on port 3001"}
{"level":"info","message":"App now running on port 3001"}
{"level":"info","message":"App now running on port 3001"}
{"level":"info","message":"App now running on port 3001"}
{"level":"info","message":"App now running on port 3001"}
{"level":"info","message":"App now running on port 3001"}
{"date":"Fri Nov 25 2022 00:32:54 GMT+0530 (India Standard Time)","error":{"diagnosticCodes":[2339,2339,2339,2339,2339]},"exception":true,"level":"error","message":"uncaughtException: ⨯ Unable to compile TypeScript:\n\u001b[96msrc/database/knexfile.ts\u001b[0m:\u001b[93m13\u001b[0m:\u001b[93m24\u001b[0m - \u001b[91merror\u001b[0m\u001b[90m TS2339: \u001b[0mProperty 'PRODUCTION_DB_CLIENT' does not exist on type '{ APP_PORT: string | number; SMTP_HOST: string | undefined; SMTP_PORT: string | undefined; SMTP_USER: string | undefined; SMTP_PASSWORD: string | undefined; DB_CLIENT: string | undefined; DB_HOST: string | undefined; DB_NAME: string | undefined; DB_PASSWORD: string | undefined; DB_USER: string | undefined; }'.\r\n\r\n\u001b[7m13\u001b[0m const client = config2.PRODUCTION_DB_CLIENT\r\n\u001b[7m  \u001b[0m \u001b[91m                       ~~~~~~~~~~~~~~~~~~~~\u001b[0m\r\n\u001b[96msrc/database/knexfile.ts\u001b[0m:\u001b[93m14\u001b[0m:\u001b[93m22\u001b[0m - \u001b[91merror\u001b[0m\u001b[90m TS2339: \u001b[0mProperty 'PRODUCTION_DB_HOST' does not exist on type '{ APP_PORT: string | number; SMTP_HOST: string | undefined; SMTP_PORT: string | undefined; SMTP_USER: string | undefined; SMTP_PASSWORD: string | undefined; DB_CLIENT: string | undefined; DB_HOST: string | undefined; DB_NAME: string | undefined; DB_PASSWORD: string | undefined; DB_USER: string | undefined; }'.\r\n\r\n\u001b[7m14\u001b[0m const host = config2.PRODUCTION_DB_HOST\r\n\u001b[7m  \u001b[0m \u001b[91m                     ~~~~~~~~~~~~~~~~~~\u001b[0m\r\n\u001b[96msrc/database/knexfile.ts\u001b[0m:\u001b[93m15\u001b[0m:\u001b[93m26\u001b[0m - \u001b[91merror\u001b[0m\u001b[90m TS2339: \u001b[0mProperty 'PRODUCTION_DB_NAME' does not exist on type '{ APP_PORT: string | number; SMTP_HOST: string | undefined; SMTP_PORT: string | undefined; SMTP_USER: string | undefined; SMTP_PASSWORD: string | undefined; DB_CLIENT: string | undefined; DB_HOST: string | undefined; DB_NAME: string | undefined; DB_PASSWORD: string | undefined; DB_USER: string | undefined; }'.\r\n\r\n\u001b[7m15\u001b[0m const database = config2.PRODUCTION_DB_NAME\r\n\u001b[7m  \u001b[0m \u001b[91m                         ~~~~~~~~~~~~~~~~~~\u001b[0m\r\n\u001b[96msrc/database/knexfile.ts\u001b[0m:\u001b[93m16\u001b[0m:\u001b[93m22\u001b[0m - \u001b[91merror\u001b[0m\u001b[90m TS2339: \u001b[0mProperty 'PRODUCTION_DB_USER' does not exist on type '{ APP_PORT: string | number; SMTP_HOST: string | undefined; SMTP_PORT: string | undefined; SMTP_USER: string | undefined; SMTP_PASSWORD: string | undefined; DB_CLIENT: string | undefined; DB_HOST: string | undefined; DB_NAME: string | undefined; DB_PASSWORD: string | undefined; DB_USER: string | undefined; }'.\r\n\r\n\u001b[7m16\u001b[0m const user = config2.PRODUCTION_DB_USER\r\n\u001b[7m  \u001b[0m \u001b[91m                     ~~~~~~~~~~~~~~~~~~\u001b[0m\r\n\u001b[96msrc/database/knexfile.ts\u001b[0m:\u001b[93m17\u001b[0m:\u001b[93m26\u001b[0m - \u001b[91merror\u001b[0m\u001b[90m TS2339: \u001b[0mProperty 'PRODUCTION_DB_PASSWORD' does not exist on type '{ APP_PORT: string | number; SMTP_HOST: string | undefined; SMTP_PORT: string | undefined; SMTP_USER: string | undefined; SMTP_PASSWORD: string | undefined; DB_CLIENT: string | undefined; DB_HOST: string | undefined; DB_NAME: string | undefined; DB_PASSWORD: string | undefined; DB_USER: string | undefined; }'.\r\n\r\n\u001b[7m17\u001b[0m const password = config2.PRODUCTION_DB_PASSWORD\r\n\u001b[7m  \u001b[0m \u001b[91m                         ~~~~~~~~~~~~~~~~~~~~~~\u001b[0m\r\n\nTSError: ⨯ Unable to compile TypeScript:\n\u001b[96msrc/database/knexfile.ts\u001b[0m:\u001b[93m13\u001b[0m:\u001b[93m24\u001b[0m - \u001b[91merror\u001b[0m\u001b[90m TS2339: \u001b[0mProperty 'PRODUCTION_DB_CLIENT' does not exist on type '{ APP_PORT: string | number; SMTP_HOST: string | undefined; SMTP_PORT: string | undefined; SMTP_USER: string | undefined; SMTP_PASSWORD: string | undefined; DB_CLIENT: string | undefined; DB_HOST: string | undefined; DB_NAME: string | undefined; DB_PASSWORD: string | undefined; DB_USER: string | undefined; }'.\r\n\r\n\u001b[7m13\u001b[0m const client = config2.PRODUCTION_DB_CLIENT\r\n\u001b[7m  \u001b[0m \u001b[91m                       ~~~~~~~~~~~~~~~~~~~~\u001b[0m\r\n\u001b[96msrc/database/knexfile.ts\u001b[0m:\u001b[93m14\u001b[0m:\u001b[93m22\u001b[0m - \u001b[91merror\u001b[0m\u001b[90m TS2339: \u001b[0mProperty 'PRODUCTION_DB_HOST' does not exist on type '{ APP_PORT: string | number; SMTP_HOST: string | undefined; SMTP_PORT: string | undefined; SMTP_USER: string | undefined; SMTP_PASSWORD: string | undefined; DB_CLIENT: string | undefined; DB_HOST: string | undefined; DB_NAME: string | undefined; DB_PASSWORD: string | undefined; DB_USER: string | undefined; }'.\r\n\r\n\u001b[7m14\u001b[0m const host = config2.PRODUCTION_DB_HOST\r\n\u001b[7m  \u001b[0m \u001b[91m                     ~~~~~~~~~~~~~~~~~~\u001b[0m\r\n\u001b[96msrc/database/knexfile.ts\u001b[0m:\u001b[93m15\u001b[0m:\u001b[93m26\u001b[0m - \u001b[91merror\u001b[0m\u001b[90m TS2339: \u001b[0mProperty 'PRODUCTION_DB_NAME' does not exist on type '{ APP_PORT: string | number; SMTP_HOST: string | undefined; SMTP_PORT: string | undefined; SMTP_USER: string | undefined; SMTP_PASSWORD: string | undefined; DB_CLIENT: string | undefined; DB_HOST: string | undefined; DB_NAME: string | undefined; DB_PASSWORD: string | undefined; DB_USER: string | undefined; }'.\r\n\r\n\u001b[7m15\u001b[0m const database = config2.PRODUCTION_DB_NAME\r\n\u001b[7m  \u001b[0m \u001b[91m                         ~~~~~~~~~~~~~~~~~~\u001b[0m\r\n\u001b[96msrc/database/knexfile.ts\u001b[0m:\u001b[93m16\u001b[0m:\u001b[93m22\u001b[0m - \u001b[91merror\u001b[0m\u001b[90m TS2339: \u001b[0mProperty 'PRODUCTION_DB_USER' does not exist on type '{ APP_PORT: string | number; SMTP_HOST: string | undefined; SMTP_PORT: string | undefined; SMTP_USER: string | undefined; SMTP_PASSWORD: string | undefined; DB_CLIENT: string | undefined; DB_HOST: string | undefined; DB_NAME: string | undefined; DB_PASSWORD: string | undefined; DB_USER: string | undefined; }'.\r\n\r\n\u001b[7m16\u001b[0m const user = config2.PRODUCTION_DB_USER\r\n\u001b[7m  \u001b[0m \u001b[91m                     ~~~~~~~~~~~~~~~~~~\u001b[0m\r\n\u001b[96msrc/database/knexfile.ts\u001b[0m:\u001b[93m17\u001b[0m:\u001b[93m26\u001b[0m - \u001b[91merror\u001b[0m\u001b[90m TS2339: \u001b[0mProperty 'PRODUCTION_DB_PASSWORD' does not exist on type '{ APP_PORT: string | number; SMTP_HOST: string | undefined; SMTP_PORT: string | undefined; SMTP_USER: string | undefined; SMTP_PASSWORD: string | undefined; DB_CLIENT: string | undefined; DB_HOST: string | undefined; DB_NAME: string | undefined; DB_PASSWORD: string | undefined; DB_USER: string | undefined; }'.\r\n\r\n\u001b[7m17\u001b[0m const password = config2.PRODUCTION_DB_PASSWORD\r\n\u001b[7m  \u001b[0m \u001b[91m                         ~~~~~~~~~~~~~~~~~~~~~~\u001b[0m\r\n\n    at createTSError (C:\\Users\\USER\\Desktop\\lendQrApi\\node_modules\\ts-node\\src\\index.ts:859:12)\n    at reportTSError (C:\\Users\\USER\\Desktop\\lendQrApi\\node_modules\\ts-node\\src\\index.ts:863:19)\n    at getOutput (C:\\Users\\USER\\Desktop\\lendQrApi\\node_modules\\ts-node\\src\\index.ts:1077:36)\n    at Object.compile (C:\\Users\\USER\\Desktop\\lendQrApi\\node_modules\\ts-node\\src\\index.ts:1433:41)\n    at Module.m._compile (C:\\Users\\USER\\Desktop\\lendQrApi\\node_modules\\ts-node\\src\\index.ts:1617:30)\n    at Module._extensions..js (node:internal/modules/cjs/loader:1174:10)\n    at Object.require.extensions.<computed> [as .ts] (C:\\Users\\USER\\Desktop\\lendQrApi\\node_modules\\ts-node\\src\\index.ts:1621:12)\n    at Module.load (node:internal/modules/cjs/loader:998:32)\n    at Function.Module._load (node:internal/modules/cjs/loader:839:12)\n    at Module.require (node:internal/modules/cjs/loader:1022:19)","os":{"loadavg":[0,0,0],"uptime":1050575},"process":{"argv":["C:\\Users\\USER\\Desktop\\lendQrApi\\node_modules\\ts-node\\dist\\bin.js","C:\\Users\\USER\\Desktop\\lendQrApi\\src\\index.ts"],"cwd":"C:\\Users\\USER\\Desktop\\lendQrApi","execPath":"C:\\Program Files\\nodejs\\node.exe","gid":null,"memoryUsage":{"arrayBuffers":1819018,"external":3456077,"heapTotal":192307200,"heapUsed":158943536,"rss":226267136},"pid":896,"uid":null,"version":"v18.7.0"},"stack":"TSError: ⨯ Unable to compile TypeScript:\n\u001b[96msrc/database/knexfile.ts\u001b[0m:\u001b[93m13\u001b[0m:\u001b[93m24\u001b[0m - \u001b[91merror\u001b[0m\u001b[90m TS2339: \u001b[0mProperty 'PRODUCTION_DB_CLIENT' does not exist on type '{ APP_PORT: string | number; SMTP_HOST: string | undefined; SMTP_PORT: string | undefined; SMTP_USER: string | undefined; SMTP_PASSWORD: string | undefined; DB_CLIENT: string | undefined; DB_HOST: string | undefined; DB_NAME: string | undefined; DB_PASSWORD: string | undefined; DB_USER: string | undefined; }'.\r\n\r\n\u001b[7m13\u001b[0m const client = config2.PRODUCTION_DB_CLIENT\r\n\u001b[7m  \u001b[0m \u001b[91m                       ~~~~~~~~~~~~~~~~~~~~\u001b[0m\r\n\u001b[96msrc/database/knexfile.ts\u001b[0m:\u001b[93m14\u001b[0m:\u001b[93m22\u001b[0m - \u001b[91merror\u001b[0m\u001b[90m TS2339: \u001b[0mProperty 'PRODUCTION_DB_HOST' does not exist on type '{ APP_PORT: string | number; SMTP_HOST: string | undefined; SMTP_PORT: string | undefined; SMTP_USER: string | undefined; SMTP_PASSWORD: string | undefined; DB_CLIENT: string | undefined; DB_HOST: string | undefined; DB_NAME: string | undefined; DB_PASSWORD: string | undefined; DB_USER: string | undefined; }'.\r\n\r\n\u001b[7m14\u001b[0m const host = config2.PRODUCTION_DB_HOST\r\n\u001b[7m  \u001b[0m \u001b[91m                     ~~~~~~~~~~~~~~~~~~\u001b[0m\r\n\u001b[96msrc/database/knexfile.ts\u001b[0m:\u001b[93m15\u001b[0m:\u001b[93m26\u001b[0m - \u001b[91merror\u001b[0m\u001b[90m TS2339: \u001b[0mProperty 'PRODUCTION_DB_NAME' does not exist on type '{ APP_PORT: string | number; SMTP_HOST: string | undefined; SMTP_PORT: string | undefined; SMTP_USER: string | undefined; SMTP_PASSWORD: string | undefined; DB_CLIENT: string | undefined; DB_HOST: string | undefined; DB_NAME: string | undefined; DB_PASSWORD: string | undefined; DB_USER: string | undefined; }'.\r\n\r\n\u001b[7m15\u001b[0m const database = config2.PRODUCTION_DB_NAME\r\n\u001b[7m  \u001b[0m \u001b[91m                         ~~~~~~~~~~~~~~~~~~\u001b[0m\r\n\u001b[96msrc/database/knexfile.ts\u001b[0m:\u001b[93m16\u001b[0m:\u001b[93m22\u001b[0m - \u001b[91merror\u001b[0m\u001b[90m TS2339: \u001b[0mProperty 'PRODUCTION_DB_USER' does not exist on type '{ APP_PORT: string | number; SMTP_HOST: string | undefined; SMTP_PORT: string | undefined; SMTP_USER: string | undefined; SMTP_PASSWORD: string | undefined; DB_CLIENT: string | undefined; DB_HOST: string | undefined; DB_NAME: string | undefined; DB_PASSWORD: string | undefined; DB_USER: string | undefined; }'.\r\n\r\n\u001b[7m16\u001b[0m const user = config2.PRODUCTION_DB_USER\r\n\u001b[7m  \u001b[0m \u001b[91m                     ~~~~~~~~~~~~~~~~~~\u001b[0m\r\n\u001b[96msrc/database/knexfile.ts\u001b[0m:\u001b[93m17\u001b[0m:\u001b[93m26\u001b[0m - \u001b[91merror\u001b[0m\u001b[90m TS2339: \u001b[0mProperty 'PRODUCTION_DB_PASSWORD' does not exist on type '{ APP_PORT: string | number; SMTP_HOST: string | undefined; SMTP_PORT: string | undefined; SMTP_USER: string | undefined; SMTP_PASSWORD: string | undefined; DB_CLIENT: string | undefined; DB_HOST: string | undefined; DB_NAME: string | undefined; DB_PASSWORD: string | undefined; DB_USER: string | undefined; }'.\r\n\r\n\u001b[7m17\u001b[0m const password = config2.PRODUCTION_DB_PASSWORD\r\n\u001b[7m  \u001b[0m \u001b[91m                         ~~~~~~~~~~~~~~~~~~~~~~\u001b[0m\r\n\n    at createTSError (C:\\Users\\USER\\Desktop\\lendQrApi\\node_modules\\ts-node\\src\\index.ts:859:12)\n    at reportTSError (C:\\Users\\USER\\Desktop\\lendQrApi\\node_modules\\ts-node\\src\\index.ts:863:19)\n    at getOutput (C:\\Users\\USER\\Desktop\\lendQrApi\\node_modules\\ts-node\\src\\index.ts:1077:36)\n    at Object.compile (C:\\Users\\USER\\Desktop\\lendQrApi\\node_modules\\ts-node\\src\\index.ts:1433:41)\n    at Module.m._compile (C:\\Users\\USER\\Desktop\\lendQrApi\\node_modules\\ts-node\\src\\index.ts:1617:30)\n    at Module._extensions..js (node:internal/modules/cjs/loader:1174:10)\n    at Object.require.extensions.<computed> [as .ts] (C:\\Users\\USER\\Desktop\\lendQrApi\\node_modules\\ts-node\\src\\index.ts:1621:12)\n    at Module.load (node:internal/modules/cjs/loader:998:32)\n    at Function.Module._load (node:internal/modules/cjs/loader:839:12)\n    at Module.require (node:internal/modules/cjs/loader:1022:19)","trace":[{"column":12,"file":"C:\\Users\\USER\\Desktop\\lendQrApi\\node_modules\\ts-node\\src\\index.ts","function":"createTSError","line":859,"method":null,"native":false},{"column":19,"file":"C:\\Users\\USER\\Desktop\\lendQrApi\\node_modules\\ts-node\\src\\index.ts","function":"reportTSError","line":863,"method":null,"native":false},{"column":36,"file":"C:\\Users\\USER\\Desktop\\lendQrApi\\node_modules\\ts-node\\src\\index.ts","function":"getOutput","line":1077,"method":null,"native":false},{"column":41,"file":"C:\\Users\\USER\\Desktop\\lendQrApi\\node_modules\\ts-node\\src\\index.ts","function":"Object.compile","line":1433,"method":"compile","native":false},{"column":30,"file":"C:\\Users\\USER\\Desktop\\lendQrApi\\node_modules\\ts-node\\src\\index.ts","function":"Module.m._compile","line":1617,"method":"_compile","native":false},{"column":10,"file":"node:internal/modules/cjs/loader","function":"Module._extensions..js","line":1174,"method":".js","native":false},{"column":12,"file":"C:\\Users\\USER\\Desktop\\lendQrApi\\node_modules\\ts-node\\src\\index.ts","function":"Object.require.extensions.<computed> [as .ts]","line":1621,"method":"ts]","native":false},{"column":32,"file":"node:internal/modules/cjs/loader","function":"Module.load","line":998,"method":"load","native":false},{"column":12,"file":"node:internal/modules/cjs/loader","function":"Module._load","line":839,"method":"_load","native":false},{"column":19,"file":"node:internal/modules/cjs/loader","function":"Module.require","line":1022,"method":"require","native":false}]}
{"date":"Fri Nov 25 2022 00:32:54 GMT+0530 (India Standard Time)","error":{"diagnosticCodes":[2339,2339,2339,2339,2339]},"exception":true,"level":"error","message":"uncaughtException: ⨯ Unable to compile TypeScript:\n\u001b[96msrc/database/knexfile.ts\u001b[0m:\u001b[93m13\u001b[0m:\u001b[93m24\u001b[0m - \u001b[91merror\u001b[0m\u001b[90m TS2339: \u001b[0mProperty 'PRODUCTION_DB_CLIENT' does not exist on type '{ APP_PORT: string | number; SMTP_HOST: string | undefined; SMTP_PORT: string | undefined; SMTP_USER: string | undefined; SMTP_PASSWORD: string | undefined; DB_CLIENT: string | undefined; DB_HOST: string | undefined; DB_NAME: string | undefined; DB_PASSWORD: string | undefined; DB_USER: string | undefined; }'.\r\n\r\n\u001b[7m13\u001b[0m const client = config2.PRODUCTION_DB_CLIENT\r\n\u001b[7m  \u001b[0m \u001b[91m                       ~~~~~~~~~~~~~~~~~~~~\u001b[0m\r\n\u001b[96msrc/database/knexfile.ts\u001b[0m:\u001b[93m14\u001b[0m:\u001b[93m22\u001b[0m - \u001b[91merror\u001b[0m\u001b[90m TS2339: \u001b[0mProperty 'PRODUCTION_DB_HOST' does not exist on type '{ APP_PORT: string | number; SMTP_HOST: string | undefined; SMTP_PORT: string | undefined; SMTP_USER: string | undefined; SMTP_PASSWORD: string | undefined; DB_CLIENT: string | undefined; DB_HOST: string | undefined; DB_NAME: string | undefined; DB_PASSWORD: string | undefined; DB_USER: string | undefined; }'.\r\n\r\n\u001b[7m14\u001b[0m const host = config2.PRODUCTION_DB_HOST\r\n\u001b[7m  \u001b[0m \u001b[91m                     ~~~~~~~~~~~~~~~~~~\u001b[0m\r\n\u001b[96msrc/database/knexfile.ts\u001b[0m:\u001b[93m15\u001b[0m:\u001b[93m26\u001b[0m - \u001b[91merror\u001b[0m\u001b[90m TS2339: \u001b[0mProperty 'PRODUCTION_DB_NAME' does not exist on type '{ APP_PORT: string | number; SMTP_HOST: string | undefined; SMTP_PORT: string | undefined; SMTP_USER: string | undefined; SMTP_PASSWORD: string | undefined; DB_CLIENT: string | undefined; DB_HOST: string | undefined; DB_NAME: string | undefined; DB_PASSWORD: string | undefined; DB_USER: string | undefined; }'.\r\n\r\n\u001b[7m15\u001b[0m const database = config2.PRODUCTION_DB_NAME\r\n\u001b[7m  \u001b[0m \u001b[91m                         ~~~~~~~~~~~~~~~~~~\u001b[0m\r\n\u001b[96msrc/database/knexfile.ts\u001b[0m:\u001b[93m16\u001b[0m:\u001b[93m22\u001b[0m - \u001b[91merror\u001b[0m\u001b[90m TS2339: \u001b[0mProperty 'PRODUCTION_DB_USER' does not exist on type '{ APP_PORT: string | number; SMTP_HOST: string | undefined; SMTP_PORT: string | undefined; SMTP_USER: string | undefined; SMTP_PASSWORD: string | undefined; DB_CLIENT: string | undefined; DB_HOST: string | undefined; DB_NAME: string | undefined; DB_PASSWORD: string | undefined; DB_USER: string | undefined; }'.\r\n\r\n\u001b[7m16\u001b[0m const user = config2.PRODUCTION_DB_USER\r\n\u001b[7m  \u001b[0m \u001b[91m                     ~~~~~~~~~~~~~~~~~~\u001b[0m\r\n\u001b[96msrc/database/knexfile.ts\u001b[0m:\u001b[93m17\u001b[0m:\u001b[93m26\u001b[0m - \u001b[91merror\u001b[0m\u001b[90m TS2339: \u001b[0mProperty 'PRODUCTION_DB_PASSWORD' does not exist on type '{ APP_PORT: string | number; SMTP_HOST: string | undefined; SMTP_PORT: string | undefined; SMTP_USER: string | undefined; SMTP_PASSWORD: string | undefined; DB_CLIENT: string | undefined; DB_HOST: string | undefined; DB_NAME: string | undefined; DB_PASSWORD: string | undefined; DB_USER: string | undefined; }'.\r\n\r\n\u001b[7m17\u001b[0m const password = config2.PRODUCTION_DB_PASSWORD\r\n\u001b[7m  \u001b[0m \u001b[91m                         ~~~~~~~~~~~~~~~~~~~~~~\u001b[0m\r\n\nTSError: ⨯ Unable to compile TypeScript:\n\u001b[96msrc/database/knexfile.ts\u001b[0m:\u001b[93m13\u001b[0m:\u001b[93m24\u001b[0m - \u001b[91merror\u001b[0m\u001b[90m TS2339: \u001b[0mProperty 'PRODUCTION_DB_CLIENT' does not exist on type '{ APP_PORT: string | number; SMTP_HOST: string | undefined; SMTP_PORT: string | undefined; SMTP_USER: string | undefined; SMTP_PASSWORD: string | undefined; DB_CLIENT: string | undefined; DB_HOST: string | undefined; DB_NAME: string | undefined; DB_PASSWORD: string | undefined; DB_USER: string | undefined; }'.\r\n\r\n\u001b[7m13\u001b[0m const client = config2.PRODUCTION_DB_CLIENT\r\n\u001b[7m  \u001b[0m \u001b[91m                       ~~~~~~~~~~~~~~~~~~~~\u001b[0m\r\n\u001b[96msrc/database/knexfile.ts\u001b[0m:\u001b[93m14\u001b[0m:\u001b[93m22\u001b[0m - \u001b[91merror\u001b[0m\u001b[90m TS2339: \u001b[0mProperty 'PRODUCTION_DB_HOST' does not exist on type '{ APP_PORT: string | number; SMTP_HOST: string | undefined; SMTP_PORT: string | undefined; SMTP_USER: string | undefined; SMTP_PASSWORD: string | undefined; DB_CLIENT: string | undefined; DB_HOST: string | undefined; DB_NAME: string | undefined; DB_PASSWORD: string | undefined; DB_USER: string | undefined; }'.\r\n\r\n\u001b[7m14\u001b[0m const host = config2.PRODUCTION_DB_HOST\r\n\u001b[7m  \u001b[0m \u001b[91m                     ~~~~~~~~~~~~~~~~~~\u001b[0m\r\n\u001b[96msrc/database/knexfile.ts\u001b[0m:\u001b[93m15\u001b[0m:\u001b[93m26\u001b[0m - \u001b[91merror\u001b[0m\u001b[90m TS2339: \u001b[0mProperty 'PRODUCTION_DB_NAME' does not exist on type '{ APP_PORT: string | number; SMTP_HOST: string | undefined; SMTP_PORT: string | undefined; SMTP_USER: string | undefined; SMTP_PASSWORD: string | undefined; DB_CLIENT: string | undefined; DB_HOST: string | undefined; DB_NAME: string | undefined; DB_PASSWORD: string | undefined; DB_USER: string | undefined; }'.\r\n\r\n\u001b[7m15\u001b[0m const database = config2.PRODUCTION_DB_NAME\r\n\u001b[7m  \u001b[0m \u001b[91m                         ~~~~~~~~~~~~~~~~~~\u001b[0m\r\n\u001b[96msrc/database/knexfile.ts\u001b[0m:\u001b[93m16\u001b[0m:\u001b[93m22\u001b[0m - \u001b[91merror\u001b[0m\u001b[90m TS2339: \u001b[0mProperty 'PRODUCTION_DB_USER' does not exist on type '{ APP_PORT: string | number; SMTP_HOST: string | undefined; SMTP_PORT: string | undefined; SMTP_USER: string | undefined; SMTP_PASSWORD: string | undefined; DB_CLIENT: string | undefined; DB_HOST: string | undefined; DB_NAME: string | undefined; DB_PASSWORD: string | undefined; DB_USER: string | undefined; }'.\r\n\r\n\u001b[7m16\u001b[0m const user = config2.PRODUCTION_DB_USER\r\n\u001b[7m  \u001b[0m \u001b[91m                     ~~~~~~~~~~~~~~~~~~\u001b[0m\r\n\u001b[96msrc/database/knexfile.ts\u001b[0m:\u001b[93m17\u001b[0m:\u001b[93m26\u001b[0m - \u001b[91merror\u001b[0m\u001b[90m TS2339: \u001b[0mProperty 'PRODUCTION_DB_PASSWORD' does not exist on type '{ APP_PORT: string | number; SMTP_HOST: string | undefined; SMTP_PORT: string | undefined; SMTP_USER: string | undefined; SMTP_PASSWORD: string | undefined; DB_CLIENT: string | undefined; DB_HOST: string | undefined; DB_NAME: string | undefined; DB_PASSWORD: string | undefined; DB_USER: string | undefined; }'.\r\n\r\n\u001b[7m17\u001b[0m const password = config2.PRODUCTION_DB_PASSWORD\r\n\u001b[7m  \u001b[0m \u001b[91m                         ~~~~~~~~~~~~~~~~~~~~~~\u001b[0m\r\n\n    at createTSError (C:\\Users\\USER\\Desktop\\lendQrApi\\node_modules\\ts-node\\src\\index.ts:859:12)\n    at reportTSError (C:\\Users\\USER\\Desktop\\lendQrApi\\node_modules\\ts-node\\src\\index.ts:863:19)\n    at getOutput (C:\\Users\\USER\\Desktop\\lendQrApi\\node_modules\\ts-node\\src\\index.ts:1077:36)\n    at Object.compile (C:\\Users\\USER\\Desktop\\lendQrApi\\node_modules\\ts-node\\src\\index.ts:1433:41)\n    at Module.m._compile (C:\\Users\\USER\\Desktop\\lendQrApi\\node_modules\\ts-node\\src\\index.ts:1617:30)\n    at Module._extensions..js (node:internal/modules/cjs/loader:1174:10)\n    at Object.require.extensions.<computed> [as .ts] (C:\\Users\\USER\\Desktop\\lendQrApi\\node_modules\\ts-node\\src\\index.ts:1621:12)\n    at Module.load (node:internal/modules/cjs/loader:998:32)\n    at Function.Module._load (node:internal/modules/cjs/loader:839:12)\n    at Module.require (node:internal/modules/cjs/loader:1022:19)","os":{"loadavg":[0,0,0],"uptime":1050575},"process":{"argv":["C:\\Users\\USER\\Desktop\\lendQrApi\\node_modules\\ts-node\\dist\\bin.js","C:\\Users\\USER\\Desktop\\lendQrApi\\src\\index.ts"],"cwd":"C:\\Users\\USER\\Desktop\\lendQrApi","execPath":"C:\\Program Files\\nodejs\\node.exe","gid":null,"memoryUsage":{"arrayBuffers":1833300,"external":3334617,"heapTotal":192307200,"heapUsed":159129112,"rss":226488320},"pid":896,"uid":null,"version":"v18.7.0"},"stack":"TSError: ⨯ Unable to compile TypeScript:\n\u001b[96msrc/database/knexfile.ts\u001b[0m:\u001b[93m13\u001b[0m:\u001b[93m24\u001b[0m - \u001b[91merror\u001b[0m\u001b[90m TS2339: \u001b[0mProperty 'PRODUCTION_DB_CLIENT' does not exist on type '{ APP_PORT: string | number; SMTP_HOST: string | undefined; SMTP_PORT: string | undefined; SMTP_USER: string | undefined; SMTP_PASSWORD: string | undefined; DB_CLIENT: string | undefined; DB_HOST: string | undefined; DB_NAME: string | undefined; DB_PASSWORD: string | undefined; DB_USER: string | undefined; }'.\r\n\r\n\u001b[7m13\u001b[0m const client = config2.PRODUCTION_DB_CLIENT\r\n\u001b[7m  \u001b[0m \u001b[91m                       ~~~~~~~~~~~~~~~~~~~~\u001b[0m\r\n\u001b[96msrc/database/knexfile.ts\u001b[0m:\u001b[93m14\u001b[0m:\u001b[93m22\u001b[0m - \u001b[91merror\u001b[0m\u001b[90m TS2339: \u001b[0mProperty 'PRODUCTION_DB_HOST' does not exist on type '{ APP_PORT: string | number; SMTP_HOST: string | undefined; SMTP_PORT: string | undefined; SMTP_USER: string | undefined; SMTP_PASSWORD: string | undefined; DB_CLIENT: string | undefined; DB_HOST: string | undefined; DB_NAME: string | undefined; DB_PASSWORD: string | undefined; DB_USER: string | undefined; }'.\r\n\r\n\u001b[7m14\u001b[0m const host = config2.PRODUCTION_DB_HOST\r\n\u001b[7m  \u001b[0m \u001b[91m                     ~~~~~~~~~~~~~~~~~~\u001b[0m\r\n\u001b[96msrc/database/knexfile.ts\u001b[0m:\u001b[93m15\u001b[0m:\u001b[93m26\u001b[0m - \u001b[91merror\u001b[0m\u001b[90m TS2339: \u001b[0mProperty 'PRODUCTION_DB_NAME' does not exist on type '{ APP_PORT: string | number; SMTP_HOST: string | undefined; SMTP_PORT: string | undefined; SMTP_USER: string | undefined; SMTP_PASSWORD: string | undefined; DB_CLIENT: string | undefined; DB_HOST: string | undefined; DB_NAME: string | undefined; DB_PASSWORD: string | undefined; DB_USER: string | undefined; }'.\r\n\r\n\u001b[7m15\u001b[0m const database = config2.PRODUCTION_DB_NAME\r\n\u001b[7m  \u001b[0m \u001b[91m                         ~~~~~~~~~~~~~~~~~~\u001b[0m\r\n\u001b[96msrc/database/knexfile.ts\u001b[0m:\u001b[93m16\u001b[0m:\u001b[93m22\u001b[0m - \u001b[91merror\u001b[0m\u001b[90m TS2339: \u001b[0mProperty 'PRODUCTION_DB_USER' does not exist on type '{ APP_PORT: string | number; SMTP_HOST: string | undefined; SMTP_PORT: string | undefined; SMTP_USER: string | undefined; SMTP_PASSWORD: string | undefined; DB_CLIENT: string | undefined; DB_HOST: string | undefined; DB_NAME: string | undefined; DB_PASSWORD: string | undefined; DB_USER: string | undefined; }'.\r\n\r\n\u001b[7m16\u001b[0m const user = config2.PRODUCTION_DB_USER\r\n\u001b[7m  \u001b[0m \u001b[91m                     ~~~~~~~~~~~~~~~~~~\u001b[0m\r\n\u001b[96msrc/database/knexfile.ts\u001b[0m:\u001b[93m17\u001b[0m:\u001b[93m26\u001b[0m - \u001b[91merror\u001b[0m\u001b[90m TS2339: \u001b[0mProperty 'PRODUCTION_DB_PASSWORD' does not exist on type '{ APP_PORT: string | number; SMTP_HOST: string | undefined; SMTP_PORT: string | undefined; SMTP_USER: string | undefined; SMTP_PASSWORD: string | undefined; DB_CLIENT: string | undefined; DB_HOST: string | undefined; DB_NAME: string | undefined; DB_PASSWORD: string | undefined; DB_USER: string | undefined; }'.\r\n\r\n\u001b[7m17\u001b[0m const password = config2.PRODUCTION_DB_PASSWORD\r\n\u001b[7m  \u001b[0m \u001b[91m                         ~~~~~~~~~~~~~~~~~~~~~~\u001b[0m\r\n\n    at createTSError (C:\\Users\\USER\\Desktop\\lendQrApi\\node_modules\\ts-node\\src\\index.ts:859:12)\n    at reportTSError (C:\\Users\\USER\\Desktop\\lendQrApi\\node_modules\\ts-node\\src\\index.ts:863:19)\n    at getOutput (C:\\Users\\USER\\Desktop\\lendQrApi\\node_modules\\ts-node\\src\\index.ts:1077:36)\n    at Object.compile (C:\\Users\\USER\\Desktop\\lendQrApi\\node_modules\\ts-node\\src\\index.ts:1433:41)\n    at Module.m._compile (C:\\Users\\USER\\Desktop\\lendQrApi\\node_modules\\ts-node\\src\\index.ts:1617:30)\n    at Module._extensions..js (node:internal/modules/cjs/loader:1174:10)\n    at Object.require.extensions.<computed> [as .ts] (C:\\Users\\USER\\Desktop\\lendQrApi\\node_modules\\ts-node\\src\\index.ts:1621:12)\n    at Module.load (node:internal/modules/cjs/loader:998:32)\n    at Function.Module._load (node:internal/modules/cjs/loader:839:12)\n    at Module.require (node:internal/modules/cjs/loader:1022:19)","trace":[{"column":12,"file":"C:\\Users\\USER\\Desktop\\lendQrApi\\node_modules\\ts-node\\src\\index.ts","function":"createTSError","line":859,"method":null,"native":false},{"column":19,"file":"C:\\Users\\USER\\Desktop\\lendQrApi\\node_modules\\ts-node\\src\\index.ts","function":"reportTSError","line":863,"method":null,"native":false},{"column":36,"file":"C:\\Users\\USER\\Desktop\\lendQrApi\\node_modules\\ts-node\\src\\index.ts","function":"getOutput","line":1077,"method":null,"native":false},{"column":41,"file":"C:\\Users\\USER\\Desktop\\lendQrApi\\node_modules\\ts-node\\src\\index.ts","function":"Object.compile","line":1433,"method":"compile","native":false},{"column":30,"file":"C:\\Users\\USER\\Desktop\\lendQrApi\\node_modules\\ts-node\\src\\index.ts","function":"Module.m._compile","line":1617,"method":"_compile","native":false},{"column":10,"file":"node:internal/modules/cjs/loader","function":"Module._extensions..js","line":1174,"method":".js","native":false},{"column":12,"file":"C:\\Users\\USER\\Desktop\\lendQrApi\\node_modules\\ts-node\\src\\index.ts","function":"Object.require.extensions.<computed> [as .ts]","line":1621,"method":"ts]","native":false},{"column":32,"file":"node:internal/modules/cjs/loader","function":"Module.load","line":998,"method":"load","native":false},{"column":12,"file":"node:internal/modules/cjs/loader","function":"Module._load","line":839,"method":"_load","native":false},{"column":19,"file":"node:internal/modules/cjs/loader","function":"Module.require","line":1022,"method":"require","native":false}]}
{"date":"Fri Nov 25 2022 00:34:09 GMT+0530 (India Standard Time)","error":{"diagnosticCodes":[2339,2339,2339]},"exception":true,"level":"error","message":"uncaughtException: ⨯ Unable to compile TypeScript:\n\u001b[96msrc/helpers/JwtHelper.ts\u001b[0m:\u001b[93m18\u001b[0m:\u001b[93m58\u001b[0m - \u001b[91merror\u001b[0m\u001b[90m TS2339: \u001b[0mProperty 'JWT_TOKEN_SECRET' does not exist on type '{ APP_PORT: string | number; SMTP_HOST: string | undefined; SMTP_PORT: string | undefined; SMTP_USER: string | undefined; SMTP_PASSWORD: string | undefined; DB_CLIENT: string | undefined; DB_HOST: string | undefined; DB_NAME: string | undefined; DB_PASSWORD: string | undefined; DB_USER: string | undefined; }'.\r\n\r\n\u001b[7m18\u001b[0m         if(!expiresIn) { return JWT.sign(payload, config.JWT_TOKEN_SECRET); }\r\n\u001b[7m  \u001b[0m \u001b[91m                                                         ~~~~~~~~~~~~~~~~\u001b[0m\r\n\u001b[96msrc/helpers/JwtHelper.ts\u001b[0m:\u001b[93m22\u001b[0m:\u001b[93m28\u001b[0m - \u001b[91merror\u001b[0m\u001b[90m TS2339: \u001b[0mProperty 'JWT_TOKEN_SECRET' does not exist on type '{ APP_PORT: string | number; SMTP_HOST: string | undefined; SMTP_PORT: string | undefined; SMTP_USER: string | undefined; SMTP_PASSWORD: string | undefined; DB_CLIENT: string | undefined; DB_HOST: string | undefined; DB_NAME: string | undefined; DB_PASSWORD: string | undefined; DB_USER: string | undefined; }'.\r\n\r\n\u001b[7m22\u001b[0m             <string>config.JWT_TOKEN_SECRET,\r\n\u001b[7m  \u001b[0m \u001b[91m                           ~~~~~~~~~~~~~~~~\u001b[0m\r\n\u001b[96msrc/helpers/JwtHelper.ts\u001b[0m:\u001b[93m37\u001b[0m:\u001b[93m24\u001b[0m - \u001b[91merror\u001b[0m\u001b[90m TS2339: \u001b[0mProperty 'JWT_TOKEN_SECRET' does not exist on type '{ APP_PORT: string | number; SMTP_HOST: string | undefined; SMTP_PORT: string | undefined; SMTP_USER: string | undefined; SMTP_PASSWORD: string | undefined; DB_CLIENT: string | undefined; DB_HOST: string | undefined; DB_NAME: string | undefined; DB_PASSWORD: string | undefined; DB_USER: string | undefined; }'.\r\n\r\n\u001b[7m37\u001b[0m                 config.JWT_TOKEN_SECRET\r\n\u001b[7m  \u001b[0m \u001b[91m                       ~~~~~~~~~~~~~~~~\u001b[0m\r\n\nTSError: ⨯ Unable to compile TypeScript:\n\u001b[96msrc/helpers/JwtHelper.ts\u001b[0m:\u001b[93m18\u001b[0m:\u001b[93m58\u001b[0m - \u001b[91merror\u001b[0m\u001b[90m TS2339: \u001b[0mProperty 'JWT_TOKEN_SECRET' does not exist on type '{ APP_PORT: string | number; SMTP_HOST: string | undefined; SMTP_PORT: string | undefined; SMTP_USER: string | undefined; SMTP_PASSWORD: string | undefined; DB_CLIENT: string | undefined; DB_HOST: string | undefined; DB_NAME: string | undefined; DB_PASSWORD: string | undefined; DB_USER: string | undefined; }'.\r\n\r\n\u001b[7m18\u001b[0m         if(!expiresIn) { return JWT.sign(payload, config.JWT_TOKEN_SECRET); }\r\n\u001b[7m  \u001b[0m \u001b[91m                                                         ~~~~~~~~~~~~~~~~\u001b[0m\r\n\u001b[96msrc/helpers/JwtHelper.ts\u001b[0m:\u001b[93m22\u001b[0m:\u001b[93m28\u001b[0m - \u001b[91merror\u001b[0m\u001b[90m TS2339: \u001b[0mProperty 'JWT_TOKEN_SECRET' does not exist on type '{ APP_PORT: string | number; SMTP_HOST: string | undefined; SMTP_PORT: string | undefined; SMTP_USER: string | undefined; SMTP_PASSWORD: string | undefined; DB_CLIENT: string | undefined; DB_HOST: string | undefined; DB_NAME: string | undefined; DB_PASSWORD: string | undefined; DB_USER: string | undefined; }'.\r\n\r\n\u001b[7m22\u001b[0m             <string>config.JWT_TOKEN_SECRET,\r\n\u001b[7m  \u001b[0m \u001b[91m                           ~~~~~~~~~~~~~~~~\u001b[0m\r\n\u001b[96msrc/helpers/JwtHelper.ts\u001b[0m:\u001b[93m37\u001b[0m:\u001b[93m24\u001b[0m - \u001b[91merror\u001b[0m\u001b[90m TS2339: \u001b[0mProperty 'JWT_TOKEN_SECRET' does not exist on type '{ APP_PORT: string | number; SMTP_HOST: string | undefined; SMTP_PORT: string | undefined; SMTP_USER: string | undefined; SMTP_PASSWORD: string | undefined; DB_CLIENT: string | undefined; DB_HOST: string | undefined; DB_NAME: string | undefined; DB_PASSWORD: string | undefined; DB_USER: string | undefined; }'.\r\n\r\n\u001b[7m37\u001b[0m                 config.JWT_TOKEN_SECRET\r\n\u001b[7m  \u001b[0m \u001b[91m                       ~~~~~~~~~~~~~~~~\u001b[0m\r\n\n    at createTSError (C:\\Users\\USER\\Desktop\\lendQrApi\\node_modules\\ts-node\\src\\index.ts:859:12)\n    at reportTSError (C:\\Users\\USER\\Desktop\\lendQrApi\\node_modules\\ts-node\\src\\index.ts:863:19)\n    at getOutput (C:\\Users\\USER\\Desktop\\lendQrApi\\node_modules\\ts-node\\src\\index.ts:1077:36)\n    at Object.compile (C:\\Users\\USER\\Desktop\\lendQrApi\\node_modules\\ts-node\\src\\index.ts:1433:41)\n    at Module.m._compile (C:\\Users\\USER\\Desktop\\lendQrApi\\node_modules\\ts-node\\src\\index.ts:1617:30)\n    at Module._extensions..js (node:internal/modules/cjs/loader:1174:10)\n    at Object.require.extensions.<computed> [as .ts] (C:\\Users\\USER\\Desktop\\lendQrApi\\node_modules\\ts-node\\src\\index.ts:1621:12)\n    at Module.load (node:internal/modules/cjs/loader:998:32)\n    at Function.Module._load (node:internal/modules/cjs/loader:839:12)\n    at Module.require (node:internal/modules/cjs/loader:1022:19)","os":{"loadavg":[0,0,0],"uptime":1050650},"process":{"argv":["C:\\Users\\USER\\Desktop\\lendQrApi\\node_modules\\ts-node\\dist\\bin.js","C:\\Users\\USER\\Desktop\\lendQrApi\\src\\index.ts"],"cwd":"C:\\Users\\USER\\Desktop\\lendQrApi","execPath":"C:\\Program Files\\nodejs\\node.exe","gid":null,"memoryUsage":{"arrayBuffers":2336471,"external":3837833,"heapTotal":196239360,"heapUsed":167649112,"rss":232816640},"pid":17020,"uid":null,"version":"v18.7.0"},"stack":"TSError: ⨯ Unable to compile TypeScript:\n\u001b[96msrc/helpers/JwtHelper.ts\u001b[0m:\u001b[93m18\u001b[0m:\u001b[93m58\u001b[0m - \u001b[91merror\u001b[0m\u001b[90m TS2339: \u001b[0mProperty 'JWT_TOKEN_SECRET' does not exist on type '{ APP_PORT: string | number; SMTP_HOST: string | undefined; SMTP_PORT: string | undefined; SMTP_USER: string | undefined; SMTP_PASSWORD: string | undefined; DB_CLIENT: string | undefined; DB_HOST: string | undefined; DB_NAME: string | undefined; DB_PASSWORD: string | undefined; DB_USER: string | undefined; }'.\r\n\r\n\u001b[7m18\u001b[0m         if(!expiresIn) { return JWT.sign(payload, config.JWT_TOKEN_SECRET); }\r\n\u001b[7m  \u001b[0m \u001b[91m                                                         ~~~~~~~~~~~~~~~~\u001b[0m\r\n\u001b[96msrc/helpers/JwtHelper.ts\u001b[0m:\u001b[93m22\u001b[0m:\u001b[93m28\u001b[0m - \u001b[91merror\u001b[0m\u001b[90m TS2339: \u001b[0mProperty 'JWT_TOKEN_SECRET' does not exist on type '{ APP_PORT: string | number; SMTP_HOST: string | undefined; SMTP_PORT: string | undefined; SMTP_USER: string | undefined; SMTP_PASSWORD: string | undefined; DB_CLIENT: string | undefined; DB_HOST: string | undefined; DB_NAME: string | undefined; DB_PASSWORD: string | undefined; DB_USER: string | undefined; }'.\r\n\r\n\u001b[7m22\u001b[0m             <string>config.JWT_TOKEN_SECRET,\r\n\u001b[7m  \u001b[0m \u001b[91m                           ~~~~~~~~~~~~~~~~\u001b[0m\r\n\u001b[96msrc/helpers/JwtHelper.ts\u001b[0m:\u001b[93m37\u001b[0m:\u001b[93m24\u001b[0m - \u001b[91merror\u001b[0m\u001b[90m TS2339: \u001b[0mProperty 'JWT_TOKEN_SECRET' does not exist on type '{ APP_PORT: string | number; SMTP_HOST: string | undefined; SMTP_PORT: string | undefined; SMTP_USER: string | undefined; SMTP_PASSWORD: string | undefined; DB_CLIENT: string | undefined; DB_HOST: string | undefined; DB_NAME: string | undefined; DB_PASSWORD: string | undefined; DB_USER: string | undefined; }'.\r\n\r\n\u001b[7m37\u001b[0m                 config.JWT_TOKEN_SECRET\r\n\u001b[7m  \u001b[0m \u001b[91m                       ~~~~~~~~~~~~~~~~\u001b[0m\r\n\n    at createTSError (C:\\Users\\USER\\Desktop\\lendQrApi\\node_modules\\ts-node\\src\\index.ts:859:12)\n    at reportTSError (C:\\Users\\USER\\Desktop\\lendQrApi\\node_modules\\ts-node\\src\\index.ts:863:19)\n    at getOutput (C:\\Users\\USER\\Desktop\\lendQrApi\\node_modules\\ts-node\\src\\index.ts:1077:36)\n    at Object.compile (C:\\Users\\USER\\Desktop\\lendQrApi\\node_modules\\ts-node\\src\\index.ts:1433:41)\n    at Module.m._compile (C:\\Users\\USER\\Desktop\\lendQrApi\\node_modules\\ts-node\\src\\index.ts:1617:30)\n    at Module._extensions..js (node:internal/modules/cjs/loader:1174:10)\n    at Object.require.extensions.<computed> [as .ts] (C:\\Users\\USER\\Desktop\\lendQrApi\\node_modules\\ts-node\\src\\index.ts:1621:12)\n    at Module.load (node:internal/modules/cjs/loader:998:32)\n    at Function.Module._load (node:internal/modules/cjs/loader:839:12)\n    at Module.require (node:internal/modules/cjs/loader:1022:19)","trace":[{"column":12,"file":"C:\\Users\\USER\\Desktop\\lendQrApi\\node_modules\\ts-node\\src\\index.ts","function":"createTSError","line":859,"method":null,"native":false},{"column":19,"file":"C:\\Users\\USER\\Desktop\\lendQrApi\\node_modules\\ts-node\\src\\index.ts","function":"reportTSError","line":863,"method":null,"native":false},{"column":36,"file":"C:\\Users\\USER\\Desktop\\lendQrApi\\node_modules\\ts-node\\src\\index.ts","function":"getOutput","line":1077,"method":null,"native":false},{"column":41,"file":"C:\\Users\\USER\\Desktop\\lendQrApi\\node_modules\\ts-node\\src\\index.ts","function":"Object.compile","line":1433,"method":"compile","native":false},{"column":30,"file":"C:\\Users\\USER\\Desktop\\lendQrApi\\node_modules\\ts-node\\src\\index.ts","function":"Module.m._compile","line":1617,"method":"_compile","native":false},{"column":10,"file":"node:internal/modules/cjs/loader","function":"Module._extensions..js","line":1174,"method":".js","native":false},{"column":12,"file":"C:\\Users\\USER\\Desktop\\lendQrApi\\node_modules\\ts-node\\src\\index.ts","function":"Object.require.extensions.<computed> [as .ts]","line":1621,"method":"ts]","native":false},{"column":32,"file":"node:internal/modules/cjs/loader","function":"Module.load","line":998,"method":"load","native":false},{"column":12,"file":"node:internal/modules/cjs/loader","function":"Module._load","line":839,"method":"_load","native":false},{"column":19,"file":"node:internal/modules/cjs/loader","function":"Module.require","line":1022,"method":"require","native":false}]}
{"date":"Fri Nov 25 2022 00:34:09 GMT+0530 (India Standard Time)","error":{"diagnosticCodes":[2339,2339,2339]},"exception":true,"level":"error","message":"uncaughtException: ⨯ Unable to compile TypeScript:\n\u001b[96msrc/helpers/JwtHelper.ts\u001b[0m:\u001b[93m18\u001b[0m:\u001b[93m58\u001b[0m - \u001b[91merror\u001b[0m\u001b[90m TS2339: \u001b[0mProperty 'JWT_TOKEN_SECRET' does not exist on type '{ APP_PORT: string | number; SMTP_HOST: string | undefined; SMTP_PORT: string | undefined; SMTP_USER: string | undefined; SMTP_PASSWORD: string | undefined; DB_CLIENT: string | undefined; DB_HOST: string | undefined; DB_NAME: string | undefined; DB_PASSWORD: string | undefined; DB_USER: string | undefined; }'.\r\n\r\n\u001b[7m18\u001b[0m         if(!expiresIn) { return JWT.sign(payload, config.JWT_TOKEN_SECRET); }\r\n\u001b[7m  \u001b[0m \u001b[91m                                                         ~~~~~~~~~~~~~~~~\u001b[0m\r\n\u001b[96msrc/helpers/JwtHelper.ts\u001b[0m:\u001b[93m22\u001b[0m:\u001b[93m28\u001b[0m - \u001b[91merror\u001b[0m\u001b[90m TS2339: \u001b[0mProperty 'JWT_TOKEN_SECRET' does not exist on type '{ APP_PORT: string | number; SMTP_HOST: string | undefined; SMTP_PORT: string | undefined; SMTP_USER: string | undefined; SMTP_PASSWORD: string | undefined; DB_CLIENT: string | undefined; DB_HOST: string | undefined; DB_NAME: string | undefined; DB_PASSWORD: string | undefined; DB_USER: string | undefined; }'.\r\n\r\n\u001b[7m22\u001b[0m             <string>config.JWT_TOKEN_SECRET,\r\n\u001b[7m  \u001b[0m \u001b[91m                           ~~~~~~~~~~~~~~~~\u001b[0m\r\n\u001b[96msrc/helpers/JwtHelper.ts\u001b[0m:\u001b[93m37\u001b[0m:\u001b[93m24\u001b[0m - \u001b[91merror\u001b[0m\u001b[90m TS2339: \u001b[0mProperty 'JWT_TOKEN_SECRET' does not exist on type '{ APP_PORT: string | number; SMTP_HOST: string | undefined; SMTP_PORT: string | undefined; SMTP_USER: string | undefined; SMTP_PASSWORD: string | undefined; DB_CLIENT: string | undefined; DB_HOST: string | undefined; DB_NAME: string | undefined; DB_PASSWORD: string | undefined; DB_USER: string | undefined; }'.\r\n\r\n\u001b[7m37\u001b[0m                 config.JWT_TOKEN_SECRET\r\n\u001b[7m  \u001b[0m \u001b[91m                       ~~~~~~~~~~~~~~~~\u001b[0m\r\n\nTSError: ⨯ Unable to compile TypeScript:\n\u001b[96msrc/helpers/JwtHelper.ts\u001b[0m:\u001b[93m18\u001b[0m:\u001b[93m58\u001b[0m - \u001b[91merror\u001b[0m\u001b[90m TS2339: \u001b[0mProperty 'JWT_TOKEN_SECRET' does not exist on type '{ APP_PORT: string | number; SMTP_HOST: string | undefined; SMTP_PORT: string | undefined; SMTP_USER: string | undefined; SMTP_PASSWORD: string | undefined; DB_CLIENT: string | undefined; DB_HOST: string | undefined; DB_NAME: string | undefined; DB_PASSWORD: string | undefined; DB_USER: string | undefined; }'.\r\n\r\n\u001b[7m18\u001b[0m         if(!expiresIn) { return JWT.sign(payload, config.JWT_TOKEN_SECRET); }\r\n\u001b[7m  \u001b[0m \u001b[91m                                                         ~~~~~~~~~~~~~~~~\u001b[0m\r\n\u001b[96msrc/helpers/JwtHelper.ts\u001b[0m:\u001b[93m22\u001b[0m:\u001b[93m28\u001b[0m - \u001b[91merror\u001b[0m\u001b[90m TS2339: \u001b[0mProperty 'JWT_TOKEN_SECRET' does not exist on type '{ APP_PORT: string | number; SMTP_HOST: string | undefined; SMTP_PORT: string | undefined; SMTP_USER: string | undefined; SMTP_PASSWORD: string | undefined; DB_CLIENT: string | undefined; DB_HOST: string | undefined; DB_NAME: string | undefined; DB_PASSWORD: string | undefined; DB_USER: string | undefined; }'.\r\n\r\n\u001b[7m22\u001b[0m             <string>config.JWT_TOKEN_SECRET,\r\n\u001b[7m  \u001b[0m \u001b[91m                           ~~~~~~~~~~~~~~~~\u001b[0m\r\n\u001b[96msrc/helpers/JwtHelper.ts\u001b[0m:\u001b[93m37\u001b[0m:\u001b[93m24\u001b[0m - \u001b[91merror\u001b[0m\u001b[90m TS2339: \u001b[0mProperty 'JWT_TOKEN_SECRET' does not exist on type '{ APP_PORT: string | number; SMTP_HOST: string | undefined; SMTP_PORT: string | undefined; SMTP_USER: string | undefined; SMTP_PASSWORD: string | undefined; DB_CLIENT: string | undefined; DB_HOST: string | undefined; DB_NAME: string | undefined; DB_PASSWORD: string | undefined; DB_USER: string | undefined; }'.\r\n\r\n\u001b[7m37\u001b[0m                 config.JWT_TOKEN_SECRET\r\n\u001b[7m  \u001b[0m \u001b[91m                       ~~~~~~~~~~~~~~~~\u001b[0m\r\n\n    at createTSError (C:\\Users\\USER\\Desktop\\lendQrApi\\node_modules\\ts-node\\src\\index.ts:859:12)\n    at reportTSError (C:\\Users\\USER\\Desktop\\lendQrApi\\node_modules\\ts-node\\src\\index.ts:863:19)\n    at getOutput (C:\\Users\\USER\\Desktop\\lendQrApi\\node_modules\\ts-node\\src\\index.ts:1077:36)\n    at Object.compile (C:\\Users\\USER\\Desktop\\lendQrApi\\node_modules\\ts-node\\src\\index.ts:1433:41)\n    at Module.m._compile (C:\\Users\\USER\\Desktop\\lendQrApi\\node_modules\\ts-node\\src\\index.ts:1617:30)\n    at Module._extensions..js (node:internal/modules/cjs/loader:1174:10)\n    at Object.require.extensions.<computed> [as .ts] (C:\\Users\\USER\\Desktop\\lendQrApi\\node_modules\\ts-node\\src\\index.ts:1621:12)\n    at Module.load (node:internal/modules/cjs/loader:998:32)\n    at Function.Module._load (node:internal/modules/cjs/loader:839:12)\n    at Module.require (node:internal/modules/cjs/loader:1022:19)","os":{"loadavg":[0,0,0],"uptime":1050650},"process":{"argv":["C:\\Users\\USER\\Desktop\\lendQrApi\\node_modules\\ts-node\\dist\\bin.js","C:\\Users\\USER\\Desktop\\lendQrApi\\src\\index.ts"],"cwd":"C:\\Users\\USER\\Desktop\\lendQrApi","execPath":"C:\\Program Files\\nodejs\\node.exe","gid":null,"memoryUsage":{"arrayBuffers":2346884,"external":3848286,"heapTotal":196239360,"heapUsed":167771264,"rss":233037824},"pid":17020,"uid":null,"version":"v18.7.0"},"stack":"TSError: ⨯ Unable to compile TypeScript:\n\u001b[96msrc/helpers/JwtHelper.ts\u001b[0m:\u001b[93m18\u001b[0m:\u001b[93m58\u001b[0m - \u001b[91merror\u001b[0m\u001b[90m TS2339: \u001b[0mProperty 'JWT_TOKEN_SECRET' does not exist on type '{ APP_PORT: string | number; SMTP_HOST: string | undefined; SMTP_PORT: string | undefined; SMTP_USER: string | undefined; SMTP_PASSWORD: string | undefined; DB_CLIENT: string | undefined; DB_HOST: string | undefined; DB_NAME: string | undefined; DB_PASSWORD: string | undefined; DB_USER: string | undefined; }'.\r\n\r\n\u001b[7m18\u001b[0m         if(!expiresIn) { return JWT.sign(payload, config.JWT_TOKEN_SECRET); }\r\n\u001b[7m  \u001b[0m \u001b[91m                                                         ~~~~~~~~~~~~~~~~\u001b[0m\r\n\u001b[96msrc/helpers/JwtHelper.ts\u001b[0m:\u001b[93m22\u001b[0m:\u001b[93m28\u001b[0m - \u001b[91merror\u001b[0m\u001b[90m TS2339: \u001b[0mProperty 'JWT_TOKEN_SECRET' does not exist on type '{ APP_PORT: string | number; SMTP_HOST: string | undefined; SMTP_PORT: string | undefined; SMTP_USER: string | undefined; SMTP_PASSWORD: string | undefined; DB_CLIENT: string | undefined; DB_HOST: string | undefined; DB_NAME: string | undefined; DB_PASSWORD: string | undefined; DB_USER: string | undefined; }'.\r\n\r\n\u001b[7m22\u001b[0m             <string>config.JWT_TOKEN_SECRET,\r\n\u001b[7m  \u001b[0m \u001b[91m                           ~~~~~~~~~~~~~~~~\u001b[0m\r\n\u001b[96msrc/helpers/JwtHelper.ts\u001b[0m:\u001b[93m37\u001b[0m:\u001b[93m24\u001b[0m - \u001b[91merror\u001b[0m\u001b[90m TS2339: \u001b[0mProperty 'JWT_TOKEN_SECRET' does not exist on type '{ APP_PORT: string | number; SMTP_HOST: string | undefined; SMTP_PORT: string | undefined; SMTP_USER: string | undefined; SMTP_PASSWORD: string | undefined; DB_CLIENT: string | undefined; DB_HOST: string | undefined; DB_NAME: string | undefined; DB_PASSWORD: string | undefined; DB_USER: string | undefined; }'.\r\n\r\n\u001b[7m37\u001b[0m                 config.JWT_TOKEN_SECRET\r\n\u001b[7m  \u001b[0m \u001b[91m                       ~~~~~~~~~~~~~~~~\u001b[0m\r\n\n    at createTSError (C:\\Users\\USER\\Desktop\\lendQrApi\\node_modules\\ts-node\\src\\index.ts:859:12)\n    at reportTSError (C:\\Users\\USER\\Desktop\\lendQrApi\\node_modules\\ts-node\\src\\index.ts:863:19)\n    at getOutput (C:\\Users\\USER\\Desktop\\lendQrApi\\node_modules\\ts-node\\src\\index.ts:1077:36)\n    at Object.compile (C:\\Users\\USER\\Desktop\\lendQrApi\\node_modules\\ts-node\\src\\index.ts:1433:41)\n    at Module.m._compile (C:\\Users\\USER\\Desktop\\lendQrApi\\node_modules\\ts-node\\src\\index.ts:1617:30)\n    at Module._extensions..js (node:internal/modules/cjs/loader:1174:10)\n    at Object.require.extensions.<computed> [as .ts] (C:\\Users\\USER\\Desktop\\lendQrApi\\node_modules\\ts-node\\src\\index.ts:1621:12)\n    at Module.load (node:internal/modules/cjs/loader:998:32)\n    at Function.Module._load (node:internal/modules/cjs/loader:839:12)\n    at Module.require (node:internal/modules/cjs/loader:1022:19)","trace":[{"column":12,"file":"C:\\Users\\USER\\Desktop\\lendQrApi\\node_modules\\ts-node\\src\\index.ts","function":"createTSError","line":859,"method":null,"native":false},{"column":19,"file":"C:\\Users\\USER\\Desktop\\lendQrApi\\node_modules\\ts-node\\src\\index.ts","function":"reportTSError","line":863,"method":null,"native":false},{"column":36,"file":"C:\\Users\\USER\\Desktop\\lendQrApi\\node_modules\\ts-node\\src\\index.ts","function":"getOutput","line":1077,"method":null,"native":false},{"column":41,"file":"C:\\Users\\USER\\Desktop\\lendQrApi\\node_modules\\ts-node\\src\\index.ts","function":"Object.compile","line":1433,"method":"compile","native":false},{"column":30,"file":"C:\\Users\\USER\\Desktop\\lendQrApi\\node_modules\\ts-node\\src\\index.ts","function":"Module.m._compile","line":1617,"method":"_compile","native":false},{"column":10,"file":"node:internal/modules/cjs/loader","function":"Module._extensions..js","line":1174,"method":".js","native":false},{"column":12,"file":"C:\\Users\\USER\\Desktop\\lendQrApi\\node_modules\\ts-node\\src\\index.ts","function":"Object.require.extensions.<computed> [as .ts]","line":1621,"method":"ts]","native":false},{"column":32,"file":"node:internal/modules/cjs/loader","function":"Module.load","line":998,"method":"load","native":false},{"column":12,"file":"node:internal/modules/cjs/loader","function":"Module._load","line":839,"method":"_load","native":false},{"column":19,"file":"node:internal/modules/cjs/loader","function":"Module.require","line":1022,"method":"require","native":false}]}
{"date":"Fri Nov 25 2022 00:38:55 GMT+0530 (India Standard Time)","error":{"diagnosticCodes":[2339,2339,2339]},"exception":true,"level":"error","message":"uncaughtException: ⨯ Unable to compile TypeScript:\n\u001b[96msrc/helpers/JwtHelper.ts\u001b[0m:\u001b[93m18\u001b[0m:\u001b[93m58\u001b[0m - \u001b[91merror\u001b[0m\u001b[90m TS2339: \u001b[0mProperty 'JWT_TOKEN_SECRET' does not exist on type '{ APP_PORT: string | number; SMTP_HOST: string | undefined; SMTP_PORT: string | undefined; SMTP_USER: string | undefined; SMTP_PASSWORD: string | undefined; DB_CLIENT: string | undefined; DB_HOST: string | undefined; DB_NAME: string | undefined; DB_PASSWORD: string | undefined; DB_USER: string | undefined; }'.\r\n\r\n\u001b[7m18\u001b[0m         if(!expiresIn) { return JWT.sign(payload, config.JWT_TOKEN_SECRET); }\r\n\u001b[7m  \u001b[0m \u001b[91m                                                         ~~~~~~~~~~~~~~~~\u001b[0m\r\n\u001b[96msrc/helpers/JwtHelper.ts\u001b[0m:\u001b[93m22\u001b[0m:\u001b[93m28\u001b[0m - \u001b[91merror\u001b[0m\u001b[90m TS2339: \u001b[0mProperty 'JWT_TOKEN_SECRET' does not exist on type '{ APP_PORT: string | number; SMTP_HOST: string | undefined; SMTP_PORT: string | undefined; SMTP_USER: string | undefined; SMTP_PASSWORD: string | undefined; DB_CLIENT: string | undefined; DB_HOST: string | undefined; DB_NAME: string | undefined; DB_PASSWORD: string | undefined; DB_USER: string | undefined; }'.\r\n\r\n\u001b[7m22\u001b[0m             <string>config.JWT_TOKEN_SECRET,\r\n\u001b[7m  \u001b[0m \u001b[91m                           ~~~~~~~~~~~~~~~~\u001b[0m\r\n\u001b[96msrc/helpers/JwtHelper.ts\u001b[0m:\u001b[93m37\u001b[0m:\u001b[93m24\u001b[0m - \u001b[91merror\u001b[0m\u001b[90m TS2339: \u001b[0mProperty 'JWT_TOKEN_SECRET' does not exist on type '{ APP_PORT: string | number; SMTP_HOST: string | undefined; SMTP_PORT: string | undefined; SMTP_USER: string | undefined; SMTP_PASSWORD: string | undefined; DB_CLIENT: string | undefined; DB_HOST: string | undefined; DB_NAME: string | undefined; DB_PASSWORD: string | undefined; DB_USER: string | undefined; }'.\r\n\r\n\u001b[7m37\u001b[0m                 config.JWT_TOKEN_SECRET\r\n\u001b[7m  \u001b[0m \u001b[91m                       ~~~~~~~~~~~~~~~~\u001b[0m\r\n\nTSError: ⨯ Unable to compile TypeScript:\n\u001b[96msrc/helpers/JwtHelper.ts\u001b[0m:\u001b[93m18\u001b[0m:\u001b[93m58\u001b[0m - \u001b[91merror\u001b[0m\u001b[90m TS2339: \u001b[0mProperty 'JWT_TOKEN_SECRET' does not exist on type '{ APP_PORT: string | number; SMTP_HOST: string | undefined; SMTP_PORT: string | undefined; SMTP_USER: string | undefined; SMTP_PASSWORD: string | undefined; DB_CLIENT: string | undefined; DB_HOST: string | undefined; DB_NAME: string | undefined; DB_PASSWORD: string | undefined; DB_USER: string | undefined; }'.\r\n\r\n\u001b[7m18\u001b[0m         if(!expiresIn) { return JWT.sign(payload, config.JWT_TOKEN_SECRET); }\r\n\u001b[7m  \u001b[0m \u001b[91m                                                         ~~~~~~~~~~~~~~~~\u001b[0m\r\n\u001b[96msrc/helpers/JwtHelper.ts\u001b[0m:\u001b[93m22\u001b[0m:\u001b[93m28\u001b[0m - \u001b[91merror\u001b[0m\u001b[90m TS2339: \u001b[0mProperty 'JWT_TOKEN_SECRET' does not exist on type '{ APP_PORT: string | number; SMTP_HOST: string | undefined; SMTP_PORT: string | undefined; SMTP_USER: string | undefined; SMTP_PASSWORD: string | undefined; DB_CLIENT: string | undefined; DB_HOST: string | undefined; DB_NAME: string | undefined; DB_PASSWORD: string | undefined; DB_USER: string | undefined; }'.\r\n\r\n\u001b[7m22\u001b[0m             <string>config.JWT_TOKEN_SECRET,\r\n\u001b[7m  \u001b[0m \u001b[91m                           ~~~~~~~~~~~~~~~~\u001b[0m\r\n\u001b[96msrc/helpers/JwtHelper.ts\u001b[0m:\u001b[93m37\u001b[0m:\u001b[93m24\u001b[0m - \u001b[91merror\u001b[0m\u001b[90m TS2339: \u001b[0mProperty 'JWT_TOKEN_SECRET' does not exist on type '{ APP_PORT: string | number; SMTP_HOST: string | undefined; SMTP_PORT: string | undefined; SMTP_USER: string | undefined; SMTP_PASSWORD: string | undefined; DB_CLIENT: string | undefined; DB_HOST: string | undefined; DB_NAME: string | undefined; DB_PASSWORD: string | undefined; DB_USER: string | undefined; }'.\r\n\r\n\u001b[7m37\u001b[0m                 config.JWT_TOKEN_SECRET\r\n\u001b[7m  \u001b[0m \u001b[91m                       ~~~~~~~~~~~~~~~~\u001b[0m\r\n\n    at createTSError (C:\\Users\\USER\\Desktop\\lendQrApi\\node_modules\\ts-node\\src\\index.ts:859:12)\n    at reportTSError (C:\\Users\\USER\\Desktop\\lendQrApi\\node_modules\\ts-node\\src\\index.ts:863:19)\n    at getOutput (C:\\Users\\USER\\Desktop\\lendQrApi\\node_modules\\ts-node\\src\\index.ts:1077:36)\n    at Object.compile (C:\\Users\\USER\\Desktop\\lendQrApi\\node_modules\\ts-node\\src\\index.ts:1433:41)\n    at Module.m._compile (C:\\Users\\USER\\Desktop\\lendQrApi\\node_modules\\ts-node\\src\\index.ts:1617:30)\n    at Module._extensions..js (node:internal/modules/cjs/loader:1174:10)\n    at Object.require.extensions.<computed> [as .ts] (C:\\Users\\USER\\Desktop\\lendQrApi\\node_modules\\ts-node\\src\\index.ts:1621:12)\n    at Module.load (node:internal/modules/cjs/loader:998:32)\n    at Function.Module._load (node:internal/modules/cjs/loader:839:12)\n    at Module.require (node:internal/modules/cjs/loader:1022:19)","os":{"loadavg":[0,0,0],"uptime":1050936},"process":{"argv":["C:\\Users\\USER\\Desktop\\lendQrApi\\node_modules\\ts-node\\dist\\bin.js","C:\\Users\\USER\\Desktop\\lendQrApi\\src\\index.ts"],"cwd":"C:\\Users\\USER\\Desktop\\lendQrApi","execPath":"C:\\Program Files\\nodejs\\node.exe","gid":null,"memoryUsage":{"arrayBuffers":1962996,"external":3464358,"heapTotal":197287936,"heapUsed":166524288,"rss":233598976},"pid":16668,"uid":null,"version":"v18.7.0"},"stack":"TSError: ⨯ Unable to compile TypeScript:\n\u001b[96msrc/helpers/JwtHelper.ts\u001b[0m:\u001b[93m18\u001b[0m:\u001b[93m58\u001b[0m - \u001b[91merror\u001b[0m\u001b[90m TS2339: \u001b[0mProperty 'JWT_TOKEN_SECRET' does not exist on type '{ APP_PORT: string | number; SMTP_HOST: string | undefined; SMTP_PORT: string | undefined; SMTP_USER: string | undefined; SMTP_PASSWORD: string | undefined; DB_CLIENT: string | undefined; DB_HOST: string | undefined; DB_NAME: string | undefined; DB_PASSWORD: string | undefined; DB_USER: string | undefined; }'.\r\n\r\n\u001b[7m18\u001b[0m         if(!expiresIn) { return JWT.sign(payload, config.JWT_TOKEN_SECRET); }\r\n\u001b[7m  \u001b[0m \u001b[91m                                                         ~~~~~~~~~~~~~~~~\u001b[0m\r\n\u001b[96msrc/helpers/JwtHelper.ts\u001b[0m:\u001b[93m22\u001b[0m:\u001b[93m28\u001b[0m - \u001b[91merror\u001b[0m\u001b[90m TS2339: \u001b[0mProperty 'JWT_TOKEN_SECRET' does not exist on type '{ APP_PORT: string | number; SMTP_HOST: string | undefined; SMTP_PORT: string | undefined; SMTP_USER: string | undefined; SMTP_PASSWORD: string | undefined; DB_CLIENT: string | undefined; DB_HOST: string | undefined; DB_NAME: string | undefined; DB_PASSWORD: string | undefined; DB_USER: string | undefined; }'.\r\n\r\n\u001b[7m22\u001b[0m             <string>config.JWT_TOKEN_SECRET,\r\n\u001b[7m  \u001b[0m \u001b[91m                           ~~~~~~~~~~~~~~~~\u001b[0m\r\n\u001b[96msrc/helpers/JwtHelper.ts\u001b[0m:\u001b[93m37\u001b[0m:\u001b[93m24\u001b[0m - \u001b[91merror\u001b[0m\u001b[90m TS2339: \u001b[0mProperty 'JWT_TOKEN_SECRET' does not exist on type '{ APP_PORT: string | number; SMTP_HOST: string | undefined; SMTP_PORT: string | undefined; SMTP_USER: string | undefined; SMTP_PASSWORD: string | undefined; DB_CLIENT: string | undefined; DB_HOST: string | undefined; DB_NAME: string | undefined; DB_PASSWORD: string | undefined; DB_USER: string | undefined; }'.\r\n\r\n\u001b[7m37\u001b[0m                 config.JWT_TOKEN_SECRET\r\n\u001b[7m  \u001b[0m \u001b[91m                       ~~~~~~~~~~~~~~~~\u001b[0m\r\n\n    at createTSError (C:\\Users\\USER\\Desktop\\lendQrApi\\node_modules\\ts-node\\src\\index.ts:859:12)\n    at reportTSError (C:\\Users\\USER\\Desktop\\lendQrApi\\node_modules\\ts-node\\src\\index.ts:863:19)\n    at getOutput (C:\\Users\\USER\\Desktop\\lendQrApi\\node_modules\\ts-node\\src\\index.ts:1077:36)\n    at Object.compile (C:\\Users\\USER\\Desktop\\lendQrApi\\node_modules\\ts-node\\src\\index.ts:1433:41)\n    at Module.m._compile (C:\\Users\\USER\\Desktop\\lendQrApi\\node_modules\\ts-node\\src\\index.ts:1617:30)\n    at Module._extensions..js (node:internal/modules/cjs/loader:1174:10)\n    at Object.require.extensions.<computed> [as .ts] (C:\\Users\\USER\\Desktop\\lendQrApi\\node_modules\\ts-node\\src\\index.ts:1621:12)\n    at Module.load (node:internal/modules/cjs/loader:998:32)\n    at Function.Module._load (node:internal/modules/cjs/loader:839:12)\n    at Module.require (node:internal/modules/cjs/loader:1022:19)","trace":[{"column":12,"file":"C:\\Users\\USER\\Desktop\\lendQrApi\\node_modules\\ts-node\\src\\index.ts","function":"createTSError","line":859,"method":null,"native":false},{"column":19,"file":"C:\\Users\\USER\\Desktop\\lendQrApi\\node_modules\\ts-node\\src\\index.ts","function":"reportTSError","line":863,"method":null,"native":false},{"column":36,"file":"C:\\Users\\USER\\Desktop\\lendQrApi\\node_modules\\ts-node\\src\\index.ts","function":"getOutput","line":1077,"method":null,"native":false},{"column":41,"file":"C:\\Users\\USER\\Desktop\\lendQrApi\\node_modules\\ts-node\\src\\index.ts","function":"Object.compile","line":1433,"method":"compile","native":false},{"column":30,"file":"C:\\Users\\USER\\Desktop\\lendQrApi\\node_modules\\ts-node\\src\\index.ts","function":"Module.m._compile","line":1617,"method":"_compile","native":false},{"column":10,"file":"node:internal/modules/cjs/loader","function":"Module._extensions..js","line":1174,"method":".js","native":false},{"column":12,"file":"C:\\Users\\USER\\Desktop\\lendQrApi\\node_modules\\ts-node\\src\\index.ts","function":"Object.require.extensions.<computed> [as .ts]","line":1621,"method":"ts]","native":false},{"column":32,"file":"node:internal/modules/cjs/loader","function":"Module.load","line":998,"method":"load","native":false},{"column":12,"file":"node:internal/modules/cjs/loader","function":"Module._load","line":839,"method":"_load","native":false},{"column":19,"file":"node:internal/modules/cjs/loader","function":"Module.require","line":1022,"method":"require","native":false}]}
{"date":"Fri Nov 25 2022 00:38:55 GMT+0530 (India Standard Time)","error":{"diagnosticCodes":[2339,2339,2339]},"exception":true,"level":"error","message":"uncaughtException: ⨯ Unable to compile TypeScript:\n\u001b[96msrc/helpers/JwtHelper.ts\u001b[0m:\u001b[93m18\u001b[0m:\u001b[93m58\u001b[0m - \u001b[91merror\u001b[0m\u001b[90m TS2339: \u001b[0mProperty 'JWT_TOKEN_SECRET' does not exist on type '{ APP_PORT: string | number; SMTP_HOST: string | undefined; SMTP_PORT: string | undefined; SMTP_USER: string | undefined; SMTP_PASSWORD: string | undefined; DB_CLIENT: string | undefined; DB_HOST: string | undefined; DB_NAME: string | undefined; DB_PASSWORD: string | undefined; DB_USER: string | undefined; }'.\r\n\r\n\u001b[7m18\u001b[0m         if(!expiresIn) { return JWT.sign(payload, config.JWT_TOKEN_SECRET); }\r\n\u001b[7m  \u001b[0m \u001b[91m                                                         ~~~~~~~~~~~~~~~~\u001b[0m\r\n\u001b[96msrc/helpers/JwtHelper.ts\u001b[0m:\u001b[93m22\u001b[0m:\u001b[93m28\u001b[0m - \u001b[91merror\u001b[0m\u001b[90m TS2339: \u001b[0mProperty 'JWT_TOKEN_SECRET' does not exist on type '{ APP_PORT: string | number; SMTP_HOST: string | undefined; SMTP_PORT: string | undefined; SMTP_USER: string | undefined; SMTP_PASSWORD: string | undefined; DB_CLIENT: string | undefined; DB_HOST: string | undefined; DB_NAME: string | undefined; DB_PASSWORD: string | undefined; DB_USER: string | undefined; }'.\r\n\r\n\u001b[7m22\u001b[0m             <string>config.JWT_TOKEN_SECRET,\r\n\u001b[7m  \u001b[0m \u001b[91m                           ~~~~~~~~~~~~~~~~\u001b[0m\r\n\u001b[96msrc/helpers/JwtHelper.ts\u001b[0m:\u001b[93m37\u001b[0m:\u001b[93m24\u001b[0m - \u001b[91merror\u001b[0m\u001b[90m TS2339: \u001b[0mProperty 'JWT_TOKEN_SECRET' does not exist on type '{ APP_PORT: string | number; SMTP_HOST: string | undefined; SMTP_PORT: string | undefined; SMTP_USER: string | undefined; SMTP_PASSWORD: string | undefined; DB_CLIENT: string | undefined; DB_HOST: string | undefined; DB_NAME: string | undefined; DB_PASSWORD: string | undefined; DB_USER: string | undefined; }'.\r\n\r\n\u001b[7m37\u001b[0m                 config.JWT_TOKEN_SECRET\r\n\u001b[7m  \u001b[0m \u001b[91m                       ~~~~~~~~~~~~~~~~\u001b[0m\r\n\nTSError: ⨯ Unable to compile TypeScript:\n\u001b[96msrc/helpers/JwtHelper.ts\u001b[0m:\u001b[93m18\u001b[0m:\u001b[93m58\u001b[0m - \u001b[91merror\u001b[0m\u001b[90m TS2339: \u001b[0mProperty 'JWT_TOKEN_SECRET' does not exist on type '{ APP_PORT: string | number; SMTP_HOST: string | undefined; SMTP_PORT: string | undefined; SMTP_USER: string | undefined; SMTP_PASSWORD: string | undefined; DB_CLIENT: string | undefined; DB_HOST: string | undefined; DB_NAME: string | undefined; DB_PASSWORD: string | undefined; DB_USER: string | undefined; }'.\r\n\r\n\u001b[7m18\u001b[0m         if(!expiresIn) { return JWT.sign(payload, config.JWT_TOKEN_SECRET); }\r\n\u001b[7m  \u001b[0m \u001b[91m                                                         ~~~~~~~~~~~~~~~~\u001b[0m\r\n\u001b[96msrc/helpers/JwtHelper.ts\u001b[0m:\u001b[93m22\u001b[0m:\u001b[93m28\u001b[0m - \u001b[91merror\u001b[0m\u001b[90m TS2339: \u001b[0mProperty 'JWT_TOKEN_SECRET' does not exist on type '{ APP_PORT: string | number; SMTP_HOST: string | undefined; SMTP_PORT: string | undefined; SMTP_USER: string | undefined; SMTP_PASSWORD: string | undefined; DB_CLIENT: string | undefined; DB_HOST: string | undefined; DB_NAME: string | undefined; DB_PASSWORD: string | undefined; DB_USER: string | undefined; }'.\r\n\r\n\u001b[7m22\u001b[0m             <string>config.JWT_TOKEN_SECRET,\r\n\u001b[7m  \u001b[0m \u001b[91m                           ~~~~~~~~~~~~~~~~\u001b[0m\r\n\u001b[96msrc/helpers/JwtHelper.ts\u001b[0m:\u001b[93m37\u001b[0m:\u001b[93m24\u001b[0m - \u001b[91merror\u001b[0m\u001b[90m TS2339: \u001b[0mProperty 'JWT_TOKEN_SECRET' does not exist on type '{ APP_PORT: string | number; SMTP_HOST: string | undefined; SMTP_PORT: string | undefined; SMTP_USER: string | undefined; SMTP_PASSWORD: string | undefined; DB_CLIENT: string | undefined; DB_HOST: string | undefined; DB_NAME: string | undefined; DB_PASSWORD: string | undefined; DB_USER: string | undefined; }'.\r\n\r\n\u001b[7m37\u001b[0m                 config.JWT_TOKEN_SECRET\r\n\u001b[7m  \u001b[0m \u001b[91m                       ~~~~~~~~~~~~~~~~\u001b[0m\r\n\n    at createTSError (C:\\Users\\USER\\Desktop\\lendQrApi\\node_modules\\ts-node\\src\\index.ts:859:12)\n    at reportTSError (C:\\Users\\USER\\Desktop\\lendQrApi\\node_modules\\ts-node\\src\\index.ts:863:19)\n    at getOutput (C:\\Users\\USER\\Desktop\\lendQrApi\\node_modules\\ts-node\\src\\index.ts:1077:36)\n    at Object.compile (C:\\Users\\USER\\Desktop\\lendQrApi\\node_modules\\ts-node\\src\\index.ts:1433:41)\n    at Module.m._compile (C:\\Users\\USER\\Desktop\\lendQrApi\\node_modules\\ts-node\\src\\index.ts:1617:30)\n    at Module._extensions..js (node:internal/modules/cjs/loader:1174:10)\n    at Object.require.extensions.<computed> [as .ts] (C:\\Users\\USER\\Desktop\\lendQrApi\\node_modules\\ts-node\\src\\index.ts:1621:12)\n    at Module.load (node:internal/modules/cjs/loader:998:32)\n    at Function.Module._load (node:internal/modules/cjs/loader:839:12)\n    at Module.require (node:internal/modules/cjs/loader:1022:19)","os":{"loadavg":[0,0,0],"uptime":1050936},"process":{"argv":["C:\\Users\\USER\\Desktop\\lendQrApi\\node_modules\\ts-node\\dist\\bin.js","C:\\Users\\USER\\Desktop\\lendQrApi\\src\\index.ts"],"cwd":"C:\\Users\\USER\\Desktop\\lendQrApi","execPath":"C:\\Program Files\\nodejs\\node.exe","gid":null,"memoryUsage":{"arrayBuffers":1973409,"external":3474811,"heapTotal":197287936,"heapUsed":166651272,"rss":233824256},"pid":16668,"uid":null,"version":"v18.7.0"},"stack":"TSError: ⨯ Unable to compile TypeScript:\n\u001b[96msrc/helpers/JwtHelper.ts\u001b[0m:\u001b[93m18\u001b[0m:\u001b[93m58\u001b[0m - \u001b[91merror\u001b[0m\u001b[90m TS2339: \u001b[0mProperty 'JWT_TOKEN_SECRET' does not exist on type '{ APP_PORT: string | number; SMTP_HOST: string | undefined; SMTP_PORT: string | undefined; SMTP_USER: string | undefined; SMTP_PASSWORD: string | undefined; DB_CLIENT: string | undefined; DB_HOST: string | undefined; DB_NAME: string | undefined; DB_PASSWORD: string | undefined; DB_USER: string | undefined; }'.\r\n\r\n\u001b[7m18\u001b[0m         if(!expiresIn) { return JWT.sign(payload, config.JWT_TOKEN_SECRET); }\r\n\u001b[7m  \u001b[0m \u001b[91m                                                         ~~~~~~~~~~~~~~~~\u001b[0m\r\n\u001b[96msrc/helpers/JwtHelper.ts\u001b[0m:\u001b[93m22\u001b[0m:\u001b[93m28\u001b[0m - \u001b[91merror\u001b[0m\u001b[90m TS2339: \u001b[0mProperty 'JWT_TOKEN_SECRET' does not exist on type '{ APP_PORT: string | number; SMTP_HOST: string | undefined; SMTP_PORT: string | undefined; SMTP_USER: string | undefined; SMTP_PASSWORD: string | undefined; DB_CLIENT: string | undefined; DB_HOST: string | undefined; DB_NAME: string | undefined; DB_PASSWORD: string | undefined; DB_USER: string | undefined; }'.\r\n\r\n\u001b[7m22\u001b[0m             <string>config.JWT_TOKEN_SECRET,\r\n\u001b[7m  \u001b[0m \u001b[91m                           ~~~~~~~~~~~~~~~~\u001b[0m\r\n\u001b[96msrc/helpers/JwtHelper.ts\u001b[0m:\u001b[93m37\u001b[0m:\u001b[93m24\u001b[0m - \u001b[91merror\u001b[0m\u001b[90m TS2339: \u001b[0mProperty 'JWT_TOKEN_SECRET' does not exist on type '{ APP_PORT: string | number; SMTP_HOST: string | undefined; SMTP_PORT: string | undefined; SMTP_USER: string | undefined; SMTP_PASSWORD: string | undefined; DB_CLIENT: string | undefined; DB_HOST: string | undefined; DB_NAME: string | undefined; DB_PASSWORD: string | undefined; DB_USER: string | undefined; }'.\r\n\r\n\u001b[7m37\u001b[0m                 config.JWT_TOKEN_SECRET\r\n\u001b[7m  \u001b[0m \u001b[91m                       ~~~~~~~~~~~~~~~~\u001b[0m\r\n\n    at createTSError (C:\\Users\\USER\\Desktop\\lendQrApi\\node_modules\\ts-node\\src\\index.ts:859:12)\n    at reportTSError (C:\\Users\\USER\\Desktop\\lendQrApi\\node_modules\\ts-node\\src\\index.ts:863:19)\n    at getOutput (C:\\Users\\USER\\Desktop\\lendQrApi\\node_modules\\ts-node\\src\\index.ts:1077:36)\n    at Object.compile (C:\\Users\\USER\\Desktop\\lendQrApi\\node_modules\\ts-node\\src\\index.ts:1433:41)\n    at Module.m._compile (C:\\Users\\USER\\Desktop\\lendQrApi\\node_modules\\ts-node\\src\\index.ts:1617:30)\n    at Module._extensions..js (node:internal/modules/cjs/loader:1174:10)\n    at Object.require.extensions.<computed> [as .ts] (C:\\Users\\USER\\Desktop\\lendQrApi\\node_modules\\ts-node\\src\\index.ts:1621:12)\n    at Module.load (node:internal/modules/cjs/loader:998:32)\n    at Function.Module._load (node:internal/modules/cjs/loader:839:12)\n    at Module.require (node:internal/modules/cjs/loader:1022:19)","trace":[{"column":12,"file":"C:\\Users\\USER\\Desktop\\lendQrApi\\node_modules\\ts-node\\src\\index.ts","function":"createTSError","line":859,"method":null,"native":false},{"column":19,"file":"C:\\Users\\USER\\Desktop\\lendQrApi\\node_modules\\ts-node\\src\\index.ts","function":"reportTSError","line":863,"method":null,"native":false},{"column":36,"file":"C:\\Users\\USER\\Desktop\\lendQrApi\\node_modules\\ts-node\\src\\index.ts","function":"getOutput","line":1077,"method":null,"native":false},{"column":41,"file":"C:\\Users\\USER\\Desktop\\lendQrApi\\node_modules\\ts-node\\src\\index.ts","function":"Object.compile","line":1433,"method":"compile","native":false},{"column":30,"file":"C:\\Users\\USER\\Desktop\\lendQrApi\\node_modules\\ts-node\\src\\index.ts","function":"Module.m._compile","line":1617,"method":"_compile","native":false},{"column":10,"file":"node:internal/modules/cjs/loader","function":"Module._extensions..js","line":1174,"method":".js","native":false},{"column":12,"file":"C:\\Users\\USER\\Desktop\\lendQrApi\\node_modules\\ts-node\\src\\index.ts","function":"Object.require.extensions.<computed> [as .ts]","line":1621,"method":"ts]","native":false},{"column":32,"file":"node:internal/modules/cjs/loader","function":"Module.load","line":998,"method":"load","native":false},{"column":12,"file":"node:internal/modules/cjs/loader","function":"Module._load","line":839,"method":"_load","native":false},{"column":19,"file":"node:internal/modules/cjs/loader","function":"Module.require","line":1022,"method":"require","native":false}]}
{"level":"info","message":"App now running on port 3001"}
{"level":"info","message":"App now running on port 3001"}
{"level":"info","message":"App now running on port 3001"}
{"level":"info","message":"App now running on port 3001"}
{"level":"info","message":"::1 - - [25/Nov/2022:05:23:55 +0000] \"POST /user/verify/phonenumber HTTP/1.1\" - - \"-\" \"PostmanRuntime/7.29.0\"\n"}
{"level":"info","message":"::1 - - [25/Nov/2022:05:24:21 +0000] \"POST /user/verify/phonenumber HTTP/1.1\" - - \"-\" \"PostmanRuntime/7.29.0\"\n"}
{"level":"info","message":"::1 - - [25/Nov/2022:05:24:38 +0000] \"POST /user/verify/phonenumber HTTP/1.1\" - - \"-\" \"PostmanRuntime/7.29.0\"\n"}
{"level":"info","message":"::1 - - [25/Nov/2022:05:24:53 +0000] \"POST /user/verify/phonenumber HTTP/1.1\" - - \"-\" \"PostmanRuntime/7.29.0\"\n"}
{"level":"info","message":"::1 - - [25/Nov/2022:05:25:07 +0000] \"POST /user/verify/phonenumber HTTP/1.1\" - - \"-\" \"PostmanRuntime/7.29.0\"\n"}
{"level":"info","message":"App now running on port 3001"}
{"level":"info","message":"::1 - - [25/Nov/2022:05:27:27 +0000] \"POST /user/verify/phonenumber HTTP/1.1\" 422 34 \"-\" \"PostmanRuntime/7.29.0\"\n"}
{"level":"info","message":"::1 - - [25/Nov/2022:05:27:41 +0000] \"POST /user/verify/phonenumber HTTP/1.1\" 422 34 \"-\" \"PostmanRuntime/7.29.0\"\n"}
{"level":"info","message":"App now running on port 3001"}
{"date":"Fri Nov 25 2022 11:07:31 GMT+0530 (India Standard Time)","error":{"diagnosticCodes":[2554]},"exception":true,"level":"error","message":"uncaughtException: ⨯ Unable to compile TypeScript:\n\u001b[96msrc/controllers/VerificationController.ts\u001b[0m:\u001b[93m43\u001b[0m:\u001b[93m99\u001b[0m - \u001b[91merror\u001b[0m\u001b[90m TS2554: \u001b[0mExpected 1 arguments, but got 2.\r\n\r\n\u001b[7m43\u001b[0m       const createdData = await VerificationService.createPhoneNumberForVerification(phoneNumber, userId)\r\n\u001b[7m  \u001b[0m \u001b[91m                                                                                                  ~~~~~~\u001b[0m\r\n\nTSError: ⨯ Unable to compile TypeScript:\n\u001b[96msrc/controllers/VerificationController.ts\u001b[0m:\u001b[93m43\u001b[0m:\u001b[93m99\u001b[0m - \u001b[91merror\u001b[0m\u001b[90m TS2554: \u001b[0mExpected 1 arguments, but got 2.\r\n\r\n\u001b[7m43\u001b[0m       const createdData = await VerificationService.createPhoneNumberForVerification(phoneNumber, userId)\r\n\u001b[7m  \u001b[0m \u001b[91m                                                                                                  ~~~~~~\u001b[0m\r\n\n    at createTSError (C:\\Users\\USER\\Desktop\\lendQrApi\\node_modules\\ts-node\\src\\index.ts:859:12)\n    at reportTSError (C:\\Users\\USER\\Desktop\\lendQrApi\\node_modules\\ts-node\\src\\index.ts:863:19)\n    at getOutput (C:\\Users\\USER\\Desktop\\lendQrApi\\node_modules\\ts-node\\src\\index.ts:1077:36)\n    at Object.compile (C:\\Users\\USER\\Desktop\\lendQrApi\\node_modules\\ts-node\\src\\index.ts:1433:41)\n    at Module.m._compile (C:\\Users\\USER\\Desktop\\lendQrApi\\node_modules\\ts-node\\src\\index.ts:1617:30)\n    at Module._extensions..js (node:internal/modules/cjs/loader:1174:10)\n    at Object.require.extensions.<computed> [as .ts] (C:\\Users\\USER\\Desktop\\lendQrApi\\node_modules\\ts-node\\src\\index.ts:1621:12)\n    at Module.load (node:internal/modules/cjs/loader:998:32)\n    at Function.Module._load (node:internal/modules/cjs/loader:839:12)\n    at Module.require (node:internal/modules/cjs/loader:1022:19)","os":{"loadavg":[0,0,0],"uptime":1088652},"process":{"argv":["C:\\Users\\USER\\Desktop\\lendQrApi\\node_modules\\ts-node\\dist\\bin.js","C:\\Users\\USER\\Desktop\\lendQrApi\\src\\index.ts"],"cwd":"C:\\Users\\USER\\Desktop\\lendQrApi","execPath":"C:\\Program Files\\nodejs\\node.exe","gid":null,"memoryUsage":{"arrayBuffers":2180620,"external":3681897,"heapTotal":210862080,"heapUsed":179418672,"rss":245227520},"pid":14924,"uid":null,"version":"v18.7.0"},"stack":"TSError: ⨯ Unable to compile TypeScript:\n\u001b[96msrc/controllers/VerificationController.ts\u001b[0m:\u001b[93m43\u001b[0m:\u001b[93m99\u001b[0m - \u001b[91merror\u001b[0m\u001b[90m TS2554: \u001b[0mExpected 1 arguments, but got 2.\r\n\r\n\u001b[7m43\u001b[0m       const createdData = await VerificationService.createPhoneNumberForVerification(phoneNumber, userId)\r\n\u001b[7m  \u001b[0m \u001b[91m                                                                                                  ~~~~~~\u001b[0m\r\n\n    at createTSError (C:\\Users\\USER\\Desktop\\lendQrApi\\node_modules\\ts-node\\src\\index.ts:859:12)\n    at reportTSError (C:\\Users\\USER\\Desktop\\lendQrApi\\node_modules\\ts-node\\src\\index.ts:863:19)\n    at getOutput (C:\\Users\\USER\\Desktop\\lendQrApi\\node_modules\\ts-node\\src\\index.ts:1077:36)\n    at Object.compile (C:\\Users\\USER\\Desktop\\lendQrApi\\node_modules\\ts-node\\src\\index.ts:1433:41)\n    at Module.m._compile (C:\\Users\\USER\\Desktop\\lendQrApi\\node_modules\\ts-node\\src\\index.ts:1617:30)\n    at Module._extensions..js (node:internal/modules/cjs/loader:1174:10)\n    at Object.require.extensions.<computed> [as .ts] (C:\\Users\\USER\\Desktop\\lendQrApi\\node_modules\\ts-node\\src\\index.ts:1621:12)\n    at Module.load (node:internal/modules/cjs/loader:998:32)\n    at Function.Module._load (node:internal/modules/cjs/loader:839:12)\n    at Module.require (node:internal/modules/cjs/loader:1022:19)","trace":[{"column":12,"file":"C:\\Users\\USER\\Desktop\\lendQrApi\\node_modules\\ts-node\\src\\index.ts","function":"createTSError","line":859,"method":null,"native":false},{"column":19,"file":"C:\\Users\\USER\\Desktop\\lendQrApi\\node_modules\\ts-node\\src\\index.ts","function":"reportTSError","line":863,"method":null,"native":false},{"column":36,"file":"C:\\Users\\USER\\Desktop\\lendQrApi\\node_modules\\ts-node\\src\\index.ts","function":"getOutput","line":1077,"method":null,"native":false},{"column":41,"file":"C:\\Users\\USER\\Desktop\\lendQrApi\\node_modules\\ts-node\\src\\index.ts","function":"Object.compile","line":1433,"method":"compile","native":false},{"column":30,"file":"C:\\Users\\USER\\Desktop\\lendQrApi\\node_modules\\ts-node\\src\\index.ts","function":"Module.m._compile","line":1617,"method":"_compile","native":false},{"column":10,"file":"node:internal/modules/cjs/loader","function":"Module._extensions..js","line":1174,"method":".js","native":false},{"column":12,"file":"C:\\Users\\USER\\Desktop\\lendQrApi\\node_modules\\ts-node\\src\\index.ts","function":"Object.require.extensions.<computed> [as .ts]","line":1621,"method":"ts]","native":false},{"column":32,"file":"node:internal/modules/cjs/loader","function":"Module.load","line":998,"method":"load","native":false},{"column":12,"file":"node:internal/modules/cjs/loader","function":"Module._load","line":839,"method":"_load","native":false},{"column":19,"file":"node:internal/modules/cjs/loader","function":"Module.require","line":1022,"method":"require","native":false}]}
{"date":"Fri Nov 25 2022 11:07:32 GMT+0530 (India Standard Time)","error":{"diagnosticCodes":[2554]},"exception":true,"level":"error","message":"uncaughtException: ⨯ Unable to compile TypeScript:\n\u001b[96msrc/controllers/VerificationController.ts\u001b[0m:\u001b[93m43\u001b[0m:\u001b[93m99\u001b[0m - \u001b[91merror\u001b[0m\u001b[90m TS2554: \u001b[0mExpected 1 arguments, but got 2.\r\n\r\n\u001b[7m43\u001b[0m       const createdData = await VerificationService.createPhoneNumberForVerification(phoneNumber, userId)\r\n\u001b[7m  \u001b[0m \u001b[91m                                                                                                  ~~~~~~\u001b[0m\r\n\nTSError: ⨯ Unable to compile TypeScript:\n\u001b[96msrc/controllers/VerificationController.ts\u001b[0m:\u001b[93m43\u001b[0m:\u001b[93m99\u001b[0m - \u001b[91merror\u001b[0m\u001b[90m TS2554: \u001b[0mExpected 1 arguments, but got 2.\r\n\r\n\u001b[7m43\u001b[0m       const createdData = await VerificationService.createPhoneNumberForVerification(phoneNumber, userId)\r\n\u001b[7m  \u001b[0m \u001b[91m                                                                                                  ~~~~~~\u001b[0m\r\n\n    at createTSError (C:\\Users\\USER\\Desktop\\lendQrApi\\node_modules\\ts-node\\src\\index.ts:859:12)\n    at reportTSError (C:\\Users\\USER\\Desktop\\lendQrApi\\node_modules\\ts-node\\src\\index.ts:863:19)\n    at getOutput (C:\\Users\\USER\\Desktop\\lendQrApi\\node_modules\\ts-node\\src\\index.ts:1077:36)\n    at Object.compile (C:\\Users\\USER\\Desktop\\lendQrApi\\node_modules\\ts-node\\src\\index.ts:1433:41)\n    at Module.m._compile (C:\\Users\\USER\\Desktop\\lendQrApi\\node_modules\\ts-node\\src\\index.ts:1617:30)\n    at Module._extensions..js (node:internal/modules/cjs/loader:1174:10)\n    at Object.require.extensions.<computed> [as .ts] (C:\\Users\\USER\\Desktop\\lendQrApi\\node_modules\\ts-node\\src\\index.ts:1621:12)\n    at Module.load (node:internal/modules/cjs/loader:998:32)\n    at Function.Module._load (node:internal/modules/cjs/loader:839:12)\n    at Module.require (node:internal/modules/cjs/loader:1022:19)","os":{"loadavg":[0,0,0],"uptime":1088652},"process":{"argv":["C:\\Users\\USER\\Desktop\\lendQrApi\\node_modules\\ts-node\\dist\\bin.js","C:\\Users\\USER\\Desktop\\lendQrApi\\src\\index.ts"],"cwd":"C:\\Users\\USER\\Desktop\\lendQrApi","execPath":"C:\\Program Files\\nodejs\\node.exe","gid":null,"memoryUsage":{"arrayBuffers":2186271,"external":3687588,"heapTotal":210862080,"heapUsed":179609232,"rss":245370880},"pid":14924,"uid":null,"version":"v18.7.0"},"stack":"TSError: ⨯ Unable to compile TypeScript:\n\u001b[96msrc/controllers/VerificationController.ts\u001b[0m:\u001b[93m43\u001b[0m:\u001b[93m99\u001b[0m - \u001b[91merror\u001b[0m\u001b[90m TS2554: \u001b[0mExpected 1 arguments, but got 2.\r\n\r\n\u001b[7m43\u001b[0m       const createdData = await VerificationService.createPhoneNumberForVerification(phoneNumber, userId)\r\n\u001b[7m  \u001b[0m \u001b[91m                                                                                                  ~~~~~~\u001b[0m\r\n\n    at createTSError (C:\\Users\\USER\\Desktop\\lendQrApi\\node_modules\\ts-node\\src\\index.ts:859:12)\n    at reportTSError (C:\\Users\\USER\\Desktop\\lendQrApi\\node_modules\\ts-node\\src\\index.ts:863:19)\n    at getOutput (C:\\Users\\USER\\Desktop\\lendQrApi\\node_modules\\ts-node\\src\\index.ts:1077:36)\n    at Object.compile (C:\\Users\\USER\\Desktop\\lendQrApi\\node_modules\\ts-node\\src\\index.ts:1433:41)\n    at Module.m._compile (C:\\Users\\USER\\Desktop\\lendQrApi\\node_modules\\ts-node\\src\\index.ts:1617:30)\n    at Module._extensions..js (node:internal/modules/cjs/loader:1174:10)\n    at Object.require.extensions.<computed> [as .ts] (C:\\Users\\USER\\Desktop\\lendQrApi\\node_modules\\ts-node\\src\\index.ts:1621:12)\n    at Module.load (node:internal/modules/cjs/loader:998:32)\n    at Function.Module._load (node:internal/modules/cjs/loader:839:12)\n    at Module.require (node:internal/modules/cjs/loader:1022:19)","trace":[{"column":12,"file":"C:\\Users\\USER\\Desktop\\lendQrApi\\node_modules\\ts-node\\src\\index.ts","function":"createTSError","line":859,"method":null,"native":false},{"column":19,"file":"C:\\Users\\USER\\Desktop\\lendQrApi\\node_modules\\ts-node\\src\\index.ts","function":"reportTSError","line":863,"method":null,"native":false},{"column":36,"file":"C:\\Users\\USER\\Desktop\\lendQrApi\\node_modules\\ts-node\\src\\index.ts","function":"getOutput","line":1077,"method":null,"native":false},{"column":41,"file":"C:\\Users\\USER\\Desktop\\lendQrApi\\node_modules\\ts-node\\src\\index.ts","function":"Object.compile","line":1433,"method":"compile","native":false},{"column":30,"file":"C:\\Users\\USER\\Desktop\\lendQrApi\\node_modules\\ts-node\\src\\index.ts","function":"Module.m._compile","line":1617,"method":"_compile","native":false},{"column":10,"file":"node:internal/modules/cjs/loader","function":"Module._extensions..js","line":1174,"method":".js","native":false},{"column":12,"file":"C:\\Users\\USER\\Desktop\\lendQrApi\\node_modules\\ts-node\\src\\index.ts","function":"Object.require.extensions.<computed> [as .ts]","line":1621,"method":"ts]","native":false},{"column":32,"file":"node:internal/modules/cjs/loader","function":"Module.load","line":998,"method":"load","native":false},{"column":12,"file":"node:internal/modules/cjs/loader","function":"Module._load","line":839,"method":"_load","native":false},{"column":19,"file":"node:internal/modules/cjs/loader","function":"Module.require","line":1022,"method":"require","native":false}]}
{"level":"info","message":"App now running on port 3001"}
{"level":"info","message":"::1 - - [25/Nov/2022:05:38:57 +0000] \"GET /users/profile HTTP/1.1\" 200 301 \"-\" \"PostmanRuntime/7.29.0\"\n"}
{"level":"info","message":"::1 - - [25/Nov/2022:05:39:29 +0000] \"POST /user/verify/phonenumber HTTP/1.1\" 422 34 \"-\" \"PostmanRuntime/7.29.0\"\n"}
{"level":"info","message":"::1 - - [25/Nov/2022:05:39:41 +0000] \"POST /user/verify/phonenumber HTTP/1.1\" 422 34 \"-\" \"PostmanRuntime/7.29.0\"\n"}
{"level":"info","message":"::1 - - [25/Nov/2022:05:39:58 +0000] \"POST /user/verify/phonenumber HTTP/1.1\" 422 34 \"-\" \"PostmanRuntime/7.29.0\"\n"}
{"level":"info","message":"App now running on port 3001"}
{"level":"info","message":"::1 - - [25/Nov/2022:05:44:01 +0000] \"POST /user/verify/phonenumber HTTP/1.1\" 422 34 \"-\" \"PostmanRuntime/7.29.0\"\n"}
{"level":"info","message":"App now running on port 3001"}
{"level":"info","message":"::1 - - [25/Nov/2022:05:45:50 +0000] \"POST /user/verify/phonenumber HTTP/1.1\" 422 34 \"-\" \"PostmanRuntime/7.29.0\"\n"}
{"level":"info","message":"App now running on port 3001"}
{"level":"info","message":"::1 - - [25/Nov/2022:05:48:12 +0000] \"POST /user/verify/phonenumber HTTP/1.1\" 201 73 \"-\" \"PostmanRuntime/7.29.0\"\n"}
{"level":"info","message":"::1 - - [25/Nov/2022:05:48:31 +0000] \"POST /user/verify/phonenumber HTTP/1.1\" 422 34 \"-\" \"PostmanRuntime/7.29.0\"\n"}
{"level":"info","message":"App now running on port 3001"}
{"level":"info","message":"::1 - - [25/Nov/2022:05:50:20 +0000] \"POST /user/verify/phonenumber HTTP/1.1\" 409 39 \"-\" \"PostmanRuntime/7.29.0\"\n"}
{"level":"info","message":"App now running on port 3001"}
{"level":"info","message":"::1 - - [25/Nov/2022:06:08:04 +0000] \"POST /user/verify/phonenumber HTTP/1.1\" 201 75 \"-\" \"PostmanRuntime/7.29.0\"\n"}
{"level":"info","message":"::1 - - [25/Nov/2022:06:08:14 +0000] \"POST /user/verify/phonenumber HTTP/1.1\" 201 75 \"-\" \"PostmanRuntime/7.29.0\"\n"}
{"level":"info","message":"::1 - - [25/Nov/2022:06:08:18 +0000] \"POST /user/verify/phonenumber HTTP/1.1\" 201 75 \"-\" \"PostmanRuntime/7.29.0\"\n"}
{"level":"info","message":"App now running on port 3001"}
{"level":"info","message":"App now running on port 3001"}
{"level":"info","message":"::1 - - [25/Nov/2022:06:16:04 +0000] \"POST /verify/email HTTP/1.1\" 201 78 \"-\" \"PostmanRuntime/7.29.0\"\n"}
{"level":"info","message":"App now running on port 3001"}
{"level":"info","message":"App now running on port 3001"}
{"level":"info","message":"App now running on port 3001"}
{"level":"info","message":"App now running on port 3001"}
{"level":"info","message":"App now running on port 3001"}
{"level":"info","message":"App now running on port 3001"}
{"level":"info","message":"App now running on port 3001"}
{"date":"Fri Nov 25 2022 12:46:15 GMT+0530 (India Standard Time)","error":{"diagnosticCodes":[2322]},"exception":true,"level":"error","message":"uncaughtException: ⨯ Unable to compile TypeScript:\n\u001b[96msrc/helpers/LoanPaydayCalculator.ts\u001b[0m:\u001b[93m20\u001b[0m:\u001b[93m9\u001b[0m - \u001b[91merror\u001b[0m\u001b[90m TS2322: \u001b[0mType 'string' is not assignable to type 'Date'.\r\n\r\n\u001b[7m20\u001b[0m         return calculatedDate\r\n\u001b[7m  \u001b[0m \u001b[91m        ~~~~~~~~~~~~~~~~~~~~~\u001b[0m\r\n\nTSError: ⨯ Unable to compile TypeScript:\n\u001b[96msrc/helpers/LoanPaydayCalculator.ts\u001b[0m:\u001b[93m20\u001b[0m:\u001b[93m9\u001b[0m - \u001b[91merror\u001b[0m\u001b[90m TS2322: \u001b[0mType 'string' is not assignable to type 'Date'.\r\n\r\n\u001b[7m20\u001b[0m         return calculatedDate\r\n\u001b[7m  \u001b[0m \u001b[91m        ~~~~~~~~~~~~~~~~~~~~~\u001b[0m\r\n\n    at createTSError (C:\\Users\\USER\\Desktop\\lendQrApi\\node_modules\\ts-node\\src\\index.ts:859:12)\n    at reportTSError (C:\\Users\\USER\\Desktop\\lendQrApi\\node_modules\\ts-node\\src\\index.ts:863:19)\n    at getOutput (C:\\Users\\USER\\Desktop\\lendQrApi\\node_modules\\ts-node\\src\\index.ts:1077:36)\n    at Object.compile (C:\\Users\\USER\\Desktop\\lendQrApi\\node_modules\\ts-node\\src\\index.ts:1433:41)\n    at Module.m._compile (C:\\Users\\USER\\Desktop\\lendQrApi\\node_modules\\ts-node\\src\\index.ts:1617:30)\n    at Module._extensions..js (node:internal/modules/cjs/loader:1174:10)\n    at Object.require.extensions.<computed> [as .ts] (C:\\Users\\USER\\Desktop\\lendQrApi\\node_modules\\ts-node\\src\\index.ts:1621:12)\n    at Module.load (node:internal/modules/cjs/loader:998:32)\n    at Function.Module._load (node:internal/modules/cjs/loader:839:12)\n    at Module.require (node:internal/modules/cjs/loader:1022:19)","os":{"loadavg":[0,0,0],"uptime":1094577},"process":{"argv":["C:\\Users\\USER\\Desktop\\lendQrApi\\node_modules\\ts-node\\dist\\bin.js","C:\\Users\\USER\\Desktop\\lendQrApi\\src\\index.ts"],"cwd":"C:\\Users\\USER\\Desktop\\lendQrApi","execPath":"C:\\Program Files\\nodejs\\node.exe","gid":null,"memoryUsage":{"arrayBuffers":2007686,"external":3508963,"heapTotal":212697088,"heapUsed":168409216,"rss":248590336},"pid":14716,"uid":null,"version":"v18.7.0"},"stack":"TSError: ⨯ Unable to compile TypeScript:\n\u001b[96msrc/helpers/LoanPaydayCalculator.ts\u001b[0m:\u001b[93m20\u001b[0m:\u001b[93m9\u001b[0m - \u001b[91merror\u001b[0m\u001b[90m TS2322: \u001b[0mType 'string' is not assignable to type 'Date'.\r\n\r\n\u001b[7m20\u001b[0m         return calculatedDate\r\n\u001b[7m  \u001b[0m \u001b[91m        ~~~~~~~~~~~~~~~~~~~~~\u001b[0m\r\n\n    at createTSError (C:\\Users\\USER\\Desktop\\lendQrApi\\node_modules\\ts-node\\src\\index.ts:859:12)\n    at reportTSError (C:\\Users\\USER\\Desktop\\lendQrApi\\node_modules\\ts-node\\src\\index.ts:863:19)\n    at getOutput (C:\\Users\\USER\\Desktop\\lendQrApi\\node_modules\\ts-node\\src\\index.ts:1077:36)\n    at Object.compile (C:\\Users\\USER\\Desktop\\lendQrApi\\node_modules\\ts-node\\src\\index.ts:1433:41)\n    at Module.m._compile (C:\\Users\\USER\\Desktop\\lendQrApi\\node_modules\\ts-node\\src\\index.ts:1617:30)\n    at Module._extensions..js (node:internal/modules/cjs/loader:1174:10)\n    at Object.require.extensions.<computed> [as .ts] (C:\\Users\\USER\\Desktop\\lendQrApi\\node_modules\\ts-node\\src\\index.ts:1621:12)\n    at Module.load (node:internal/modules/cjs/loader:998:32)\n    at Function.Module._load (node:internal/modules/cjs/loader:839:12)\n    at Module.require (node:internal/modules/cjs/loader:1022:19)","trace":[{"column":12,"file":"C:\\Users\\USER\\Desktop\\lendQrApi\\node_modules\\ts-node\\src\\index.ts","function":"createTSError","line":859,"method":null,"native":false},{"column":19,"file":"C:\\Users\\USER\\Desktop\\lendQrApi\\node_modules\\ts-node\\src\\index.ts","function":"reportTSError","line":863,"method":null,"native":false},{"column":36,"file":"C:\\Users\\USER\\Desktop\\lendQrApi\\node_modules\\ts-node\\src\\index.ts","function":"getOutput","line":1077,"method":null,"native":false},{"column":41,"file":"C:\\Users\\USER\\Desktop\\lendQrApi\\node_modules\\ts-node\\src\\index.ts","function":"Object.compile","line":1433,"method":"compile","native":false},{"column":30,"file":"C:\\Users\\USER\\Desktop\\lendQrApi\\node_modules\\ts-node\\src\\index.ts","function":"Module.m._compile","line":1617,"method":"_compile","native":false},{"column":10,"file":"node:internal/modules/cjs/loader","function":"Module._extensions..js","line":1174,"method":".js","native":false},{"column":12,"file":"C:\\Users\\USER\\Desktop\\lendQrApi\\node_modules\\ts-node\\src\\index.ts","function":"Object.require.extensions.<computed> [as .ts]","line":1621,"method":"ts]","native":false},{"column":32,"file":"node:internal/modules/cjs/loader","function":"Module.load","line":998,"method":"load","native":false},{"column":12,"file":"node:internal/modules/cjs/loader","function":"Module._load","line":839,"method":"_load","native":false},{"column":19,"file":"node:internal/modules/cjs/loader","function":"Module.require","line":1022,"method":"require","native":false}]}
{"date":"Fri Nov 25 2022 12:46:17 GMT+0530 (India Standard Time)","error":{"diagnosticCodes":[2322]},"exception":true,"level":"error","message":"uncaughtException: ⨯ Unable to compile TypeScript:\n\u001b[96msrc/helpers/LoanPaydayCalculator.ts\u001b[0m:\u001b[93m20\u001b[0m:\u001b[93m9\u001b[0m - \u001b[91merror\u001b[0m\u001b[90m TS2322: \u001b[0mType 'string' is not assignable to type 'Date'.\r\n\r\n\u001b[7m20\u001b[0m         return calculatedDate\r\n\u001b[7m  \u001b[0m \u001b[91m        ~~~~~~~~~~~~~~~~~~~~~\u001b[0m\r\n\nTSError: ⨯ Unable to compile TypeScript:\n\u001b[96msrc/helpers/LoanPaydayCalculator.ts\u001b[0m:\u001b[93m20\u001b[0m:\u001b[93m9\u001b[0m - \u001b[91merror\u001b[0m\u001b[90m TS2322: \u001b[0mType 'string' is not assignable to type 'Date'.\r\n\r\n\u001b[7m20\u001b[0m         return calculatedDate\r\n\u001b[7m  \u001b[0m \u001b[91m        ~~~~~~~~~~~~~~~~~~~~~\u001b[0m\r\n\n    at createTSError (C:\\Users\\USER\\Desktop\\lendQrApi\\node_modules\\ts-node\\src\\index.ts:859:12)\n    at reportTSError (C:\\Users\\USER\\Desktop\\lendQrApi\\node_modules\\ts-node\\src\\index.ts:863:19)\n    at getOutput (C:\\Users\\USER\\Desktop\\lendQrApi\\node_modules\\ts-node\\src\\index.ts:1077:36)\n    at Object.compile (C:\\Users\\USER\\Desktop\\lendQrApi\\node_modules\\ts-node\\src\\index.ts:1433:41)\n    at Module.m._compile (C:\\Users\\USER\\Desktop\\lendQrApi\\node_modules\\ts-node\\src\\index.ts:1617:30)\n    at Module._extensions..js (node:internal/modules/cjs/loader:1174:10)\n    at Object.require.extensions.<computed> [as .ts] (C:\\Users\\USER\\Desktop\\lendQrApi\\node_modules\\ts-node\\src\\index.ts:1621:12)\n    at Module.load (node:internal/modules/cjs/loader:998:32)\n    at Function.Module._load (node:internal/modules/cjs/loader:839:12)\n    at Module.require (node:internal/modules/cjs/loader:1022:19)","os":{"loadavg":[0,0,0],"uptime":1094577},"process":{"argv":["C:\\Users\\USER\\Desktop\\lendQrApi\\node_modules\\ts-node\\dist\\bin.js","C:\\Users\\USER\\Desktop\\lendQrApi\\src\\index.ts"],"cwd":"C:\\Users\\USER\\Desktop\\lendQrApi","execPath":"C:\\Program Files\\nodejs\\node.exe","gid":null,"memoryUsage":{"arrayBuffers":2012908,"external":3514225,"heapTotal":212697088,"heapUsed":168633968,"rss":249049088},"pid":14716,"uid":null,"version":"v18.7.0"},"stack":"TSError: ⨯ Unable to compile TypeScript:\n\u001b[96msrc/helpers/LoanPaydayCalculator.ts\u001b[0m:\u001b[93m20\u001b[0m:\u001b[93m9\u001b[0m - \u001b[91merror\u001b[0m\u001b[90m TS2322: \u001b[0mType 'string' is not assignable to type 'Date'.\r\n\r\n\u001b[7m20\u001b[0m         return calculatedDate\r\n\u001b[7m  \u001b[0m \u001b[91m        ~~~~~~~~~~~~~~~~~~~~~\u001b[0m\r\n\n    at createTSError (C:\\Users\\USER\\Desktop\\lendQrApi\\node_modules\\ts-node\\src\\index.ts:859:12)\n    at reportTSError (C:\\Users\\USER\\Desktop\\lendQrApi\\node_modules\\ts-node\\src\\index.ts:863:19)\n    at getOutput (C:\\Users\\USER\\Desktop\\lendQrApi\\node_modules\\ts-node\\src\\index.ts:1077:36)\n    at Object.compile (C:\\Users\\USER\\Desktop\\lendQrApi\\node_modules\\ts-node\\src\\index.ts:1433:41)\n    at Module.m._compile (C:\\Users\\USER\\Desktop\\lendQrApi\\node_modules\\ts-node\\src\\index.ts:1617:30)\n    at Module._extensions..js (node:internal/modules/cjs/loader:1174:10)\n    at Object.require.extensions.<computed> [as .ts] (C:\\Users\\USER\\Desktop\\lendQrApi\\node_modules\\ts-node\\src\\index.ts:1621:12)\n    at Module.load (node:internal/modules/cjs/loader:998:32)\n    at Function.Module._load (node:internal/modules/cjs/loader:839:12)\n    at Module.require (node:internal/modules/cjs/loader:1022:19)","trace":[{"column":12,"file":"C:\\Users\\USER\\Desktop\\lendQrApi\\node_modules\\ts-node\\src\\index.ts","function":"createTSError","line":859,"method":null,"native":false},{"column":19,"file":"C:\\Users\\USER\\Desktop\\lendQrApi\\node_modules\\ts-node\\src\\index.ts","function":"reportTSError","line":863,"method":null,"native":false},{"column":36,"file":"C:\\Users\\USER\\Desktop\\lendQrApi\\node_modules\\ts-node\\src\\index.ts","function":"getOutput","line":1077,"method":null,"native":false},{"column":41,"file":"C:\\Users\\USER\\Desktop\\lendQrApi\\node_modules\\ts-node\\src\\index.ts","function":"Object.compile","line":1433,"method":"compile","native":false},{"column":30,"file":"C:\\Users\\USER\\Desktop\\lendQrApi\\node_modules\\ts-node\\src\\index.ts","function":"Module.m._compile","line":1617,"method":"_compile","native":false},{"column":10,"file":"node:internal/modules/cjs/loader","function":"Module._extensions..js","line":1174,"method":".js","native":false},{"column":12,"file":"C:\\Users\\USER\\Desktop\\lendQrApi\\node_modules\\ts-node\\src\\index.ts","function":"Object.require.extensions.<computed> [as .ts]","line":1621,"method":"ts]","native":false},{"column":32,"file":"node:internal/modules/cjs/loader","function":"Module.load","line":998,"method":"load","native":false},{"column":12,"file":"node:internal/modules/cjs/loader","function":"Module._load","line":839,"method":"_load","native":false},{"column":19,"file":"node:internal/modules/cjs/loader","function":"Module.require","line":1022,"method":"require","native":false}]}
{"level":"info","message":"App now running on port 3001"}
{"level":"info","message":"App now running on port 3001"}
{"level":"info","message":"App now running on port 3001"}
{"level":"info","message":"App now running on port 3001"}
{"level":"info","message":"App now running on port 3001"}
{"level":"info","message":"App now running on port 3001"}
{"level":"info","message":"App now running on port 3001"}
{"level":"info","message":"App now running on port 3001"}
{"level":"info","message":"App now running on port 3001"}
{"level":"info","message":"App now running on port 3001"}
{"level":"info","message":"App now running on port 3001"}
{"level":"info","message":"App now running on port 3001"}
{"level":"info","message":"App now running on port 3001"}
{"level":"info","message":"App now running on port 3001"}
{"level":"info","message":"App now running on port 3001"}
{"level":"info","message":"App now running on port 3001"}
{"level":"info","message":"App now running on port 3001"}
{"level":"info","message":"App now running on port 3001"}
{"level":"info","message":"App now running on port 3001"}
{"level":"info","message":"App now running on port 3001"}
{"date":"Fri Nov 25 2022 14:44:03 GMT+0530 (India Standard Time)","error":{},"exception":true,"level":"error","message":"uncaughtException: Cannot read properties of undefined (reading 'client')\nTypeError: Cannot read properties of undefined (reading 'client')\n    at resolveConfig (C:\\Users\\USER\\Desktop\\lendQrApi\\node_modules\\knex\\lib\\knex-builder\\internal\\config-resolver.js:20:20)\n    at knex (C:\\Users\\USER\\Desktop\\lendQrApi\\node_modules\\knex\\lib\\knex-builder\\Knex.js:14:39)\n    at Object.<anonymous> (C:\\Users\\USER\\Desktop\\lendQrApi\\src\\database\\config\\index.ts:3:27)\n    at Module._compile (node:internal/modules/cjs/loader:1120:14)\n    at Module.m._compile (C:\\Users\\USER\\Desktop\\lendQrApi\\node_modules\\ts-node\\src\\index.ts:1618:23)\n    at Module._extensions..js (node:internal/modules/cjs/loader:1174:10)\n    at Object.require.extensions.<computed> [as .ts] (C:\\Users\\USER\\Desktop\\lendQrApi\\node_modules\\ts-node\\src\\index.ts:1621:12)\n    at Module.load (node:internal/modules/cjs/loader:998:32)\n    at Function.Module._load (node:internal/modules/cjs/loader:839:12)\n    at Module.require (node:internal/modules/cjs/loader:1022:19)","os":{"loadavg":[0,0,0],"uptime":1101645},"process":{"argv":["C:\\Users\\USER\\Desktop\\lendQrApi\\node_modules\\ts-node\\dist\\bin.js","C:\\Users\\USER\\Desktop\\lendQrApi\\src\\index.ts"],"cwd":"C:\\Users\\USER\\Desktop\\lendQrApi","execPath":"C:\\Program Files\\nodejs\\node.exe","gid":null,"memoryUsage":{"arrayBuffers":2548819,"external":4050096,"heapTotal":190472192,"heapUsed":169169728,"rss":226406400},"pid":16460,"uid":null,"version":"v18.7.0"},"stack":"TypeError: Cannot read properties of undefined (reading 'client')\n    at resolveConfig (C:\\Users\\USER\\Desktop\\lendQrApi\\node_modules\\knex\\lib\\knex-builder\\internal\\config-resolver.js:20:20)\n    at knex (C:\\Users\\USER\\Desktop\\lendQrApi\\node_modules\\knex\\lib\\knex-builder\\Knex.js:14:39)\n    at Object.<anonymous> (C:\\Users\\USER\\Desktop\\lendQrApi\\src\\database\\config\\index.ts:3:27)\n    at Module._compile (node:internal/modules/cjs/loader:1120:14)\n    at Module.m._compile (C:\\Users\\USER\\Desktop\\lendQrApi\\node_modules\\ts-node\\src\\index.ts:1618:23)\n    at Module._extensions..js (node:internal/modules/cjs/loader:1174:10)\n    at Object.require.extensions.<computed> [as .ts] (C:\\Users\\USER\\Desktop\\lendQrApi\\node_modules\\ts-node\\src\\index.ts:1621:12)\n    at Module.load (node:internal/modules/cjs/loader:998:32)\n    at Function.Module._load (node:internal/modules/cjs/loader:839:12)\n    at Module.require (node:internal/modules/cjs/loader:1022:19)","trace":[{"column":20,"file":"C:\\Users\\USER\\Desktop\\lendQrApi\\node_modules\\knex\\lib\\knex-builder\\internal\\config-resolver.js","function":"resolveConfig","line":20,"method":null,"native":false},{"column":39,"file":"C:\\Users\\USER\\Desktop\\lendQrApi\\node_modules\\knex\\lib\\knex-builder\\Knex.js","function":"knex","line":14,"method":null,"native":false},{"column":27,"file":"C:\\Users\\USER\\Desktop\\lendQrApi\\src\\database\\config\\index.ts","function":null,"line":3,"method":null,"native":false},{"column":14,"file":"node:internal/modules/cjs/loader","function":"Module._compile","line":1120,"method":"_compile","native":false},{"column":23,"file":"C:\\Users\\USER\\Desktop\\lendQrApi\\node_modules\\ts-node\\src\\index.ts","function":"Module.m._compile","line":1618,"method":"_compile","native":false},{"column":10,"file":"node:internal/modules/cjs/loader","function":"Module._extensions..js","line":1174,"method":".js","native":false},{"column":12,"file":"C:\\Users\\USER\\Desktop\\lendQrApi\\node_modules\\ts-node\\src\\index.ts","function":"Object.require.extensions.<computed> [as .ts]","line":1621,"method":"ts]","native":false},{"column":32,"file":"node:internal/modules/cjs/loader","function":"Module.load","line":998,"method":"load","native":false},{"column":12,"file":"node:internal/modules/cjs/loader","function":"Module._load","line":839,"method":"_load","native":false},{"column":19,"file":"node:internal/modules/cjs/loader","function":"Module.require","line":1022,"method":"require","native":false}]}
{"date":"Fri Nov 25 2022 14:44:05 GMT+0530 (India Standard Time)","error":{},"exception":true,"level":"error","message":"uncaughtException: Cannot read properties of undefined (reading 'client')\nTypeError: Cannot read properties of undefined (reading 'client')\n    at resolveConfig (C:\\Users\\USER\\Desktop\\lendQrApi\\node_modules\\knex\\lib\\knex-builder\\internal\\config-resolver.js:20:20)\n    at knex (C:\\Users\\USER\\Desktop\\lendQrApi\\node_modules\\knex\\lib\\knex-builder\\Knex.js:14:39)\n    at Object.<anonymous> (C:\\Users\\USER\\Desktop\\lendQrApi\\src\\database\\config\\index.ts:3:27)\n    at Module._compile (node:internal/modules/cjs/loader:1120:14)\n    at Module.m._compile (C:\\Users\\USER\\Desktop\\lendQrApi\\node_modules\\ts-node\\src\\index.ts:1618:23)\n    at Module._extensions..js (node:internal/modules/cjs/loader:1174:10)\n    at Object.require.extensions.<computed> [as .ts] (C:\\Users\\USER\\Desktop\\lendQrApi\\node_modules\\ts-node\\src\\index.ts:1621:12)\n    at Module.load (node:internal/modules/cjs/loader:998:32)\n    at Function.Module._load (node:internal/modules/cjs/loader:839:12)\n    at Module.require (node:internal/modules/cjs/loader:1022:19)","os":{"loadavg":[0,0,0],"uptime":1101645},"process":{"argv":["C:\\Users\\USER\\Desktop\\lendQrApi\\node_modules\\ts-node\\dist\\bin.js","C:\\Users\\USER\\Desktop\\lendQrApi\\src\\index.ts"],"cwd":"C:\\Users\\USER\\Desktop\\lendQrApi","execPath":"C:\\Program Files\\nodejs\\node.exe","gid":null,"memoryUsage":{"arrayBuffers":2553034,"external":4054351,"heapTotal":190734336,"heapUsed":169480728,"rss":226619392},"pid":16460,"uid":null,"version":"v18.7.0"},"stack":"TypeError: Cannot read properties of undefined (reading 'client')\n    at resolveConfig (C:\\Users\\USER\\Desktop\\lendQrApi\\node_modules\\knex\\lib\\knex-builder\\internal\\config-resolver.js:20:20)\n    at knex (C:\\Users\\USER\\Desktop\\lendQrApi\\node_modules\\knex\\lib\\knex-builder\\Knex.js:14:39)\n    at Object.<anonymous> (C:\\Users\\USER\\Desktop\\lendQrApi\\src\\database\\config\\index.ts:3:27)\n    at Module._compile (node:internal/modules/cjs/loader:1120:14)\n    at Module.m._compile (C:\\Users\\USER\\Desktop\\lendQrApi\\node_modules\\ts-node\\src\\index.ts:1618:23)\n    at Module._extensions..js (node:internal/modules/cjs/loader:1174:10)\n    at Object.require.extensions.<computed> [as .ts] (C:\\Users\\USER\\Desktop\\lendQrApi\\node_modules\\ts-node\\src\\index.ts:1621:12)\n    at Module.load (node:internal/modules/cjs/loader:998:32)\n    at Function.Module._load (node:internal/modules/cjs/loader:839:12)\n    at Module.require (node:internal/modules/cjs/loader:1022:19)","trace":[{"column":20,"file":"C:\\Users\\USER\\Desktop\\lendQrApi\\node_modules\\knex\\lib\\knex-builder\\internal\\config-resolver.js","function":"resolveConfig","line":20,"method":null,"native":false},{"column":39,"file":"C:\\Users\\USER\\Desktop\\lendQrApi\\node_modules\\knex\\lib\\knex-builder\\Knex.js","function":"knex","line":14,"method":null,"native":false},{"column":27,"file":"C:\\Users\\USER\\Desktop\\lendQrApi\\src\\database\\config\\index.ts","function":null,"line":3,"method":null,"native":false},{"column":14,"file":"node:internal/modules/cjs/loader","function":"Module._compile","line":1120,"method":"_compile","native":false},{"column":23,"file":"C:\\Users\\USER\\Desktop\\lendQrApi\\node_modules\\ts-node\\src\\index.ts","function":"Module.m._compile","line":1618,"method":"_compile","native":false},{"column":10,"file":"node:internal/modules/cjs/loader","function":"Module._extensions..js","line":1174,"method":".js","native":false},{"column":12,"file":"C:\\Users\\USER\\Desktop\\lendQrApi\\node_modules\\ts-node\\src\\index.ts","function":"Object.require.extensions.<computed> [as .ts]","line":1621,"method":"ts]","native":false},{"column":32,"file":"node:internal/modules/cjs/loader","function":"Module.load","line":998,"method":"load","native":false},{"column":12,"file":"node:internal/modules/cjs/loader","function":"Module._load","line":839,"method":"_load","native":false},{"column":19,"file":"node:internal/modules/cjs/loader","function":"Module.require","line":1022,"method":"require","native":false}]}
{"date":"Fri Nov 25 2022 14:49:24 GMT+0530 (India Standard Time)","error":{},"exception":true,"level":"error","message":"uncaughtException: Knex: run\n$ npm install sqlite3 --save\nCannot find module 'sqlite3'\nRequire stack:\n- C:\\Users\\USER\\Desktop\\lendQrApi\\node_modules\\knex\\lib\\dialects\\sqlite3\\index.js\n- C:\\Users\\USER\\Desktop\\lendQrApi\\node_modules\\knex\\lib\\dialects\\index.js\n- C:\\Users\\USER\\Desktop\\lendQrApi\\node_modules\\knex\\lib\\knex-builder\\internal\\config-resolver.js\n- C:\\Users\\USER\\Desktop\\lendQrApi\\node_modules\\knex\\lib\\knex-builder\\Knex.js\n- C:\\Users\\USER\\Desktop\\lendQrApi\\node_modules\\knex\\lib\\index.js\n- C:\\Users\\USER\\Desktop\\lendQrApi\\node_modules\\knex\\knex.js\n- C:\\Users\\USER\\Desktop\\lendQrApi\\src\\database\\config\\index.ts\n- C:\\Users\\USER\\Desktop\\lendQrApi\\src\\services\\UserService.ts\n- C:\\Users\\USER\\Desktop\\lendQrApi\\src\\controllers\\UserController.ts\n- C:\\Users\\USER\\Desktop\\lendQrApi\\src\\routes\\User.ts\n- C:\\Users\\USER\\Desktop\\lendQrApi\\src\\routes\\index.ts\n- C:\\Users\\USER\\Desktop\\lendQrApi\\src\\app.ts\n- C:\\Users\\USER\\Desktop\\lendQrApi\\src\\index.ts\nError: Knex: run\n$ npm install sqlite3 --save\nCannot find module 'sqlite3'\nRequire stack:\n- C:\\Users\\USER\\Desktop\\lendQrApi\\node_modules\\knex\\lib\\dialects\\sqlite3\\index.js\n- C:\\Users\\USER\\Desktop\\lendQrApi\\node_modules\\knex\\lib\\dialects\\index.js\n- C:\\Users\\USER\\Desktop\\lendQrApi\\node_modules\\knex\\lib\\knex-builder\\internal\\config-resolver.js\n- C:\\Users\\USER\\Desktop\\lendQrApi\\node_modules\\knex\\lib\\knex-builder\\Knex.js\n- C:\\Users\\USER\\Desktop\\lendQrApi\\node_modules\\knex\\lib\\index.js\n- C:\\Users\\USER\\Desktop\\lendQrApi\\node_modules\\knex\\knex.js\n- C:\\Users\\USER\\Desktop\\lendQrApi\\src\\database\\config\\index.ts\n- C:\\Users\\USER\\Desktop\\lendQrApi\\src\\services\\UserService.ts\n- C:\\Users\\USER\\Desktop\\lendQrApi\\src\\controllers\\UserController.ts\n- C:\\Users\\USER\\Desktop\\lendQrApi\\src\\routes\\User.ts\n- C:\\Users\\USER\\Desktop\\lendQrApi\\src\\routes\\index.ts\n- C:\\Users\\USER\\Desktop\\lendQrApi\\src\\app.ts\n- C:\\Users\\USER\\Desktop\\lendQrApi\\src\\index.ts\n    at Client_SQLite3.initializeDriver (C:\\Users\\USER\\Desktop\\lendQrApi\\node_modules\\knex\\lib\\client.js:194:13)\n    at new Client (C:\\Users\\USER\\Desktop\\lendQrApi\\node_modules\\knex\\lib\\client.js:75:12)\n    at new Client_SQLite3 (C:\\Users\\USER\\Desktop\\lendQrApi\\node_modules\\knex\\lib\\dialects\\sqlite3\\index.js:22:5)\n    at knex (C:\\Users\\USER\\Desktop\\lendQrApi\\node_modules\\knex\\lib\\knex-builder\\Knex.js:16:28)\n    at Object.<anonymous> (C:\\Users\\USER\\Desktop\\lendQrApi\\src\\database\\config\\index.ts:3:27)\n    at Module._compile (node:internal/modules/cjs/loader:1120:14)\n    at Module.m._compile (C:\\Users\\USER\\Desktop\\lendQrApi\\node_modules\\ts-node\\src\\index.ts:1618:23)\n    at Module._extensions..js (node:internal/modules/cjs/loader:1174:10)\n    at Object.require.extensions.<computed> [as .ts] (C:\\Users\\USER\\Desktop\\lendQrApi\\node_modules\\ts-node\\src\\index.ts:1621:12)\n    at Module.load (node:internal/modules/cjs/loader:998:32)","os":{"loadavg":[0,0,0],"uptime":1101965},"process":{"argv":["C:\\Users\\USER\\Desktop\\lendQrApi\\node_modules\\ts-node\\dist\\bin.js","C:\\Users\\USER\\Desktop\\lendQrApi\\src\\index.ts"],"cwd":"C:\\Users\\USER\\Desktop\\lendQrApi","execPath":"C:\\Program Files\\nodejs\\node.exe","gid":null,"memoryUsage":{"arrayBuffers":2586958,"external":4088235,"heapTotal":189161472,"heapUsed":164517248,"rss":223219712},"pid":13536,"uid":null,"version":"v18.7.0"},"stack":"Error: Knex: run\n$ npm install sqlite3 --save\nCannot find module 'sqlite3'\nRequire stack:\n- C:\\Users\\USER\\Desktop\\lendQrApi\\node_modules\\knex\\lib\\dialects\\sqlite3\\index.js\n- C:\\Users\\USER\\Desktop\\lendQrApi\\node_modules\\knex\\lib\\dialects\\index.js\n- C:\\Users\\USER\\Desktop\\lendQrApi\\node_modules\\knex\\lib\\knex-builder\\internal\\config-resolver.js\n- C:\\Users\\USER\\Desktop\\lendQrApi\\node_modules\\knex\\lib\\knex-builder\\Knex.js\n- C:\\Users\\USER\\Desktop\\lendQrApi\\node_modules\\knex\\lib\\index.js\n- C:\\Users\\USER\\Desktop\\lendQrApi\\node_modules\\knex\\knex.js\n- C:\\Users\\USER\\Desktop\\lendQrApi\\src\\database\\config\\index.ts\n- C:\\Users\\USER\\Desktop\\lendQrApi\\src\\services\\UserService.ts\n- C:\\Users\\USER\\Desktop\\lendQrApi\\src\\controllers\\UserController.ts\n- C:\\Users\\USER\\Desktop\\lendQrApi\\src\\routes\\User.ts\n- C:\\Users\\USER\\Desktop\\lendQrApi\\src\\routes\\index.ts\n- C:\\Users\\USER\\Desktop\\lendQrApi\\src\\app.ts\n- C:\\Users\\USER\\Desktop\\lendQrApi\\src\\index.ts\n    at Client_SQLite3.initializeDriver (C:\\Users\\USER\\Desktop\\lendQrApi\\node_modules\\knex\\lib\\client.js:194:13)\n    at new Client (C:\\Users\\USER\\Desktop\\lendQrApi\\node_modules\\knex\\lib\\client.js:75:12)\n    at new Client_SQLite3 (C:\\Users\\USER\\Desktop\\lendQrApi\\node_modules\\knex\\lib\\dialects\\sqlite3\\index.js:22:5)\n    at knex (C:\\Users\\USER\\Desktop\\lendQrApi\\node_modules\\knex\\lib\\knex-builder\\Knex.js:16:28)\n    at Object.<anonymous> (C:\\Users\\USER\\Desktop\\lendQrApi\\src\\database\\config\\index.ts:3:27)\n    at Module._compile (node:internal/modules/cjs/loader:1120:14)\n    at Module.m._compile (C:\\Users\\USER\\Desktop\\lendQrApi\\node_modules\\ts-node\\src\\index.ts:1618:23)\n    at Module._extensions..js (node:internal/modules/cjs/loader:1174:10)\n    at Object.require.extensions.<computed> [as .ts] (C:\\Users\\USER\\Desktop\\lendQrApi\\node_modules\\ts-node\\src\\index.ts:1621:12)\n    at Module.load (node:internal/modules/cjs/loader:998:32)","trace":[{"column":13,"file":"C:\\Users\\USER\\Desktop\\lendQrApi\\node_modules\\knex\\lib\\client.js","function":"Client_SQLite3.initializeDriver","line":194,"method":"initializeDriver","native":false},{"column":12,"file":"C:\\Users\\USER\\Desktop\\lendQrApi\\node_modules\\knex\\lib\\client.js","function":"new Client","line":75,"method":null,"native":false},{"column":5,"file":"C:\\Users\\USER\\Desktop\\lendQrApi\\node_modules\\knex\\lib\\dialects\\sqlite3\\index.js","function":"new Client_SQLite3","line":22,"method":null,"native":false},{"column":28,"file":"C:\\Users\\USER\\Desktop\\lendQrApi\\node_modules\\knex\\lib\\knex-builder\\Knex.js","function":"knex","line":16,"method":null,"native":false},{"column":27,"file":"C:\\Users\\USER\\Desktop\\lendQrApi\\src\\database\\config\\index.ts","function":null,"line":3,"method":null,"native":false},{"column":14,"file":"node:internal/modules/cjs/loader","function":"Module._compile","line":1120,"method":"_compile","native":false},{"column":23,"file":"C:\\Users\\USER\\Desktop\\lendQrApi\\node_modules\\ts-node\\src\\index.ts","function":"Module.m._compile","line":1618,"method":"_compile","native":false},{"column":10,"file":"node:internal/modules/cjs/loader","function":"Module._extensions..js","line":1174,"method":".js","native":false},{"column":12,"file":"C:\\Users\\USER\\Desktop\\lendQrApi\\node_modules\\ts-node\\src\\index.ts","function":"Object.require.extensions.<computed> [as .ts]","line":1621,"method":"ts]","native":false},{"column":32,"file":"node:internal/modules/cjs/loader","function":"Module.load","line":998,"method":"load","native":false}]}
{"date":"Fri Nov 25 2022 14:49:24 GMT+0530 (India Standard Time)","error":{},"exception":true,"level":"error","message":"uncaughtException: Knex: run\n$ npm install sqlite3 --save\nCannot find module 'sqlite3'\nRequire stack:\n- C:\\Users\\USER\\Desktop\\lendQrApi\\node_modules\\knex\\lib\\dialects\\sqlite3\\index.js\n- C:\\Users\\USER\\Desktop\\lendQrApi\\node_modules\\knex\\lib\\dialects\\index.js\n- C:\\Users\\USER\\Desktop\\lendQrApi\\node_modules\\knex\\lib\\knex-builder\\internal\\config-resolver.js\n- C:\\Users\\USER\\Desktop\\lendQrApi\\node_modules\\knex\\lib\\knex-builder\\Knex.js\n- C:\\Users\\USER\\Desktop\\lendQrApi\\node_modules\\knex\\lib\\index.js\n- C:\\Users\\USER\\Desktop\\lendQrApi\\node_modules\\knex\\knex.js\n- C:\\Users\\USER\\Desktop\\lendQrApi\\src\\database\\config\\index.ts\n- C:\\Users\\USER\\Desktop\\lendQrApi\\src\\services\\UserService.ts\n- C:\\Users\\USER\\Desktop\\lendQrApi\\src\\controllers\\UserController.ts\n- C:\\Users\\USER\\Desktop\\lendQrApi\\src\\routes\\User.ts\n- C:\\Users\\USER\\Desktop\\lendQrApi\\src\\routes\\index.ts\n- C:\\Users\\USER\\Desktop\\lendQrApi\\src\\app.ts\n- C:\\Users\\USER\\Desktop\\lendQrApi\\src\\index.ts\nError: Knex: run\n$ npm install sqlite3 --save\nCannot find module 'sqlite3'\nRequire stack:\n- C:\\Users\\USER\\Desktop\\lendQrApi\\node_modules\\knex\\lib\\dialects\\sqlite3\\index.js\n- C:\\Users\\USER\\Desktop\\lendQrApi\\node_modules\\knex\\lib\\dialects\\index.js\n- C:\\Users\\USER\\Desktop\\lendQrApi\\node_modules\\knex\\lib\\knex-builder\\internal\\config-resolver.js\n- C:\\Users\\USER\\Desktop\\lendQrApi\\node_modules\\knex\\lib\\knex-builder\\Knex.js\n- C:\\Users\\USER\\Desktop\\lendQrApi\\node_modules\\knex\\lib\\index.js\n- C:\\Users\\USER\\Desktop\\lendQrApi\\node_modules\\knex\\knex.js\n- C:\\Users\\USER\\Desktop\\lendQrApi\\src\\database\\config\\index.ts\n- C:\\Users\\USER\\Desktop\\lendQrApi\\src\\services\\UserService.ts\n- C:\\Users\\USER\\Desktop\\lendQrApi\\src\\controllers\\UserController.ts\n- C:\\Users\\USER\\Desktop\\lendQrApi\\src\\routes\\User.ts\n- C:\\Users\\USER\\Desktop\\lendQrApi\\src\\routes\\index.ts\n- C:\\Users\\USER\\Desktop\\lendQrApi\\src\\app.ts\n- C:\\Users\\USER\\Desktop\\lendQrApi\\src\\index.ts\n    at Client_SQLite3.initializeDriver (C:\\Users\\USER\\Desktop\\lendQrApi\\node_modules\\knex\\lib\\client.js:194:13)\n    at new Client (C:\\Users\\USER\\Desktop\\lendQrApi\\node_modules\\knex\\lib\\client.js:75:12)\n    at new Client_SQLite3 (C:\\Users\\USER\\Desktop\\lendQrApi\\node_modules\\knex\\lib\\dialects\\sqlite3\\index.js:22:5)\n    at knex (C:\\Users\\USER\\Desktop\\lendQrApi\\node_modules\\knex\\lib\\knex-builder\\Knex.js:16:28)\n    at Object.<anonymous> (C:\\Users\\USER\\Desktop\\lendQrApi\\src\\database\\config\\index.ts:3:27)\n    at Module._compile (node:internal/modules/cjs/loader:1120:14)\n    at Module.m._compile (C:\\Users\\USER\\Desktop\\lendQrApi\\node_modules\\ts-node\\src\\index.ts:1618:23)\n    at Module._extensions..js (node:internal/modules/cjs/loader:1174:10)\n    at Object.require.extensions.<computed> [as .ts] (C:\\Users\\USER\\Desktop\\lendQrApi\\node_modules\\ts-node\\src\\index.ts:1621:12)\n    at Module.load (node:internal/modules/cjs/loader:998:32)","os":{"loadavg":[0,0,0],"uptime":1101965},"process":{"argv":["C:\\Users\\USER\\Desktop\\lendQrApi\\node_modules\\ts-node\\dist\\bin.js","C:\\Users\\USER\\Desktop\\lendQrApi\\src\\index.ts"],"cwd":"C:\\Users\\USER\\Desktop\\lendQrApi","execPath":"C:\\Program Files\\nodejs\\node.exe","gid":null,"memoryUsage":{"arrayBuffers":2594369,"external":4095686,"heapTotal":189161472,"heapUsed":164614016,"rss":223424512},"pid":13536,"uid":null,"version":"v18.7.0"},"stack":"Error: Knex: run\n$ npm install sqlite3 --save\nCannot find module 'sqlite3'\nRequire stack:\n- C:\\Users\\USER\\Desktop\\lendQrApi\\node_modules\\knex\\lib\\dialects\\sqlite3\\index.js\n- C:\\Users\\USER\\Desktop\\lendQrApi\\node_modules\\knex\\lib\\dialects\\index.js\n- C:\\Users\\USER\\Desktop\\lendQrApi\\node_modules\\knex\\lib\\knex-builder\\internal\\config-resolver.js\n- C:\\Users\\USER\\Desktop\\lendQrApi\\node_modules\\knex\\lib\\knex-builder\\Knex.js\n- C:\\Users\\USER\\Desktop\\lendQrApi\\node_modules\\knex\\lib\\index.js\n- C:\\Users\\USER\\Desktop\\lendQrApi\\node_modules\\knex\\knex.js\n- C:\\Users\\USER\\Desktop\\lendQrApi\\src\\database\\config\\index.ts\n- C:\\Users\\USER\\Desktop\\lendQrApi\\src\\services\\UserService.ts\n- C:\\Users\\USER\\Desktop\\lendQrApi\\src\\controllers\\UserController.ts\n- C:\\Users\\USER\\Desktop\\lendQrApi\\src\\routes\\User.ts\n- C:\\Users\\USER\\Desktop\\lendQrApi\\src\\routes\\index.ts\n- C:\\Users\\USER\\Desktop\\lendQrApi\\src\\app.ts\n- C:\\Users\\USER\\Desktop\\lendQrApi\\src\\index.ts\n    at Client_SQLite3.initializeDriver (C:\\Users\\USER\\Desktop\\lendQrApi\\node_modules\\knex\\lib\\client.js:194:13)\n    at new Client (C:\\Users\\USER\\Desktop\\lendQrApi\\node_modules\\knex\\lib\\client.js:75:12)\n    at new Client_SQLite3 (C:\\Users\\USER\\Desktop\\lendQrApi\\node_modules\\knex\\lib\\dialects\\sqlite3\\index.js:22:5)\n    at knex (C:\\Users\\USER\\Desktop\\lendQrApi\\node_modules\\knex\\lib\\knex-builder\\Knex.js:16:28)\n    at Object.<anonymous> (C:\\Users\\USER\\Desktop\\lendQrApi\\src\\database\\config\\index.ts:3:27)\n    at Module._compile (node:internal/modules/cjs/loader:1120:14)\n    at Module.m._compile (C:\\Users\\USER\\Desktop\\lendQrApi\\node_modules\\ts-node\\src\\index.ts:1618:23)\n    at Module._extensions..js (node:internal/modules/cjs/loader:1174:10)\n    at Object.require.extensions.<computed> [as .ts] (C:\\Users\\USER\\Desktop\\lendQrApi\\node_modules\\ts-node\\src\\index.ts:1621:12)\n    at Module.load (node:internal/modules/cjs/loader:998:32)","trace":[{"column":13,"file":"C:\\Users\\USER\\Desktop\\lendQrApi\\node_modules\\knex\\lib\\client.js","function":"Client_SQLite3.initializeDriver","line":194,"method":"initializeDriver","native":false},{"column":12,"file":"C:\\Users\\USER\\Desktop\\lendQrApi\\node_modules\\knex\\lib\\client.js","function":"new Client","line":75,"method":null,"native":false},{"column":5,"file":"C:\\Users\\USER\\Desktop\\lendQrApi\\node_modules\\knex\\lib\\dialects\\sqlite3\\index.js","function":"new Client_SQLite3","line":22,"method":null,"native":false},{"column":28,"file":"C:\\Users\\USER\\Desktop\\lendQrApi\\node_modules\\knex\\lib\\knex-builder\\Knex.js","function":"knex","line":16,"method":null,"native":false},{"column":27,"file":"C:\\Users\\USER\\Desktop\\lendQrApi\\src\\database\\config\\index.ts","function":null,"line":3,"method":null,"native":false},{"column":14,"file":"node:internal/modules/cjs/loader","function":"Module._compile","line":1120,"method":"_compile","native":false},{"column":23,"file":"C:\\Users\\USER\\Desktop\\lendQrApi\\node_modules\\ts-node\\src\\index.ts","function":"Module.m._compile","line":1618,"method":"_compile","native":false},{"column":10,"file":"node:internal/modules/cjs/loader","function":"Module._extensions..js","line":1174,"method":".js","native":false},{"column":12,"file":"C:\\Users\\USER\\Desktop\\lendQrApi\\node_modules\\ts-node\\src\\index.ts","function":"Object.require.extensions.<computed> [as .ts]","line":1621,"method":"ts]","native":false},{"column":32,"file":"node:internal/modules/cjs/loader","function":"Module.load","line":998,"method":"load","native":false}]}
{"level":"info","message":"App now running on port 3001"}
{"level":"info","message":"App now running on port 3001"}
{"level":"info","message":"App now running on port 3001"}
{"level":"info","message":"App now running on port 3001"}
{"level":"info","message":"App now running on port 3001"}
{"level":"info","message":"App now running on port 3001"}
{"level":"info","message":"App now running on port 3001"}
{"level":"info","message":"App now running on port 3001"}
{"level":"info","message":"App now running on port 3001"}
{"level":"info","message":"App now running on port 3001"}
{"level":"info","message":"App now running on port 3001"}
{"level":"info","message":"App now running on port 3001"}
{"level":"info","message":"App now running on port 3001"}
{"level":"info","message":"App now running on port 3001"}
{"level":"info","message":"App now running on port 3001"}
{"level":"info","message":"App now running on port 3001"}
{"level":"info","message":"App now running on port 3001"}
{"level":"info","message":"::1 - - [25/Nov/2022:12:03:13 +0000] \"POST /api/v1/verify/email HTTP/1.1\" 201 78 \"-\" \"PostmanRuntime/7.29.0\"\n"}
{"level":"info","message":"::1 - - [25/Nov/2022:12:11:58 +0000] \"POST /api/v1/users HTTP/1.1\" 500 250 \"-\" \"PostmanRuntime/7.29.0\"\n"}
{"level":"info","message":"App now running on port 3001"}
{"level":"info","message":"::1 - - [25/Nov/2022:12:16:43 +0000] \"POST /api/v1/users HTTP/1.1\" 409 54 \"-\" \"PostmanRuntime/7.29.0\"\n"}
{"level":"info","message":"::1 - - [25/Nov/2022:12:17:02 +0000] \"POST /api/v1/users HTTP/1.1\" 409 54 \"-\" \"PostmanRuntime/7.29.0\"\n"}
{"level":"info","message":"::1 - - [25/Nov/2022:12:17:34 +0000] \"POST /api/v1/verify/email HTTP/1.1\" 409 54 \"-\" \"PostmanRuntime/7.29.0\"\n"}
{"level":"info","message":"::1 - - [25/Nov/2022:12:17:46 +0000] \"POST /api/v1/verify/email HTTP/1.1\" 201 79 \"-\" \"PostmanRuntime/7.29.0\"\n"}
{"level":"info","message":"::1 - - [25/Nov/2022:12:18:21 +0000] \"POST /api/v1/users HTTP/1.1\" 500 250 \"-\" \"PostmanRuntime/7.29.0\"\n"}
{"level":"info","message":"App now running on port 3001"}
{"level":"info","message":"::1 - - [25/Nov/2022:12:29:20 +0000] \"POST /api/v1/verify/email HTTP/1.1\" 201 79 \"-\" \"PostmanRuntime/7.29.0\"\n"}
{"level":"info","message":"::1 - - [25/Nov/2022:12:29:55 +0000] \"POST /api/v1/users HTTP/1.1\" 409 61 \"-\" \"PostmanRuntime/7.29.0\"\n"}
{"level":"info","message":"::1 - - [25/Nov/2022:12:30:06 +0000] \"POST /api/v1/users HTTP/1.1\" 500 250 \"-\" \"PostmanRuntime/7.29.0\"\n"}
{"level":"info","message":"App now running on port 3001"}
{"level":"info","message":"::1 - - [25/Nov/2022:12:32:30 +0000] \"POST /api/v1/verify/email HTTP/1.1\" 201 79 \"-\" \"PostmanRuntime/7.29.0\"\n"}
{"level":"info","message":"::1 - - [25/Nov/2022:12:33:01 +0000] \"POST /api/v1/users HTTP/1.1\" 409 61 \"-\" \"PostmanRuntime/7.29.0\"\n"}
{"level":"info","message":"::1 - - [25/Nov/2022:12:33:13 +0000] \"POST /api/v1/users HTTP/1.1\" 201 266 \"-\" \"PostmanRuntime/7.29.0\"\n"}
{"level":"info","message":"App now running on port 3001"}
{"level":"info","message":"::1 - - [25/Nov/2022:12:37:56 +0000] \"POST /api/v1/verify/email HTTP/1.1\" 201 90 \"-\" \"PostmanRuntime/7.29.0\"\n"}
{"level":"info","message":"::1 - - [25/Nov/2022:12:38:50 +0000] \"POST /api/v1/users HTTP/1.1\" 409 25 \"-\" \"PostmanRuntime/7.29.0\"\n"}
{"level":"info","message":"::1 - - [25/Nov/2022:12:39:15 +0000] \"POST /api/v1/users HTTP/1.1\" 409 25 \"-\" \"PostmanRuntime/7.29.0\"\n"}
{"level":"info","message":"::1 - - [25/Nov/2022:12:39:28 +0000] \"POST /api/v1/verify/email HTTP/1.1\" 201 92 \"-\" \"PostmanRuntime/7.29.0\"\n"}
{"level":"info","message":"::1 - - [25/Nov/2022:12:40:20 +0000] \"POST /api/v1/verify/email HTTP/1.1\" 201 80 \"-\" \"PostmanRuntime/7.29.0\"\n"}
{"level":"info","message":"::1 - - [25/Nov/2022:12:40:41 +0000] \"POST /api/v1/users HTTP/1.1\" 201 265 \"-\" \"PostmanRuntime/7.29.0\"\n"}
{"level":"info","message":"App now running on port 3001"}
{"level":"info","message":"::1 - - [25/Nov/2022:12:45:50 +0000] \"POST /api/v1/auth/passcode HTTP/1.1\" 500 144 \"-\" \"PostmanRuntime/7.29.0\"\n"}
{"level":"info","message":"::1 - - [25/Nov/2022:12:46:16 +0000] \"POST /api/v1/auth/passcode HTTP/1.1\" 200 30 \"-\" \"PostmanRuntime/7.29.0\"\n"}
{"level":"info","message":"::1 - - [25/Nov/2022:12:48:45 +0000] \"POST /api/v1/auth/login HTTP/1.1\" 200 227 \"-\" \"PostmanRuntime/7.29.0\"\n"}
{"level":"info","message":"::1 - - [25/Nov/2022:12:48:56 +0000] \"POST /api/v1/auth/login HTTP/1.1\" 200 403 \"-\" \"PostmanRuntime/7.29.0\"\n"}
{"level":"info","message":"::1 - - [25/Nov/2022:12:50:49 +0000] \"POST /api/v1/login HTTP/1.1\" 404 63 \"-\" \"PostmanRuntime/7.29.0\"\n"}
{"level":"info","message":"::1 - - [25/Nov/2022:12:51:12 +0000] \"POST /api/v1/auth/login HTTP/1.1\" 200 403 \"-\" \"PostmanRuntime/7.29.0\"\n"}
{"level":"info","message":"::1 - - [25/Nov/2022:12:54:11 +0000] \"GET /api/v1/users/profile HTTP/1.1\" 200 283 \"-\" \"PostmanRuntime/7.29.0\"\n"}
{"level":"info","message":"::1 - - [25/Nov/2022:12:57:13 +0000] \"PUT /api/v1/users/profile/uploadimage HTTP/1.1\" 401 28 \"-\" \"PostmanRuntime/7.29.0\"\n"}
{"level":"info","message":"::1 - - [25/Nov/2022:12:58:01 +0000] \"PUT /api/v1/users/profile/uploadimage HTTP/1.1\" 201 2 \"-\" \"PostmanRuntime/7.29.0\"\n"}
{"level":"info","message":"::1 - - [25/Nov/2022:13:01:31 +0000] \"PUT /api/v1/users/profile/bvn HTTP/1.1\" 201 2 \"-\" \"PostmanRuntime/7.29.0\"\n"}
{"level":"info","message":"App now running on port 3001"}
{"level":"info","message":"::1 - - [25/Nov/2022:13:17:50 +0000] \"POST /api/v1/verify/phonenumber HTTP/1.1\" 401 28 \"-\" \"PostmanRuntime/7.29.0\"\n"}
{"level":"info","message":"::1 - - [25/Nov/2022:13:18:21 +0000] \"POST /api/v1/verify/phonenumber HTTP/1.1\" 201 73 \"-\" \"PostmanRuntime/7.29.0\"\n"}
{"level":"info","message":"::1 - - [25/Nov/2022:13:21:51 +0000] \"POST /verify/phonenumber/verify HTTP/1.1\" 404 76 \"-\" \"PostmanRuntime/7.29.0\"\n"}
{"level":"info","message":"::1 - - [25/Nov/2022:13:22:20 +0000] \"POST /api/v1/verify/phonenumber/verify HTTP/1.1\" 409 25 \"-\" \"PostmanRuntime/7.29.0\"\n"}
{"level":"info","message":"::1 - - [25/Nov/2022:13:22:44 +0000] \"POST /api/v1/verify/phonenumber/verify HTTP/1.1\" 409 25 \"-\" \"PostmanRuntime/7.29.0\"\n"}
{"level":"info","message":"::1 - - [25/Nov/2022:13:24:15 +0000] \"POST /api/v1/verify/phonenumber HTTP/1.1\" 201 75 \"-\" \"PostmanRuntime/7.29.0\"\n"}
{"level":"info","message":"::1 - - [25/Nov/2022:13:24:48 +0000] \"POST /api/v1/verify/phonenumber/verify HTTP/1.1\" 201 43 \"-\" \"PostmanRuntime/7.29.0\"\n"}
{"level":"info","message":"App now running on port 3001"}
{"level":"info","message":"App now running on port 3001"}
{"level":"info","message":"App now running on port 3001"}
{"level":"info","message":"App now running on port 3001"}
{"level":"info","message":"::1 - - [25/Nov/2022:13:40:46 +0000] \"POST /api/v1/verify/phonenumber HTTP/1.1\" 201 73 \"-\" \"PostmanRuntime/7.29.0\"\n"}
{"level":"info","message":"App now running on port 3001"}
{"level":"info","message":"App now running on port 3001"}
{"level":"info","message":"::1 - - [25/Nov/2022:13:48:27 +0000] \"POST /api/v1/verify/phonenumber HTTP/1.1\" 500 67 \"-\" \"PostmanRuntime/7.29.0\"\n"}
{"level":"info","message":"App now running on port 3001"}
{"level":"info","message":"::1 - - [25/Nov/2022:13:50:29 +0000] \"POST /api/v1/verify/phonenumber HTTP/1.1\" 500 67 \"-\" \"PostmanRuntime/7.29.0\"\n"}
{"level":"info","message":"App now running on port 3001"}
{"level":"info","message":"::1 - - [25/Nov/2022:13:52:29 +0000] \"POST /api/v1/verify/phonenumber HTTP/1.1\" 500 67 \"-\" \"PostmanRuntime/7.29.0\"\n"}
{"level":"info","message":"App now running on port 3001"}
{"level":"info","message":"::1 - - [25/Nov/2022:13:55:11 +0000] \"POST /api/v1/verify/phonenumber HTTP/1.1\" 500 67 \"-\" \"PostmanRuntime/7.29.0\"\n"}
{"level":"info","message":"App now running on port 3001"}
{"level":"info","message":"::1 - - [25/Nov/2022:13:58:09 +0000] \"POST /api/v1/verify/phonenumber HTTP/1.1\" 201 75 \"-\" \"PostmanRuntime/7.29.0\"\n"}
{"level":"info","message":"App now running on port 3001"}
{"level":"info","message":"::1 - - [25/Nov/2022:14:04:16 +0000] \"PUT /api/v1/user/profile/bvn HTTP/1.1\" 404 73 \"-\" \"PostmanRuntime/7.29.0\"\n"}
{"level":"info","message":"::1 - - [25/Nov/2022:14:04:39 +0000] \"PUT /api/v1/users/profile/bvn HTTP/1.1\" 201 2 \"-\" \"PostmanRuntime/7.29.0\"\n"}
{"level":"info","message":"App now running on port 3001"}
{"level":"info","message":"::1 - - [25/Nov/2022:14:09:55 +0000] \"POST /api/v1/bank/addbank HTTP/1.1\" 409 38 \"-\" \"PostmanRuntime/7.29.0\"\n"}
{"level":"info","message":"::1 - - [25/Nov/2022:14:10:10 +0000] \"POST /api/v1/bank/addbank HTTP/1.1\" 201 122 \"-\" \"PostmanRuntime/7.29.0\"\n"}
{"level":"info","message":"::1 - - [25/Nov/2022:14:16:39 +0000] \"POST /api/v1/transaction/sendmoney-to-user HTTP/1.1\" 422 34 \"-\" \"PostmanRuntime/7.29.0\"\n"}
{"level":"info","message":"::1 - - [25/Nov/2022:14:16:58 +0000] \"POST /api/v1/transaction/sendmoney-to-user HTTP/1.1\" 200 37 \"-\" \"PostmanRuntime/7.29.0\"\n"}
{"level":"info","message":"::1 - - [25/Nov/2022:14:17:35 +0000] \"POST /api/v1/transaction/sendmoney-to-user HTTP/1.1\" 422 34 \"-\" \"PostmanRuntime/7.29.0\"\n"}
{"level":"info","message":"::1 - - [25/Nov/2022:14:20:48 +0000] \"POST /api/v1/transaction/withdraw-from-wallet HTTP/1.1\" 422 34 \"-\" \"PostmanRuntime/7.29.0\"\n"}
{"level":"info","message":"::1 - - [25/Nov/2022:14:20:58 +0000] \"POST /api/v1/transaction/withdraw-from-wallet HTTP/1.1\" 200 37 \"-\" \"PostmanRuntime/7.29.0\"\n"}
{"level":"info","message":"App now running on port 3001"}
{"level":"info","message":"::1 - - [25/Nov/2022:14:33:57 +0000] \"POST /api/v1/loan/apply HTTP/1.1\" 500 282 \"-\" \"PostmanRuntime/7.29.0\"\n"}
{"level":"info","message":"::1 - - [25/Nov/2022:14:35:13 +0000] \"POST /api/v1/loan/apply HTTP/1.1\" 500 276 \"-\" \"PostmanRuntime/7.29.0\"\n"}
{"level":"info","message":"App now running on port 3001"}
{"level":"info","message":"::1 - - [25/Nov/2022:14:38:23 +0000] \"POST /api/v1/loan/apply HTTP/1.1\" 201 187 \"-\" \"PostmanRuntime/7.29.0\"\n"}
{"level":"info","message":"App now running on port 3001"}
{"level":"info","message":"::1 - - [25/Nov/2022:14:48:32 +0000] \"POST /api/v1/auth/passcode HTTP/1.1\" 500 77 \"-\" \"PostmanRuntime/7.29.0\"\n"}
{"level":"info","message":"::1 - - [25/Nov/2022:14:50:32 +0000] \"POST /api/v1/auth/passcode HTTP/1.1\" 500 77 \"-\" \"PostmanRuntime/7.29.0\"\n"}
{"level":"info","message":"::1 - - [25/Nov/2022:14:51:25 +0000] \"POST /api/v1/auth/passcode HTTP/1.1\" 200 30 \"-\" \"PostmanRuntime/7.29.0\"\n"}
{"level":"info","message":"::1 - - [25/Nov/2022:14:52:12 +0000] \"POST /api/v1/auth/login HTTP/1.1\" 200 224 \"-\" \"PostmanRuntime/7.29.0\"\n"}
{"level":"info","message":"::1 - - [25/Nov/2022:14:52:22 +0000] \"POST /api/v1/auth/login HTTP/1.1\" 200 401 \"-\" \"PostmanRuntime/7.29.0\"\n"}
{"level":"info","message":"App now running on port 3001"}
{"level":"info","message":"App now running on port 3001"}
{"level":"info","message":"::1 - - [25/Nov/2022:14:58:26 +0000] \"GET /api/v1/loan HTTP/1.1\" 401 28 \"-\" \"PostmanRuntime/7.29.0\"\n"}
{"level":"info","message":"::1 - - [25/Nov/2022:14:58:53 +0000] \"GET /api/v1/loan HTTP/1.1\" 200 189 \"-\" \"PostmanRuntime/7.29.0\"\n"}
{"level":"info","message":"::1 - - [25/Nov/2022:15:04:54 +0000] \"POST /api/v1/loan/changestatus/1 HTTP/1.1\" 500 48 \"-\" \"PostmanRuntime/7.29.0\"\n"}
{"level":"info","message":"App now running on port 3001"}
{"date":"Fri Nov 25 2022 20:43:25 GMT+0530 (India Standard Time)","error":{"diagnosticCodes":[18048,2339,2345,18048,2339,2345]},"exception":true,"level":"error","message":"uncaughtException: ⨯ Unable to compile TypeScript:\n\u001b[96msrc/controllers/LoanController.ts\u001b[0m:\u001b[93m58\u001b[0m:\u001b[93m11\u001b[0m - \u001b[91merror\u001b[0m\u001b[90m TS18048: \u001b[0m'loan' is possibly 'undefined'.\r\n\r\n\u001b[7m58\u001b[0m       if (loan.status === \"APPROVED\") {\r\n\u001b[7m  \u001b[0m \u001b[91m          ~~~~\u001b[0m\r\n\u001b[96msrc/controllers/LoanController.ts\u001b[0m:\u001b[93m58\u001b[0m:\u001b[93m16\u001b[0m - \u001b[91merror\u001b[0m\u001b[90m TS2339: \u001b[0mProperty 'status' does not exist on type 'true'.\r\n\r\n\u001b[7m58\u001b[0m       if (loan.status === \"APPROVED\") {\r\n\u001b[7m  \u001b[0m \u001b[91m               ~~~~~~\u001b[0m\r\n\u001b[96msrc/controllers/LoanController.ts\u001b[0m:\u001b[93m59\u001b[0m:\u001b[93m38\u001b[0m - \u001b[91merror\u001b[0m\u001b[90m TS2345: \u001b[0mArgument of type 'true | undefined' is not assignable to parameter of type 'object | undefined'.\r\n  Type 'boolean' is not assignable to type 'object'.\r\n\r\n\u001b[7m59\u001b[0m         ResponseHandler.created(res, loan, \"loan granted\");\r\n\u001b[7m  \u001b[0m \u001b[91m                                     ~~~~\u001b[0m\r\n\u001b[96msrc/controllers/LoanController.ts\u001b[0m:\u001b[93m62\u001b[0m:\u001b[93m11\u001b[0m - \u001b[91merror\u001b[0m\u001b[90m TS18048: \u001b[0m'loan' is possibly 'undefined'.\r\n\r\n\u001b[7m62\u001b[0m       if (loan.status === \"REJECTED\") {\r\n\u001b[7m  \u001b[0m \u001b[91m          ~~~~\u001b[0m\r\n\u001b[96msrc/controllers/LoanController.ts\u001b[0m:\u001b[93m62\u001b[0m:\u001b[93m16\u001b[0m - \u001b[91merror\u001b[0m\u001b[90m TS2339: \u001b[0mProperty 'status' does not exist on type 'true'.\r\n\r\n\u001b[7m62\u001b[0m       if (loan.status === \"REJECTED\") {\r\n\u001b[7m  \u001b[0m \u001b[91m               ~~~~~~\u001b[0m\r\n\u001b[96msrc/controllers/LoanController.ts\u001b[0m:\u001b[93m63\u001b[0m:\u001b[93m38\u001b[0m - \u001b[91merror\u001b[0m\u001b[90m TS2345: \u001b[0mArgument of type 'true | undefined' is not assignable to parameter of type 'object | undefined'.\r\n\r\n\u001b[7m63\u001b[0m         ResponseHandler.created(res, loan, \"loan rejected\");\r\n\u001b[7m  \u001b[0m \u001b[91m                                     ~~~~\u001b[0m\r\n\nTSError: ⨯ Unable to compile TypeScript:\n\u001b[96msrc/controllers/LoanController.ts\u001b[0m:\u001b[93m58\u001b[0m:\u001b[93m11\u001b[0m - \u001b[91merror\u001b[0m\u001b[90m TS18048: \u001b[0m'loan' is possibly 'undefined'.\r\n\r\n\u001b[7m58\u001b[0m       if (loan.status === \"APPROVED\") {\r\n\u001b[7m  \u001b[0m \u001b[91m          ~~~~\u001b[0m\r\n\u001b[96msrc/controllers/LoanController.ts\u001b[0m:\u001b[93m58\u001b[0m:\u001b[93m16\u001b[0m - \u001b[91merror\u001b[0m\u001b[90m TS2339: \u001b[0mProperty 'status' does not exist on type 'true'.\r\n\r\n\u001b[7m58\u001b[0m       if (loan.status === \"APPROVED\") {\r\n\u001b[7m  \u001b[0m \u001b[91m               ~~~~~~\u001b[0m\r\n\u001b[96msrc/controllers/LoanController.ts\u001b[0m:\u001b[93m59\u001b[0m:\u001b[93m38\u001b[0m - \u001b[91merror\u001b[0m\u001b[90m TS2345: \u001b[0mArgument of type 'true | undefined' is not assignable to parameter of type 'object | undefined'.\r\n  Type 'boolean' is not assignable to type 'object'.\r\n\r\n\u001b[7m59\u001b[0m         ResponseHandler.created(res, loan, \"loan granted\");\r\n\u001b[7m  \u001b[0m \u001b[91m                                     ~~~~\u001b[0m\r\n\u001b[96msrc/controllers/LoanController.ts\u001b[0m:\u001b[93m62\u001b[0m:\u001b[93m11\u001b[0m - \u001b[91merror\u001b[0m\u001b[90m TS18048: \u001b[0m'loan' is possibly 'undefined'.\r\n\r\n\u001b[7m62\u001b[0m       if (loan.status === \"REJECTED\") {\r\n\u001b[7m  \u001b[0m \u001b[91m          ~~~~\u001b[0m\r\n\u001b[96msrc/controllers/LoanController.ts\u001b[0m:\u001b[93m62\u001b[0m:\u001b[93m16\u001b[0m - \u001b[91merror\u001b[0m\u001b[90m TS2339: \u001b[0mProperty 'status' does not exist on type 'true'.\r\n\r\n\u001b[7m62\u001b[0m       if (loan.status === \"REJECTED\") {\r\n\u001b[7m  \u001b[0m \u001b[91m               ~~~~~~\u001b[0m\r\n\u001b[96msrc/controllers/LoanController.ts\u001b[0m:\u001b[93m63\u001b[0m:\u001b[93m38\u001b[0m - \u001b[91merror\u001b[0m\u001b[90m TS2345: \u001b[0mArgument of type 'true | undefined' is not assignable to parameter of type 'object | undefined'.\r\n\r\n\u001b[7m63\u001b[0m         ResponseHandler.created(res, loan, \"loan rejected\");\r\n\u001b[7m  \u001b[0m \u001b[91m                                     ~~~~\u001b[0m\r\n\n    at createTSError (C:\\Users\\USER\\Desktop\\lendQrApi\\node_modules\\ts-node\\src\\index.ts:859:12)\n    at reportTSError (C:\\Users\\USER\\Desktop\\lendQrApi\\node_modules\\ts-node\\src\\index.ts:863:19)\n    at getOutput (C:\\Users\\USER\\Desktop\\lendQrApi\\node_modules\\ts-node\\src\\index.ts:1077:36)\n    at Object.compile (C:\\Users\\USER\\Desktop\\lendQrApi\\node_modules\\ts-node\\src\\index.ts:1433:41)\n    at Module.m._compile (C:\\Users\\USER\\Desktop\\lendQrApi\\node_modules\\ts-node\\src\\index.ts:1617:30)\n    at Module._extensions..js (node:internal/modules/cjs/loader:1174:10)\n    at Object.require.extensions.<computed> [as .ts] (C:\\Users\\USER\\Desktop\\lendQrApi\\node_modules\\ts-node\\src\\index.ts:1621:12)\n    at Module.load (node:internal/modules/cjs/loader:998:32)\n    at Function.Module._load (node:internal/modules/cjs/loader:839:12)\n    at Module.require (node:internal/modules/cjs/loader:1022:19)","os":{"loadavg":[0,0,0],"uptime":1123208},"process":{"argv":["C:\\Users\\USER\\Desktop\\lendQrApi\\node_modules\\ts-node\\dist\\bin.js","C:\\Users\\USER\\Desktop\\lendQrApi\\src\\index.ts"],"cwd":"C:\\Users\\USER\\Desktop\\lendQrApi","execPath":"C:\\Program Files\\nodejs\\node.exe","gid":null,"memoryUsage":{"arrayBuffers":1979380,"external":3480657,"heapTotal":213745664,"heapUsed":177041920,"rss":252567552},"pid":10508,"uid":null,"version":"v18.7.0"},"stack":"TSError: ⨯ Unable to compile TypeScript:\n\u001b[96msrc/controllers/LoanController.ts\u001b[0m:\u001b[93m58\u001b[0m:\u001b[93m11\u001b[0m - \u001b[91merror\u001b[0m\u001b[90m TS18048: \u001b[0m'loan' is possibly 'undefined'.\r\n\r\n\u001b[7m58\u001b[0m       if (loan.status === \"APPROVED\") {\r\n\u001b[7m  \u001b[0m \u001b[91m          ~~~~\u001b[0m\r\n\u001b[96msrc/controllers/LoanController.ts\u001b[0m:\u001b[93m58\u001b[0m:\u001b[93m16\u001b[0m - \u001b[91merror\u001b[0m\u001b[90m TS2339: \u001b[0mProperty 'status' does not exist on type 'true'.\r\n\r\n\u001b[7m58\u001b[0m       if (loan.status === \"APPROVED\") {\r\n\u001b[7m  \u001b[0m \u001b[91m               ~~~~~~\u001b[0m\r\n\u001b[96msrc/controllers/LoanController.ts\u001b[0m:\u001b[93m59\u001b[0m:\u001b[93m38\u001b[0m - \u001b[91merror\u001b[0m\u001b[90m TS2345: \u001b[0mArgument of type 'true | undefined' is not assignable to parameter of type 'object | undefined'.\r\n  Type 'boolean' is not assignable to type 'object'.\r\n\r\n\u001b[7m59\u001b[0m         ResponseHandler.created(res, loan, \"loan granted\");\r\n\u001b[7m  \u001b[0m \u001b[91m                                     ~~~~\u001b[0m\r\n\u001b[96msrc/controllers/LoanController.ts\u001b[0m:\u001b[93m62\u001b[0m:\u001b[93m11\u001b[0m - \u001b[91merror\u001b[0m\u001b[90m TS18048: \u001b[0m'loan' is possibly 'undefined'.\r\n\r\n\u001b[7m62\u001b[0m       if (loan.status === \"REJECTED\") {\r\n\u001b[7m  \u001b[0m \u001b[91m          ~~~~\u001b[0m\r\n\u001b[96msrc/controllers/LoanController.ts\u001b[0m:\u001b[93m62\u001b[0m:\u001b[93m16\u001b[0m - \u001b[91merror\u001b[0m\u001b[90m TS2339: \u001b[0mProperty 'status' does not exist on type 'true'.\r\n\r\n\u001b[7m62\u001b[0m       if (loan.status === \"REJECTED\") {\r\n\u001b[7m  \u001b[0m \u001b[91m               ~~~~~~\u001b[0m\r\n\u001b[96msrc/controllers/LoanController.ts\u001b[0m:\u001b[93m63\u001b[0m:\u001b[93m38\u001b[0m - \u001b[91merror\u001b[0m\u001b[90m TS2345: \u001b[0mArgument of type 'true | undefined' is not assignable to parameter of type 'object | undefined'.\r\n\r\n\u001b[7m63\u001b[0m         ResponseHandler.created(res, loan, \"loan rejected\");\r\n\u001b[7m  \u001b[0m \u001b[91m                                     ~~~~\u001b[0m\r\n\n    at createTSError (C:\\Users\\USER\\Desktop\\lendQrApi\\node_modules\\ts-node\\src\\index.ts:859:12)\n    at reportTSError (C:\\Users\\USER\\Desktop\\lendQrApi\\node_modules\\ts-node\\src\\index.ts:863:19)\n    at getOutput (C:\\Users\\USER\\Desktop\\lendQrApi\\node_modules\\ts-node\\src\\index.ts:1077:36)\n    at Object.compile (C:\\Users\\USER\\Desktop\\lendQrApi\\node_modules\\ts-node\\src\\index.ts:1433:41)\n    at Module.m._compile (C:\\Users\\USER\\Desktop\\lendQrApi\\node_modules\\ts-node\\src\\index.ts:1617:30)\n    at Module._extensions..js (node:internal/modules/cjs/loader:1174:10)\n    at Object.require.extensions.<computed> [as .ts] (C:\\Users\\USER\\Desktop\\lendQrApi\\node_modules\\ts-node\\src\\index.ts:1621:12)\n    at Module.load (node:internal/modules/cjs/loader:998:32)\n    at Function.Module._load (node:internal/modules/cjs/loader:839:12)\n    at Module.require (node:internal/modules/cjs/loader:1022:19)","trace":[{"column":12,"file":"C:\\Users\\USER\\Desktop\\lendQrApi\\node_modules\\ts-node\\src\\index.ts","function":"createTSError","line":859,"method":null,"native":false},{"column":19,"file":"C:\\Users\\USER\\Desktop\\lendQrApi\\node_modules\\ts-node\\src\\index.ts","function":"reportTSError","line":863,"method":null,"native":false},{"column":36,"file":"C:\\Users\\USER\\Desktop\\lendQrApi\\node_modules\\ts-node\\src\\index.ts","function":"getOutput","line":1077,"method":null,"native":false},{"column":41,"file":"C:\\Users\\USER\\Desktop\\lendQrApi\\node_modules\\ts-node\\src\\index.ts","function":"Object.compile","line":1433,"method":"compile","native":false},{"column":30,"file":"C:\\Users\\USER\\Desktop\\lendQrApi\\node_modules\\ts-node\\src\\index.ts","function":"Module.m._compile","line":1617,"method":"_compile","native":false},{"column":10,"file":"node:internal/modules/cjs/loader","function":"Module._extensions..js","line":1174,"method":".js","native":false},{"column":12,"file":"C:\\Users\\USER\\Desktop\\lendQrApi\\node_modules\\ts-node\\src\\index.ts","function":"Object.require.extensions.<computed> [as .ts]","line":1621,"method":"ts]","native":false},{"column":32,"file":"node:internal/modules/cjs/loader","function":"Module.load","line":998,"method":"load","native":false},{"column":12,"file":"node:internal/modules/cjs/loader","function":"Module._load","line":839,"method":"_load","native":false},{"column":19,"file":"node:internal/modules/cjs/loader","function":"Module.require","line":1022,"method":"require","native":false}]}
{"date":"Fri Nov 25 2022 20:43:27 GMT+0530 (India Standard Time)","error":{"diagnosticCodes":[18048,2339,2345,18048,2339,2345]},"exception":true,"level":"error","message":"uncaughtException: ⨯ Unable to compile TypeScript:\n\u001b[96msrc/controllers/LoanController.ts\u001b[0m:\u001b[93m58\u001b[0m:\u001b[93m11\u001b[0m - \u001b[91merror\u001b[0m\u001b[90m TS18048: \u001b[0m'loan' is possibly 'undefined'.\r\n\r\n\u001b[7m58\u001b[0m       if (loan.status === \"APPROVED\") {\r\n\u001b[7m  \u001b[0m \u001b[91m          ~~~~\u001b[0m\r\n\u001b[96msrc/controllers/LoanController.ts\u001b[0m:\u001b[93m58\u001b[0m:\u001b[93m16\u001b[0m - \u001b[91merror\u001b[0m\u001b[90m TS2339: \u001b[0mProperty 'status' does not exist on type 'true'.\r\n\r\n\u001b[7m58\u001b[0m       if (loan.status === \"APPROVED\") {\r\n\u001b[7m  \u001b[0m \u001b[91m               ~~~~~~\u001b[0m\r\n\u001b[96msrc/controllers/LoanController.ts\u001b[0m:\u001b[93m59\u001b[0m:\u001b[93m38\u001b[0m - \u001b[91merror\u001b[0m\u001b[90m TS2345: \u001b[0mArgument of type 'true | undefined' is not assignable to parameter of type 'object | undefined'.\r\n  Type 'boolean' is not assignable to type 'object'.\r\n\r\n\u001b[7m59\u001b[0m         ResponseHandler.created(res, loan, \"loan granted\");\r\n\u001b[7m  \u001b[0m \u001b[91m                                     ~~~~\u001b[0m\r\n\u001b[96msrc/controllers/LoanController.ts\u001b[0m:\u001b[93m62\u001b[0m:\u001b[93m11\u001b[0m - \u001b[91merror\u001b[0m\u001b[90m TS18048: \u001b[0m'loan' is possibly 'undefined'.\r\n\r\n\u001b[7m62\u001b[0m       if (loan.status === \"REJECTED\") {\r\n\u001b[7m  \u001b[0m \u001b[91m          ~~~~\u001b[0m\r\n\u001b[96msrc/controllers/LoanController.ts\u001b[0m:\u001b[93m62\u001b[0m:\u001b[93m16\u001b[0m - \u001b[91merror\u001b[0m\u001b[90m TS2339: \u001b[0mProperty 'status' does not exist on type 'true'.\r\n\r\n\u001b[7m62\u001b[0m       if (loan.status === \"REJECTED\") {\r\n\u001b[7m  \u001b[0m \u001b[91m               ~~~~~~\u001b[0m\r\n\u001b[96msrc/controllers/LoanController.ts\u001b[0m:\u001b[93m63\u001b[0m:\u001b[93m38\u001b[0m - \u001b[91merror\u001b[0m\u001b[90m TS2345: \u001b[0mArgument of type 'true | undefined' is not assignable to parameter of type 'object | undefined'.\r\n\r\n\u001b[7m63\u001b[0m         ResponseHandler.created(res, loan, \"loan rejected\");\r\n\u001b[7m  \u001b[0m \u001b[91m                                     ~~~~\u001b[0m\r\n\nTSError: ⨯ Unable to compile TypeScript:\n\u001b[96msrc/controllers/LoanController.ts\u001b[0m:\u001b[93m58\u001b[0m:\u001b[93m11\u001b[0m - \u001b[91merror\u001b[0m\u001b[90m TS18048: \u001b[0m'loan' is possibly 'undefined'.\r\n\r\n\u001b[7m58\u001b[0m       if (loan.status === \"APPROVED\") {\r\n\u001b[7m  \u001b[0m \u001b[91m          ~~~~\u001b[0m\r\n\u001b[96msrc/controllers/LoanController.ts\u001b[0m:\u001b[93m58\u001b[0m:\u001b[93m16\u001b[0m - \u001b[91merror\u001b[0m\u001b[90m TS2339: \u001b[0mProperty 'status' does not exist on type 'true'.\r\n\r\n\u001b[7m58\u001b[0m       if (loan.status === \"APPROVED\") {\r\n\u001b[7m  \u001b[0m \u001b[91m               ~~~~~~\u001b[0m\r\n\u001b[96msrc/controllers/LoanController.ts\u001b[0m:\u001b[93m59\u001b[0m:\u001b[93m38\u001b[0m - \u001b[91merror\u001b[0m\u001b[90m TS2345: \u001b[0mArgument of type 'true | undefined' is not assignable to parameter of type 'object | undefined'.\r\n  Type 'boolean' is not assignable to type 'object'.\r\n\r\n\u001b[7m59\u001b[0m         ResponseHandler.created(res, loan, \"loan granted\");\r\n\u001b[7m  \u001b[0m \u001b[91m                                     ~~~~\u001b[0m\r\n\u001b[96msrc/controllers/LoanController.ts\u001b[0m:\u001b[93m62\u001b[0m:\u001b[93m11\u001b[0m - \u001b[91merror\u001b[0m\u001b[90m TS18048: \u001b[0m'loan' is possibly 'undefined'.\r\n\r\n\u001b[7m62\u001b[0m       if (loan.status === \"REJECTED\") {\r\n\u001b[7m  \u001b[0m \u001b[91m          ~~~~\u001b[0m\r\n\u001b[96msrc/controllers/LoanController.ts\u001b[0m:\u001b[93m62\u001b[0m:\u001b[93m16\u001b[0m - \u001b[91merror\u001b[0m\u001b[90m TS2339: \u001b[0mProperty 'status' does not exist on type 'true'.\r\n\r\n\u001b[7m62\u001b[0m       if (loan.status === \"REJECTED\") {\r\n\u001b[7m  \u001b[0m \u001b[91m               ~~~~~~\u001b[0m\r\n\u001b[96msrc/controllers/LoanController.ts\u001b[0m:\u001b[93m63\u001b[0m:\u001b[93m38\u001b[0m - \u001b[91merror\u001b[0m\u001b[90m TS2345: \u001b[0mArgument of type 'true | undefined' is not assignable to parameter of type 'object | undefined'.\r\n\r\n\u001b[7m63\u001b[0m         ResponseHandler.created(res, loan, \"loan rejected\");\r\n\u001b[7m  \u001b[0m \u001b[91m                                     ~~~~\u001b[0m\r\n\n    at createTSError (C:\\Users\\USER\\Desktop\\lendQrApi\\node_modules\\ts-node\\src\\index.ts:859:12)\n    at reportTSError (C:\\Users\\USER\\Desktop\\lendQrApi\\node_modules\\ts-node\\src\\index.ts:863:19)\n    at getOutput (C:\\Users\\USER\\Desktop\\lendQrApi\\node_modules\\ts-node\\src\\index.ts:1077:36)\n    at Object.compile (C:\\Users\\USER\\Desktop\\lendQrApi\\node_modules\\ts-node\\src\\index.ts:1433:41)\n    at Module.m._compile (C:\\Users\\USER\\Desktop\\lendQrApi\\node_modules\\ts-node\\src\\index.ts:1617:30)\n    at Module._extensions..js (node:internal/modules/cjs/loader:1174:10)\n    at Object.require.extensions.<computed> [as .ts] (C:\\Users\\USER\\Desktop\\lendQrApi\\node_modules\\ts-node\\src\\index.ts:1621:12)\n    at Module.load (node:internal/modules/cjs/loader:998:32)\n    at Function.Module._load (node:internal/modules/cjs/loader:839:12)\n    at Module.require (node:internal/modules/cjs/loader:1022:19)","os":{"loadavg":[0,0,0],"uptime":1123208},"process":{"argv":["C:\\Users\\USER\\Desktop\\lendQrApi\\node_modules\\ts-node\\dist\\bin.js","C:\\Users\\USER\\Desktop\\lendQrApi\\src\\index.ts"],"cwd":"C:\\Users\\USER\\Desktop\\lendQrApi","execPath":"C:\\Program Files\\nodejs\\node.exe","gid":null,"memoryUsage":{"arrayBuffers":1990272,"external":3491589,"heapTotal":213745664,"heapUsed":177241032,"rss":252735488},"pid":10508,"uid":null,"version":"v18.7.0"},"stack":"TSError: ⨯ Unable to compile TypeScript:\n\u001b[96msrc/controllers/LoanController.ts\u001b[0m:\u001b[93m58\u001b[0m:\u001b[93m11\u001b[0m - \u001b[91merror\u001b[0m\u001b[90m TS18048: \u001b[0m'loan' is possibly 'undefined'.\r\n\r\n\u001b[7m58\u001b[0m       if (loan.status === \"APPROVED\") {\r\n\u001b[7m  \u001b[0m \u001b[91m          ~~~~\u001b[0m\r\n\u001b[96msrc/controllers/LoanController.ts\u001b[0m:\u001b[93m58\u001b[0m:\u001b[93m16\u001b[0m - \u001b[91merror\u001b[0m\u001b[90m TS2339: \u001b[0mProperty 'status' does not exist on type 'true'.\r\n\r\n\u001b[7m58\u001b[0m       if (loan.status === \"APPROVED\") {\r\n\u001b[7m  \u001b[0m \u001b[91m               ~~~~~~\u001b[0m\r\n\u001b[96msrc/controllers/LoanController.ts\u001b[0m:\u001b[93m59\u001b[0m:\u001b[93m38\u001b[0m - \u001b[91merror\u001b[0m\u001b[90m TS2345: \u001b[0mArgument of type 'true | undefined' is not assignable to parameter of type 'object | undefined'.\r\n  Type 'boolean' is not assignable to type 'object'.\r\n\r\n\u001b[7m59\u001b[0m         ResponseHandler.created(res, loan, \"loan granted\");\r\n\u001b[7m  \u001b[0m \u001b[91m                                     ~~~~\u001b[0m\r\n\u001b[96msrc/controllers/LoanController.ts\u001b[0m:\u001b[93m62\u001b[0m:\u001b[93m11\u001b[0m - \u001b[91merror\u001b[0m\u001b[90m TS18048: \u001b[0m'loan' is possibly 'undefined'.\r\n\r\n\u001b[7m62\u001b[0m       if (loan.status === \"REJECTED\") {\r\n\u001b[7m  \u001b[0m \u001b[91m          ~~~~\u001b[0m\r\n\u001b[96msrc/controllers/LoanController.ts\u001b[0m:\u001b[93m62\u001b[0m:\u001b[93m16\u001b[0m - \u001b[91merror\u001b[0m\u001b[90m TS2339: \u001b[0mProperty 'status' does not exist on type 'true'.\r\n\r\n\u001b[7m62\u001b[0m       if (loan.status === \"REJECTED\") {\r\n\u001b[7m  \u001b[0m \u001b[91m               ~~~~~~\u001b[0m\r\n\u001b[96msrc/controllers/LoanController.ts\u001b[0m:\u001b[93m63\u001b[0m:\u001b[93m38\u001b[0m - \u001b[91merror\u001b[0m\u001b[90m TS2345: \u001b[0mArgument of type 'true | undefined' is not assignable to parameter of type 'object | undefined'.\r\n\r\n\u001b[7m63\u001b[0m         ResponseHandler.created(res, loan, \"loan rejected\");\r\n\u001b[7m  \u001b[0m \u001b[91m                                     ~~~~\u001b[0m\r\n\n    at createTSError (C:\\Users\\USER\\Desktop\\lendQrApi\\node_modules\\ts-node\\src\\index.ts:859:12)\n    at reportTSError (C:\\Users\\USER\\Desktop\\lendQrApi\\node_modules\\ts-node\\src\\index.ts:863:19)\n    at getOutput (C:\\Users\\USER\\Desktop\\lendQrApi\\node_modules\\ts-node\\src\\index.ts:1077:36)\n    at Object.compile (C:\\Users\\USER\\Desktop\\lendQrApi\\node_modules\\ts-node\\src\\index.ts:1433:41)\n    at Module.m._compile (C:\\Users\\USER\\Desktop\\lendQrApi\\node_modules\\ts-node\\src\\index.ts:1617:30)\n    at Module._extensions..js (node:internal/modules/cjs/loader:1174:10)\n    at Object.require.extensions.<computed> [as .ts] (C:\\Users\\USER\\Desktop\\lendQrApi\\node_modules\\ts-node\\src\\index.ts:1621:12)\n    at Module.load (node:internal/modules/cjs/loader:998:32)\n    at Function.Module._load (node:internal/modules/cjs/loader:839:12)\n    at Module.require (node:internal/modules/cjs/loader:1022:19)","trace":[{"column":12,"file":"C:\\Users\\USER\\Desktop\\lendQrApi\\node_modules\\ts-node\\src\\index.ts","function":"createTSError","line":859,"method":null,"native":false},{"column":19,"file":"C:\\Users\\USER\\Desktop\\lendQrApi\\node_modules\\ts-node\\src\\index.ts","function":"reportTSError","line":863,"method":null,"native":false},{"column":36,"file":"C:\\Users\\USER\\Desktop\\lendQrApi\\node_modules\\ts-node\\src\\index.ts","function":"getOutput","line":1077,"method":null,"native":false},{"column":41,"file":"C:\\Users\\USER\\Desktop\\lendQrApi\\node_modules\\ts-node\\src\\index.ts","function":"Object.compile","line":1433,"method":"compile","native":false},{"column":30,"file":"C:\\Users\\USER\\Desktop\\lendQrApi\\node_modules\\ts-node\\src\\index.ts","function":"Module.m._compile","line":1617,"method":"_compile","native":false},{"column":10,"file":"node:internal/modules/cjs/loader","function":"Module._extensions..js","line":1174,"method":".js","native":false},{"column":12,"file":"C:\\Users\\USER\\Desktop\\lendQrApi\\node_modules\\ts-node\\src\\index.ts","function":"Object.require.extensions.<computed> [as .ts]","line":1621,"method":"ts]","native":false},{"column":32,"file":"node:internal/modules/cjs/loader","function":"Module.load","line":998,"method":"load","native":false},{"column":12,"file":"node:internal/modules/cjs/loader","function":"Module._load","line":839,"method":"_load","native":false},{"column":19,"file":"node:internal/modules/cjs/loader","function":"Module.require","line":1022,"method":"require","native":false}]}
{"level":"info","message":"App now running on port 3001"}
{"level":"info","message":"App now running on port 3001"}
{"level":"info","message":"::1 - - [25/Nov/2022:15:26:02 +0000] \"POST /api/v1/loan/changestatus/1 HTTP/1.1\" 201 188 \"-\" \"PostmanRuntime/7.29.0\"\n"}
{"level":"info","message":"App now running on port 3001"}
{"level":"info","message":"::1 - - [25/Nov/2022:15:30:43 +0000] \"POST /api/v1/loan/changestatus/1 HTTP/1.1\" 201 188 \"-\" \"PostmanRuntime/7.29.0\"\n"}
{"level":"info","message":"::1 - - [25/Nov/2022:15:42:05 +0000] \"POST /api/v1/verify/phonenumber HTTP/1.1\" 401 28 \"-\" \"PostmanRuntime/7.29.0\"\n"}
{"level":"info","message":"::1 - - [25/Nov/2022:15:44:45 +0000] \"GET /api/v1/loan HTTP/1.1\" 401 31 \"-\" \"PostmanRuntime/7.29.0\"\n"}
{"level":"info","message":"::1 - - [25/Nov/2022:15:46:35 +0000] \"GET /api/v1/loan HTTP/1.1\" 200 212 \"-\" \"PostmanRuntime/7.29.0\"\n"}
{"level":"info","message":"::1 - - [25/Nov/2022:15:48:33 +0000] \"POST /api/v1/loan/changestatus/1 HTTP/1.1\" 201 210 \"-\" \"PostmanRuntime/7.29.0\"\n"}
{"level":"info","message":"::1 - - [25/Nov/2022:15:49:47 +0000] \"POST /api/v1/auth/login HTTP/1.1\" 200 420 \"-\" \"PostmanRuntime/7.29.0\"\n"}
{"level":"info","message":"::1 - - [25/Nov/2022:15:53:13 +0000] \"POST /api/v1/bank/addbank HTTP/1.1\" 201 122 \"-\" \"PostmanRuntime/7.29.0\"\n"}
{"level":"info","message":"::1 - - [25/Nov/2022:15:54:51 +0000] \"POST /api/v1/ver HTTP/1.1\" 404 61 \"-\" \"PostmanRuntime/7.29.0\"\n"}
{"level":"info","message":"::1 - - [25/Nov/2022:15:55:19 +0000] \"POST /api/v1/verify/phonenumber HTTP/1.1\" 201 75 \"-\" \"PostmanRuntime/7.29.0\"\n"}
{"level":"info","message":"::1 - - [25/Nov/2022:15:58:19 +0000] \"POST /api/v1/verify/phonenumber/verify HTTP/1.1\" 201 43 \"-\" \"PostmanRuntime/7.29.0\"\n"}
{"level":"info","message":"::1 - - [25/Nov/2022:16:00:00 +0000] \"POST /api/v1/transaction/withdraw-from-wallet HTTP/1.1\" 200 37 \"-\" \"PostmanRuntime/7.29.0\"\n"}
{"level":"info","message":"::1 - - [25/Nov/2022:16:03:07 +0000] \"POST /api/v1/transaction/sendmoney-to-user HTTP/1.1\" 200 37 \"-\" \"PostmanRuntime/7.29.0\"\n"}
{"level":"info","message":"::1 - - [25/Nov/2022:16:03:29 +0000] \"POST /api/v1/transaction/sendmoney-to-user HTTP/1.1\" 200 37 \"-\" \"PostmanRuntime/7.29.0\"\n"}
{"level":"info","message":"App now running on port 3001"}
{"level":"info","message":"::1 - - [25/Nov/2022:16:10:35 +0000] \"POST /api/v1/loan/apply HTTP/1.1\" 201 188 \"-\" \"PostmanRuntime/7.29.0\"\n"}
{"level":"info","message":"App now running on port 3001"}
{"level":"info","message":"::1 - - [25/Nov/2022:16:15:51 +0000] \"POST /api/v1/loan/changestatus/2 HTTP/1.1\" - - \"-\" \"PostmanRuntime/7.29.0\"\n"}
{"level":"info","message":"::1 - - [25/Nov/2022:16:15:56 +0000] \"POST /api/v1/loan/changestatus/2 HTTP/1.1\" 201 211 \"-\" \"PostmanRuntime/7.29.0\"\n"}
{"level":"info","message":"::1 - - [25/Nov/2022:16:46:58 +0000] \"POST /api/v1/loan/apply HTTP/1.1\" 401 28 \"-\" \"PostmanRuntime/7.29.0\"\n"}
{"level":"info","message":"App now running on port 3001"}
{"level":"info","message":"App now running on port 3001"}
{"level":"info","message":"App now running on port 3001"}
{"level":"info","message":"App now running on port 3001"}
{"level":"info","message":"App now running on port 3001"}
